<?xml version="1.0" encoding="UTF-8"?>
<testsuite xmlns:xsi="http://www.w3.org/2001/XMLSchema-instance" xsi:schemaLocation="https://maven.apache.org/surefire/maven-surefire-plugin/xsd/surefire-test-report.xsd" name="TestSuite" time="2,719.241" tests="171" errors="0" skipped="0" failures="43">
  <properties>
    <property name="java.runtime.name" value="Java(TM) SE Runtime Environment"/>
    <property name="sun.boot.library.path" value="/Library/Java/JavaVirtualMachines/jdk1.8.0_101.jdk/Contents/Home/jre/lib"/>
    <property name="java.vm.version" value="25.101-b13"/>
    <property name="gopherProxySet" value="false"/>
    <property name="java.vm.vendor" value="Oracle Corporation"/>
    <property name="maven.multiModuleProjectDirectory" value="/Users/vitaliybizilia/Desktop/cueconnect_website_automation"/>
    <property name="java.vendor.url" value="http://java.oracle.com/"/>
    <property name="path.separator" value=":"/>
    <property name="guice.disable.misplaced.annotation.check" value="true"/>
    <property name="java.vm.name" value="Java HotSpot(TM) 64-Bit Server VM"/>
    <property name="file.encoding.pkg" value="sun.io"/>
    <property name="user.country" value="US"/>
    <property name="sun.java.launcher" value="SUN_STANDARD"/>
    <property name="sun.os.patch.level" value="unknown"/>
    <property name="java.vm.specification.name" value="Java Virtual Machine Specification"/>
    <property name="user.dir" value="/Users/vitaliybizilia/Desktop/cueconnect_website_automation"/>
    <property name="java.runtime.version" value="1.8.0_101-b13"/>
    <property name="java.awt.graphicsenv" value="sun.awt.CGraphicsEnvironment"/>
    <property name="java.endorsed.dirs" value="/Library/Java/JavaVirtualMachines/jdk1.8.0_101.jdk/Contents/Home/jre/lib/endorsed"/>
    <property name="os.arch" value="x86_64"/>
    <property name="java.io.tmpdir" value="/var/folders/xp/hq6y__313mvbnpb2n5x7bzq00000gn/T/"/>
    <property name="line.separator" value="&#10;"/>
    <property name="java.vm.specification.vendor" value="Oracle Corporation"/>
    <property name="os.name" value="Mac OS X"/>
    <property name="classworlds.conf" value="/Users/vitaliybizilia/Documents/apache-maven-3.3.9/bin/m2.conf"/>
    <property name="sun.jnu.encoding" value="UTF-8"/>
    <property name="java.library.path" value="/Users/vitaliybizilia/Library/Java/Extensions:/Library/Java/Extensions:/Network/Library/Java/Extensions:/System/Library/Java/Extensions:/usr/lib/java:."/>
    <property name="java.specification.name" value="Java Platform API Specification"/>
    <property name="java.class.version" value="52.0"/>
    <property name="sun.management.compiler" value="HotSpot 64-Bit Tiered Compilers"/>
    <property name="os.version" value="10.11.6"/>
    <property name="http.nonProxyHosts" value="local|*.local|169.254/16|*.169.254/16"/>
    <property name="user.home" value="/Users/vitaliybizilia"/>
    <property name="user.timezone" value="Europe/Uzhgorod"/>
    <property name="java.awt.printerjob" value="sun.lwawt.macosx.CPrinterJob"/>
    <property name="java.specification.version" value="1.8"/>
    <property name="file.encoding" value="UTF-8"/>
    <property name="user.name" value="vitaliybizilia"/>
    <property name="java.class.path" value="/Users/vitaliybizilia/Documents/apache-maven-3.3.9/boot/plexus-classworlds-2.5.2.jar"/>
    <property name="java.vm.specification.version" value="1.8"/>
    <property name="sun.arch.data.model" value="64"/>
    <property name="java.home" value="/Library/Java/JavaVirtualMachines/jdk1.8.0_101.jdk/Contents/Home/jre"/>
    <property name="sun.java.command" value="org.codehaus.plexus.classworlds.launcher.Launcher clean test"/>
    <property name="java.specification.vendor" value="Oracle Corporation"/>
    <property name="user.language" value="en"/>
    <property name="awt.toolkit" value="sun.lwawt.macosx.LWCToolkit"/>
    <property name="java.vm.info" value="mixed mode"/>
    <property name="java.version" value="1.8.0_101"/>
    <property name="java.ext.dirs" value="/Users/vitaliybizilia/Library/Java/Extensions:/Library/Java/JavaVirtualMachines/jdk1.8.0_101.jdk/Contents/Home/jre/lib/ext:/Library/Java/Extensions:/Network/Library/Java/Extensions:/System/Library/Java/Extensions:/usr/lib/java"/>
    <property name="sun.boot.class.path" value="/Library/Java/JavaVirtualMachines/jdk1.8.0_101.jdk/Contents/Home/jre/lib/resources.jar:/Library/Java/JavaVirtualMachines/jdk1.8.0_101.jdk/Contents/Home/jre/lib/rt.jar:/Library/Java/JavaVirtualMachines/jdk1.8.0_101.jdk/Contents/Home/jre/lib/sunrsasign.jar:/Library/Java/JavaVirtualMachines/jdk1.8.0_101.jdk/Contents/Home/jre/lib/jsse.jar:/Library/Java/JavaVirtualMachines/jdk1.8.0_101.jdk/Contents/Home/jre/lib/jce.jar:/Library/Java/JavaVirtualMachines/jdk1.8.0_101.jdk/Contents/Home/jre/lib/charsets.jar:/Library/Java/JavaVirtualMachines/jdk1.8.0_101.jdk/Contents/Home/jre/lib/jfr.jar:/Library/Java/JavaVirtualMachines/jdk1.8.0_101.jdk/Contents/Home/jre/classes"/>
    <property name="java.vendor" value="Oracle Corporation"/>
    <property name="maven.home" value="/Users/vitaliybizilia/Documents/apache-maven-3.3.9"/>
    <property name="file.separator" value="/"/>
    <property name="java.vendor.url.bug" value="http://bugreport.sun.com/bugreport/"/>
    <property name="sun.cpu.endian" value="little"/>
    <property name="sun.io.unicode.encoding" value="UnicodeBig"/>
    <property name="socksNonProxyHosts" value="local|*.local|169.254/16|*.169.254/16"/>
    <property name="ftp.nonProxyHosts" value="local|*.local|169.254/16|*.169.254/16"/>
    <property name="sun.cpu.isalist" value=""/>
  </properties>
  <testcase name="checkinReadMoreLink" classname="tests.About.PressTests" time="5.515"/>
  <testcase name="checkinReadMoreLink" classname="tests.About.PressTests" time="3.753"/>
  <testcase name="checkinReadMoreLink" classname="tests.About.PressTests" time="66.818">
    <failure message="element not visible&#10;  (Session info: chrome=57.0.2987.98)&#10;  (Driver info: chromedriver=2.28.455517 (2c6d2707d8ea850c862f04ac066724273981e88f),platform=Mac OS X 10.11.6 x86_64) (WARNING: The server did not provide any stacktrace information)&#10;Command duration or timeout: 39 milliseconds&#10;Build info: version: &apos;3.0.1&apos;, revision: &apos;1969d75&apos;, time: &apos;2016-10-18 09:49:13 -0700&apos;&#10;System info: host: &apos;101.lan0.mk.uz.ua&apos;, ip: &apos;192.168.0.101&apos;, os.name: &apos;Mac OS X&apos;, os.arch: &apos;x86_64&apos;, os.version: &apos;10.11.6&apos;, java.version: &apos;1.8.0_101&apos;&#10;Driver info: org.openqa.selenium.chrome.ChromeDriver&#10;Capabilities [{applicationCacheEnabled=false, rotatable=false, mobileEmulationEnabled=false, networkConnectionEnabled=false, chrome={chromedriverVersion=2.28.455517 (2c6d2707d8ea850c862f04ac066724273981e88f), userDataDir=/var/folders/xp/hq6y__313mvbnpb2n5x7bzq00000gn/T/.org.chromium.Chromium.HJgV73}, takesHeapSnapshot=true, pageLoadStrategy=normal, databaseEnabled=false, handlesAlerts=true, hasTouchScreen=false, version=57.0.2987.98, platform=MAC, browserConnectionEnabled=false, nativeEvents=true, acceptSslCerts=true, locationContextEnabled=true, webStorageEnabled=true, browserName=chrome, takesScreenshot=true, javascriptEnabled=true, cssSelectorsEnabled=true, unexpectedAlertBehaviour=}]&#10;Session ID: 07740cd47c3fecacb889f08591f22d03" type="org.openqa.selenium.ElementNotVisibleException">org.openqa.selenium.ElementNotVisibleException: 
element not visible
  (Session info: chrome=57.0.2987.98)
  (Driver info: chromedriver=2.28.455517 (2c6d2707d8ea850c862f04ac066724273981e88f),platform=Mac OS X 10.11.6 x86_64) (WARNING: The server did not provide any stacktrace information)
Command duration or timeout: 39 milliseconds
Build info: version: '3.0.1', revision: '1969d75', time: '2016-10-18 09:49:13 -0700'
System info: host: '101.lan0.mk.uz.ua', ip: '192.168.0.101', os.name: 'Mac OS X', os.arch: 'x86_64', os.version: '10.11.6', java.version: '1.8.0_101'
Driver info: org.openqa.selenium.chrome.ChromeDriver
Capabilities [{applicationCacheEnabled=false, rotatable=false, mobileEmulationEnabled=false, networkConnectionEnabled=false, chrome={chromedriverVersion=2.28.455517 (2c6d2707d8ea850c862f04ac066724273981e88f), userDataDir=/var/folders/xp/hq6y__313mvbnpb2n5x7bzq00000gn/T/.org.chromium.Chromium.HJgV73}, takesHeapSnapshot=true, pageLoadStrategy=normal, databaseEnabled=false, handlesAlerts=true, hasTouchScreen=false, version=57.0.2987.98, platform=MAC, browserConnectionEnabled=false, nativeEvents=true, acceptSslCerts=true, locationContextEnabled=true, webStorageEnabled=true, browserName=chrome, takesScreenshot=true, javascriptEnabled=true, cssSelectorsEnabled=true, unexpectedAlertBehaviour=}]
Session ID: 07740cd47c3fecacb889f08591f22d03
	at tests.About.PressTests.checkinReadMoreLink(PressTests.java:137)
</failure>
    <system-out><![CDATA[Element Not found trying again - path: //a[text()='PRESS']]
Element Not found trying again - path: //a[text()='PRESS']]
]]></system-out>
    <system-err><![CDATA[org.openqa.selenium.TimeoutException: Expected condition failed: waiting for visibility of [[ChromeDriver: chrome on MAC (07740cd47c3fecacb889f08591f22d03)] -> xpath: //a[text()='PRESS']] (tried for 30 second(s) with 4 SECONDS interval)
Build info: version: '3.0.1', revision: '1969d75', time: '2016-10-18 09:49:13 -0700'
System info: host: '101.lan0.mk.uz.ua', ip: '192.168.0.101', os.name: 'Mac OS X', os.arch: 'x86_64', os.version: '10.11.6', java.version: '1.8.0_101'
Driver info: driver.version: unknown
	at org.openqa.selenium.support.ui.FluentWait.timeoutException(FluentWait.java:296)
	at org.openqa.selenium.support.ui.FluentWait.until(FluentWait.java:265)
	at pageobjects.BaseObjectPage.fluentWaitforElement(BaseObjectPage.java:56)
	at pageobjects.BaseObjectPage.movingToMenuElement(BaseObjectPage.java:131)
	at tests.About.PressTests.checkinReadMoreLink(PressTests.java:137)
	at sun.reflect.NativeMethodAccessorImpl.invoke0(Native Method)
	at sun.reflect.NativeMethodAccessorImpl.invoke(NativeMethodAccessorImpl.java:62)
	at sun.reflect.DelegatingMethodAccessorImpl.invoke(DelegatingMethodAccessorImpl.java:43)
	at java.lang.reflect.Method.invoke(Method.java:498)
	at org.testng.internal.MethodInvocationHelper.invokeMethod(MethodInvocationHelper.java:104)
	at org.testng.internal.Invoker.invokeMethod(Invoker.java:645)
	at org.testng.internal.Invoker.invokeTestMethod(Invoker.java:851)
	at org.testng.internal.Invoker.invokeTestMethods(Invoker.java:1177)
	at org.testng.internal.TestMethodWorker.invokeTestMethods(TestMethodWorker.java:129)
	at org.testng.internal.TestMethodWorker.run(TestMethodWorker.java:112)
	at org.testng.TestRunner.privateRun(TestRunner.java:756)
	at org.testng.TestRunner.run(TestRunner.java:610)
	at org.testng.SuiteRunner.runTest(SuiteRunner.java:387)
	at org.testng.SuiteRunner.runSequentially(SuiteRunner.java:382)
	at org.testng.SuiteRunner.privateRun(SuiteRunner.java:340)
	at org.testng.SuiteRunner.run(SuiteRunner.java:289)
	at org.testng.SuiteRunnerWorker.runSuite(SuiteRunnerWorker.java:52)
	at org.testng.SuiteRunnerWorker.run(SuiteRunnerWorker.java:86)
	at org.testng.TestNG.runSuitesSequentially(TestNG.java:1293)
	at org.testng.TestNG.runSuitesLocally(TestNG.java:1218)
	at org.testng.TestNG.runSuites(TestNG.java:1133)
	at org.testng.TestNG.run(TestNG.java:1104)
	at org.apache.maven.surefire.testng.TestNGExecutor.run(TestNGExecutor.java:281)
	at org.apache.maven.surefire.testng.TestNGXmlTestSuite.execute(TestNGXmlTestSuite.java:75)
	at org.apache.maven.surefire.testng.TestNGProvider.invoke(TestNGProvider.java:121)
	at org.apache.maven.surefire.booter.ForkedBooter.invokeProviderInSameClassLoader(ForkedBooter.java:290)
	at org.apache.maven.surefire.booter.ForkedBooter.runSuitesInProcess(ForkedBooter.java:242)
	at org.apache.maven.surefire.booter.ForkedBooter.main(ForkedBooter.java:121)
org.openqa.selenium.TimeoutException: Expected condition failed: waiting for visibility of [[ChromeDriver: chrome on MAC (07740cd47c3fecacb889f08591f22d03)] -> xpath: //a[text()='PRESS']] (tried for 30 second(s) with 4 SECONDS interval)
Build info: version: '3.0.1', revision: '1969d75', time: '2016-10-18 09:49:13 -0700'
System info: host: '101.lan0.mk.uz.ua', ip: '192.168.0.101', os.name: 'Mac OS X', os.arch: 'x86_64', os.version: '10.11.6', java.version: '1.8.0_101'
Driver info: driver.version: unknown
	at org.openqa.selenium.support.ui.FluentWait.timeoutException(FluentWait.java:296)
	at org.openqa.selenium.support.ui.FluentWait.until(FluentWait.java:265)
	at pageobjects.BaseObjectPage.fluentWaitforElement(BaseObjectPage.java:56)
	at pageobjects.BaseObjectPage.movingToMenuElement(BaseObjectPage.java:131)
	at tests.About.PressTests.checkinReadMoreLink(PressTests.java:137)
	at sun.reflect.NativeMethodAccessorImpl.invoke0(Native Method)
	at sun.reflect.NativeMethodAccessorImpl.invoke(NativeMethodAccessorImpl.java:62)
	at sun.reflect.DelegatingMethodAccessorImpl.invoke(DelegatingMethodAccessorImpl.java:43)
	at java.lang.reflect.Method.invoke(Method.java:498)
	at org.testng.internal.MethodInvocationHelper.invokeMethod(MethodInvocationHelper.java:104)
	at org.testng.internal.Invoker.invokeMethod(Invoker.java:645)
	at org.testng.internal.Invoker.invokeTestMethod(Invoker.java:851)
	at org.testng.internal.Invoker.invokeTestMethods(Invoker.java:1177)
	at org.testng.internal.TestMethodWorker.invokeTestMethods(TestMethodWorker.java:129)
	at org.testng.internal.TestMethodWorker.run(TestMethodWorker.java:112)
	at org.testng.TestRunner.privateRun(TestRunner.java:756)
	at org.testng.TestRunner.run(TestRunner.java:610)
	at org.testng.SuiteRunner.runTest(SuiteRunner.java:387)
	at org.testng.SuiteRunner.runSequentially(SuiteRunner.java:382)
	at org.testng.SuiteRunner.privateRun(SuiteRunner.java:340)
	at org.testng.SuiteRunner.run(SuiteRunner.java:289)
	at org.testng.SuiteRunnerWorker.runSuite(SuiteRunnerWorker.java:52)
	at org.testng.SuiteRunnerWorker.run(SuiteRunnerWorker.java:86)
	at org.testng.TestNG.runSuitesSequentially(TestNG.java:1293)
	at org.testng.TestNG.runSuitesLocally(TestNG.java:1218)
	at org.testng.TestNG.runSuites(TestNG.java:1133)
	at org.testng.TestNG.run(TestNG.java:1104)
	at org.apache.maven.surefire.testng.TestNGExecutor.run(TestNGExecutor.java:281)
	at org.apache.maven.surefire.testng.TestNGXmlTestSuite.execute(TestNGXmlTestSuite.java:75)
	at org.apache.maven.surefire.testng.TestNGProvider.invoke(TestNGProvider.java:121)
	at org.apache.maven.surefire.booter.ForkedBooter.invokeProviderInSameClassLoader(ForkedBooter.java:290)
	at org.apache.maven.surefire.booter.ForkedBooter.runSuitesInProcess(ForkedBooter.java:242)
	at org.apache.maven.surefire.booter.ForkedBooter.main(ForkedBooter.java:121)
]]></system-err>
  </testcase>
  <testcase name="chekingStyleGuide" classname="tests.About.PressTests" time="3.975"/>
  <testcase name="chekingStyleGuide" classname="tests.About.PressTests" time="7.722"/>
  <testcase name="chekingStyleGuide" classname="tests.About.PressTests" time="66.86">
    <failure message="element not visible&#10;  (Session info: chrome=57.0.2987.98)&#10;  (Driver info: chromedriver=2.28.455517 (2c6d2707d8ea850c862f04ac066724273981e88f),platform=Mac OS X 10.11.6 x86_64) (WARNING: The server did not provide any stacktrace information)&#10;Command duration or timeout: 32 milliseconds&#10;Build info: version: &apos;3.0.1&apos;, revision: &apos;1969d75&apos;, time: &apos;2016-10-18 09:49:13 -0700&apos;&#10;System info: host: &apos;101.lan0.mk.uz.ua&apos;, ip: &apos;192.168.0.101&apos;, os.name: &apos;Mac OS X&apos;, os.arch: &apos;x86_64&apos;, os.version: &apos;10.11.6&apos;, java.version: &apos;1.8.0_101&apos;&#10;Driver info: org.openqa.selenium.chrome.ChromeDriver&#10;Capabilities [{applicationCacheEnabled=false, rotatable=false, mobileEmulationEnabled=false, networkConnectionEnabled=false, chrome={chromedriverVersion=2.28.455517 (2c6d2707d8ea850c862f04ac066724273981e88f), userDataDir=/var/folders/xp/hq6y__313mvbnpb2n5x7bzq00000gn/T/.org.chromium.Chromium.HJgV73}, takesHeapSnapshot=true, pageLoadStrategy=normal, databaseEnabled=false, handlesAlerts=true, hasTouchScreen=false, version=57.0.2987.98, platform=MAC, browserConnectionEnabled=false, nativeEvents=true, acceptSslCerts=true, locationContextEnabled=true, webStorageEnabled=true, browserName=chrome, takesScreenshot=true, javascriptEnabled=true, cssSelectorsEnabled=true, unexpectedAlertBehaviour=}]&#10;Session ID: 07740cd47c3fecacb889f08591f22d03" type="org.openqa.selenium.ElementNotVisibleException">org.openqa.selenium.ElementNotVisibleException: 
element not visible
  (Session info: chrome=57.0.2987.98)
  (Driver info: chromedriver=2.28.455517 (2c6d2707d8ea850c862f04ac066724273981e88f),platform=Mac OS X 10.11.6 x86_64) (WARNING: The server did not provide any stacktrace information)
Command duration or timeout: 32 milliseconds
Build info: version: '3.0.1', revision: '1969d75', time: '2016-10-18 09:49:13 -0700'
System info: host: '101.lan0.mk.uz.ua', ip: '192.168.0.101', os.name: 'Mac OS X', os.arch: 'x86_64', os.version: '10.11.6', java.version: '1.8.0_101'
Driver info: org.openqa.selenium.chrome.ChromeDriver
Capabilities [{applicationCacheEnabled=false, rotatable=false, mobileEmulationEnabled=false, networkConnectionEnabled=false, chrome={chromedriverVersion=2.28.455517 (2c6d2707d8ea850c862f04ac066724273981e88f), userDataDir=/var/folders/xp/hq6y__313mvbnpb2n5x7bzq00000gn/T/.org.chromium.Chromium.HJgV73}, takesHeapSnapshot=true, pageLoadStrategy=normal, databaseEnabled=false, handlesAlerts=true, hasTouchScreen=false, version=57.0.2987.98, platform=MAC, browserConnectionEnabled=false, nativeEvents=true, acceptSslCerts=true, locationContextEnabled=true, webStorageEnabled=true, browserName=chrome, takesScreenshot=true, javascriptEnabled=true, cssSelectorsEnabled=true, unexpectedAlertBehaviour=}]
Session ID: 07740cd47c3fecacb889f08591f22d03
	at tests.About.PressTests.chekingStyleGuide(PressTests.java:116)
</failure>
    <system-out><![CDATA[Element Not found trying again - path: //a[text()='PRESS']]
Element Not found trying again - path: //a[text()='PRESS']]
]]></system-out>
    <system-err><![CDATA[org.openqa.selenium.TimeoutException: Expected condition failed: waiting for visibility of [[ChromeDriver: chrome on MAC (07740cd47c3fecacb889f08591f22d03)] -> xpath: //a[text()='PRESS']] (tried for 30 second(s) with 4 SECONDS interval)
Build info: version: '3.0.1', revision: '1969d75', time: '2016-10-18 09:49:13 -0700'
System info: host: '101.lan0.mk.uz.ua', ip: '192.168.0.101', os.name: 'Mac OS X', os.arch: 'x86_64', os.version: '10.11.6', java.version: '1.8.0_101'
Driver info: driver.version: unknown
	at org.openqa.selenium.support.ui.FluentWait.timeoutException(FluentWait.java:296)
	at org.openqa.selenium.support.ui.FluentWait.until(FluentWait.java:265)
	at pageobjects.BaseObjectPage.fluentWaitforElement(BaseObjectPage.java:56)
	at pageobjects.BaseObjectPage.movingToMenuElement(BaseObjectPage.java:131)
	at tests.About.PressTests.chekingStyleGuide(PressTests.java:116)
	at sun.reflect.NativeMethodAccessorImpl.invoke0(Native Method)
	at sun.reflect.NativeMethodAccessorImpl.invoke(NativeMethodAccessorImpl.java:62)
	at sun.reflect.DelegatingMethodAccessorImpl.invoke(DelegatingMethodAccessorImpl.java:43)
	at java.lang.reflect.Method.invoke(Method.java:498)
	at org.testng.internal.MethodInvocationHelper.invokeMethod(MethodInvocationHelper.java:104)
	at org.testng.internal.Invoker.invokeMethod(Invoker.java:645)
	at org.testng.internal.Invoker.invokeTestMethod(Invoker.java:851)
	at org.testng.internal.Invoker.invokeTestMethods(Invoker.java:1177)
	at org.testng.internal.TestMethodWorker.invokeTestMethods(TestMethodWorker.java:129)
	at org.testng.internal.TestMethodWorker.run(TestMethodWorker.java:112)
	at org.testng.TestRunner.privateRun(TestRunner.java:756)
	at org.testng.TestRunner.run(TestRunner.java:610)
	at org.testng.SuiteRunner.runTest(SuiteRunner.java:387)
	at org.testng.SuiteRunner.runSequentially(SuiteRunner.java:382)
	at org.testng.SuiteRunner.privateRun(SuiteRunner.java:340)
	at org.testng.SuiteRunner.run(SuiteRunner.java:289)
	at org.testng.SuiteRunnerWorker.runSuite(SuiteRunnerWorker.java:52)
	at org.testng.SuiteRunnerWorker.run(SuiteRunnerWorker.java:86)
	at org.testng.TestNG.runSuitesSequentially(TestNG.java:1293)
	at org.testng.TestNG.runSuitesLocally(TestNG.java:1218)
	at org.testng.TestNG.runSuites(TestNG.java:1133)
	at org.testng.TestNG.run(TestNG.java:1104)
	at org.apache.maven.surefire.testng.TestNGExecutor.run(TestNGExecutor.java:281)
	at org.apache.maven.surefire.testng.TestNGXmlTestSuite.execute(TestNGXmlTestSuite.java:75)
	at org.apache.maven.surefire.testng.TestNGProvider.invoke(TestNGProvider.java:121)
	at org.apache.maven.surefire.booter.ForkedBooter.invokeProviderInSameClassLoader(ForkedBooter.java:290)
	at org.apache.maven.surefire.booter.ForkedBooter.runSuitesInProcess(ForkedBooter.java:242)
	at org.apache.maven.surefire.booter.ForkedBooter.main(ForkedBooter.java:121)
org.openqa.selenium.TimeoutException: Expected condition failed: waiting for visibility of [[ChromeDriver: chrome on MAC (07740cd47c3fecacb889f08591f22d03)] -> xpath: //a[text()='PRESS']] (tried for 30 second(s) with 4 SECONDS interval)
Build info: version: '3.0.1', revision: '1969d75', time: '2016-10-18 09:49:13 -0700'
System info: host: '101.lan0.mk.uz.ua', ip: '192.168.0.101', os.name: 'Mac OS X', os.arch: 'x86_64', os.version: '10.11.6', java.version: '1.8.0_101'
Driver info: driver.version: unknown
	at org.openqa.selenium.support.ui.FluentWait.timeoutException(FluentWait.java:296)
	at org.openqa.selenium.support.ui.FluentWait.until(FluentWait.java:265)
	at pageobjects.BaseObjectPage.fluentWaitforElement(BaseObjectPage.java:56)
	at pageobjects.BaseObjectPage.movingToMenuElement(BaseObjectPage.java:131)
	at tests.About.PressTests.chekingStyleGuide(PressTests.java:116)
	at sun.reflect.NativeMethodAccessorImpl.invoke0(Native Method)
	at sun.reflect.NativeMethodAccessorImpl.invoke(NativeMethodAccessorImpl.java:62)
	at sun.reflect.DelegatingMethodAccessorImpl.invoke(DelegatingMethodAccessorImpl.java:43)
	at java.lang.reflect.Method.invoke(Method.java:498)
	at org.testng.internal.MethodInvocationHelper.invokeMethod(MethodInvocationHelper.java:104)
	at org.testng.internal.Invoker.invokeMethod(Invoker.java:645)
	at org.testng.internal.Invoker.invokeTestMethod(Invoker.java:851)
	at org.testng.internal.Invoker.invokeTestMethods(Invoker.java:1177)
	at org.testng.internal.TestMethodWorker.invokeTestMethods(TestMethodWorker.java:129)
	at org.testng.internal.TestMethodWorker.run(TestMethodWorker.java:112)
	at org.testng.TestRunner.privateRun(TestRunner.java:756)
	at org.testng.TestRunner.run(TestRunner.java:610)
	at org.testng.SuiteRunner.runTest(SuiteRunner.java:387)
	at org.testng.SuiteRunner.runSequentially(SuiteRunner.java:382)
	at org.testng.SuiteRunner.privateRun(SuiteRunner.java:340)
	at org.testng.SuiteRunner.run(SuiteRunner.java:289)
	at org.testng.SuiteRunnerWorker.runSuite(SuiteRunnerWorker.java:52)
	at org.testng.SuiteRunnerWorker.run(SuiteRunnerWorker.java:86)
	at org.testng.TestNG.runSuitesSequentially(TestNG.java:1293)
	at org.testng.TestNG.runSuitesLocally(TestNG.java:1218)
	at org.testng.TestNG.runSuites(TestNG.java:1133)
	at org.testng.TestNG.run(TestNG.java:1104)
	at org.apache.maven.surefire.testng.TestNGExecutor.run(TestNGExecutor.java:281)
	at org.apache.maven.surefire.testng.TestNGXmlTestSuite.execute(TestNGXmlTestSuite.java:75)
	at org.apache.maven.surefire.testng.TestNGProvider.invoke(TestNGProvider.java:121)
	at org.apache.maven.surefire.booter.ForkedBooter.invokeProviderInSameClassLoader(ForkedBooter.java:290)
	at org.apache.maven.surefire.booter.ForkedBooter.runSuitesInProcess(ForkedBooter.java:242)
	at org.apache.maven.surefire.booter.ForkedBooter.main(ForkedBooter.java:121)
]]></system-err>
  </testcase>
  <testcase name="downloadLinkCheckingIconBlack" classname="tests.About.PressTests" time="4.139"/>
  <testcase name="downloadLinkCheckingIconBlack" classname="tests.About.PressTests" time="8.086"/>
  <testcase name="downloadLinkCheckingIconBlack" classname="tests.About.PressTests" time="66.827">
    <failure message="element not visible&#10;  (Session info: chrome=57.0.2987.98)&#10;  (Driver info: chromedriver=2.28.455517 (2c6d2707d8ea850c862f04ac066724273981e88f),platform=Mac OS X 10.11.6 x86_64) (WARNING: The server did not provide any stacktrace information)&#10;Command duration or timeout: 27 milliseconds&#10;Build info: version: &apos;3.0.1&apos;, revision: &apos;1969d75&apos;, time: &apos;2016-10-18 09:49:13 -0700&apos;&#10;System info: host: &apos;101.lan0.mk.uz.ua&apos;, ip: &apos;192.168.0.101&apos;, os.name: &apos;Mac OS X&apos;, os.arch: &apos;x86_64&apos;, os.version: &apos;10.11.6&apos;, java.version: &apos;1.8.0_101&apos;&#10;Driver info: org.openqa.selenium.chrome.ChromeDriver&#10;Capabilities [{applicationCacheEnabled=false, rotatable=false, mobileEmulationEnabled=false, networkConnectionEnabled=false, chrome={chromedriverVersion=2.28.455517 (2c6d2707d8ea850c862f04ac066724273981e88f), userDataDir=/var/folders/xp/hq6y__313mvbnpb2n5x7bzq00000gn/T/.org.chromium.Chromium.HJgV73}, takesHeapSnapshot=true, pageLoadStrategy=normal, databaseEnabled=false, handlesAlerts=true, hasTouchScreen=false, version=57.0.2987.98, platform=MAC, browserConnectionEnabled=false, nativeEvents=true, acceptSslCerts=true, locationContextEnabled=true, webStorageEnabled=true, browserName=chrome, takesScreenshot=true, javascriptEnabled=true, cssSelectorsEnabled=true, unexpectedAlertBehaviour=}]&#10;Session ID: 07740cd47c3fecacb889f08591f22d03" type="org.openqa.selenium.ElementNotVisibleException">org.openqa.selenium.ElementNotVisibleException: 
element not visible
  (Session info: chrome=57.0.2987.98)
  (Driver info: chromedriver=2.28.455517 (2c6d2707d8ea850c862f04ac066724273981e88f),platform=Mac OS X 10.11.6 x86_64) (WARNING: The server did not provide any stacktrace information)
Command duration or timeout: 27 milliseconds
Build info: version: '3.0.1', revision: '1969d75', time: '2016-10-18 09:49:13 -0700'
System info: host: '101.lan0.mk.uz.ua', ip: '192.168.0.101', os.name: 'Mac OS X', os.arch: 'x86_64', os.version: '10.11.6', java.version: '1.8.0_101'
Driver info: org.openqa.selenium.chrome.ChromeDriver
Capabilities [{applicationCacheEnabled=false, rotatable=false, mobileEmulationEnabled=false, networkConnectionEnabled=false, chrome={chromedriverVersion=2.28.455517 (2c6d2707d8ea850c862f04ac066724273981e88f), userDataDir=/var/folders/xp/hq6y__313mvbnpb2n5x7bzq00000gn/T/.org.chromium.Chromium.HJgV73}, takesHeapSnapshot=true, pageLoadStrategy=normal, databaseEnabled=false, handlesAlerts=true, hasTouchScreen=false, version=57.0.2987.98, platform=MAC, browserConnectionEnabled=false, nativeEvents=true, acceptSslCerts=true, locationContextEnabled=true, webStorageEnabled=true, browserName=chrome, takesScreenshot=true, javascriptEnabled=true, cssSelectorsEnabled=true, unexpectedAlertBehaviour=}]
Session ID: 07740cd47c3fecacb889f08591f22d03
	at tests.About.PressTests.downloadLinkCheckingIconBlack(PressTests.java:48)
</failure>
    <system-out><![CDATA[Element Not found trying again - path: //a[text()='PRESS']]
Element Not found trying again - path: //a[text()='PRESS']]
]]></system-out>
    <system-err><![CDATA[org.openqa.selenium.TimeoutException: Expected condition failed: waiting for visibility of [[ChromeDriver: chrome on MAC (07740cd47c3fecacb889f08591f22d03)] -> xpath: //a[text()='PRESS']] (tried for 30 second(s) with 4 SECONDS interval)
Build info: version: '3.0.1', revision: '1969d75', time: '2016-10-18 09:49:13 -0700'
System info: host: '101.lan0.mk.uz.ua', ip: '192.168.0.101', os.name: 'Mac OS X', os.arch: 'x86_64', os.version: '10.11.6', java.version: '1.8.0_101'
Driver info: driver.version: unknown
	at org.openqa.selenium.support.ui.FluentWait.timeoutException(FluentWait.java:296)
	at org.openqa.selenium.support.ui.FluentWait.until(FluentWait.java:265)
	at pageobjects.BaseObjectPage.fluentWaitforElement(BaseObjectPage.java:56)
	at pageobjects.BaseObjectPage.movingToMenuElement(BaseObjectPage.java:131)
	at tests.About.PressTests.downloadLinkCheckingIconBlack(PressTests.java:48)
	at sun.reflect.NativeMethodAccessorImpl.invoke0(Native Method)
	at sun.reflect.NativeMethodAccessorImpl.invoke(NativeMethodAccessorImpl.java:62)
	at sun.reflect.DelegatingMethodAccessorImpl.invoke(DelegatingMethodAccessorImpl.java:43)
	at java.lang.reflect.Method.invoke(Method.java:498)
	at org.testng.internal.MethodInvocationHelper.invokeMethod(MethodInvocationHelper.java:104)
	at org.testng.internal.Invoker.invokeMethod(Invoker.java:645)
	at org.testng.internal.Invoker.invokeTestMethod(Invoker.java:851)
	at org.testng.internal.Invoker.invokeTestMethods(Invoker.java:1177)
	at org.testng.internal.TestMethodWorker.invokeTestMethods(TestMethodWorker.java:129)
	at org.testng.internal.TestMethodWorker.run(TestMethodWorker.java:112)
	at org.testng.TestRunner.privateRun(TestRunner.java:756)
	at org.testng.TestRunner.run(TestRunner.java:610)
	at org.testng.SuiteRunner.runTest(SuiteRunner.java:387)
	at org.testng.SuiteRunner.runSequentially(SuiteRunner.java:382)
	at org.testng.SuiteRunner.privateRun(SuiteRunner.java:340)
	at org.testng.SuiteRunner.run(SuiteRunner.java:289)
	at org.testng.SuiteRunnerWorker.runSuite(SuiteRunnerWorker.java:52)
	at org.testng.SuiteRunnerWorker.run(SuiteRunnerWorker.java:86)
	at org.testng.TestNG.runSuitesSequentially(TestNG.java:1293)
	at org.testng.TestNG.runSuitesLocally(TestNG.java:1218)
	at org.testng.TestNG.runSuites(TestNG.java:1133)
	at org.testng.TestNG.run(TestNG.java:1104)
	at org.apache.maven.surefire.testng.TestNGExecutor.run(TestNGExecutor.java:281)
	at org.apache.maven.surefire.testng.TestNGXmlTestSuite.execute(TestNGXmlTestSuite.java:75)
	at org.apache.maven.surefire.testng.TestNGProvider.invoke(TestNGProvider.java:121)
	at org.apache.maven.surefire.booter.ForkedBooter.invokeProviderInSameClassLoader(ForkedBooter.java:290)
	at org.apache.maven.surefire.booter.ForkedBooter.runSuitesInProcess(ForkedBooter.java:242)
	at org.apache.maven.surefire.booter.ForkedBooter.main(ForkedBooter.java:121)
org.openqa.selenium.TimeoutException: Expected condition failed: waiting for visibility of [[ChromeDriver: chrome on MAC (07740cd47c3fecacb889f08591f22d03)] -> xpath: //a[text()='PRESS']] (tried for 30 second(s) with 4 SECONDS interval)
Build info: version: '3.0.1', revision: '1969d75', time: '2016-10-18 09:49:13 -0700'
System info: host: '101.lan0.mk.uz.ua', ip: '192.168.0.101', os.name: 'Mac OS X', os.arch: 'x86_64', os.version: '10.11.6', java.version: '1.8.0_101'
Driver info: driver.version: unknown
	at org.openqa.selenium.support.ui.FluentWait.timeoutException(FluentWait.java:296)
	at org.openqa.selenium.support.ui.FluentWait.until(FluentWait.java:265)
	at pageobjects.BaseObjectPage.fluentWaitforElement(BaseObjectPage.java:56)
	at pageobjects.BaseObjectPage.movingToMenuElement(BaseObjectPage.java:131)
	at tests.About.PressTests.downloadLinkCheckingIconBlack(PressTests.java:48)
	at sun.reflect.NativeMethodAccessorImpl.invoke0(Native Method)
	at sun.reflect.NativeMethodAccessorImpl.invoke(NativeMethodAccessorImpl.java:62)
	at sun.reflect.DelegatingMethodAccessorImpl.invoke(DelegatingMethodAccessorImpl.java:43)
	at java.lang.reflect.Method.invoke(Method.java:498)
	at org.testng.internal.MethodInvocationHelper.invokeMethod(MethodInvocationHelper.java:104)
	at org.testng.internal.Invoker.invokeMethod(Invoker.java:645)
	at org.testng.internal.Invoker.invokeTestMethod(Invoker.java:851)
	at org.testng.internal.Invoker.invokeTestMethods(Invoker.java:1177)
	at org.testng.internal.TestMethodWorker.invokeTestMethods(TestMethodWorker.java:129)
	at org.testng.internal.TestMethodWorker.run(TestMethodWorker.java:112)
	at org.testng.TestRunner.privateRun(TestRunner.java:756)
	at org.testng.TestRunner.run(TestRunner.java:610)
	at org.testng.SuiteRunner.runTest(SuiteRunner.java:387)
	at org.testng.SuiteRunner.runSequentially(SuiteRunner.java:382)
	at org.testng.SuiteRunner.privateRun(SuiteRunner.java:340)
	at org.testng.SuiteRunner.run(SuiteRunner.java:289)
	at org.testng.SuiteRunnerWorker.runSuite(SuiteRunnerWorker.java:52)
	at org.testng.SuiteRunnerWorker.run(SuiteRunnerWorker.java:86)
	at org.testng.TestNG.runSuitesSequentially(TestNG.java:1293)
	at org.testng.TestNG.runSuitesLocally(TestNG.java:1218)
	at org.testng.TestNG.runSuites(TestNG.java:1133)
	at org.testng.TestNG.run(TestNG.java:1104)
	at org.apache.maven.surefire.testng.TestNGExecutor.run(TestNGExecutor.java:281)
	at org.apache.maven.surefire.testng.TestNGXmlTestSuite.execute(TestNGXmlTestSuite.java:75)
	at org.apache.maven.surefire.testng.TestNGProvider.invoke(TestNGProvider.java:121)
	at org.apache.maven.surefire.booter.ForkedBooter.invokeProviderInSameClassLoader(ForkedBooter.java:290)
	at org.apache.maven.surefire.booter.ForkedBooter.runSuitesInProcess(ForkedBooter.java:242)
	at org.apache.maven.surefire.booter.ForkedBooter.main(ForkedBooter.java:121)
]]></system-err>
  </testcase>
  <testcase name="downloadLinkCheckingLogo" classname="tests.About.PressTests" time="4.319"/>
  <testcase name="downloadLinkCheckingLogo" classname="tests.About.PressTests" time="66.734">
    <failure message="element not visible&#10;  (Session info: chrome=57.0.2987.98)&#10;  (Driver info: chromedriver=2.28.455517 (2c6d2707d8ea850c862f04ac066724273981e88f),platform=Mac OS X 10.11.6 x86_64) (WARNING: The server did not provide any stacktrace information)&#10;Command duration or timeout: 33 milliseconds&#10;Build info: version: &apos;3.0.1&apos;, revision: &apos;1969d75&apos;, time: &apos;2016-10-18 09:49:13 -0700&apos;&#10;System info: host: &apos;101.lan0.mk.uz.ua&apos;, ip: &apos;192.168.0.101&apos;, os.name: &apos;Mac OS X&apos;, os.arch: &apos;x86_64&apos;, os.version: &apos;10.11.6&apos;, java.version: &apos;1.8.0_101&apos;&#10;Driver info: org.openqa.selenium.chrome.ChromeDriver&#10;Capabilities [{applicationCacheEnabled=false, rotatable=false, mobileEmulationEnabled=false, networkConnectionEnabled=false, chrome={chromedriverVersion=2.28.455517 (2c6d2707d8ea850c862f04ac066724273981e88f), userDataDir=/var/folders/xp/hq6y__313mvbnpb2n5x7bzq00000gn/T/.org.chromium.Chromium.HJgV73}, takesHeapSnapshot=true, pageLoadStrategy=normal, databaseEnabled=false, handlesAlerts=true, hasTouchScreen=false, version=57.0.2987.98, platform=MAC, browserConnectionEnabled=false, nativeEvents=true, acceptSslCerts=true, locationContextEnabled=true, webStorageEnabled=true, browserName=chrome, takesScreenshot=true, javascriptEnabled=true, cssSelectorsEnabled=true, unexpectedAlertBehaviour=}]&#10;Session ID: 07740cd47c3fecacb889f08591f22d03" type="org.openqa.selenium.ElementNotVisibleException">org.openqa.selenium.ElementNotVisibleException: 
element not visible
  (Session info: chrome=57.0.2987.98)
  (Driver info: chromedriver=2.28.455517 (2c6d2707d8ea850c862f04ac066724273981e88f),platform=Mac OS X 10.11.6 x86_64) (WARNING: The server did not provide any stacktrace information)
Command duration or timeout: 33 milliseconds
Build info: version: '3.0.1', revision: '1969d75', time: '2016-10-18 09:49:13 -0700'
System info: host: '101.lan0.mk.uz.ua', ip: '192.168.0.101', os.name: 'Mac OS X', os.arch: 'x86_64', os.version: '10.11.6', java.version: '1.8.0_101'
Driver info: org.openqa.selenium.chrome.ChromeDriver
Capabilities [{applicationCacheEnabled=false, rotatable=false, mobileEmulationEnabled=false, networkConnectionEnabled=false, chrome={chromedriverVersion=2.28.455517 (2c6d2707d8ea850c862f04ac066724273981e88f), userDataDir=/var/folders/xp/hq6y__313mvbnpb2n5x7bzq00000gn/T/.org.chromium.Chromium.HJgV73}, takesHeapSnapshot=true, pageLoadStrategy=normal, databaseEnabled=false, handlesAlerts=true, hasTouchScreen=false, version=57.0.2987.98, platform=MAC, browserConnectionEnabled=false, nativeEvents=true, acceptSslCerts=true, locationContextEnabled=true, webStorageEnabled=true, browserName=chrome, takesScreenshot=true, javascriptEnabled=true, cssSelectorsEnabled=true, unexpectedAlertBehaviour=}]
Session ID: 07740cd47c3fecacb889f08591f22d03
	at tests.About.PressTests.downloadLinkCheckingLogo(PressTests.java:70)
</failure>
    <system-out><![CDATA[Element Not found trying again - path: //a[text()='PRESS']]
Element Not found trying again - path: //a[text()='PRESS']]
]]></system-out>
    <system-err><![CDATA[org.openqa.selenium.TimeoutException: Expected condition failed: waiting for visibility of [[ChromeDriver: chrome on MAC (07740cd47c3fecacb889f08591f22d03)] -> xpath: //a[text()='PRESS']] (tried for 30 second(s) with 4 SECONDS interval)
Build info: version: '3.0.1', revision: '1969d75', time: '2016-10-18 09:49:13 -0700'
System info: host: '101.lan0.mk.uz.ua', ip: '192.168.0.101', os.name: 'Mac OS X', os.arch: 'x86_64', os.version: '10.11.6', java.version: '1.8.0_101'
Driver info: driver.version: unknown
	at org.openqa.selenium.support.ui.FluentWait.timeoutException(FluentWait.java:296)
	at org.openqa.selenium.support.ui.FluentWait.until(FluentWait.java:265)
	at pageobjects.BaseObjectPage.fluentWaitforElement(BaseObjectPage.java:56)
	at pageobjects.BaseObjectPage.movingToMenuElement(BaseObjectPage.java:131)
	at tests.About.PressTests.downloadLinkCheckingLogo(PressTests.java:70)
	at sun.reflect.NativeMethodAccessorImpl.invoke0(Native Method)
	at sun.reflect.NativeMethodAccessorImpl.invoke(NativeMethodAccessorImpl.java:62)
	at sun.reflect.DelegatingMethodAccessorImpl.invoke(DelegatingMethodAccessorImpl.java:43)
	at java.lang.reflect.Method.invoke(Method.java:498)
	at org.testng.internal.MethodInvocationHelper.invokeMethod(MethodInvocationHelper.java:104)
	at org.testng.internal.Invoker.invokeMethod(Invoker.java:645)
	at org.testng.internal.Invoker.invokeTestMethod(Invoker.java:851)
	at org.testng.internal.Invoker.invokeTestMethods(Invoker.java:1177)
	at org.testng.internal.TestMethodWorker.invokeTestMethods(TestMethodWorker.java:129)
	at org.testng.internal.TestMethodWorker.run(TestMethodWorker.java:112)
	at org.testng.TestRunner.privateRun(TestRunner.java:756)
	at org.testng.TestRunner.run(TestRunner.java:610)
	at org.testng.SuiteRunner.runTest(SuiteRunner.java:387)
	at org.testng.SuiteRunner.runSequentially(SuiteRunner.java:382)
	at org.testng.SuiteRunner.privateRun(SuiteRunner.java:340)
	at org.testng.SuiteRunner.run(SuiteRunner.java:289)
	at org.testng.SuiteRunnerWorker.runSuite(SuiteRunnerWorker.java:52)
	at org.testng.SuiteRunnerWorker.run(SuiteRunnerWorker.java:86)
	at org.testng.TestNG.runSuitesSequentially(TestNG.java:1293)
	at org.testng.TestNG.runSuitesLocally(TestNG.java:1218)
	at org.testng.TestNG.runSuites(TestNG.java:1133)
	at org.testng.TestNG.run(TestNG.java:1104)
	at org.apache.maven.surefire.testng.TestNGExecutor.run(TestNGExecutor.java:281)
	at org.apache.maven.surefire.testng.TestNGXmlTestSuite.execute(TestNGXmlTestSuite.java:75)
	at org.apache.maven.surefire.testng.TestNGProvider.invoke(TestNGProvider.java:121)
	at org.apache.maven.surefire.booter.ForkedBooter.invokeProviderInSameClassLoader(ForkedBooter.java:290)
	at org.apache.maven.surefire.booter.ForkedBooter.runSuitesInProcess(ForkedBooter.java:242)
	at org.apache.maven.surefire.booter.ForkedBooter.main(ForkedBooter.java:121)
org.openqa.selenium.TimeoutException: Expected condition failed: waiting for visibility of [[ChromeDriver: chrome on MAC (07740cd47c3fecacb889f08591f22d03)] -> xpath: //a[text()='PRESS']] (tried for 30 second(s) with 4 SECONDS interval)
Build info: version: '3.0.1', revision: '1969d75', time: '2016-10-18 09:49:13 -0700'
System info: host: '101.lan0.mk.uz.ua', ip: '192.168.0.101', os.name: 'Mac OS X', os.arch: 'x86_64', os.version: '10.11.6', java.version: '1.8.0_101'
Driver info: driver.version: unknown
	at org.openqa.selenium.support.ui.FluentWait.timeoutException(FluentWait.java:296)
	at org.openqa.selenium.support.ui.FluentWait.until(FluentWait.java:265)
	at pageobjects.BaseObjectPage.fluentWaitforElement(BaseObjectPage.java:56)
	at pageobjects.BaseObjectPage.movingToMenuElement(BaseObjectPage.java:131)
	at tests.About.PressTests.downloadLinkCheckingLogo(PressTests.java:70)
	at sun.reflect.NativeMethodAccessorImpl.invoke0(Native Method)
	at sun.reflect.NativeMethodAccessorImpl.invoke(NativeMethodAccessorImpl.java:62)
	at sun.reflect.DelegatingMethodAccessorImpl.invoke(DelegatingMethodAccessorImpl.java:43)
	at java.lang.reflect.Method.invoke(Method.java:498)
	at org.testng.internal.MethodInvocationHelper.invokeMethod(MethodInvocationHelper.java:104)
	at org.testng.internal.Invoker.invokeMethod(Invoker.java:645)
	at org.testng.internal.Invoker.invokeTestMethod(Invoker.java:851)
	at org.testng.internal.Invoker.invokeTestMethods(Invoker.java:1177)
	at org.testng.internal.TestMethodWorker.invokeTestMethods(TestMethodWorker.java:129)
	at org.testng.internal.TestMethodWorker.run(TestMethodWorker.java:112)
	at org.testng.TestRunner.privateRun(TestRunner.java:756)
	at org.testng.TestRunner.run(TestRunner.java:610)
	at org.testng.SuiteRunner.runTest(SuiteRunner.java:387)
	at org.testng.SuiteRunner.runSequentially(SuiteRunner.java:382)
	at org.testng.SuiteRunner.privateRun(SuiteRunner.java:340)
	at org.testng.SuiteRunner.run(SuiteRunner.java:289)
	at org.testng.SuiteRunnerWorker.runSuite(SuiteRunnerWorker.java:52)
	at org.testng.SuiteRunnerWorker.run(SuiteRunnerWorker.java:86)
	at org.testng.TestNG.runSuitesSequentially(TestNG.java:1293)
	at org.testng.TestNG.runSuitesLocally(TestNG.java:1218)
	at org.testng.TestNG.runSuites(TestNG.java:1133)
	at org.testng.TestNG.run(TestNG.java:1104)
	at org.apache.maven.surefire.testng.TestNGExecutor.run(TestNGExecutor.java:281)
	at org.apache.maven.surefire.testng.TestNGXmlTestSuite.execute(TestNGXmlTestSuite.java:75)
	at org.apache.maven.surefire.testng.TestNGProvider.invoke(TestNGProvider.java:121)
	at org.apache.maven.surefire.booter.ForkedBooter.invokeProviderInSameClassLoader(ForkedBooter.java:290)
	at org.apache.maven.surefire.booter.ForkedBooter.runSuitesInProcess(ForkedBooter.java:242)
	at org.apache.maven.surefire.booter.ForkedBooter.main(ForkedBooter.java:121)
]]></system-err>
  </testcase>
  <testcase name="downloadLinkCheckingLogo" classname="tests.About.PressTests" time="41.222"/>
  <testcase name="downloadLinkCheckingLogoBlack" classname="tests.About.PressTests" time="4.071"/>
  <testcase name="downloadLinkCheckingLogoBlack" classname="tests.About.PressTests" time="66.751">
    <failure message="element not visible&#10;  (Session info: chrome=57.0.2987.98)&#10;  (Driver info: chromedriver=2.28.455517 (2c6d2707d8ea850c862f04ac066724273981e88f),platform=Mac OS X 10.11.6 x86_64) (WARNING: The server did not provide any stacktrace information)&#10;Command duration or timeout: 28 milliseconds&#10;Build info: version: &apos;3.0.1&apos;, revision: &apos;1969d75&apos;, time: &apos;2016-10-18 09:49:13 -0700&apos;&#10;System info: host: &apos;101.lan0.mk.uz.ua&apos;, ip: &apos;192.168.0.101&apos;, os.name: &apos;Mac OS X&apos;, os.arch: &apos;x86_64&apos;, os.version: &apos;10.11.6&apos;, java.version: &apos;1.8.0_101&apos;&#10;Driver info: org.openqa.selenium.chrome.ChromeDriver&#10;Capabilities [{applicationCacheEnabled=false, rotatable=false, mobileEmulationEnabled=false, networkConnectionEnabled=false, chrome={chromedriverVersion=2.28.455517 (2c6d2707d8ea850c862f04ac066724273981e88f), userDataDir=/var/folders/xp/hq6y__313mvbnpb2n5x7bzq00000gn/T/.org.chromium.Chromium.HJgV73}, takesHeapSnapshot=true, pageLoadStrategy=normal, databaseEnabled=false, handlesAlerts=true, hasTouchScreen=false, version=57.0.2987.98, platform=MAC, browserConnectionEnabled=false, nativeEvents=true, acceptSslCerts=true, locationContextEnabled=true, webStorageEnabled=true, browserName=chrome, takesScreenshot=true, javascriptEnabled=true, cssSelectorsEnabled=true, unexpectedAlertBehaviour=}]&#10;Session ID: 07740cd47c3fecacb889f08591f22d03" type="org.openqa.selenium.ElementNotVisibleException">org.openqa.selenium.ElementNotVisibleException: 
element not visible
  (Session info: chrome=57.0.2987.98)
  (Driver info: chromedriver=2.28.455517 (2c6d2707d8ea850c862f04ac066724273981e88f),platform=Mac OS X 10.11.6 x86_64) (WARNING: The server did not provide any stacktrace information)
Command duration or timeout: 28 milliseconds
Build info: version: '3.0.1', revision: '1969d75', time: '2016-10-18 09:49:13 -0700'
System info: host: '101.lan0.mk.uz.ua', ip: '192.168.0.101', os.name: 'Mac OS X', os.arch: 'x86_64', os.version: '10.11.6', java.version: '1.8.0_101'
Driver info: org.openqa.selenium.chrome.ChromeDriver
Capabilities [{applicationCacheEnabled=false, rotatable=false, mobileEmulationEnabled=false, networkConnectionEnabled=false, chrome={chromedriverVersion=2.28.455517 (2c6d2707d8ea850c862f04ac066724273981e88f), userDataDir=/var/folders/xp/hq6y__313mvbnpb2n5x7bzq00000gn/T/.org.chromium.Chromium.HJgV73}, takesHeapSnapshot=true, pageLoadStrategy=normal, databaseEnabled=false, handlesAlerts=true, hasTouchScreen=false, version=57.0.2987.98, platform=MAC, browserConnectionEnabled=false, nativeEvents=true, acceptSslCerts=true, locationContextEnabled=true, webStorageEnabled=true, browserName=chrome, takesScreenshot=true, javascriptEnabled=true, cssSelectorsEnabled=true, unexpectedAlertBehaviour=}]
Session ID: 07740cd47c3fecacb889f08591f22d03
	at tests.About.PressTests.downloadLinkCheckingLogoBlack(PressTests.java:25)
</failure>
    <system-out><![CDATA[Element Not found trying again - path: //a[text()='PRESS']]
Element Not found trying again - path: //a[text()='PRESS']]
]]></system-out>
    <system-err><![CDATA[org.openqa.selenium.TimeoutException: Expected condition failed: waiting for visibility of [[ChromeDriver: chrome on MAC (07740cd47c3fecacb889f08591f22d03)] -> xpath: //a[text()='PRESS']] (tried for 30 second(s) with 4 SECONDS interval)
Build info: version: '3.0.1', revision: '1969d75', time: '2016-10-18 09:49:13 -0700'
System info: host: '101.lan0.mk.uz.ua', ip: '192.168.0.101', os.name: 'Mac OS X', os.arch: 'x86_64', os.version: '10.11.6', java.version: '1.8.0_101'
Driver info: driver.version: unknown
	at org.openqa.selenium.support.ui.FluentWait.timeoutException(FluentWait.java:296)
	at org.openqa.selenium.support.ui.FluentWait.until(FluentWait.java:265)
	at pageobjects.BaseObjectPage.fluentWaitforElement(BaseObjectPage.java:56)
	at pageobjects.BaseObjectPage.movingToMenuElement(BaseObjectPage.java:131)
	at tests.About.PressTests.downloadLinkCheckingLogoBlack(PressTests.java:25)
	at sun.reflect.NativeMethodAccessorImpl.invoke0(Native Method)
	at sun.reflect.NativeMethodAccessorImpl.invoke(NativeMethodAccessorImpl.java:62)
	at sun.reflect.DelegatingMethodAccessorImpl.invoke(DelegatingMethodAccessorImpl.java:43)
	at java.lang.reflect.Method.invoke(Method.java:498)
	at org.testng.internal.MethodInvocationHelper.invokeMethod(MethodInvocationHelper.java:104)
	at org.testng.internal.Invoker.invokeMethod(Invoker.java:645)
	at org.testng.internal.Invoker.invokeTestMethod(Invoker.java:851)
	at org.testng.internal.Invoker.invokeTestMethods(Invoker.java:1177)
	at org.testng.internal.TestMethodWorker.invokeTestMethods(TestMethodWorker.java:129)
	at org.testng.internal.TestMethodWorker.run(TestMethodWorker.java:112)
	at org.testng.TestRunner.privateRun(TestRunner.java:756)
	at org.testng.TestRunner.run(TestRunner.java:610)
	at org.testng.SuiteRunner.runTest(SuiteRunner.java:387)
	at org.testng.SuiteRunner.runSequentially(SuiteRunner.java:382)
	at org.testng.SuiteRunner.privateRun(SuiteRunner.java:340)
	at org.testng.SuiteRunner.run(SuiteRunner.java:289)
	at org.testng.SuiteRunnerWorker.runSuite(SuiteRunnerWorker.java:52)
	at org.testng.SuiteRunnerWorker.run(SuiteRunnerWorker.java:86)
	at org.testng.TestNG.runSuitesSequentially(TestNG.java:1293)
	at org.testng.TestNG.runSuitesLocally(TestNG.java:1218)
	at org.testng.TestNG.runSuites(TestNG.java:1133)
	at org.testng.TestNG.run(TestNG.java:1104)
	at org.apache.maven.surefire.testng.TestNGExecutor.run(TestNGExecutor.java:281)
	at org.apache.maven.surefire.testng.TestNGXmlTestSuite.execute(TestNGXmlTestSuite.java:75)
	at org.apache.maven.surefire.testng.TestNGProvider.invoke(TestNGProvider.java:121)
	at org.apache.maven.surefire.booter.ForkedBooter.invokeProviderInSameClassLoader(ForkedBooter.java:290)
	at org.apache.maven.surefire.booter.ForkedBooter.runSuitesInProcess(ForkedBooter.java:242)
	at org.apache.maven.surefire.booter.ForkedBooter.main(ForkedBooter.java:121)
org.openqa.selenium.TimeoutException: Expected condition failed: waiting for visibility of [[ChromeDriver: chrome on MAC (07740cd47c3fecacb889f08591f22d03)] -> xpath: //a[text()='PRESS']] (tried for 30 second(s) with 4 SECONDS interval)
Build info: version: '3.0.1', revision: '1969d75', time: '2016-10-18 09:49:13 -0700'
System info: host: '101.lan0.mk.uz.ua', ip: '192.168.0.101', os.name: 'Mac OS X', os.arch: 'x86_64', os.version: '10.11.6', java.version: '1.8.0_101'
Driver info: driver.version: unknown
	at org.openqa.selenium.support.ui.FluentWait.timeoutException(FluentWait.java:296)
	at org.openqa.selenium.support.ui.FluentWait.until(FluentWait.java:265)
	at pageobjects.BaseObjectPage.fluentWaitforElement(BaseObjectPage.java:56)
	at pageobjects.BaseObjectPage.movingToMenuElement(BaseObjectPage.java:131)
	at tests.About.PressTests.downloadLinkCheckingLogoBlack(PressTests.java:25)
	at sun.reflect.NativeMethodAccessorImpl.invoke0(Native Method)
	at sun.reflect.NativeMethodAccessorImpl.invoke(NativeMethodAccessorImpl.java:62)
	at sun.reflect.DelegatingMethodAccessorImpl.invoke(DelegatingMethodAccessorImpl.java:43)
	at java.lang.reflect.Method.invoke(Method.java:498)
	at org.testng.internal.MethodInvocationHelper.invokeMethod(MethodInvocationHelper.java:104)
	at org.testng.internal.Invoker.invokeMethod(Invoker.java:645)
	at org.testng.internal.Invoker.invokeTestMethod(Invoker.java:851)
	at org.testng.internal.Invoker.invokeTestMethods(Invoker.java:1177)
	at org.testng.internal.TestMethodWorker.invokeTestMethods(TestMethodWorker.java:129)
	at org.testng.internal.TestMethodWorker.run(TestMethodWorker.java:112)
	at org.testng.TestRunner.privateRun(TestRunner.java:756)
	at org.testng.TestRunner.run(TestRunner.java:610)
	at org.testng.SuiteRunner.runTest(SuiteRunner.java:387)
	at org.testng.SuiteRunner.runSequentially(SuiteRunner.java:382)
	at org.testng.SuiteRunner.privateRun(SuiteRunner.java:340)
	at org.testng.SuiteRunner.run(SuiteRunner.java:289)
	at org.testng.SuiteRunnerWorker.runSuite(SuiteRunnerWorker.java:52)
	at org.testng.SuiteRunnerWorker.run(SuiteRunnerWorker.java:86)
	at org.testng.TestNG.runSuitesSequentially(TestNG.java:1293)
	at org.testng.TestNG.runSuitesLocally(TestNG.java:1218)
	at org.testng.TestNG.runSuites(TestNG.java:1133)
	at org.testng.TestNG.run(TestNG.java:1104)
	at org.apache.maven.surefire.testng.TestNGExecutor.run(TestNGExecutor.java:281)
	at org.apache.maven.surefire.testng.TestNGXmlTestSuite.execute(TestNGXmlTestSuite.java:75)
	at org.apache.maven.surefire.testng.TestNGProvider.invoke(TestNGProvider.java:121)
	at org.apache.maven.surefire.booter.ForkedBooter.invokeProviderInSameClassLoader(ForkedBooter.java:290)
	at org.apache.maven.surefire.booter.ForkedBooter.runSuitesInProcess(ForkedBooter.java:242)
	at org.apache.maven.surefire.booter.ForkedBooter.main(ForkedBooter.java:121)
]]></system-err>
  </testcase>
  <testcase name="downloadLinkCheckingLogoBlack" classname="tests.About.PressTests" time="8.381"/>
  <testcase name="downloadLinkCheckingLogoVertical" classname="tests.About.PressTests" time="3.918"/>
  <testcase name="downloadLinkCheckingLogoVertical" classname="tests.About.PressTests" time="66.998">
    <failure message="element not visible&#10;  (Session info: chrome=57.0.2987.98)&#10;  (Driver info: chromedriver=2.28.455517 (2c6d2707d8ea850c862f04ac066724273981e88f),platform=Mac OS X 10.11.6 x86_64) (WARNING: The server did not provide any stacktrace information)&#10;Command duration or timeout: 29 milliseconds&#10;Build info: version: &apos;3.0.1&apos;, revision: &apos;1969d75&apos;, time: &apos;2016-10-18 09:49:13 -0700&apos;&#10;System info: host: &apos;101.lan0.mk.uz.ua&apos;, ip: &apos;192.168.0.101&apos;, os.name: &apos;Mac OS X&apos;, os.arch: &apos;x86_64&apos;, os.version: &apos;10.11.6&apos;, java.version: &apos;1.8.0_101&apos;&#10;Driver info: org.openqa.selenium.chrome.ChromeDriver&#10;Capabilities [{applicationCacheEnabled=false, rotatable=false, mobileEmulationEnabled=false, networkConnectionEnabled=false, chrome={chromedriverVersion=2.28.455517 (2c6d2707d8ea850c862f04ac066724273981e88f), userDataDir=/var/folders/xp/hq6y__313mvbnpb2n5x7bzq00000gn/T/.org.chromium.Chromium.HJgV73}, takesHeapSnapshot=true, pageLoadStrategy=normal, databaseEnabled=false, handlesAlerts=true, hasTouchScreen=false, version=57.0.2987.98, platform=MAC, browserConnectionEnabled=false, nativeEvents=true, acceptSslCerts=true, locationContextEnabled=true, webStorageEnabled=true, browserName=chrome, takesScreenshot=true, javascriptEnabled=true, cssSelectorsEnabled=true, unexpectedAlertBehaviour=}]&#10;Session ID: 07740cd47c3fecacb889f08591f22d03" type="org.openqa.selenium.ElementNotVisibleException">org.openqa.selenium.ElementNotVisibleException: 
element not visible
  (Session info: chrome=57.0.2987.98)
  (Driver info: chromedriver=2.28.455517 (2c6d2707d8ea850c862f04ac066724273981e88f),platform=Mac OS X 10.11.6 x86_64) (WARNING: The server did not provide any stacktrace information)
Command duration or timeout: 29 milliseconds
Build info: version: '3.0.1', revision: '1969d75', time: '2016-10-18 09:49:13 -0700'
System info: host: '101.lan0.mk.uz.ua', ip: '192.168.0.101', os.name: 'Mac OS X', os.arch: 'x86_64', os.version: '10.11.6', java.version: '1.8.0_101'
Driver info: org.openqa.selenium.chrome.ChromeDriver
Capabilities [{applicationCacheEnabled=false, rotatable=false, mobileEmulationEnabled=false, networkConnectionEnabled=false, chrome={chromedriverVersion=2.28.455517 (2c6d2707d8ea850c862f04ac066724273981e88f), userDataDir=/var/folders/xp/hq6y__313mvbnpb2n5x7bzq00000gn/T/.org.chromium.Chromium.HJgV73}, takesHeapSnapshot=true, pageLoadStrategy=normal, databaseEnabled=false, handlesAlerts=true, hasTouchScreen=false, version=57.0.2987.98, platform=MAC, browserConnectionEnabled=false, nativeEvents=true, acceptSslCerts=true, locationContextEnabled=true, webStorageEnabled=true, browserName=chrome, takesScreenshot=true, javascriptEnabled=true, cssSelectorsEnabled=true, unexpectedAlertBehaviour=}]
Session ID: 07740cd47c3fecacb889f08591f22d03
	at tests.About.PressTests.downloadLinkCheckingLogoVertical(PressTests.java:93)
</failure>
    <system-out><![CDATA[Element Not found trying again - path: //a[text()='PRESS']]
Element Not found trying again - path: //a[text()='PRESS']]
]]></system-out>
    <system-err><![CDATA[org.openqa.selenium.TimeoutException: Expected condition failed: waiting for visibility of [[ChromeDriver: chrome on MAC (07740cd47c3fecacb889f08591f22d03)] -> xpath: //a[text()='PRESS']] (tried for 30 second(s) with 4 SECONDS interval)
Build info: version: '3.0.1', revision: '1969d75', time: '2016-10-18 09:49:13 -0700'
System info: host: '101.lan0.mk.uz.ua', ip: '192.168.0.101', os.name: 'Mac OS X', os.arch: 'x86_64', os.version: '10.11.6', java.version: '1.8.0_101'
Driver info: driver.version: unknown
	at org.openqa.selenium.support.ui.FluentWait.timeoutException(FluentWait.java:296)
	at org.openqa.selenium.support.ui.FluentWait.until(FluentWait.java:265)
	at pageobjects.BaseObjectPage.fluentWaitforElement(BaseObjectPage.java:56)
	at pageobjects.BaseObjectPage.movingToMenuElement(BaseObjectPage.java:131)
	at tests.About.PressTests.downloadLinkCheckingLogoVertical(PressTests.java:93)
	at sun.reflect.NativeMethodAccessorImpl.invoke0(Native Method)
	at sun.reflect.NativeMethodAccessorImpl.invoke(NativeMethodAccessorImpl.java:62)
	at sun.reflect.DelegatingMethodAccessorImpl.invoke(DelegatingMethodAccessorImpl.java:43)
	at java.lang.reflect.Method.invoke(Method.java:498)
	at org.testng.internal.MethodInvocationHelper.invokeMethod(MethodInvocationHelper.java:104)
	at org.testng.internal.Invoker.invokeMethod(Invoker.java:645)
	at org.testng.internal.Invoker.invokeTestMethod(Invoker.java:851)
	at org.testng.internal.Invoker.invokeTestMethods(Invoker.java:1177)
	at org.testng.internal.TestMethodWorker.invokeTestMethods(TestMethodWorker.java:129)
	at org.testng.internal.TestMethodWorker.run(TestMethodWorker.java:112)
	at org.testng.TestRunner.privateRun(TestRunner.java:756)
	at org.testng.TestRunner.run(TestRunner.java:610)
	at org.testng.SuiteRunner.runTest(SuiteRunner.java:387)
	at org.testng.SuiteRunner.runSequentially(SuiteRunner.java:382)
	at org.testng.SuiteRunner.privateRun(SuiteRunner.java:340)
	at org.testng.SuiteRunner.run(SuiteRunner.java:289)
	at org.testng.SuiteRunnerWorker.runSuite(SuiteRunnerWorker.java:52)
	at org.testng.SuiteRunnerWorker.run(SuiteRunnerWorker.java:86)
	at org.testng.TestNG.runSuitesSequentially(TestNG.java:1293)
	at org.testng.TestNG.runSuitesLocally(TestNG.java:1218)
	at org.testng.TestNG.runSuites(TestNG.java:1133)
	at org.testng.TestNG.run(TestNG.java:1104)
	at org.apache.maven.surefire.testng.TestNGExecutor.run(TestNGExecutor.java:281)
	at org.apache.maven.surefire.testng.TestNGXmlTestSuite.execute(TestNGXmlTestSuite.java:75)
	at org.apache.maven.surefire.testng.TestNGProvider.invoke(TestNGProvider.java:121)
	at org.apache.maven.surefire.booter.ForkedBooter.invokeProviderInSameClassLoader(ForkedBooter.java:290)
	at org.apache.maven.surefire.booter.ForkedBooter.runSuitesInProcess(ForkedBooter.java:242)
	at org.apache.maven.surefire.booter.ForkedBooter.main(ForkedBooter.java:121)
org.openqa.selenium.TimeoutException: Expected condition failed: waiting for visibility of [[ChromeDriver: chrome on MAC (07740cd47c3fecacb889f08591f22d03)] -> xpath: //a[text()='PRESS']] (tried for 30 second(s) with 4 SECONDS interval)
Build info: version: '3.0.1', revision: '1969d75', time: '2016-10-18 09:49:13 -0700'
System info: host: '101.lan0.mk.uz.ua', ip: '192.168.0.101', os.name: 'Mac OS X', os.arch: 'x86_64', os.version: '10.11.6', java.version: '1.8.0_101'
Driver info: driver.version: unknown
	at org.openqa.selenium.support.ui.FluentWait.timeoutException(FluentWait.java:296)
	at org.openqa.selenium.support.ui.FluentWait.until(FluentWait.java:265)
	at pageobjects.BaseObjectPage.fluentWaitforElement(BaseObjectPage.java:56)
	at pageobjects.BaseObjectPage.movingToMenuElement(BaseObjectPage.java:131)
	at tests.About.PressTests.downloadLinkCheckingLogoVertical(PressTests.java:93)
	at sun.reflect.NativeMethodAccessorImpl.invoke0(Native Method)
	at sun.reflect.NativeMethodAccessorImpl.invoke(NativeMethodAccessorImpl.java:62)
	at sun.reflect.DelegatingMethodAccessorImpl.invoke(DelegatingMethodAccessorImpl.java:43)
	at java.lang.reflect.Method.invoke(Method.java:498)
	at org.testng.internal.MethodInvocationHelper.invokeMethod(MethodInvocationHelper.java:104)
	at org.testng.internal.Invoker.invokeMethod(Invoker.java:645)
	at org.testng.internal.Invoker.invokeTestMethod(Invoker.java:851)
	at org.testng.internal.Invoker.invokeTestMethods(Invoker.java:1177)
	at org.testng.internal.TestMethodWorker.invokeTestMethods(TestMethodWorker.java:129)
	at org.testng.internal.TestMethodWorker.run(TestMethodWorker.java:112)
	at org.testng.TestRunner.privateRun(TestRunner.java:756)
	at org.testng.TestRunner.run(TestRunner.java:610)
	at org.testng.SuiteRunner.runTest(SuiteRunner.java:387)
	at org.testng.SuiteRunner.runSequentially(SuiteRunner.java:382)
	at org.testng.SuiteRunner.privateRun(SuiteRunner.java:340)
	at org.testng.SuiteRunner.run(SuiteRunner.java:289)
	at org.testng.SuiteRunnerWorker.runSuite(SuiteRunnerWorker.java:52)
	at org.testng.SuiteRunnerWorker.run(SuiteRunnerWorker.java:86)
	at org.testng.TestNG.runSuitesSequentially(TestNG.java:1293)
	at org.testng.TestNG.runSuitesLocally(TestNG.java:1218)
	at org.testng.TestNG.runSuites(TestNG.java:1133)
	at org.testng.TestNG.run(TestNG.java:1104)
	at org.apache.maven.surefire.testng.TestNGExecutor.run(TestNGExecutor.java:281)
	at org.apache.maven.surefire.testng.TestNGXmlTestSuite.execute(TestNGXmlTestSuite.java:75)
	at org.apache.maven.surefire.testng.TestNGProvider.invoke(TestNGProvider.java:121)
	at org.apache.maven.surefire.booter.ForkedBooter.invokeProviderInSameClassLoader(ForkedBooter.java:290)
	at org.apache.maven.surefire.booter.ForkedBooter.runSuitesInProcess(ForkedBooter.java:242)
	at org.apache.maven.surefire.booter.ForkedBooter.main(ForkedBooter.java:121)
]]></system-err>
  </testcase>
  <testcase name="downloadLinkCheckingLogoVertical" classname="tests.About.PressTests" time="8.009"/>
  <testcase name="openingPageAndClickOnRequestDemo" classname="tests.BenefitsPageTests" time="5.876"/>
  <testcase name="openingPageAndClickOnRequestDemo" classname="tests.BenefitsPageTests" time="5.58"/>
  <testcase name="openingPageAndClickOnRequestDemo" classname="tests.BenefitsPageTests" time="67.297">
    <failure message="element not visible&#10;  (Session info: chrome=57.0.2987.98)&#10;  (Driver info: chromedriver=2.28.455517 (2c6d2707d8ea850c862f04ac066724273981e88f),platform=Mac OS X 10.11.6 x86_64) (WARNING: The server did not provide any stacktrace information)&#10;Command duration or timeout: 55 milliseconds&#10;Build info: version: &apos;3.0.1&apos;, revision: &apos;1969d75&apos;, time: &apos;2016-10-18 09:49:13 -0700&apos;&#10;System info: host: &apos;101.lan0.mk.uz.ua&apos;, ip: &apos;192.168.0.101&apos;, os.name: &apos;Mac OS X&apos;, os.arch: &apos;x86_64&apos;, os.version: &apos;10.11.6&apos;, java.version: &apos;1.8.0_101&apos;&#10;Driver info: org.openqa.selenium.chrome.ChromeDriver&#10;Capabilities [{applicationCacheEnabled=false, rotatable=false, mobileEmulationEnabled=false, networkConnectionEnabled=false, chrome={chromedriverVersion=2.28.455517 (2c6d2707d8ea850c862f04ac066724273981e88f), userDataDir=/var/folders/xp/hq6y__313mvbnpb2n5x7bzq00000gn/T/.org.chromium.Chromium.HJgV73}, takesHeapSnapshot=true, pageLoadStrategy=normal, databaseEnabled=false, handlesAlerts=true, hasTouchScreen=false, version=57.0.2987.98, platform=MAC, browserConnectionEnabled=false, nativeEvents=true, acceptSslCerts=true, locationContextEnabled=true, webStorageEnabled=true, browserName=chrome, takesScreenshot=true, javascriptEnabled=true, cssSelectorsEnabled=true, unexpectedAlertBehaviour=}]&#10;Session ID: 07740cd47c3fecacb889f08591f22d03" type="org.openqa.selenium.ElementNotVisibleException">org.openqa.selenium.ElementNotVisibleException: 
element not visible
  (Session info: chrome=57.0.2987.98)
  (Driver info: chromedriver=2.28.455517 (2c6d2707d8ea850c862f04ac066724273981e88f),platform=Mac OS X 10.11.6 x86_64) (WARNING: The server did not provide any stacktrace information)
Command duration or timeout: 55 milliseconds
Build info: version: '3.0.1', revision: '1969d75', time: '2016-10-18 09:49:13 -0700'
System info: host: '101.lan0.mk.uz.ua', ip: '192.168.0.101', os.name: 'Mac OS X', os.arch: 'x86_64', os.version: '10.11.6', java.version: '1.8.0_101'
Driver info: org.openqa.selenium.chrome.ChromeDriver
Capabilities [{applicationCacheEnabled=false, rotatable=false, mobileEmulationEnabled=false, networkConnectionEnabled=false, chrome={chromedriverVersion=2.28.455517 (2c6d2707d8ea850c862f04ac066724273981e88f), userDataDir=/var/folders/xp/hq6y__313mvbnpb2n5x7bzq00000gn/T/.org.chromium.Chromium.HJgV73}, takesHeapSnapshot=true, pageLoadStrategy=normal, databaseEnabled=false, handlesAlerts=true, hasTouchScreen=false, version=57.0.2987.98, platform=MAC, browserConnectionEnabled=false, nativeEvents=true, acceptSslCerts=true, locationContextEnabled=true, webStorageEnabled=true, browserName=chrome, takesScreenshot=true, javascriptEnabled=true, cssSelectorsEnabled=true, unexpectedAlertBehaviour=}]
Session ID: 07740cd47c3fecacb889f08591f22d03
	at tests.BenefitsPageTests.openingPageAndClickOnRequestDemo(BenefitsPageTests.java:21)
</failure>
    <system-out><![CDATA[Element Not found trying again - path: //li[@class='menu-item menu-item-type-post_type menu-item-object-page']/a[text()='BENEFITS']]
Element Not found trying again - path: //li[@class='menu-item menu-item-type-post_type menu-item-object-page']/a[text()='BENEFITS']]
]]></system-out>
    <system-err><![CDATA[org.openqa.selenium.TimeoutException: Expected condition failed: waiting for visibility of [[ChromeDriver: chrome on MAC (07740cd47c3fecacb889f08591f22d03)] -> xpath: //li[@class='menu-item menu-item-type-post_type menu-item-object-page']/a[text()='BENEFITS']] (tried for 30 second(s) with 4 SECONDS interval)
Build info: version: '3.0.1', revision: '1969d75', time: '2016-10-18 09:49:13 -0700'
System info: host: '101.lan0.mk.uz.ua', ip: '192.168.0.101', os.name: 'Mac OS X', os.arch: 'x86_64', os.version: '10.11.6', java.version: '1.8.0_101'
Driver info: driver.version: unknown
	at org.openqa.selenium.support.ui.FluentWait.timeoutException(FluentWait.java:296)
	at org.openqa.selenium.support.ui.FluentWait.until(FluentWait.java:265)
	at pageobjects.BaseObjectPage.fluentWaitforElement(BaseObjectPage.java:56)
	at pageobjects.HomePageObject.goToBenefitsPage(HomePageObject.java:96)
	at tests.BenefitsPageTests.openingPageAndClickOnRequestDemo(BenefitsPageTests.java:21)
	at sun.reflect.NativeMethodAccessorImpl.invoke0(Native Method)
	at sun.reflect.NativeMethodAccessorImpl.invoke(NativeMethodAccessorImpl.java:62)
	at sun.reflect.DelegatingMethodAccessorImpl.invoke(DelegatingMethodAccessorImpl.java:43)
	at java.lang.reflect.Method.invoke(Method.java:498)
	at org.testng.internal.MethodInvocationHelper.invokeMethod(MethodInvocationHelper.java:104)
	at org.testng.internal.Invoker.invokeMethod(Invoker.java:645)
	at org.testng.internal.Invoker.invokeTestMethod(Invoker.java:851)
	at org.testng.internal.Invoker.invokeTestMethods(Invoker.java:1177)
	at org.testng.internal.TestMethodWorker.invokeTestMethods(TestMethodWorker.java:129)
	at org.testng.internal.TestMethodWorker.run(TestMethodWorker.java:112)
	at org.testng.TestRunner.privateRun(TestRunner.java:756)
	at org.testng.TestRunner.run(TestRunner.java:610)
	at org.testng.SuiteRunner.runTest(SuiteRunner.java:387)
	at org.testng.SuiteRunner.runSequentially(SuiteRunner.java:382)
	at org.testng.SuiteRunner.privateRun(SuiteRunner.java:340)
	at org.testng.SuiteRunner.run(SuiteRunner.java:289)
	at org.testng.SuiteRunnerWorker.runSuite(SuiteRunnerWorker.java:52)
	at org.testng.SuiteRunnerWorker.run(SuiteRunnerWorker.java:86)
	at org.testng.TestNG.runSuitesSequentially(TestNG.java:1293)
	at org.testng.TestNG.runSuitesLocally(TestNG.java:1218)
	at org.testng.TestNG.runSuites(TestNG.java:1133)
	at org.testng.TestNG.run(TestNG.java:1104)
	at org.apache.maven.surefire.testng.TestNGExecutor.run(TestNGExecutor.java:281)
	at org.apache.maven.surefire.testng.TestNGXmlTestSuite.execute(TestNGXmlTestSuite.java:75)
	at org.apache.maven.surefire.testng.TestNGProvider.invoke(TestNGProvider.java:121)
	at org.apache.maven.surefire.booter.ForkedBooter.invokeProviderInSameClassLoader(ForkedBooter.java:290)
	at org.apache.maven.surefire.booter.ForkedBooter.runSuitesInProcess(ForkedBooter.java:242)
	at org.apache.maven.surefire.booter.ForkedBooter.main(ForkedBooter.java:121)
org.openqa.selenium.TimeoutException: Expected condition failed: waiting for visibility of [[ChromeDriver: chrome on MAC (07740cd47c3fecacb889f08591f22d03)] -> xpath: //li[@class='menu-item menu-item-type-post_type menu-item-object-page']/a[text()='BENEFITS']] (tried for 30 second(s) with 4 SECONDS interval)
Build info: version: '3.0.1', revision: '1969d75', time: '2016-10-18 09:49:13 -0700'
System info: host: '101.lan0.mk.uz.ua', ip: '192.168.0.101', os.name: 'Mac OS X', os.arch: 'x86_64', os.version: '10.11.6', java.version: '1.8.0_101'
Driver info: driver.version: unknown
	at org.openqa.selenium.support.ui.FluentWait.timeoutException(FluentWait.java:296)
	at org.openqa.selenium.support.ui.FluentWait.until(FluentWait.java:265)
	at pageobjects.BaseObjectPage.fluentWaitforElement(BaseObjectPage.java:56)
	at pageobjects.HomePageObject.goToBenefitsPage(HomePageObject.java:96)
	at tests.BenefitsPageTests.openingPageAndClickOnRequestDemo(BenefitsPageTests.java:21)
	at sun.reflect.NativeMethodAccessorImpl.invoke0(Native Method)
	at sun.reflect.NativeMethodAccessorImpl.invoke(NativeMethodAccessorImpl.java:62)
	at sun.reflect.DelegatingMethodAccessorImpl.invoke(DelegatingMethodAccessorImpl.java:43)
	at java.lang.reflect.Method.invoke(Method.java:498)
	at org.testng.internal.MethodInvocationHelper.invokeMethod(MethodInvocationHelper.java:104)
	at org.testng.internal.Invoker.invokeMethod(Invoker.java:645)
	at org.testng.internal.Invoker.invokeTestMethod(Invoker.java:851)
	at org.testng.internal.Invoker.invokeTestMethods(Invoker.java:1177)
	at org.testng.internal.TestMethodWorker.invokeTestMethods(TestMethodWorker.java:129)
	at org.testng.internal.TestMethodWorker.run(TestMethodWorker.java:112)
	at org.testng.TestRunner.privateRun(TestRunner.java:756)
	at org.testng.TestRunner.run(TestRunner.java:610)
	at org.testng.SuiteRunner.runTest(SuiteRunner.java:387)
	at org.testng.SuiteRunner.runSequentially(SuiteRunner.java:382)
	at org.testng.SuiteRunner.privateRun(SuiteRunner.java:340)
	at org.testng.SuiteRunner.run(SuiteRunner.java:289)
	at org.testng.SuiteRunnerWorker.runSuite(SuiteRunnerWorker.java:52)
	at org.testng.SuiteRunnerWorker.run(SuiteRunnerWorker.java:86)
	at org.testng.TestNG.runSuitesSequentially(TestNG.java:1293)
	at org.testng.TestNG.runSuitesLocally(TestNG.java:1218)
	at org.testng.TestNG.runSuites(TestNG.java:1133)
	at org.testng.TestNG.run(TestNG.java:1104)
	at org.apache.maven.surefire.testng.TestNGExecutor.run(TestNGExecutor.java:281)
	at org.apache.maven.surefire.testng.TestNGXmlTestSuite.execute(TestNGXmlTestSuite.java:75)
	at org.apache.maven.surefire.testng.TestNGProvider.invoke(TestNGProvider.java:121)
	at org.apache.maven.surefire.booter.ForkedBooter.invokeProviderInSameClassLoader(ForkedBooter.java:290)
	at org.apache.maven.surefire.booter.ForkedBooter.runSuitesInProcess(ForkedBooter.java:242)
	at org.apache.maven.surefire.booter.ForkedBooter.main(ForkedBooter.java:121)
]]></system-err>
  </testcase>
  <testcase name="scrollingDownAndVerifyingPresenceOfElements" classname="tests.BenefitsPageTests" time="54.587"/>
  <testcase name="scrollingDownAndVerifyingPresenceOfElements" classname="tests.BenefitsPageTests" time="18.893"/>
  <testcase name="scrollingDownAndVerifyingPresenceOfElements" classname="tests.BenefitsPageTests" time="67.343">
    <failure message="element not visible&#10;  (Session info: chrome=57.0.2987.98)&#10;  (Driver info: chromedriver=2.28.455517 (2c6d2707d8ea850c862f04ac066724273981e88f),platform=Mac OS X 10.11.6 x86_64) (WARNING: The server did not provide any stacktrace information)&#10;Command duration or timeout: 44 milliseconds&#10;Build info: version: &apos;3.0.1&apos;, revision: &apos;1969d75&apos;, time: &apos;2016-10-18 09:49:13 -0700&apos;&#10;System info: host: &apos;101.lan0.mk.uz.ua&apos;, ip: &apos;192.168.0.101&apos;, os.name: &apos;Mac OS X&apos;, os.arch: &apos;x86_64&apos;, os.version: &apos;10.11.6&apos;, java.version: &apos;1.8.0_101&apos;&#10;Driver info: org.openqa.selenium.chrome.ChromeDriver&#10;Capabilities [{applicationCacheEnabled=false, rotatable=false, mobileEmulationEnabled=false, networkConnectionEnabled=false, chrome={chromedriverVersion=2.28.455517 (2c6d2707d8ea850c862f04ac066724273981e88f), userDataDir=/var/folders/xp/hq6y__313mvbnpb2n5x7bzq00000gn/T/.org.chromium.Chromium.HJgV73}, takesHeapSnapshot=true, pageLoadStrategy=normal, databaseEnabled=false, handlesAlerts=true, hasTouchScreen=false, version=57.0.2987.98, platform=MAC, browserConnectionEnabled=false, nativeEvents=true, acceptSslCerts=true, locationContextEnabled=true, webStorageEnabled=true, browserName=chrome, takesScreenshot=true, javascriptEnabled=true, cssSelectorsEnabled=true, unexpectedAlertBehaviour=}]&#10;Session ID: 07740cd47c3fecacb889f08591f22d03" type="org.openqa.selenium.ElementNotVisibleException">org.openqa.selenium.ElementNotVisibleException: 
element not visible
  (Session info: chrome=57.0.2987.98)
  (Driver info: chromedriver=2.28.455517 (2c6d2707d8ea850c862f04ac066724273981e88f),platform=Mac OS X 10.11.6 x86_64) (WARNING: The server did not provide any stacktrace information)
Command duration or timeout: 44 milliseconds
Build info: version: '3.0.1', revision: '1969d75', time: '2016-10-18 09:49:13 -0700'
System info: host: '101.lan0.mk.uz.ua', ip: '192.168.0.101', os.name: 'Mac OS X', os.arch: 'x86_64', os.version: '10.11.6', java.version: '1.8.0_101'
Driver info: org.openqa.selenium.chrome.ChromeDriver
Capabilities [{applicationCacheEnabled=false, rotatable=false, mobileEmulationEnabled=false, networkConnectionEnabled=false, chrome={chromedriverVersion=2.28.455517 (2c6d2707d8ea850c862f04ac066724273981e88f), userDataDir=/var/folders/xp/hq6y__313mvbnpb2n5x7bzq00000gn/T/.org.chromium.Chromium.HJgV73}, takesHeapSnapshot=true, pageLoadStrategy=normal, databaseEnabled=false, handlesAlerts=true, hasTouchScreen=false, version=57.0.2987.98, platform=MAC, browserConnectionEnabled=false, nativeEvents=true, acceptSslCerts=true, locationContextEnabled=true, webStorageEnabled=true, browserName=chrome, takesScreenshot=true, javascriptEnabled=true, cssSelectorsEnabled=true, unexpectedAlertBehaviour=}]
Session ID: 07740cd47c3fecacb889f08591f22d03
	at tests.BenefitsPageTests.scrollingDownAndVerifyingPresenceOfElements(BenefitsPageTests.java:32)
</failure>
    <system-out><![CDATA[Element Not found trying again - path: //li[@class='menu-item menu-item-type-post_type menu-item-object-page']/a[text()='BENEFITS']]
Element Not found trying again - path: //li[@class='menu-item menu-item-type-post_type menu-item-object-page']/a[text()='BENEFITS']]
]]></system-out>
    <system-err><![CDATA[org.openqa.selenium.TimeoutException: Expected condition failed: waiting for visibility of [[ChromeDriver: chrome on MAC (07740cd47c3fecacb889f08591f22d03)] -> xpath: //li[@class='menu-item menu-item-type-post_type menu-item-object-page']/a[text()='BENEFITS']] (tried for 30 second(s) with 4 SECONDS interval)
Build info: version: '3.0.1', revision: '1969d75', time: '2016-10-18 09:49:13 -0700'
System info: host: '101.lan0.mk.uz.ua', ip: '192.168.0.101', os.name: 'Mac OS X', os.arch: 'x86_64', os.version: '10.11.6', java.version: '1.8.0_101'
Driver info: driver.version: unknown
	at org.openqa.selenium.support.ui.FluentWait.timeoutException(FluentWait.java:296)
	at org.openqa.selenium.support.ui.FluentWait.until(FluentWait.java:265)
	at pageobjects.BaseObjectPage.fluentWaitforElement(BaseObjectPage.java:56)
	at pageobjects.HomePageObject.goToBenefitsPage(HomePageObject.java:96)
	at tests.BenefitsPageTests.scrollingDownAndVerifyingPresenceOfElements(BenefitsPageTests.java:32)
	at sun.reflect.NativeMethodAccessorImpl.invoke0(Native Method)
	at sun.reflect.NativeMethodAccessorImpl.invoke(NativeMethodAccessorImpl.java:62)
	at sun.reflect.DelegatingMethodAccessorImpl.invoke(DelegatingMethodAccessorImpl.java:43)
	at java.lang.reflect.Method.invoke(Method.java:498)
	at org.testng.internal.MethodInvocationHelper.invokeMethod(MethodInvocationHelper.java:104)
	at org.testng.internal.Invoker.invokeMethod(Invoker.java:645)
	at org.testng.internal.Invoker.invokeTestMethod(Invoker.java:851)
	at org.testng.internal.Invoker.invokeTestMethods(Invoker.java:1177)
	at org.testng.internal.TestMethodWorker.invokeTestMethods(TestMethodWorker.java:129)
	at org.testng.internal.TestMethodWorker.run(TestMethodWorker.java:112)
	at org.testng.TestRunner.privateRun(TestRunner.java:756)
	at org.testng.TestRunner.run(TestRunner.java:610)
	at org.testng.SuiteRunner.runTest(SuiteRunner.java:387)
	at org.testng.SuiteRunner.runSequentially(SuiteRunner.java:382)
	at org.testng.SuiteRunner.privateRun(SuiteRunner.java:340)
	at org.testng.SuiteRunner.run(SuiteRunner.java:289)
	at org.testng.SuiteRunnerWorker.runSuite(SuiteRunnerWorker.java:52)
	at org.testng.SuiteRunnerWorker.run(SuiteRunnerWorker.java:86)
	at org.testng.TestNG.runSuitesSequentially(TestNG.java:1293)
	at org.testng.TestNG.runSuitesLocally(TestNG.java:1218)
	at org.testng.TestNG.runSuites(TestNG.java:1133)
	at org.testng.TestNG.run(TestNG.java:1104)
	at org.apache.maven.surefire.testng.TestNGExecutor.run(TestNGExecutor.java:281)
	at org.apache.maven.surefire.testng.TestNGXmlTestSuite.execute(TestNGXmlTestSuite.java:75)
	at org.apache.maven.surefire.testng.TestNGProvider.invoke(TestNGProvider.java:121)
	at org.apache.maven.surefire.booter.ForkedBooter.invokeProviderInSameClassLoader(ForkedBooter.java:290)
	at org.apache.maven.surefire.booter.ForkedBooter.runSuitesInProcess(ForkedBooter.java:242)
	at org.apache.maven.surefire.booter.ForkedBooter.main(ForkedBooter.java:121)
org.openqa.selenium.TimeoutException: Expected condition failed: waiting for visibility of [[ChromeDriver: chrome on MAC (07740cd47c3fecacb889f08591f22d03)] -> xpath: //li[@class='menu-item menu-item-type-post_type menu-item-object-page']/a[text()='BENEFITS']] (tried for 30 second(s) with 4 SECONDS interval)
Build info: version: '3.0.1', revision: '1969d75', time: '2016-10-18 09:49:13 -0700'
System info: host: '101.lan0.mk.uz.ua', ip: '192.168.0.101', os.name: 'Mac OS X', os.arch: 'x86_64', os.version: '10.11.6', java.version: '1.8.0_101'
Driver info: driver.version: unknown
	at org.openqa.selenium.support.ui.FluentWait.timeoutException(FluentWait.java:296)
	at org.openqa.selenium.support.ui.FluentWait.until(FluentWait.java:265)
	at pageobjects.BaseObjectPage.fluentWaitforElement(BaseObjectPage.java:56)
	at pageobjects.HomePageObject.goToBenefitsPage(HomePageObject.java:96)
	at tests.BenefitsPageTests.scrollingDownAndVerifyingPresenceOfElements(BenefitsPageTests.java:32)
	at sun.reflect.NativeMethodAccessorImpl.invoke0(Native Method)
	at sun.reflect.NativeMethodAccessorImpl.invoke(NativeMethodAccessorImpl.java:62)
	at sun.reflect.DelegatingMethodAccessorImpl.invoke(DelegatingMethodAccessorImpl.java:43)
	at java.lang.reflect.Method.invoke(Method.java:498)
	at org.testng.internal.MethodInvocationHelper.invokeMethod(MethodInvocationHelper.java:104)
	at org.testng.internal.Invoker.invokeMethod(Invoker.java:645)
	at org.testng.internal.Invoker.invokeTestMethod(Invoker.java:851)
	at org.testng.internal.Invoker.invokeTestMethods(Invoker.java:1177)
	at org.testng.internal.TestMethodWorker.invokeTestMethods(TestMethodWorker.java:129)
	at org.testng.internal.TestMethodWorker.run(TestMethodWorker.java:112)
	at org.testng.TestRunner.privateRun(TestRunner.java:756)
	at org.testng.TestRunner.run(TestRunner.java:610)
	at org.testng.SuiteRunner.runTest(SuiteRunner.java:387)
	at org.testng.SuiteRunner.runSequentially(SuiteRunner.java:382)
	at org.testng.SuiteRunner.privateRun(SuiteRunner.java:340)
	at org.testng.SuiteRunner.run(SuiteRunner.java:289)
	at org.testng.SuiteRunnerWorker.runSuite(SuiteRunnerWorker.java:52)
	at org.testng.SuiteRunnerWorker.run(SuiteRunnerWorker.java:86)
	at org.testng.TestNG.runSuitesSequentially(TestNG.java:1293)
	at org.testng.TestNG.runSuitesLocally(TestNG.java:1218)
	at org.testng.TestNG.runSuites(TestNG.java:1133)
	at org.testng.TestNG.run(TestNG.java:1104)
	at org.apache.maven.surefire.testng.TestNGExecutor.run(TestNGExecutor.java:281)
	at org.apache.maven.surefire.testng.TestNGXmlTestSuite.execute(TestNGXmlTestSuite.java:75)
	at org.apache.maven.surefire.testng.TestNGProvider.invoke(TestNGProvider.java:121)
	at org.apache.maven.surefire.booter.ForkedBooter.invokeProviderInSameClassLoader(ForkedBooter.java:290)
	at org.apache.maven.surefire.booter.ForkedBooter.runSuitesInProcess(ForkedBooter.java:242)
	at org.apache.maven.surefire.booter.ForkedBooter.main(ForkedBooter.java:121)
]]></system-err>
  </testcase>
  <testcase name="aemptyDataFormChecking" classname="tests.Blog.ResourcesPageTests" time="8.841"/>
  <testcase name="avalidDataFormChecking" classname="tests.Blog.ResourcesPageTests" time="7.288"/>
  <testcase name="downloadTemplateAndSubscribeForUpdates" classname="tests.Blog.ResourcesPageTests" time="8.863"/>
  <testcase name="downloadTemplateAndSubscribeForUpdatesEmailWithAt" classname="tests.Blog.ResourcesPageTests" time="7.471"/>
  <testcase name="downloadTemplateAndSubscribeForUpdatesEmailWithoutAt" classname="tests.Blog.ResourcesPageTests" time="7.334"/>
  <testcase name="downloadTemplateAndSubscribeForUpdatesEmptyEmail" classname="tests.Blog.ResourcesPageTests" time="7.469"/>
  <testcase name="templateOpeningChecking" classname="tests.Blog.ResourcesPageTests" time="4.7"/>
  <testcase name="wrongEmailWithAtDataFormChecking" classname="tests.Blog.ResourcesPageTests" time="2.184">
    <failure message="unknown error: Element &lt;span class=&quot;item-title&quot;&gt;...&lt;/span&gt; is not clickable at point (754, 183). Other element would receive the click: &lt;a href=&quot;https://cueconnect.com/resources/&quot;&gt;...&lt;/a&gt;&#10;  (Session info: chrome=57.0.2987.98)&#10;  (Driver info: chromedriver=2.28.455517 (2c6d2707d8ea850c862f04ac066724273981e88f),platform=Mac OS X 10.11.6 x86_64) (WARNING: The server did not provide any stacktrace information)&#10;Command duration or timeout: 81 milliseconds&#10;Build info: version: &apos;3.0.1&apos;, revision: &apos;1969d75&apos;, time: &apos;2016-10-18 09:49:13 -0700&apos;&#10;System info: host: &apos;101.lan0.mk.uz.ua&apos;, ip: &apos;192.168.0.101&apos;, os.name: &apos;Mac OS X&apos;, os.arch: &apos;x86_64&apos;, os.version: &apos;10.11.6&apos;, java.version: &apos;1.8.0_101&apos;&#10;Driver info: org.openqa.selenium.chrome.ChromeDriver&#10;Capabilities [{applicationCacheEnabled=false, rotatable=false, mobileEmulationEnabled=false, networkConnectionEnabled=false, chrome={chromedriverVersion=2.28.455517 (2c6d2707d8ea850c862f04ac066724273981e88f), userDataDir=/var/folders/xp/hq6y__313mvbnpb2n5x7bzq00000gn/T/.org.chromium.Chromium.HJgV73}, takesHeapSnapshot=true, pageLoadStrategy=normal, databaseEnabled=false, handlesAlerts=true, hasTouchScreen=false, version=57.0.2987.98, platform=MAC, browserConnectionEnabled=false, nativeEvents=true, acceptSslCerts=true, locationContextEnabled=true, webStorageEnabled=true, browserName=chrome, takesScreenshot=true, javascriptEnabled=true, cssSelectorsEnabled=true, unexpectedAlertBehaviour=}]&#10;Session ID: 07740cd47c3fecacb889f08591f22d03" type="org.openqa.selenium.WebDriverException"><![CDATA[org.openqa.selenium.WebDriverException: 
unknown error: Element <span class="item-title">...</span> is not clickable at point (754, 183). Other element would receive the click: <a href="https://cueconnect.com/resources/">...</a>
  (Session info: chrome=57.0.2987.98)
  (Driver info: chromedriver=2.28.455517 (2c6d2707d8ea850c862f04ac066724273981e88f),platform=Mac OS X 10.11.6 x86_64) (WARNING: The server did not provide any stacktrace information)
Command duration or timeout: 81 milliseconds
Build info: version: '3.0.1', revision: '1969d75', time: '2016-10-18 09:49:13 -0700'
System info: host: '101.lan0.mk.uz.ua', ip: '192.168.0.101', os.name: 'Mac OS X', os.arch: 'x86_64', os.version: '10.11.6', java.version: '1.8.0_101'
Driver info: org.openqa.selenium.chrome.ChromeDriver
Capabilities [{applicationCacheEnabled=false, rotatable=false, mobileEmulationEnabled=false, networkConnectionEnabled=false, chrome={chromedriverVersion=2.28.455517 (2c6d2707d8ea850c862f04ac066724273981e88f), userDataDir=/var/folders/xp/hq6y__313mvbnpb2n5x7bzq00000gn/T/.org.chromium.Chromium.HJgV73}, takesHeapSnapshot=true, pageLoadStrategy=normal, databaseEnabled=false, handlesAlerts=true, hasTouchScreen=false, version=57.0.2987.98, platform=MAC, browserConnectionEnabled=false, nativeEvents=true, acceptSslCerts=true, locationContextEnabled=true, webStorageEnabled=true, browserName=chrome, takesScreenshot=true, javascriptEnabled=true, cssSelectorsEnabled=true, unexpectedAlertBehaviour=}]
Session ID: 07740cd47c3fecacb889f08591f22d03
	at tests.Blog.ResourcesPageTests.wrongEmailWithAtDataFormChecking(ResourcesPageTests.java:86)
]]></failure>
  </testcase>
  <testcase name="wrongEmailWithoutAtDataFormChecking" classname="tests.Blog.ResourcesPageTests" time="6.113"/>
  <testcase name="clickingOnAuthorChecking" classname="tests.Blog.BlogMainPageTests" time="7.294"/>
  <testcase name="clickingOnAuthorChecking" classname="tests.Blog.BlogMainPageTests" time="6.248"/>
  <testcase name="clickingOnAuthorChecking" classname="tests.Blog.BlogMainPageTests" time="66.803">
    <failure message="element not visible&#10;  (Session info: chrome=57.0.2987.98)&#10;  (Driver info: chromedriver=2.28.455517 (2c6d2707d8ea850c862f04ac066724273981e88f),platform=Mac OS X 10.11.6 x86_64) (WARNING: The server did not provide any stacktrace information)&#10;Command duration or timeout: 31 milliseconds&#10;Build info: version: &apos;3.0.1&apos;, revision: &apos;1969d75&apos;, time: &apos;2016-10-18 09:49:13 -0700&apos;&#10;System info: host: &apos;101.lan0.mk.uz.ua&apos;, ip: &apos;192.168.0.101&apos;, os.name: &apos;Mac OS X&apos;, os.arch: &apos;x86_64&apos;, os.version: &apos;10.11.6&apos;, java.version: &apos;1.8.0_101&apos;&#10;Driver info: org.openqa.selenium.chrome.ChromeDriver&#10;Capabilities [{applicationCacheEnabled=false, rotatable=false, mobileEmulationEnabled=false, networkConnectionEnabled=false, chrome={chromedriverVersion=2.28.455517 (2c6d2707d8ea850c862f04ac066724273981e88f), userDataDir=/var/folders/xp/hq6y__313mvbnpb2n5x7bzq00000gn/T/.org.chromium.Chromium.HJgV73}, takesHeapSnapshot=true, pageLoadStrategy=normal, databaseEnabled=false, handlesAlerts=true, hasTouchScreen=false, version=57.0.2987.98, platform=MAC, browserConnectionEnabled=false, nativeEvents=true, acceptSslCerts=true, locationContextEnabled=true, webStorageEnabled=true, browserName=chrome, takesScreenshot=true, javascriptEnabled=true, cssSelectorsEnabled=true, unexpectedAlertBehaviour=}]&#10;Session ID: 07740cd47c3fecacb889f08591f22d03" type="org.openqa.selenium.ElementNotVisibleException">org.openqa.selenium.ElementNotVisibleException: 
element not visible
  (Session info: chrome=57.0.2987.98)
  (Driver info: chromedriver=2.28.455517 (2c6d2707d8ea850c862f04ac066724273981e88f),platform=Mac OS X 10.11.6 x86_64) (WARNING: The server did not provide any stacktrace information)
Command duration or timeout: 31 milliseconds
Build info: version: '3.0.1', revision: '1969d75', time: '2016-10-18 09:49:13 -0700'
System info: host: '101.lan0.mk.uz.ua', ip: '192.168.0.101', os.name: 'Mac OS X', os.arch: 'x86_64', os.version: '10.11.6', java.version: '1.8.0_101'
Driver info: org.openqa.selenium.chrome.ChromeDriver
Capabilities [{applicationCacheEnabled=false, rotatable=false, mobileEmulationEnabled=false, networkConnectionEnabled=false, chrome={chromedriverVersion=2.28.455517 (2c6d2707d8ea850c862f04ac066724273981e88f), userDataDir=/var/folders/xp/hq6y__313mvbnpb2n5x7bzq00000gn/T/.org.chromium.Chromium.HJgV73}, takesHeapSnapshot=true, pageLoadStrategy=normal, databaseEnabled=false, handlesAlerts=true, hasTouchScreen=false, version=57.0.2987.98, platform=MAC, browserConnectionEnabled=false, nativeEvents=true, acceptSslCerts=true, locationContextEnabled=true, webStorageEnabled=true, browserName=chrome, takesScreenshot=true, javascriptEnabled=true, cssSelectorsEnabled=true, unexpectedAlertBehaviour=}]
Session ID: 07740cd47c3fecacb889f08591f22d03
	at tests.Blog.BlogMainPageTests.clickingOnAuthorChecking(BlogMainPageTests.java:60)
</failure>
    <system-out><![CDATA[Element Not found trying again - path: //a[text()='BLOG']]
Element Not found trying again - path: //a[text()='BLOG']]
]]></system-out>
    <system-err><![CDATA[org.openqa.selenium.TimeoutException: Expected condition failed: waiting for visibility of [[ChromeDriver: chrome on MAC (07740cd47c3fecacb889f08591f22d03)] -> xpath: //a[text()='BLOG']] (tried for 30 second(s) with 4 SECONDS interval)
Build info: version: '3.0.1', revision: '1969d75', time: '2016-10-18 09:49:13 -0700'
System info: host: '101.lan0.mk.uz.ua', ip: '192.168.0.101', os.name: 'Mac OS X', os.arch: 'x86_64', os.version: '10.11.6', java.version: '1.8.0_101'
Driver info: driver.version: unknown
	at org.openqa.selenium.support.ui.FluentWait.timeoutException(FluentWait.java:296)
	at org.openqa.selenium.support.ui.FluentWait.until(FluentWait.java:265)
	at pageobjects.BaseObjectPage.fluentWaitforElement(BaseObjectPage.java:56)
	at pageobjects.BaseObjectPage.movingToMenuElement(BaseObjectPage.java:131)
	at pageobjects.HomePageObject.goToBlogPage(HomePageObject.java:57)
	at tests.Blog.BlogMainPageTests.clickingOnAuthorChecking(BlogMainPageTests.java:60)
	at sun.reflect.NativeMethodAccessorImpl.invoke0(Native Method)
	at sun.reflect.NativeMethodAccessorImpl.invoke(NativeMethodAccessorImpl.java:62)
	at sun.reflect.DelegatingMethodAccessorImpl.invoke(DelegatingMethodAccessorImpl.java:43)
	at java.lang.reflect.Method.invoke(Method.java:498)
	at org.testng.internal.MethodInvocationHelper.invokeMethod(MethodInvocationHelper.java:104)
	at org.testng.internal.Invoker.invokeMethod(Invoker.java:645)
	at org.testng.internal.Invoker.invokeTestMethod(Invoker.java:851)
	at org.testng.internal.Invoker.invokeTestMethods(Invoker.java:1177)
	at org.testng.internal.TestMethodWorker.invokeTestMethods(TestMethodWorker.java:129)
	at org.testng.internal.TestMethodWorker.run(TestMethodWorker.java:112)
	at org.testng.TestRunner.privateRun(TestRunner.java:756)
	at org.testng.TestRunner.run(TestRunner.java:610)
	at org.testng.SuiteRunner.runTest(SuiteRunner.java:387)
	at org.testng.SuiteRunner.runSequentially(SuiteRunner.java:382)
	at org.testng.SuiteRunner.privateRun(SuiteRunner.java:340)
	at org.testng.SuiteRunner.run(SuiteRunner.java:289)
	at org.testng.SuiteRunnerWorker.runSuite(SuiteRunnerWorker.java:52)
	at org.testng.SuiteRunnerWorker.run(SuiteRunnerWorker.java:86)
	at org.testng.TestNG.runSuitesSequentially(TestNG.java:1293)
	at org.testng.TestNG.runSuitesLocally(TestNG.java:1218)
	at org.testng.TestNG.runSuites(TestNG.java:1133)
	at org.testng.TestNG.run(TestNG.java:1104)
	at org.apache.maven.surefire.testng.TestNGExecutor.run(TestNGExecutor.java:281)
	at org.apache.maven.surefire.testng.TestNGXmlTestSuite.execute(TestNGXmlTestSuite.java:75)
	at org.apache.maven.surefire.testng.TestNGProvider.invoke(TestNGProvider.java:121)
	at org.apache.maven.surefire.booter.ForkedBooter.invokeProviderInSameClassLoader(ForkedBooter.java:290)
	at org.apache.maven.surefire.booter.ForkedBooter.runSuitesInProcess(ForkedBooter.java:242)
	at org.apache.maven.surefire.booter.ForkedBooter.main(ForkedBooter.java:121)
org.openqa.selenium.TimeoutException: Expected condition failed: waiting for visibility of [[ChromeDriver: chrome on MAC (07740cd47c3fecacb889f08591f22d03)] -> xpath: //a[text()='BLOG']] (tried for 30 second(s) with 4 SECONDS interval)
Build info: version: '3.0.1', revision: '1969d75', time: '2016-10-18 09:49:13 -0700'
System info: host: '101.lan0.mk.uz.ua', ip: '192.168.0.101', os.name: 'Mac OS X', os.arch: 'x86_64', os.version: '10.11.6', java.version: '1.8.0_101'
Driver info: driver.version: unknown
	at org.openqa.selenium.support.ui.FluentWait.timeoutException(FluentWait.java:296)
	at org.openqa.selenium.support.ui.FluentWait.until(FluentWait.java:265)
	at pageobjects.BaseObjectPage.fluentWaitforElement(BaseObjectPage.java:56)
	at pageobjects.BaseObjectPage.movingToMenuElement(BaseObjectPage.java:131)
	at pageobjects.HomePageObject.goToBlogPage(HomePageObject.java:57)
	at tests.Blog.BlogMainPageTests.clickingOnAuthorChecking(BlogMainPageTests.java:60)
	at sun.reflect.NativeMethodAccessorImpl.invoke0(Native Method)
	at sun.reflect.NativeMethodAccessorImpl.invoke(NativeMethodAccessorImpl.java:62)
	at sun.reflect.DelegatingMethodAccessorImpl.invoke(DelegatingMethodAccessorImpl.java:43)
	at java.lang.reflect.Method.invoke(Method.java:498)
	at org.testng.internal.MethodInvocationHelper.invokeMethod(MethodInvocationHelper.java:104)
	at org.testng.internal.Invoker.invokeMethod(Invoker.java:645)
	at org.testng.internal.Invoker.invokeTestMethod(Invoker.java:851)
	at org.testng.internal.Invoker.invokeTestMethods(Invoker.java:1177)
	at org.testng.internal.TestMethodWorker.invokeTestMethods(TestMethodWorker.java:129)
	at org.testng.internal.TestMethodWorker.run(TestMethodWorker.java:112)
	at org.testng.TestRunner.privateRun(TestRunner.java:756)
	at org.testng.TestRunner.run(TestRunner.java:610)
	at org.testng.SuiteRunner.runTest(SuiteRunner.java:387)
	at org.testng.SuiteRunner.runSequentially(SuiteRunner.java:382)
	at org.testng.SuiteRunner.privateRun(SuiteRunner.java:340)
	at org.testng.SuiteRunner.run(SuiteRunner.java:289)
	at org.testng.SuiteRunnerWorker.runSuite(SuiteRunnerWorker.java:52)
	at org.testng.SuiteRunnerWorker.run(SuiteRunnerWorker.java:86)
	at org.testng.TestNG.runSuitesSequentially(TestNG.java:1293)
	at org.testng.TestNG.runSuitesLocally(TestNG.java:1218)
	at org.testng.TestNG.runSuites(TestNG.java:1133)
	at org.testng.TestNG.run(TestNG.java:1104)
	at org.apache.maven.surefire.testng.TestNGExecutor.run(TestNGExecutor.java:281)
	at org.apache.maven.surefire.testng.TestNGXmlTestSuite.execute(TestNGXmlTestSuite.java:75)
	at org.apache.maven.surefire.testng.TestNGProvider.invoke(TestNGProvider.java:121)
	at org.apache.maven.surefire.booter.ForkedBooter.invokeProviderInSameClassLoader(ForkedBooter.java:290)
	at org.apache.maven.surefire.booter.ForkedBooter.runSuitesInProcess(ForkedBooter.java:242)
	at org.apache.maven.surefire.booter.ForkedBooter.main(ForkedBooter.java:121)
]]></system-err>
  </testcase>
  <testcase name="clickingOnAuthorChecking" classname="tests.Blog.BlogMainPageTests" time="6.574"/>
  <testcase name="clickingOnTagChecking" classname="tests.Blog.BlogMainPageTests" time="5.672"/>
  <testcase name="clickingOnTagChecking" classname="tests.Blog.BlogMainPageTests" time="6.205"/>
  <testcase name="clickingOnTagChecking" classname="tests.Blog.BlogMainPageTests" time="66.85">
    <failure message="element not visible&#10;  (Session info: chrome=57.0.2987.98)&#10;  (Driver info: chromedriver=2.28.455517 (2c6d2707d8ea850c862f04ac066724273981e88f),platform=Mac OS X 10.11.6 x86_64) (WARNING: The server did not provide any stacktrace information)&#10;Command duration or timeout: 38 milliseconds&#10;Build info: version: &apos;3.0.1&apos;, revision: &apos;1969d75&apos;, time: &apos;2016-10-18 09:49:13 -0700&apos;&#10;System info: host: &apos;101.lan0.mk.uz.ua&apos;, ip: &apos;192.168.0.101&apos;, os.name: &apos;Mac OS X&apos;, os.arch: &apos;x86_64&apos;, os.version: &apos;10.11.6&apos;, java.version: &apos;1.8.0_101&apos;&#10;Driver info: org.openqa.selenium.chrome.ChromeDriver&#10;Capabilities [{applicationCacheEnabled=false, rotatable=false, mobileEmulationEnabled=false, networkConnectionEnabled=false, chrome={chromedriverVersion=2.28.455517 (2c6d2707d8ea850c862f04ac066724273981e88f), userDataDir=/var/folders/xp/hq6y__313mvbnpb2n5x7bzq00000gn/T/.org.chromium.Chromium.HJgV73}, takesHeapSnapshot=true, pageLoadStrategy=normal, databaseEnabled=false, handlesAlerts=true, hasTouchScreen=false, version=57.0.2987.98, platform=MAC, browserConnectionEnabled=false, nativeEvents=true, acceptSslCerts=true, locationContextEnabled=true, webStorageEnabled=true, browserName=chrome, takesScreenshot=true, javascriptEnabled=true, cssSelectorsEnabled=true, unexpectedAlertBehaviour=}]&#10;Session ID: 07740cd47c3fecacb889f08591f22d03" type="org.openqa.selenium.ElementNotVisibleException">org.openqa.selenium.ElementNotVisibleException: 
element not visible
  (Session info: chrome=57.0.2987.98)
  (Driver info: chromedriver=2.28.455517 (2c6d2707d8ea850c862f04ac066724273981e88f),platform=Mac OS X 10.11.6 x86_64) (WARNING: The server did not provide any stacktrace information)
Command duration or timeout: 38 milliseconds
Build info: version: '3.0.1', revision: '1969d75', time: '2016-10-18 09:49:13 -0700'
System info: host: '101.lan0.mk.uz.ua', ip: '192.168.0.101', os.name: 'Mac OS X', os.arch: 'x86_64', os.version: '10.11.6', java.version: '1.8.0_101'
Driver info: org.openqa.selenium.chrome.ChromeDriver
Capabilities [{applicationCacheEnabled=false, rotatable=false, mobileEmulationEnabled=false, networkConnectionEnabled=false, chrome={chromedriverVersion=2.28.455517 (2c6d2707d8ea850c862f04ac066724273981e88f), userDataDir=/var/folders/xp/hq6y__313mvbnpb2n5x7bzq00000gn/T/.org.chromium.Chromium.HJgV73}, takesHeapSnapshot=true, pageLoadStrategy=normal, databaseEnabled=false, handlesAlerts=true, hasTouchScreen=false, version=57.0.2987.98, platform=MAC, browserConnectionEnabled=false, nativeEvents=true, acceptSslCerts=true, locationContextEnabled=true, webStorageEnabled=true, browserName=chrome, takesScreenshot=true, javascriptEnabled=true, cssSelectorsEnabled=true, unexpectedAlertBehaviour=}]
Session ID: 07740cd47c3fecacb889f08591f22d03
	at tests.Blog.BlogMainPageTests.clickingOnTagChecking(BlogMainPageTests.java:49)
</failure>
    <system-out><![CDATA[Element Not found trying again - path: //a[text()='BLOG']]
Element Not found trying again - path: //a[text()='BLOG']]
]]></system-out>
    <system-err><![CDATA[org.openqa.selenium.TimeoutException: Expected condition failed: waiting for visibility of [[ChromeDriver: chrome on MAC (07740cd47c3fecacb889f08591f22d03)] -> xpath: //a[text()='BLOG']] (tried for 30 second(s) with 4 SECONDS interval)
Build info: version: '3.0.1', revision: '1969d75', time: '2016-10-18 09:49:13 -0700'
System info: host: '101.lan0.mk.uz.ua', ip: '192.168.0.101', os.name: 'Mac OS X', os.arch: 'x86_64', os.version: '10.11.6', java.version: '1.8.0_101'
Driver info: driver.version: unknown
	at org.openqa.selenium.support.ui.FluentWait.timeoutException(FluentWait.java:296)
	at org.openqa.selenium.support.ui.FluentWait.until(FluentWait.java:265)
	at pageobjects.BaseObjectPage.fluentWaitforElement(BaseObjectPage.java:56)
	at pageobjects.BaseObjectPage.movingToMenuElement(BaseObjectPage.java:131)
	at pageobjects.HomePageObject.goToBlogPage(HomePageObject.java:57)
	at tests.Blog.BlogMainPageTests.clickingOnTagChecking(BlogMainPageTests.java:49)
	at sun.reflect.NativeMethodAccessorImpl.invoke0(Native Method)
	at sun.reflect.NativeMethodAccessorImpl.invoke(NativeMethodAccessorImpl.java:62)
	at sun.reflect.DelegatingMethodAccessorImpl.invoke(DelegatingMethodAccessorImpl.java:43)
	at java.lang.reflect.Method.invoke(Method.java:498)
	at org.testng.internal.MethodInvocationHelper.invokeMethod(MethodInvocationHelper.java:104)
	at org.testng.internal.Invoker.invokeMethod(Invoker.java:645)
	at org.testng.internal.Invoker.invokeTestMethod(Invoker.java:851)
	at org.testng.internal.Invoker.invokeTestMethods(Invoker.java:1177)
	at org.testng.internal.TestMethodWorker.invokeTestMethods(TestMethodWorker.java:129)
	at org.testng.internal.TestMethodWorker.run(TestMethodWorker.java:112)
	at org.testng.TestRunner.privateRun(TestRunner.java:756)
	at org.testng.TestRunner.run(TestRunner.java:610)
	at org.testng.SuiteRunner.runTest(SuiteRunner.java:387)
	at org.testng.SuiteRunner.runSequentially(SuiteRunner.java:382)
	at org.testng.SuiteRunner.privateRun(SuiteRunner.java:340)
	at org.testng.SuiteRunner.run(SuiteRunner.java:289)
	at org.testng.SuiteRunnerWorker.runSuite(SuiteRunnerWorker.java:52)
	at org.testng.SuiteRunnerWorker.run(SuiteRunnerWorker.java:86)
	at org.testng.TestNG.runSuitesSequentially(TestNG.java:1293)
	at org.testng.TestNG.runSuitesLocally(TestNG.java:1218)
	at org.testng.TestNG.runSuites(TestNG.java:1133)
	at org.testng.TestNG.run(TestNG.java:1104)
	at org.apache.maven.surefire.testng.TestNGExecutor.run(TestNGExecutor.java:281)
	at org.apache.maven.surefire.testng.TestNGXmlTestSuite.execute(TestNGXmlTestSuite.java:75)
	at org.apache.maven.surefire.testng.TestNGProvider.invoke(TestNGProvider.java:121)
	at org.apache.maven.surefire.booter.ForkedBooter.invokeProviderInSameClassLoader(ForkedBooter.java:290)
	at org.apache.maven.surefire.booter.ForkedBooter.runSuitesInProcess(ForkedBooter.java:242)
	at org.apache.maven.surefire.booter.ForkedBooter.main(ForkedBooter.java:121)
org.openqa.selenium.TimeoutException: Expected condition failed: waiting for visibility of [[ChromeDriver: chrome on MAC (07740cd47c3fecacb889f08591f22d03)] -> xpath: //a[text()='BLOG']] (tried for 30 second(s) with 4 SECONDS interval)
Build info: version: '3.0.1', revision: '1969d75', time: '2016-10-18 09:49:13 -0700'
System info: host: '101.lan0.mk.uz.ua', ip: '192.168.0.101', os.name: 'Mac OS X', os.arch: 'x86_64', os.version: '10.11.6', java.version: '1.8.0_101'
Driver info: driver.version: unknown
	at org.openqa.selenium.support.ui.FluentWait.timeoutException(FluentWait.java:296)
	at org.openqa.selenium.support.ui.FluentWait.until(FluentWait.java:265)
	at pageobjects.BaseObjectPage.fluentWaitforElement(BaseObjectPage.java:56)
	at pageobjects.BaseObjectPage.movingToMenuElement(BaseObjectPage.java:131)
	at pageobjects.HomePageObject.goToBlogPage(HomePageObject.java:57)
	at tests.Blog.BlogMainPageTests.clickingOnTagChecking(BlogMainPageTests.java:49)
	at sun.reflect.NativeMethodAccessorImpl.invoke0(Native Method)
	at sun.reflect.NativeMethodAccessorImpl.invoke(NativeMethodAccessorImpl.java:62)
	at sun.reflect.DelegatingMethodAccessorImpl.invoke(DelegatingMethodAccessorImpl.java:43)
	at java.lang.reflect.Method.invoke(Method.java:498)
	at org.testng.internal.MethodInvocationHelper.invokeMethod(MethodInvocationHelper.java:104)
	at org.testng.internal.Invoker.invokeMethod(Invoker.java:645)
	at org.testng.internal.Invoker.invokeTestMethod(Invoker.java:851)
	at org.testng.internal.Invoker.invokeTestMethods(Invoker.java:1177)
	at org.testng.internal.TestMethodWorker.invokeTestMethods(TestMethodWorker.java:129)
	at org.testng.internal.TestMethodWorker.run(TestMethodWorker.java:112)
	at org.testng.TestRunner.privateRun(TestRunner.java:756)
	at org.testng.TestRunner.run(TestRunner.java:610)
	at org.testng.SuiteRunner.runTest(SuiteRunner.java:387)
	at org.testng.SuiteRunner.runSequentially(SuiteRunner.java:382)
	at org.testng.SuiteRunner.privateRun(SuiteRunner.java:340)
	at org.testng.SuiteRunner.run(SuiteRunner.java:289)
	at org.testng.SuiteRunnerWorker.runSuite(SuiteRunnerWorker.java:52)
	at org.testng.SuiteRunnerWorker.run(SuiteRunnerWorker.java:86)
	at org.testng.TestNG.runSuitesSequentially(TestNG.java:1293)
	at org.testng.TestNG.runSuitesLocally(TestNG.java:1218)
	at org.testng.TestNG.runSuites(TestNG.java:1133)
	at org.testng.TestNG.run(TestNG.java:1104)
	at org.apache.maven.surefire.testng.TestNGExecutor.run(TestNGExecutor.java:281)
	at org.apache.maven.surefire.testng.TestNGXmlTestSuite.execute(TestNGXmlTestSuite.java:75)
	at org.apache.maven.surefire.testng.TestNGProvider.invoke(TestNGProvider.java:121)
	at org.apache.maven.surefire.booter.ForkedBooter.invokeProviderInSameClassLoader(ForkedBooter.java:290)
	at org.apache.maven.surefire.booter.ForkedBooter.runSuitesInProcess(ForkedBooter.java:242)
	at org.apache.maven.surefire.booter.ForkedBooter.main(ForkedBooter.java:121)
]]></system-err>
  </testcase>
  <testcase name="clickingOnTagChecking" classname="tests.Blog.BlogMainPageTests" time="5.853"/>
  <testcase name="goingToCommentsSectionByClickOnClickHereLink" classname="tests.Blog.BlogMainPageTests" time="8.015"/>
  <testcase name="goingToCommentsSectionByClickOnClickHereLink" classname="tests.Blog.BlogMainPageTests" time="6.988"/>
  <testcase name="goingToCommentsSectionByClickOnClickHereLink" classname="tests.Blog.BlogMainPageTests" time="66.906">
    <failure message="element not visible&#10;  (Session info: chrome=57.0.2987.98)&#10;  (Driver info: chromedriver=2.28.455517 (2c6d2707d8ea850c862f04ac066724273981e88f),platform=Mac OS X 10.11.6 x86_64) (WARNING: The server did not provide any stacktrace information)&#10;Command duration or timeout: 29 milliseconds&#10;Build info: version: &apos;3.0.1&apos;, revision: &apos;1969d75&apos;, time: &apos;2016-10-18 09:49:13 -0700&apos;&#10;System info: host: &apos;101.lan0.mk.uz.ua&apos;, ip: &apos;192.168.0.101&apos;, os.name: &apos;Mac OS X&apos;, os.arch: &apos;x86_64&apos;, os.version: &apos;10.11.6&apos;, java.version: &apos;1.8.0_101&apos;&#10;Driver info: org.openqa.selenium.chrome.ChromeDriver&#10;Capabilities [{applicationCacheEnabled=false, rotatable=false, mobileEmulationEnabled=false, networkConnectionEnabled=false, chrome={chromedriverVersion=2.28.455517 (2c6d2707d8ea850c862f04ac066724273981e88f), userDataDir=/var/folders/xp/hq6y__313mvbnpb2n5x7bzq00000gn/T/.org.chromium.Chromium.HJgV73}, takesHeapSnapshot=true, pageLoadStrategy=normal, databaseEnabled=false, handlesAlerts=true, hasTouchScreen=false, version=57.0.2987.98, platform=MAC, browserConnectionEnabled=false, nativeEvents=true, acceptSslCerts=true, locationContextEnabled=true, webStorageEnabled=true, browserName=chrome, takesScreenshot=true, javascriptEnabled=true, cssSelectorsEnabled=true, unexpectedAlertBehaviour=}]&#10;Session ID: 07740cd47c3fecacb889f08591f22d03" type="org.openqa.selenium.ElementNotVisibleException">org.openqa.selenium.ElementNotVisibleException: 
element not visible
  (Session info: chrome=57.0.2987.98)
  (Driver info: chromedriver=2.28.455517 (2c6d2707d8ea850c862f04ac066724273981e88f),platform=Mac OS X 10.11.6 x86_64) (WARNING: The server did not provide any stacktrace information)
Command duration or timeout: 29 milliseconds
Build info: version: '3.0.1', revision: '1969d75', time: '2016-10-18 09:49:13 -0700'
System info: host: '101.lan0.mk.uz.ua', ip: '192.168.0.101', os.name: 'Mac OS X', os.arch: 'x86_64', os.version: '10.11.6', java.version: '1.8.0_101'
Driver info: org.openqa.selenium.chrome.ChromeDriver
Capabilities [{applicationCacheEnabled=false, rotatable=false, mobileEmulationEnabled=false, networkConnectionEnabled=false, chrome={chromedriverVersion=2.28.455517 (2c6d2707d8ea850c862f04ac066724273981e88f), userDataDir=/var/folders/xp/hq6y__313mvbnpb2n5x7bzq00000gn/T/.org.chromium.Chromium.HJgV73}, takesHeapSnapshot=true, pageLoadStrategy=normal, databaseEnabled=false, handlesAlerts=true, hasTouchScreen=false, version=57.0.2987.98, platform=MAC, browserConnectionEnabled=false, nativeEvents=true, acceptSslCerts=true, locationContextEnabled=true, webStorageEnabled=true, browserName=chrome, takesScreenshot=true, javascriptEnabled=true, cssSelectorsEnabled=true, unexpectedAlertBehaviour=}]
Session ID: 07740cd47c3fecacb889f08591f22d03
	at tests.Blog.BlogMainPageTests.goingToCommentsSectionByClickOnClickHereLink(BlogMainPageTests.java:38)
</failure>
    <system-out><![CDATA[Element Not found trying again - path: //a[text()='BLOG']]
Element Not found trying again - path: //a[text()='BLOG']]
]]></system-out>
    <system-err><![CDATA[org.openqa.selenium.TimeoutException: Expected condition failed: waiting for visibility of [[ChromeDriver: chrome on MAC (07740cd47c3fecacb889f08591f22d03)] -> xpath: //a[text()='BLOG']] (tried for 30 second(s) with 4 SECONDS interval)
Build info: version: '3.0.1', revision: '1969d75', time: '2016-10-18 09:49:13 -0700'
System info: host: '101.lan0.mk.uz.ua', ip: '192.168.0.101', os.name: 'Mac OS X', os.arch: 'x86_64', os.version: '10.11.6', java.version: '1.8.0_101'
Driver info: driver.version: unknown
	at org.openqa.selenium.support.ui.FluentWait.timeoutException(FluentWait.java:296)
	at org.openqa.selenium.support.ui.FluentWait.until(FluentWait.java:265)
	at pageobjects.BaseObjectPage.fluentWaitforElement(BaseObjectPage.java:56)
	at pageobjects.BaseObjectPage.movingToMenuElement(BaseObjectPage.java:131)
	at pageobjects.HomePageObject.goToBlogPage(HomePageObject.java:57)
	at tests.Blog.BlogMainPageTests.goingToCommentsSectionByClickOnClickHereLink(BlogMainPageTests.java:38)
	at sun.reflect.NativeMethodAccessorImpl.invoke0(Native Method)
	at sun.reflect.NativeMethodAccessorImpl.invoke(NativeMethodAccessorImpl.java:62)
	at sun.reflect.DelegatingMethodAccessorImpl.invoke(DelegatingMethodAccessorImpl.java:43)
	at java.lang.reflect.Method.invoke(Method.java:498)
	at org.testng.internal.MethodInvocationHelper.invokeMethod(MethodInvocationHelper.java:104)
	at org.testng.internal.Invoker.invokeMethod(Invoker.java:645)
	at org.testng.internal.Invoker.invokeTestMethod(Invoker.java:851)
	at org.testng.internal.Invoker.invokeTestMethods(Invoker.java:1177)
	at org.testng.internal.TestMethodWorker.invokeTestMethods(TestMethodWorker.java:129)
	at org.testng.internal.TestMethodWorker.run(TestMethodWorker.java:112)
	at org.testng.TestRunner.privateRun(TestRunner.java:756)
	at org.testng.TestRunner.run(TestRunner.java:610)
	at org.testng.SuiteRunner.runTest(SuiteRunner.java:387)
	at org.testng.SuiteRunner.runSequentially(SuiteRunner.java:382)
	at org.testng.SuiteRunner.privateRun(SuiteRunner.java:340)
	at org.testng.SuiteRunner.run(SuiteRunner.java:289)
	at org.testng.SuiteRunnerWorker.runSuite(SuiteRunnerWorker.java:52)
	at org.testng.SuiteRunnerWorker.run(SuiteRunnerWorker.java:86)
	at org.testng.TestNG.runSuitesSequentially(TestNG.java:1293)
	at org.testng.TestNG.runSuitesLocally(TestNG.java:1218)
	at org.testng.TestNG.runSuites(TestNG.java:1133)
	at org.testng.TestNG.run(TestNG.java:1104)
	at org.apache.maven.surefire.testng.TestNGExecutor.run(TestNGExecutor.java:281)
	at org.apache.maven.surefire.testng.TestNGXmlTestSuite.execute(TestNGXmlTestSuite.java:75)
	at org.apache.maven.surefire.testng.TestNGProvider.invoke(TestNGProvider.java:121)
	at org.apache.maven.surefire.booter.ForkedBooter.invokeProviderInSameClassLoader(ForkedBooter.java:290)
	at org.apache.maven.surefire.booter.ForkedBooter.runSuitesInProcess(ForkedBooter.java:242)
	at org.apache.maven.surefire.booter.ForkedBooter.main(ForkedBooter.java:121)
org.openqa.selenium.TimeoutException: Expected condition failed: waiting for visibility of [[ChromeDriver: chrome on MAC (07740cd47c3fecacb889f08591f22d03)] -> xpath: //a[text()='BLOG']] (tried for 30 second(s) with 4 SECONDS interval)
Build info: version: '3.0.1', revision: '1969d75', time: '2016-10-18 09:49:13 -0700'
System info: host: '101.lan0.mk.uz.ua', ip: '192.168.0.101', os.name: 'Mac OS X', os.arch: 'x86_64', os.version: '10.11.6', java.version: '1.8.0_101'
Driver info: driver.version: unknown
	at org.openqa.selenium.support.ui.FluentWait.timeoutException(FluentWait.java:296)
	at org.openqa.selenium.support.ui.FluentWait.until(FluentWait.java:265)
	at pageobjects.BaseObjectPage.fluentWaitforElement(BaseObjectPage.java:56)
	at pageobjects.BaseObjectPage.movingToMenuElement(BaseObjectPage.java:131)
	at pageobjects.HomePageObject.goToBlogPage(HomePageObject.java:57)
	at tests.Blog.BlogMainPageTests.goingToCommentsSectionByClickOnClickHereLink(BlogMainPageTests.java:38)
	at sun.reflect.NativeMethodAccessorImpl.invoke0(Native Method)
	at sun.reflect.NativeMethodAccessorImpl.invoke(NativeMethodAccessorImpl.java:62)
	at sun.reflect.DelegatingMethodAccessorImpl.invoke(DelegatingMethodAccessorImpl.java:43)
	at java.lang.reflect.Method.invoke(Method.java:498)
	at org.testng.internal.MethodInvocationHelper.invokeMethod(MethodInvocationHelper.java:104)
	at org.testng.internal.Invoker.invokeMethod(Invoker.java:645)
	at org.testng.internal.Invoker.invokeTestMethod(Invoker.java:851)
	at org.testng.internal.Invoker.invokeTestMethods(Invoker.java:1177)
	at org.testng.internal.TestMethodWorker.invokeTestMethods(TestMethodWorker.java:129)
	at org.testng.internal.TestMethodWorker.run(TestMethodWorker.java:112)
	at org.testng.TestRunner.privateRun(TestRunner.java:756)
	at org.testng.TestRunner.run(TestRunner.java:610)
	at org.testng.SuiteRunner.runTest(SuiteRunner.java:387)
	at org.testng.SuiteRunner.runSequentially(SuiteRunner.java:382)
	at org.testng.SuiteRunner.privateRun(SuiteRunner.java:340)
	at org.testng.SuiteRunner.run(SuiteRunner.java:289)
	at org.testng.SuiteRunnerWorker.runSuite(SuiteRunnerWorker.java:52)
	at org.testng.SuiteRunnerWorker.run(SuiteRunnerWorker.java:86)
	at org.testng.TestNG.runSuitesSequentially(TestNG.java:1293)
	at org.testng.TestNG.runSuitesLocally(TestNG.java:1218)
	at org.testng.TestNG.runSuites(TestNG.java:1133)
	at org.testng.TestNG.run(TestNG.java:1104)
	at org.apache.maven.surefire.testng.TestNGExecutor.run(TestNGExecutor.java:281)
	at org.apache.maven.surefire.testng.TestNGXmlTestSuite.execute(TestNGXmlTestSuite.java:75)
	at org.apache.maven.surefire.testng.TestNGProvider.invoke(TestNGProvider.java:121)
	at org.apache.maven.surefire.booter.ForkedBooter.invokeProviderInSameClassLoader(ForkedBooter.java:290)
	at org.apache.maven.surefire.booter.ForkedBooter.runSuitesInProcess(ForkedBooter.java:242)
	at org.apache.maven.surefire.booter.ForkedBooter.main(ForkedBooter.java:121)
]]></system-err>
  </testcase>
  <testcase name="goingToCommentsSectionByClickOnClickHereLink" classname="tests.Blog.BlogMainPageTests" time="11.07"/>
  <testcase name="openingPostByClickOnReadThisPostBtn" classname="tests.Blog.BlogMainPageTests" time="7.321"/>
  <testcase name="openingPostByClickOnReadThisPostBtn" classname="tests.Blog.BlogMainPageTests" time="6.159"/>
  <testcase name="openingPostByClickOnReadThisPostBtn" classname="tests.Blog.BlogMainPageTests" time="67.615">
    <failure message="element not visible&#10;  (Session info: chrome=57.0.2987.98)&#10;  (Driver info: chromedriver=2.28.455517 (2c6d2707d8ea850c862f04ac066724273981e88f),platform=Mac OS X 10.11.6 x86_64) (WARNING: The server did not provide any stacktrace information)&#10;Command duration or timeout: 27 milliseconds&#10;Build info: version: &apos;3.0.1&apos;, revision: &apos;1969d75&apos;, time: &apos;2016-10-18 09:49:13 -0700&apos;&#10;System info: host: &apos;101.lan0.mk.uz.ua&apos;, ip: &apos;192.168.0.101&apos;, os.name: &apos;Mac OS X&apos;, os.arch: &apos;x86_64&apos;, os.version: &apos;10.11.6&apos;, java.version: &apos;1.8.0_101&apos;&#10;Driver info: org.openqa.selenium.chrome.ChromeDriver&#10;Capabilities [{applicationCacheEnabled=false, rotatable=false, mobileEmulationEnabled=false, networkConnectionEnabled=false, chrome={chromedriverVersion=2.28.455517 (2c6d2707d8ea850c862f04ac066724273981e88f), userDataDir=/var/folders/xp/hq6y__313mvbnpb2n5x7bzq00000gn/T/.org.chromium.Chromium.HJgV73}, takesHeapSnapshot=true, pageLoadStrategy=normal, databaseEnabled=false, handlesAlerts=true, hasTouchScreen=false, version=57.0.2987.98, platform=MAC, browserConnectionEnabled=false, nativeEvents=true, acceptSslCerts=true, locationContextEnabled=true, webStorageEnabled=true, browserName=chrome, takesScreenshot=true, javascriptEnabled=true, cssSelectorsEnabled=true, unexpectedAlertBehaviour=}]&#10;Session ID: 07740cd47c3fecacb889f08591f22d03" type="org.openqa.selenium.ElementNotVisibleException">org.openqa.selenium.ElementNotVisibleException: 
element not visible
  (Session info: chrome=57.0.2987.98)
  (Driver info: chromedriver=2.28.455517 (2c6d2707d8ea850c862f04ac066724273981e88f),platform=Mac OS X 10.11.6 x86_64) (WARNING: The server did not provide any stacktrace information)
Command duration or timeout: 27 milliseconds
Build info: version: '3.0.1', revision: '1969d75', time: '2016-10-18 09:49:13 -0700'
System info: host: '101.lan0.mk.uz.ua', ip: '192.168.0.101', os.name: 'Mac OS X', os.arch: 'x86_64', os.version: '10.11.6', java.version: '1.8.0_101'
Driver info: org.openqa.selenium.chrome.ChromeDriver
Capabilities [{applicationCacheEnabled=false, rotatable=false, mobileEmulationEnabled=false, networkConnectionEnabled=false, chrome={chromedriverVersion=2.28.455517 (2c6d2707d8ea850c862f04ac066724273981e88f), userDataDir=/var/folders/xp/hq6y__313mvbnpb2n5x7bzq00000gn/T/.org.chromium.Chromium.HJgV73}, takesHeapSnapshot=true, pageLoadStrategy=normal, databaseEnabled=false, handlesAlerts=true, hasTouchScreen=false, version=57.0.2987.98, platform=MAC, browserConnectionEnabled=false, nativeEvents=true, acceptSslCerts=true, locationContextEnabled=true, webStorageEnabled=true, browserName=chrome, takesScreenshot=true, javascriptEnabled=true, cssSelectorsEnabled=true, unexpectedAlertBehaviour=}]
Session ID: 07740cd47c3fecacb889f08591f22d03
	at tests.Blog.BlogMainPageTests.openingPostByClickOnReadThisPostBtn(BlogMainPageTests.java:26)
</failure>
    <system-out><![CDATA[Element Not found trying again - path: //a[text()='BLOG']]
Element Not found trying again - path: //a[text()='BLOG']]
]]></system-out>
    <system-err><![CDATA[org.openqa.selenium.TimeoutException: Expected condition failed: waiting for visibility of [[ChromeDriver: chrome on MAC (07740cd47c3fecacb889f08591f22d03)] -> xpath: //a[text()='BLOG']] (tried for 30 second(s) with 4 SECONDS interval)
Build info: version: '3.0.1', revision: '1969d75', time: '2016-10-18 09:49:13 -0700'
System info: host: '101.lan0.mk.uz.ua', ip: '192.168.0.101', os.name: 'Mac OS X', os.arch: 'x86_64', os.version: '10.11.6', java.version: '1.8.0_101'
Driver info: driver.version: unknown
	at org.openqa.selenium.support.ui.FluentWait.timeoutException(FluentWait.java:296)
	at org.openqa.selenium.support.ui.FluentWait.until(FluentWait.java:265)
	at pageobjects.BaseObjectPage.fluentWaitforElement(BaseObjectPage.java:56)
	at pageobjects.BaseObjectPage.movingToMenuElement(BaseObjectPage.java:131)
	at pageobjects.HomePageObject.goToBlogPage(HomePageObject.java:57)
	at tests.Blog.BlogMainPageTests.openingPostByClickOnReadThisPostBtn(BlogMainPageTests.java:26)
	at sun.reflect.NativeMethodAccessorImpl.invoke0(Native Method)
	at sun.reflect.NativeMethodAccessorImpl.invoke(NativeMethodAccessorImpl.java:62)
	at sun.reflect.DelegatingMethodAccessorImpl.invoke(DelegatingMethodAccessorImpl.java:43)
	at java.lang.reflect.Method.invoke(Method.java:498)
	at org.testng.internal.MethodInvocationHelper.invokeMethod(MethodInvocationHelper.java:104)
	at org.testng.internal.Invoker.invokeMethod(Invoker.java:645)
	at org.testng.internal.Invoker.invokeTestMethod(Invoker.java:851)
	at org.testng.internal.Invoker.invokeTestMethods(Invoker.java:1177)
	at org.testng.internal.TestMethodWorker.invokeTestMethods(TestMethodWorker.java:129)
	at org.testng.internal.TestMethodWorker.run(TestMethodWorker.java:112)
	at org.testng.TestRunner.privateRun(TestRunner.java:756)
	at org.testng.TestRunner.run(TestRunner.java:610)
	at org.testng.SuiteRunner.runTest(SuiteRunner.java:387)
	at org.testng.SuiteRunner.runSequentially(SuiteRunner.java:382)
	at org.testng.SuiteRunner.privateRun(SuiteRunner.java:340)
	at org.testng.SuiteRunner.run(SuiteRunner.java:289)
	at org.testng.SuiteRunnerWorker.runSuite(SuiteRunnerWorker.java:52)
	at org.testng.SuiteRunnerWorker.run(SuiteRunnerWorker.java:86)
	at org.testng.TestNG.runSuitesSequentially(TestNG.java:1293)
	at org.testng.TestNG.runSuitesLocally(TestNG.java:1218)
	at org.testng.TestNG.runSuites(TestNG.java:1133)
	at org.testng.TestNG.run(TestNG.java:1104)
	at org.apache.maven.surefire.testng.TestNGExecutor.run(TestNGExecutor.java:281)
	at org.apache.maven.surefire.testng.TestNGXmlTestSuite.execute(TestNGXmlTestSuite.java:75)
	at org.apache.maven.surefire.testng.TestNGProvider.invoke(TestNGProvider.java:121)
	at org.apache.maven.surefire.booter.ForkedBooter.invokeProviderInSameClassLoader(ForkedBooter.java:290)
	at org.apache.maven.surefire.booter.ForkedBooter.runSuitesInProcess(ForkedBooter.java:242)
	at org.apache.maven.surefire.booter.ForkedBooter.main(ForkedBooter.java:121)
org.openqa.selenium.TimeoutException: Expected condition failed: waiting for visibility of [[ChromeDriver: chrome on MAC (07740cd47c3fecacb889f08591f22d03)] -> xpath: //a[text()='BLOG']] (tried for 30 second(s) with 4 SECONDS interval)
Build info: version: '3.0.1', revision: '1969d75', time: '2016-10-18 09:49:13 -0700'
System info: host: '101.lan0.mk.uz.ua', ip: '192.168.0.101', os.name: 'Mac OS X', os.arch: 'x86_64', os.version: '10.11.6', java.version: '1.8.0_101'
Driver info: driver.version: unknown
	at org.openqa.selenium.support.ui.FluentWait.timeoutException(FluentWait.java:296)
	at org.openqa.selenium.support.ui.FluentWait.until(FluentWait.java:265)
	at pageobjects.BaseObjectPage.fluentWaitforElement(BaseObjectPage.java:56)
	at pageobjects.BaseObjectPage.movingToMenuElement(BaseObjectPage.java:131)
	at pageobjects.HomePageObject.goToBlogPage(HomePageObject.java:57)
	at tests.Blog.BlogMainPageTests.openingPostByClickOnReadThisPostBtn(BlogMainPageTests.java:26)
	at sun.reflect.NativeMethodAccessorImpl.invoke0(Native Method)
	at sun.reflect.NativeMethodAccessorImpl.invoke(NativeMethodAccessorImpl.java:62)
	at sun.reflect.DelegatingMethodAccessorImpl.invoke(DelegatingMethodAccessorImpl.java:43)
	at java.lang.reflect.Method.invoke(Method.java:498)
	at org.testng.internal.MethodInvocationHelper.invokeMethod(MethodInvocationHelper.java:104)
	at org.testng.internal.Invoker.invokeMethod(Invoker.java:645)
	at org.testng.internal.Invoker.invokeTestMethod(Invoker.java:851)
	at org.testng.internal.Invoker.invokeTestMethods(Invoker.java:1177)
	at org.testng.internal.TestMethodWorker.invokeTestMethods(TestMethodWorker.java:129)
	at org.testng.internal.TestMethodWorker.run(TestMethodWorker.java:112)
	at org.testng.TestRunner.privateRun(TestRunner.java:756)
	at org.testng.TestRunner.run(TestRunner.java:610)
	at org.testng.SuiteRunner.runTest(SuiteRunner.java:387)
	at org.testng.SuiteRunner.runSequentially(SuiteRunner.java:382)
	at org.testng.SuiteRunner.privateRun(SuiteRunner.java:340)
	at org.testng.SuiteRunner.run(SuiteRunner.java:289)
	at org.testng.SuiteRunnerWorker.runSuite(SuiteRunnerWorker.java:52)
	at org.testng.SuiteRunnerWorker.run(SuiteRunnerWorker.java:86)
	at org.testng.TestNG.runSuitesSequentially(TestNG.java:1293)
	at org.testng.TestNG.runSuitesLocally(TestNG.java:1218)
	at org.testng.TestNG.runSuites(TestNG.java:1133)
	at org.testng.TestNG.run(TestNG.java:1104)
	at org.apache.maven.surefire.testng.TestNGExecutor.run(TestNGExecutor.java:281)
	at org.apache.maven.surefire.testng.TestNGXmlTestSuite.execute(TestNGXmlTestSuite.java:75)
	at org.apache.maven.surefire.testng.TestNGProvider.invoke(TestNGProvider.java:121)
	at org.apache.maven.surefire.booter.ForkedBooter.invokeProviderInSameClassLoader(ForkedBooter.java:290)
	at org.apache.maven.surefire.booter.ForkedBooter.runSuitesInProcess(ForkedBooter.java:242)
	at org.apache.maven.surefire.booter.ForkedBooter.main(ForkedBooter.java:121)
]]></system-err>
  </testcase>
  <testcase name="openingPostByClickOnReadThisPostBtn" classname="tests.Blog.BlogMainPageTests" time="6.359"/>
  <testcase name="checkElementsArePresent" classname="tests.About.CareersTests" time="6.149"/>
  <testcase name="checkElementsArePresent" classname="tests.About.CareersTests" time="67.032">
    <failure message="element not visible&#10;  (Session info: chrome=57.0.2987.98)&#10;  (Driver info: chromedriver=2.28.455517 (2c6d2707d8ea850c862f04ac066724273981e88f),platform=Mac OS X 10.11.6 x86_64) (WARNING: The server did not provide any stacktrace information)&#10;Command duration or timeout: 79 milliseconds&#10;Build info: version: &apos;3.0.1&apos;, revision: &apos;1969d75&apos;, time: &apos;2016-10-18 09:49:13 -0700&apos;&#10;System info: host: &apos;101.lan0.mk.uz.ua&apos;, ip: &apos;192.168.0.101&apos;, os.name: &apos;Mac OS X&apos;, os.arch: &apos;x86_64&apos;, os.version: &apos;10.11.6&apos;, java.version: &apos;1.8.0_101&apos;&#10;Driver info: org.openqa.selenium.chrome.ChromeDriver&#10;Capabilities [{applicationCacheEnabled=false, rotatable=false, mobileEmulationEnabled=false, networkConnectionEnabled=false, chrome={chromedriverVersion=2.28.455517 (2c6d2707d8ea850c862f04ac066724273981e88f), userDataDir=/var/folders/xp/hq6y__313mvbnpb2n5x7bzq00000gn/T/.org.chromium.Chromium.HJgV73}, takesHeapSnapshot=true, pageLoadStrategy=normal, databaseEnabled=false, handlesAlerts=true, hasTouchScreen=false, version=57.0.2987.98, platform=MAC, browserConnectionEnabled=false, nativeEvents=true, acceptSslCerts=true, locationContextEnabled=true, webStorageEnabled=true, browserName=chrome, takesScreenshot=true, javascriptEnabled=true, cssSelectorsEnabled=true, unexpectedAlertBehaviour=}]&#10;Session ID: 07740cd47c3fecacb889f08591f22d03" type="org.openqa.selenium.ElementNotVisibleException">org.openqa.selenium.ElementNotVisibleException: 
element not visible
  (Session info: chrome=57.0.2987.98)
  (Driver info: chromedriver=2.28.455517 (2c6d2707d8ea850c862f04ac066724273981e88f),platform=Mac OS X 10.11.6 x86_64) (WARNING: The server did not provide any stacktrace information)
Command duration or timeout: 79 milliseconds
Build info: version: '3.0.1', revision: '1969d75', time: '2016-10-18 09:49:13 -0700'
System info: host: '101.lan0.mk.uz.ua', ip: '192.168.0.101', os.name: 'Mac OS X', os.arch: 'x86_64', os.version: '10.11.6', java.version: '1.8.0_101'
Driver info: org.openqa.selenium.chrome.ChromeDriver
Capabilities [{applicationCacheEnabled=false, rotatable=false, mobileEmulationEnabled=false, networkConnectionEnabled=false, chrome={chromedriverVersion=2.28.455517 (2c6d2707d8ea850c862f04ac066724273981e88f), userDataDir=/var/folders/xp/hq6y__313mvbnpb2n5x7bzq00000gn/T/.org.chromium.Chromium.HJgV73}, takesHeapSnapshot=true, pageLoadStrategy=normal, databaseEnabled=false, handlesAlerts=true, hasTouchScreen=false, version=57.0.2987.98, platform=MAC, browserConnectionEnabled=false, nativeEvents=true, acceptSslCerts=true, locationContextEnabled=true, webStorageEnabled=true, browserName=chrome, takesScreenshot=true, javascriptEnabled=true, cssSelectorsEnabled=true, unexpectedAlertBehaviour=}]
Session ID: 07740cd47c3fecacb889f08591f22d03
	at tests.About.CareersTests.checkElementsArePresent(CareersTests.java:24)
</failure>
    <system-out><![CDATA[Element Not found trying again - path: //a[text()='CAREERS']]
Element Not found trying again - path: //a[text()='CAREERS']]
]]></system-out>
    <system-err><![CDATA[org.openqa.selenium.TimeoutException: Expected condition failed: waiting for visibility of [[ChromeDriver: chrome on MAC (07740cd47c3fecacb889f08591f22d03)] -> xpath: //a[text()='CAREERS']] (tried for 30 second(s) with 4 SECONDS interval)
Build info: version: '3.0.1', revision: '1969d75', time: '2016-10-18 09:49:13 -0700'
System info: host: '101.lan0.mk.uz.ua', ip: '192.168.0.101', os.name: 'Mac OS X', os.arch: 'x86_64', os.version: '10.11.6', java.version: '1.8.0_101'
Driver info: driver.version: unknown
	at org.openqa.selenium.support.ui.FluentWait.timeoutException(FluentWait.java:296)
	at org.openqa.selenium.support.ui.FluentWait.until(FluentWait.java:265)
	at pageobjects.BaseObjectPage.fluentWaitforElement(BaseObjectPage.java:56)
	at pageobjects.BaseObjectPage.movingToMenuElement(BaseObjectPage.java:131)
	at pageobjects.HomePageObject.goToCareers(HomePageObject.java:108)
	at tests.About.CareersTests.checkElementsArePresent(CareersTests.java:24)
	at sun.reflect.NativeMethodAccessorImpl.invoke0(Native Method)
	at sun.reflect.NativeMethodAccessorImpl.invoke(NativeMethodAccessorImpl.java:62)
	at sun.reflect.DelegatingMethodAccessorImpl.invoke(DelegatingMethodAccessorImpl.java:43)
	at java.lang.reflect.Method.invoke(Method.java:498)
	at org.testng.internal.MethodInvocationHelper.invokeMethod(MethodInvocationHelper.java:104)
	at org.testng.internal.Invoker.invokeMethod(Invoker.java:645)
	at org.testng.internal.Invoker.invokeTestMethod(Invoker.java:851)
	at org.testng.internal.Invoker.invokeTestMethods(Invoker.java:1177)
	at org.testng.internal.TestMethodWorker.invokeTestMethods(TestMethodWorker.java:129)
	at org.testng.internal.TestMethodWorker.run(TestMethodWorker.java:112)
	at org.testng.TestRunner.privateRun(TestRunner.java:756)
	at org.testng.TestRunner.run(TestRunner.java:610)
	at org.testng.SuiteRunner.runTest(SuiteRunner.java:387)
	at org.testng.SuiteRunner.runSequentially(SuiteRunner.java:382)
	at org.testng.SuiteRunner.privateRun(SuiteRunner.java:340)
	at org.testng.SuiteRunner.run(SuiteRunner.java:289)
	at org.testng.SuiteRunnerWorker.runSuite(SuiteRunnerWorker.java:52)
	at org.testng.SuiteRunnerWorker.run(SuiteRunnerWorker.java:86)
	at org.testng.TestNG.runSuitesSequentially(TestNG.java:1293)
	at org.testng.TestNG.runSuitesLocally(TestNG.java:1218)
	at org.testng.TestNG.runSuites(TestNG.java:1133)
	at org.testng.TestNG.run(TestNG.java:1104)
	at org.apache.maven.surefire.testng.TestNGExecutor.run(TestNGExecutor.java:281)
	at org.apache.maven.surefire.testng.TestNGXmlTestSuite.execute(TestNGXmlTestSuite.java:75)
	at org.apache.maven.surefire.testng.TestNGProvider.invoke(TestNGProvider.java:121)
	at org.apache.maven.surefire.booter.ForkedBooter.invokeProviderInSameClassLoader(ForkedBooter.java:290)
	at org.apache.maven.surefire.booter.ForkedBooter.runSuitesInProcess(ForkedBooter.java:242)
	at org.apache.maven.surefire.booter.ForkedBooter.main(ForkedBooter.java:121)
org.openqa.selenium.TimeoutException: Expected condition failed: waiting for visibility of [[ChromeDriver: chrome on MAC (07740cd47c3fecacb889f08591f22d03)] -> xpath: //a[text()='CAREERS']] (tried for 30 second(s) with 4 SECONDS interval)
Build info: version: '3.0.1', revision: '1969d75', time: '2016-10-18 09:49:13 -0700'
System info: host: '101.lan0.mk.uz.ua', ip: '192.168.0.101', os.name: 'Mac OS X', os.arch: 'x86_64', os.version: '10.11.6', java.version: '1.8.0_101'
Driver info: driver.version: unknown
	at org.openqa.selenium.support.ui.FluentWait.timeoutException(FluentWait.java:296)
	at org.openqa.selenium.support.ui.FluentWait.until(FluentWait.java:265)
	at pageobjects.BaseObjectPage.fluentWaitforElement(BaseObjectPage.java:56)
	at pageobjects.BaseObjectPage.movingToMenuElement(BaseObjectPage.java:131)
	at pageobjects.HomePageObject.goToCareers(HomePageObject.java:108)
	at tests.About.CareersTests.checkElementsArePresent(CareersTests.java:24)
	at sun.reflect.NativeMethodAccessorImpl.invoke0(Native Method)
	at sun.reflect.NativeMethodAccessorImpl.invoke(NativeMethodAccessorImpl.java:62)
	at sun.reflect.DelegatingMethodAccessorImpl.invoke(DelegatingMethodAccessorImpl.java:43)
	at java.lang.reflect.Method.invoke(Method.java:498)
	at org.testng.internal.MethodInvocationHelper.invokeMethod(MethodInvocationHelper.java:104)
	at org.testng.internal.Invoker.invokeMethod(Invoker.java:645)
	at org.testng.internal.Invoker.invokeTestMethod(Invoker.java:851)
	at org.testng.internal.Invoker.invokeTestMethods(Invoker.java:1177)
	at org.testng.internal.TestMethodWorker.invokeTestMethods(TestMethodWorker.java:129)
	at org.testng.internal.TestMethodWorker.run(TestMethodWorker.java:112)
	at org.testng.TestRunner.privateRun(TestRunner.java:756)
	at org.testng.TestRunner.run(TestRunner.java:610)
	at org.testng.SuiteRunner.runTest(SuiteRunner.java:387)
	at org.testng.SuiteRunner.runSequentially(SuiteRunner.java:382)
	at org.testng.SuiteRunner.privateRun(SuiteRunner.java:340)
	at org.testng.SuiteRunner.run(SuiteRunner.java:289)
	at org.testng.SuiteRunnerWorker.runSuite(SuiteRunnerWorker.java:52)
	at org.testng.SuiteRunnerWorker.run(SuiteRunnerWorker.java:86)
	at org.testng.TestNG.runSuitesSequentially(TestNG.java:1293)
	at org.testng.TestNG.runSuitesLocally(TestNG.java:1218)
	at org.testng.TestNG.runSuites(TestNG.java:1133)
	at org.testng.TestNG.run(TestNG.java:1104)
	at org.apache.maven.surefire.testng.TestNGExecutor.run(TestNGExecutor.java:281)
	at org.apache.maven.surefire.testng.TestNGXmlTestSuite.execute(TestNGXmlTestSuite.java:75)
	at org.apache.maven.surefire.testng.TestNGProvider.invoke(TestNGProvider.java:121)
	at org.apache.maven.surefire.booter.ForkedBooter.invokeProviderInSameClassLoader(ForkedBooter.java:290)
	at org.apache.maven.surefire.booter.ForkedBooter.runSuitesInProcess(ForkedBooter.java:242)
	at org.apache.maven.surefire.booter.ForkedBooter.main(ForkedBooter.java:121)
]]></system-err>
  </testcase>
  <testcase name="checkElementsArePresent" classname="tests.About.CareersTests" time="4.668"/>
  <testcase name="openingVacancyAndSendingEmptyForm" classname="tests.About.CareersTests" time="11.799"/>
  <testcase name="openingVacancyAndSendingEmptyForm" classname="tests.About.CareersTests" time="66.83">
    <failure message="element not visible&#10;  (Session info: chrome=57.0.2987.98)&#10;  (Driver info: chromedriver=2.28.455517 (2c6d2707d8ea850c862f04ac066724273981e88f),platform=Mac OS X 10.11.6 x86_64) (WARNING: The server did not provide any stacktrace information)&#10;Command duration or timeout: 31 milliseconds&#10;Build info: version: &apos;3.0.1&apos;, revision: &apos;1969d75&apos;, time: &apos;2016-10-18 09:49:13 -0700&apos;&#10;System info: host: &apos;101.lan0.mk.uz.ua&apos;, ip: &apos;192.168.0.101&apos;, os.name: &apos;Mac OS X&apos;, os.arch: &apos;x86_64&apos;, os.version: &apos;10.11.6&apos;, java.version: &apos;1.8.0_101&apos;&#10;Driver info: org.openqa.selenium.chrome.ChromeDriver&#10;Capabilities [{applicationCacheEnabled=false, rotatable=false, mobileEmulationEnabled=false, networkConnectionEnabled=false, chrome={chromedriverVersion=2.28.455517 (2c6d2707d8ea850c862f04ac066724273981e88f), userDataDir=/var/folders/xp/hq6y__313mvbnpb2n5x7bzq00000gn/T/.org.chromium.Chromium.HJgV73}, takesHeapSnapshot=true, pageLoadStrategy=normal, databaseEnabled=false, handlesAlerts=true, hasTouchScreen=false, version=57.0.2987.98, platform=MAC, browserConnectionEnabled=false, nativeEvents=true, acceptSslCerts=true, locationContextEnabled=true, webStorageEnabled=true, browserName=chrome, takesScreenshot=true, javascriptEnabled=true, cssSelectorsEnabled=true, unexpectedAlertBehaviour=}]&#10;Session ID: 07740cd47c3fecacb889f08591f22d03" type="org.openqa.selenium.ElementNotVisibleException">org.openqa.selenium.ElementNotVisibleException: 
element not visible
  (Session info: chrome=57.0.2987.98)
  (Driver info: chromedriver=2.28.455517 (2c6d2707d8ea850c862f04ac066724273981e88f),platform=Mac OS X 10.11.6 x86_64) (WARNING: The server did not provide any stacktrace information)
Command duration or timeout: 31 milliseconds
Build info: version: '3.0.1', revision: '1969d75', time: '2016-10-18 09:49:13 -0700'
System info: host: '101.lan0.mk.uz.ua', ip: '192.168.0.101', os.name: 'Mac OS X', os.arch: 'x86_64', os.version: '10.11.6', java.version: '1.8.0_101'
Driver info: org.openqa.selenium.chrome.ChromeDriver
Capabilities [{applicationCacheEnabled=false, rotatable=false, mobileEmulationEnabled=false, networkConnectionEnabled=false, chrome={chromedriverVersion=2.28.455517 (2c6d2707d8ea850c862f04ac066724273981e88f), userDataDir=/var/folders/xp/hq6y__313mvbnpb2n5x7bzq00000gn/T/.org.chromium.Chromium.HJgV73}, takesHeapSnapshot=true, pageLoadStrategy=normal, databaseEnabled=false, handlesAlerts=true, hasTouchScreen=false, version=57.0.2987.98, platform=MAC, browserConnectionEnabled=false, nativeEvents=true, acceptSslCerts=true, locationContextEnabled=true, webStorageEnabled=true, browserName=chrome, takesScreenshot=true, javascriptEnabled=true, cssSelectorsEnabled=true, unexpectedAlertBehaviour=}]
Session ID: 07740cd47c3fecacb889f08591f22d03
	at tests.About.CareersTests.openingVacancyAndSendingEmptyForm(CareersTests.java:45)
</failure>
    <system-out><![CDATA[Element Not found trying again - path: //a[text()='CAREERS']]
Element Not found trying again - path: //a[text()='CAREERS']]
]]></system-out>
    <system-err><![CDATA[org.openqa.selenium.TimeoutException: Expected condition failed: waiting for visibility of [[ChromeDriver: chrome on MAC (07740cd47c3fecacb889f08591f22d03)] -> xpath: //a[text()='CAREERS']] (tried for 30 second(s) with 4 SECONDS interval)
Build info: version: '3.0.1', revision: '1969d75', time: '2016-10-18 09:49:13 -0700'
System info: host: '101.lan0.mk.uz.ua', ip: '192.168.0.101', os.name: 'Mac OS X', os.arch: 'x86_64', os.version: '10.11.6', java.version: '1.8.0_101'
Driver info: driver.version: unknown
	at org.openqa.selenium.support.ui.FluentWait.timeoutException(FluentWait.java:296)
	at org.openqa.selenium.support.ui.FluentWait.until(FluentWait.java:265)
	at pageobjects.BaseObjectPage.fluentWaitforElement(BaseObjectPage.java:56)
	at pageobjects.BaseObjectPage.movingToMenuElement(BaseObjectPage.java:131)
	at pageobjects.HomePageObject.goToCareers(HomePageObject.java:108)
	at tests.About.CareersTests.openingVacancyAndSendingEmptyForm(CareersTests.java:45)
	at sun.reflect.NativeMethodAccessorImpl.invoke0(Native Method)
	at sun.reflect.NativeMethodAccessorImpl.invoke(NativeMethodAccessorImpl.java:62)
	at sun.reflect.DelegatingMethodAccessorImpl.invoke(DelegatingMethodAccessorImpl.java:43)
	at java.lang.reflect.Method.invoke(Method.java:498)
	at org.testng.internal.MethodInvocationHelper.invokeMethod(MethodInvocationHelper.java:104)
	at org.testng.internal.Invoker.invokeMethod(Invoker.java:645)
	at org.testng.internal.Invoker.invokeTestMethod(Invoker.java:851)
	at org.testng.internal.Invoker.invokeTestMethods(Invoker.java:1177)
	at org.testng.internal.TestMethodWorker.invokeTestMethods(TestMethodWorker.java:129)
	at org.testng.internal.TestMethodWorker.run(TestMethodWorker.java:112)
	at org.testng.TestRunner.privateRun(TestRunner.java:756)
	at org.testng.TestRunner.run(TestRunner.java:610)
	at org.testng.SuiteRunner.runTest(SuiteRunner.java:387)
	at org.testng.SuiteRunner.runSequentially(SuiteRunner.java:382)
	at org.testng.SuiteRunner.privateRun(SuiteRunner.java:340)
	at org.testng.SuiteRunner.run(SuiteRunner.java:289)
	at org.testng.SuiteRunnerWorker.runSuite(SuiteRunnerWorker.java:52)
	at org.testng.SuiteRunnerWorker.run(SuiteRunnerWorker.java:86)
	at org.testng.TestNG.runSuitesSequentially(TestNG.java:1293)
	at org.testng.TestNG.runSuitesLocally(TestNG.java:1218)
	at org.testng.TestNG.runSuites(TestNG.java:1133)
	at org.testng.TestNG.run(TestNG.java:1104)
	at org.apache.maven.surefire.testng.TestNGExecutor.run(TestNGExecutor.java:281)
	at org.apache.maven.surefire.testng.TestNGXmlTestSuite.execute(TestNGXmlTestSuite.java:75)
	at org.apache.maven.surefire.testng.TestNGProvider.invoke(TestNGProvider.java:121)
	at org.apache.maven.surefire.booter.ForkedBooter.invokeProviderInSameClassLoader(ForkedBooter.java:290)
	at org.apache.maven.surefire.booter.ForkedBooter.runSuitesInProcess(ForkedBooter.java:242)
	at org.apache.maven.surefire.booter.ForkedBooter.main(ForkedBooter.java:121)
org.openqa.selenium.TimeoutException: Expected condition failed: waiting for visibility of [[ChromeDriver: chrome on MAC (07740cd47c3fecacb889f08591f22d03)] -> xpath: //a[text()='CAREERS']] (tried for 30 second(s) with 4 SECONDS interval)
Build info: version: '3.0.1', revision: '1969d75', time: '2016-10-18 09:49:13 -0700'
System info: host: '101.lan0.mk.uz.ua', ip: '192.168.0.101', os.name: 'Mac OS X', os.arch: 'x86_64', os.version: '10.11.6', java.version: '1.8.0_101'
Driver info: driver.version: unknown
	at org.openqa.selenium.support.ui.FluentWait.timeoutException(FluentWait.java:296)
	at org.openqa.selenium.support.ui.FluentWait.until(FluentWait.java:265)
	at pageobjects.BaseObjectPage.fluentWaitforElement(BaseObjectPage.java:56)
	at pageobjects.BaseObjectPage.movingToMenuElement(BaseObjectPage.java:131)
	at pageobjects.HomePageObject.goToCareers(HomePageObject.java:108)
	at tests.About.CareersTests.openingVacancyAndSendingEmptyForm(CareersTests.java:45)
	at sun.reflect.NativeMethodAccessorImpl.invoke0(Native Method)
	at sun.reflect.NativeMethodAccessorImpl.invoke(NativeMethodAccessorImpl.java:62)
	at sun.reflect.DelegatingMethodAccessorImpl.invoke(DelegatingMethodAccessorImpl.java:43)
	at java.lang.reflect.Method.invoke(Method.java:498)
	at org.testng.internal.MethodInvocationHelper.invokeMethod(MethodInvocationHelper.java:104)
	at org.testng.internal.Invoker.invokeMethod(Invoker.java:645)
	at org.testng.internal.Invoker.invokeTestMethod(Invoker.java:851)
	at org.testng.internal.Invoker.invokeTestMethods(Invoker.java:1177)
	at org.testng.internal.TestMethodWorker.invokeTestMethods(TestMethodWorker.java:129)
	at org.testng.internal.TestMethodWorker.run(TestMethodWorker.java:112)
	at org.testng.TestRunner.privateRun(TestRunner.java:756)
	at org.testng.TestRunner.run(TestRunner.java:610)
	at org.testng.SuiteRunner.runTest(SuiteRunner.java:387)
	at org.testng.SuiteRunner.runSequentially(SuiteRunner.java:382)
	at org.testng.SuiteRunner.privateRun(SuiteRunner.java:340)
	at org.testng.SuiteRunner.run(SuiteRunner.java:289)
	at org.testng.SuiteRunnerWorker.runSuite(SuiteRunnerWorker.java:52)
	at org.testng.SuiteRunnerWorker.run(SuiteRunnerWorker.java:86)
	at org.testng.TestNG.runSuitesSequentially(TestNG.java:1293)
	at org.testng.TestNG.runSuitesLocally(TestNG.java:1218)
	at org.testng.TestNG.runSuites(TestNG.java:1133)
	at org.testng.TestNG.run(TestNG.java:1104)
	at org.apache.maven.surefire.testng.TestNGExecutor.run(TestNGExecutor.java:281)
	at org.apache.maven.surefire.testng.TestNGXmlTestSuite.execute(TestNGXmlTestSuite.java:75)
	at org.apache.maven.surefire.testng.TestNGProvider.invoke(TestNGProvider.java:121)
	at org.apache.maven.surefire.booter.ForkedBooter.invokeProviderInSameClassLoader(ForkedBooter.java:290)
	at org.apache.maven.surefire.booter.ForkedBooter.runSuitesInProcess(ForkedBooter.java:242)
	at org.apache.maven.surefire.booter.ForkedBooter.main(ForkedBooter.java:121)
]]></system-err>
  </testcase>
  <testcase name="openingVacancyAndSendingEmptyForm" classname="tests.About.CareersTests" time="6.391"/>
  <testcase name="badEmailChecking" classname="tests.About.ContactUsPageTests" time="4.941"/>
  <testcase name="badEmailChecking" classname="tests.About.ContactUsPageTests" time="66.955">
    <failure message="element not visible&#10;  (Session info: chrome=57.0.2987.98)&#10;  (Driver info: chromedriver=2.28.455517 (2c6d2707d8ea850c862f04ac066724273981e88f),platform=Mac OS X 10.11.6 x86_64) (WARNING: The server did not provide any stacktrace information)&#10;Command duration or timeout: 31 milliseconds&#10;Build info: version: &apos;3.0.1&apos;, revision: &apos;1969d75&apos;, time: &apos;2016-10-18 09:49:13 -0700&apos;&#10;System info: host: &apos;101.lan0.mk.uz.ua&apos;, ip: &apos;192.168.0.101&apos;, os.name: &apos;Mac OS X&apos;, os.arch: &apos;x86_64&apos;, os.version: &apos;10.11.6&apos;, java.version: &apos;1.8.0_101&apos;&#10;Driver info: org.openqa.selenium.chrome.ChromeDriver&#10;Capabilities [{applicationCacheEnabled=false, rotatable=false, mobileEmulationEnabled=false, networkConnectionEnabled=false, chrome={chromedriverVersion=2.28.455517 (2c6d2707d8ea850c862f04ac066724273981e88f), userDataDir=/var/folders/xp/hq6y__313mvbnpb2n5x7bzq00000gn/T/.org.chromium.Chromium.HJgV73}, takesHeapSnapshot=true, pageLoadStrategy=normal, databaseEnabled=false, handlesAlerts=true, hasTouchScreen=false, version=57.0.2987.98, platform=MAC, browserConnectionEnabled=false, nativeEvents=true, acceptSslCerts=true, locationContextEnabled=true, webStorageEnabled=true, browserName=chrome, takesScreenshot=true, javascriptEnabled=true, cssSelectorsEnabled=true, unexpectedAlertBehaviour=}]&#10;Session ID: 07740cd47c3fecacb889f08591f22d03" type="org.openqa.selenium.ElementNotVisibleException">org.openqa.selenium.ElementNotVisibleException: 
element not visible
  (Session info: chrome=57.0.2987.98)
  (Driver info: chromedriver=2.28.455517 (2c6d2707d8ea850c862f04ac066724273981e88f),platform=Mac OS X 10.11.6 x86_64) (WARNING: The server did not provide any stacktrace information)
Command duration or timeout: 31 milliseconds
Build info: version: '3.0.1', revision: '1969d75', time: '2016-10-18 09:49:13 -0700'
System info: host: '101.lan0.mk.uz.ua', ip: '192.168.0.101', os.name: 'Mac OS X', os.arch: 'x86_64', os.version: '10.11.6', java.version: '1.8.0_101'
Driver info: org.openqa.selenium.chrome.ChromeDriver
Capabilities [{applicationCacheEnabled=false, rotatable=false, mobileEmulationEnabled=false, networkConnectionEnabled=false, chrome={chromedriverVersion=2.28.455517 (2c6d2707d8ea850c862f04ac066724273981e88f), userDataDir=/var/folders/xp/hq6y__313mvbnpb2n5x7bzq00000gn/T/.org.chromium.Chromium.HJgV73}, takesHeapSnapshot=true, pageLoadStrategy=normal, databaseEnabled=false, handlesAlerts=true, hasTouchScreen=false, version=57.0.2987.98, platform=MAC, browserConnectionEnabled=false, nativeEvents=true, acceptSslCerts=true, locationContextEnabled=true, webStorageEnabled=true, browserName=chrome, takesScreenshot=true, javascriptEnabled=true, cssSelectorsEnabled=true, unexpectedAlertBehaviour=}]
Session ID: 07740cd47c3fecacb889f08591f22d03
	at tests.About.ContactUsPageTests.badEmailChecking(ContactUsPageTests.java:50)
</failure>
    <system-out><![CDATA[Element Not found trying again - path: //a[text()='CONTACT']]
Element Not found trying again - path: //a[text()='CONTACT']]
]]></system-out>
    <system-err><![CDATA[org.openqa.selenium.TimeoutException: Expected condition failed: waiting for visibility of [[ChromeDriver: chrome on MAC (07740cd47c3fecacb889f08591f22d03)] -> xpath: //a[text()='CONTACT']] (tried for 30 second(s) with 4 SECONDS interval)
Build info: version: '3.0.1', revision: '1969d75', time: '2016-10-18 09:49:13 -0700'
System info: host: '101.lan0.mk.uz.ua', ip: '192.168.0.101', os.name: 'Mac OS X', os.arch: 'x86_64', os.version: '10.11.6', java.version: '1.8.0_101'
Driver info: driver.version: unknown
	at org.openqa.selenium.support.ui.FluentWait.timeoutException(FluentWait.java:296)
	at org.openqa.selenium.support.ui.FluentWait.until(FluentWait.java:265)
	at pageobjects.BaseObjectPage.fluentWaitforElement(BaseObjectPage.java:56)
	at pageobjects.BaseObjectPage.movingToMenuElement(BaseObjectPage.java:131)
	at pageobjects.HomePageObject.goToContact(HomePageObject.java:114)
	at tests.About.ContactUsPageTests.badEmailChecking(ContactUsPageTests.java:50)
	at sun.reflect.NativeMethodAccessorImpl.invoke0(Native Method)
	at sun.reflect.NativeMethodAccessorImpl.invoke(NativeMethodAccessorImpl.java:62)
	at sun.reflect.DelegatingMethodAccessorImpl.invoke(DelegatingMethodAccessorImpl.java:43)
	at java.lang.reflect.Method.invoke(Method.java:498)
	at org.testng.internal.MethodInvocationHelper.invokeMethod(MethodInvocationHelper.java:104)
	at org.testng.internal.Invoker.invokeMethod(Invoker.java:645)
	at org.testng.internal.Invoker.invokeTestMethod(Invoker.java:851)
	at org.testng.internal.Invoker.invokeTestMethods(Invoker.java:1177)
	at org.testng.internal.TestMethodWorker.invokeTestMethods(TestMethodWorker.java:129)
	at org.testng.internal.TestMethodWorker.run(TestMethodWorker.java:112)
	at org.testng.TestRunner.privateRun(TestRunner.java:756)
	at org.testng.TestRunner.run(TestRunner.java:610)
	at org.testng.SuiteRunner.runTest(SuiteRunner.java:387)
	at org.testng.SuiteRunner.runSequentially(SuiteRunner.java:382)
	at org.testng.SuiteRunner.privateRun(SuiteRunner.java:340)
	at org.testng.SuiteRunner.run(SuiteRunner.java:289)
	at org.testng.SuiteRunnerWorker.runSuite(SuiteRunnerWorker.java:52)
	at org.testng.SuiteRunnerWorker.run(SuiteRunnerWorker.java:86)
	at org.testng.TestNG.runSuitesSequentially(TestNG.java:1293)
	at org.testng.TestNG.runSuitesLocally(TestNG.java:1218)
	at org.testng.TestNG.runSuites(TestNG.java:1133)
	at org.testng.TestNG.run(TestNG.java:1104)
	at org.apache.maven.surefire.testng.TestNGExecutor.run(TestNGExecutor.java:281)
	at org.apache.maven.surefire.testng.TestNGXmlTestSuite.execute(TestNGXmlTestSuite.java:75)
	at org.apache.maven.surefire.testng.TestNGProvider.invoke(TestNGProvider.java:121)
	at org.apache.maven.surefire.booter.ForkedBooter.invokeProviderInSameClassLoader(ForkedBooter.java:290)
	at org.apache.maven.surefire.booter.ForkedBooter.runSuitesInProcess(ForkedBooter.java:242)
	at org.apache.maven.surefire.booter.ForkedBooter.main(ForkedBooter.java:121)
org.openqa.selenium.TimeoutException: Expected condition failed: waiting for visibility of [[ChromeDriver: chrome on MAC (07740cd47c3fecacb889f08591f22d03)] -> xpath: //a[text()='CONTACT']] (tried for 30 second(s) with 4 SECONDS interval)
Build info: version: '3.0.1', revision: '1969d75', time: '2016-10-18 09:49:13 -0700'
System info: host: '101.lan0.mk.uz.ua', ip: '192.168.0.101', os.name: 'Mac OS X', os.arch: 'x86_64', os.version: '10.11.6', java.version: '1.8.0_101'
Driver info: driver.version: unknown
	at org.openqa.selenium.support.ui.FluentWait.timeoutException(FluentWait.java:296)
	at org.openqa.selenium.support.ui.FluentWait.until(FluentWait.java:265)
	at pageobjects.BaseObjectPage.fluentWaitforElement(BaseObjectPage.java:56)
	at pageobjects.BaseObjectPage.movingToMenuElement(BaseObjectPage.java:131)
	at pageobjects.HomePageObject.goToContact(HomePageObject.java:114)
	at tests.About.ContactUsPageTests.badEmailChecking(ContactUsPageTests.java:50)
	at sun.reflect.NativeMethodAccessorImpl.invoke0(Native Method)
	at sun.reflect.NativeMethodAccessorImpl.invoke(NativeMethodAccessorImpl.java:62)
	at sun.reflect.DelegatingMethodAccessorImpl.invoke(DelegatingMethodAccessorImpl.java:43)
	at java.lang.reflect.Method.invoke(Method.java:498)
	at org.testng.internal.MethodInvocationHelper.invokeMethod(MethodInvocationHelper.java:104)
	at org.testng.internal.Invoker.invokeMethod(Invoker.java:645)
	at org.testng.internal.Invoker.invokeTestMethod(Invoker.java:851)
	at org.testng.internal.Invoker.invokeTestMethods(Invoker.java:1177)
	at org.testng.internal.TestMethodWorker.invokeTestMethods(TestMethodWorker.java:129)
	at org.testng.internal.TestMethodWorker.run(TestMethodWorker.java:112)
	at org.testng.TestRunner.privateRun(TestRunner.java:756)
	at org.testng.TestRunner.run(TestRunner.java:610)
	at org.testng.SuiteRunner.runTest(SuiteRunner.java:387)
	at org.testng.SuiteRunner.runSequentially(SuiteRunner.java:382)
	at org.testng.SuiteRunner.privateRun(SuiteRunner.java:340)
	at org.testng.SuiteRunner.run(SuiteRunner.java:289)
	at org.testng.SuiteRunnerWorker.runSuite(SuiteRunnerWorker.java:52)
	at org.testng.SuiteRunnerWorker.run(SuiteRunnerWorker.java:86)
	at org.testng.TestNG.runSuitesSequentially(TestNG.java:1293)
	at org.testng.TestNG.runSuitesLocally(TestNG.java:1218)
	at org.testng.TestNG.runSuites(TestNG.java:1133)
	at org.testng.TestNG.run(TestNG.java:1104)
	at org.apache.maven.surefire.testng.TestNGExecutor.run(TestNGExecutor.java:281)
	at org.apache.maven.surefire.testng.TestNGXmlTestSuite.execute(TestNGXmlTestSuite.java:75)
	at org.apache.maven.surefire.testng.TestNGProvider.invoke(TestNGProvider.java:121)
	at org.apache.maven.surefire.booter.ForkedBooter.invokeProviderInSameClassLoader(ForkedBooter.java:290)
	at org.apache.maven.surefire.booter.ForkedBooter.runSuitesInProcess(ForkedBooter.java:242)
	at org.apache.maven.surefire.booter.ForkedBooter.main(ForkedBooter.java:121)
]]></system-err>
  </testcase>
  <testcase name="badEmailChecking" classname="tests.About.ContactUsPageTests" time="5.06"/>
  <testcase name="emptyDataChecking" classname="tests.About.ContactUsPageTests" time="5.022"/>
  <testcase name="emptyDataChecking" classname="tests.About.ContactUsPageTests" time="66.948">
    <failure message="element not visible&#10;  (Session info: chrome=57.0.2987.98)&#10;  (Driver info: chromedriver=2.28.455517 (2c6d2707d8ea850c862f04ac066724273981e88f),platform=Mac OS X 10.11.6 x86_64) (WARNING: The server did not provide any stacktrace information)&#10;Command duration or timeout: 28 milliseconds&#10;Build info: version: &apos;3.0.1&apos;, revision: &apos;1969d75&apos;, time: &apos;2016-10-18 09:49:13 -0700&apos;&#10;System info: host: &apos;101.lan0.mk.uz.ua&apos;, ip: &apos;192.168.0.101&apos;, os.name: &apos;Mac OS X&apos;, os.arch: &apos;x86_64&apos;, os.version: &apos;10.11.6&apos;, java.version: &apos;1.8.0_101&apos;&#10;Driver info: org.openqa.selenium.chrome.ChromeDriver&#10;Capabilities [{applicationCacheEnabled=false, rotatable=false, mobileEmulationEnabled=false, networkConnectionEnabled=false, chrome={chromedriverVersion=2.28.455517 (2c6d2707d8ea850c862f04ac066724273981e88f), userDataDir=/var/folders/xp/hq6y__313mvbnpb2n5x7bzq00000gn/T/.org.chromium.Chromium.HJgV73}, takesHeapSnapshot=true, pageLoadStrategy=normal, databaseEnabled=false, handlesAlerts=true, hasTouchScreen=false, version=57.0.2987.98, platform=MAC, browserConnectionEnabled=false, nativeEvents=true, acceptSslCerts=true, locationContextEnabled=true, webStorageEnabled=true, browserName=chrome, takesScreenshot=true, javascriptEnabled=true, cssSelectorsEnabled=true, unexpectedAlertBehaviour=}]&#10;Session ID: 07740cd47c3fecacb889f08591f22d03" type="org.openqa.selenium.ElementNotVisibleException">org.openqa.selenium.ElementNotVisibleException: 
element not visible
  (Session info: chrome=57.0.2987.98)
  (Driver info: chromedriver=2.28.455517 (2c6d2707d8ea850c862f04ac066724273981e88f),platform=Mac OS X 10.11.6 x86_64) (WARNING: The server did not provide any stacktrace information)
Command duration or timeout: 28 milliseconds
Build info: version: '3.0.1', revision: '1969d75', time: '2016-10-18 09:49:13 -0700'
System info: host: '101.lan0.mk.uz.ua', ip: '192.168.0.101', os.name: 'Mac OS X', os.arch: 'x86_64', os.version: '10.11.6', java.version: '1.8.0_101'
Driver info: org.openqa.selenium.chrome.ChromeDriver
Capabilities [{applicationCacheEnabled=false, rotatable=false, mobileEmulationEnabled=false, networkConnectionEnabled=false, chrome={chromedriverVersion=2.28.455517 (2c6d2707d8ea850c862f04ac066724273981e88f), userDataDir=/var/folders/xp/hq6y__313mvbnpb2n5x7bzq00000gn/T/.org.chromium.Chromium.HJgV73}, takesHeapSnapshot=true, pageLoadStrategy=normal, databaseEnabled=false, handlesAlerts=true, hasTouchScreen=false, version=57.0.2987.98, platform=MAC, browserConnectionEnabled=false, nativeEvents=true, acceptSslCerts=true, locationContextEnabled=true, webStorageEnabled=true, browserName=chrome, takesScreenshot=true, javascriptEnabled=true, cssSelectorsEnabled=true, unexpectedAlertBehaviour=}]
Session ID: 07740cd47c3fecacb889f08591f22d03
	at tests.About.ContactUsPageTests.emptyDataChecking(ContactUsPageTests.java:36)
</failure>
    <system-out><![CDATA[Element Not found trying again - path: //a[text()='CONTACT']]
Element Not found trying again - path: //a[text()='CONTACT']]
]]></system-out>
    <system-err><![CDATA[org.openqa.selenium.TimeoutException: Expected condition failed: waiting for visibility of [[ChromeDriver: chrome on MAC (07740cd47c3fecacb889f08591f22d03)] -> xpath: //a[text()='CONTACT']] (tried for 30 second(s) with 4 SECONDS interval)
Build info: version: '3.0.1', revision: '1969d75', time: '2016-10-18 09:49:13 -0700'
System info: host: '101.lan0.mk.uz.ua', ip: '192.168.0.101', os.name: 'Mac OS X', os.arch: 'x86_64', os.version: '10.11.6', java.version: '1.8.0_101'
Driver info: driver.version: unknown
	at org.openqa.selenium.support.ui.FluentWait.timeoutException(FluentWait.java:296)
	at org.openqa.selenium.support.ui.FluentWait.until(FluentWait.java:265)
	at pageobjects.BaseObjectPage.fluentWaitforElement(BaseObjectPage.java:56)
	at pageobjects.BaseObjectPage.movingToMenuElement(BaseObjectPage.java:131)
	at pageobjects.HomePageObject.goToContact(HomePageObject.java:114)
	at tests.About.ContactUsPageTests.emptyDataChecking(ContactUsPageTests.java:36)
	at sun.reflect.NativeMethodAccessorImpl.invoke0(Native Method)
	at sun.reflect.NativeMethodAccessorImpl.invoke(NativeMethodAccessorImpl.java:62)
	at sun.reflect.DelegatingMethodAccessorImpl.invoke(DelegatingMethodAccessorImpl.java:43)
	at java.lang.reflect.Method.invoke(Method.java:498)
	at org.testng.internal.MethodInvocationHelper.invokeMethod(MethodInvocationHelper.java:104)
	at org.testng.internal.Invoker.invokeMethod(Invoker.java:645)
	at org.testng.internal.Invoker.invokeTestMethod(Invoker.java:851)
	at org.testng.internal.Invoker.invokeTestMethods(Invoker.java:1177)
	at org.testng.internal.TestMethodWorker.invokeTestMethods(TestMethodWorker.java:129)
	at org.testng.internal.TestMethodWorker.run(TestMethodWorker.java:112)
	at org.testng.TestRunner.privateRun(TestRunner.java:756)
	at org.testng.TestRunner.run(TestRunner.java:610)
	at org.testng.SuiteRunner.runTest(SuiteRunner.java:387)
	at org.testng.SuiteRunner.runSequentially(SuiteRunner.java:382)
	at org.testng.SuiteRunner.privateRun(SuiteRunner.java:340)
	at org.testng.SuiteRunner.run(SuiteRunner.java:289)
	at org.testng.SuiteRunnerWorker.runSuite(SuiteRunnerWorker.java:52)
	at org.testng.SuiteRunnerWorker.run(SuiteRunnerWorker.java:86)
	at org.testng.TestNG.runSuitesSequentially(TestNG.java:1293)
	at org.testng.TestNG.runSuitesLocally(TestNG.java:1218)
	at org.testng.TestNG.runSuites(TestNG.java:1133)
	at org.testng.TestNG.run(TestNG.java:1104)
	at org.apache.maven.surefire.testng.TestNGExecutor.run(TestNGExecutor.java:281)
	at org.apache.maven.surefire.testng.TestNGXmlTestSuite.execute(TestNGXmlTestSuite.java:75)
	at org.apache.maven.surefire.testng.TestNGProvider.invoke(TestNGProvider.java:121)
	at org.apache.maven.surefire.booter.ForkedBooter.invokeProviderInSameClassLoader(ForkedBooter.java:290)
	at org.apache.maven.surefire.booter.ForkedBooter.runSuitesInProcess(ForkedBooter.java:242)
	at org.apache.maven.surefire.booter.ForkedBooter.main(ForkedBooter.java:121)
org.openqa.selenium.TimeoutException: Expected condition failed: waiting for visibility of [[ChromeDriver: chrome on MAC (07740cd47c3fecacb889f08591f22d03)] -> xpath: //a[text()='CONTACT']] (tried for 30 second(s) with 4 SECONDS interval)
Build info: version: '3.0.1', revision: '1969d75', time: '2016-10-18 09:49:13 -0700'
System info: host: '101.lan0.mk.uz.ua', ip: '192.168.0.101', os.name: 'Mac OS X', os.arch: 'x86_64', os.version: '10.11.6', java.version: '1.8.0_101'
Driver info: driver.version: unknown
	at org.openqa.selenium.support.ui.FluentWait.timeoutException(FluentWait.java:296)
	at org.openqa.selenium.support.ui.FluentWait.until(FluentWait.java:265)
	at pageobjects.BaseObjectPage.fluentWaitforElement(BaseObjectPage.java:56)
	at pageobjects.BaseObjectPage.movingToMenuElement(BaseObjectPage.java:131)
	at pageobjects.HomePageObject.goToContact(HomePageObject.java:114)
	at tests.About.ContactUsPageTests.emptyDataChecking(ContactUsPageTests.java:36)
	at sun.reflect.NativeMethodAccessorImpl.invoke0(Native Method)
	at sun.reflect.NativeMethodAccessorImpl.invoke(NativeMethodAccessorImpl.java:62)
	at sun.reflect.DelegatingMethodAccessorImpl.invoke(DelegatingMethodAccessorImpl.java:43)
	at java.lang.reflect.Method.invoke(Method.java:498)
	at org.testng.internal.MethodInvocationHelper.invokeMethod(MethodInvocationHelper.java:104)
	at org.testng.internal.Invoker.invokeMethod(Invoker.java:645)
	at org.testng.internal.Invoker.invokeTestMethod(Invoker.java:851)
	at org.testng.internal.Invoker.invokeTestMethods(Invoker.java:1177)
	at org.testng.internal.TestMethodWorker.invokeTestMethods(TestMethodWorker.java:129)
	at org.testng.internal.TestMethodWorker.run(TestMethodWorker.java:112)
	at org.testng.TestRunner.privateRun(TestRunner.java:756)
	at org.testng.TestRunner.run(TestRunner.java:610)
	at org.testng.SuiteRunner.runTest(SuiteRunner.java:387)
	at org.testng.SuiteRunner.runSequentially(SuiteRunner.java:382)
	at org.testng.SuiteRunner.privateRun(SuiteRunner.java:340)
	at org.testng.SuiteRunner.run(SuiteRunner.java:289)
	at org.testng.SuiteRunnerWorker.runSuite(SuiteRunnerWorker.java:52)
	at org.testng.SuiteRunnerWorker.run(SuiteRunnerWorker.java:86)
	at org.testng.TestNG.runSuitesSequentially(TestNG.java:1293)
	at org.testng.TestNG.runSuitesLocally(TestNG.java:1218)
	at org.testng.TestNG.runSuites(TestNG.java:1133)
	at org.testng.TestNG.run(TestNG.java:1104)
	at org.apache.maven.surefire.testng.TestNGExecutor.run(TestNGExecutor.java:281)
	at org.apache.maven.surefire.testng.TestNGXmlTestSuite.execute(TestNGXmlTestSuite.java:75)
	at org.apache.maven.surefire.testng.TestNGProvider.invoke(TestNGProvider.java:121)
	at org.apache.maven.surefire.booter.ForkedBooter.invokeProviderInSameClassLoader(ForkedBooter.java:290)
	at org.apache.maven.surefire.booter.ForkedBooter.runSuitesInProcess(ForkedBooter.java:242)
	at org.apache.maven.surefire.booter.ForkedBooter.main(ForkedBooter.java:121)
]]></system-err>
  </testcase>
  <testcase name="emptyDataChecking" classname="tests.About.ContactUsPageTests" time="8.772"/>
  <testcase name="checkingOurStoryPageAppears" classname="tests.About.OurStory" time="4.525"/>
  <testcase name="checkingOurStoryPageAppears" classname="tests.About.OurStory" time="8.613"/>
  <testcase name="checkingOurStoryPageAppears" classname="tests.About.OurStory" time="67.057">
    <failure message="element not visible&#10;  (Session info: chrome=57.0.2987.98)&#10;  (Driver info: chromedriver=2.28.455517 (2c6d2707d8ea850c862f04ac066724273981e88f),platform=Mac OS X 10.11.6 x86_64) (WARNING: The server did not provide any stacktrace information)&#10;Command duration or timeout: 40 milliseconds&#10;Build info: version: &apos;3.0.1&apos;, revision: &apos;1969d75&apos;, time: &apos;2016-10-18 09:49:13 -0700&apos;&#10;System info: host: &apos;101.lan0.mk.uz.ua&apos;, ip: &apos;192.168.0.101&apos;, os.name: &apos;Mac OS X&apos;, os.arch: &apos;x86_64&apos;, os.version: &apos;10.11.6&apos;, java.version: &apos;1.8.0_101&apos;&#10;Driver info: org.openqa.selenium.chrome.ChromeDriver&#10;Capabilities [{applicationCacheEnabled=false, rotatable=false, mobileEmulationEnabled=false, networkConnectionEnabled=false, chrome={chromedriverVersion=2.28.455517 (2c6d2707d8ea850c862f04ac066724273981e88f), userDataDir=/var/folders/xp/hq6y__313mvbnpb2n5x7bzq00000gn/T/.org.chromium.Chromium.HJgV73}, takesHeapSnapshot=true, pageLoadStrategy=normal, databaseEnabled=false, handlesAlerts=true, hasTouchScreen=false, version=57.0.2987.98, platform=MAC, browserConnectionEnabled=false, nativeEvents=true, acceptSslCerts=true, locationContextEnabled=true, webStorageEnabled=true, browserName=chrome, takesScreenshot=true, javascriptEnabled=true, cssSelectorsEnabled=true, unexpectedAlertBehaviour=}]&#10;Session ID: 07740cd47c3fecacb889f08591f22d03" type="org.openqa.selenium.ElementNotVisibleException">org.openqa.selenium.ElementNotVisibleException: 
element not visible
  (Session info: chrome=57.0.2987.98)
  (Driver info: chromedriver=2.28.455517 (2c6d2707d8ea850c862f04ac066724273981e88f),platform=Mac OS X 10.11.6 x86_64) (WARNING: The server did not provide any stacktrace information)
Command duration or timeout: 40 milliseconds
Build info: version: '3.0.1', revision: '1969d75', time: '2016-10-18 09:49:13 -0700'
System info: host: '101.lan0.mk.uz.ua', ip: '192.168.0.101', os.name: 'Mac OS X', os.arch: 'x86_64', os.version: '10.11.6', java.version: '1.8.0_101'
Driver info: org.openqa.selenium.chrome.ChromeDriver
Capabilities [{applicationCacheEnabled=false, rotatable=false, mobileEmulationEnabled=false, networkConnectionEnabled=false, chrome={chromedriverVersion=2.28.455517 (2c6d2707d8ea850c862f04ac066724273981e88f), userDataDir=/var/folders/xp/hq6y__313mvbnpb2n5x7bzq00000gn/T/.org.chromium.Chromium.HJgV73}, takesHeapSnapshot=true, pageLoadStrategy=normal, databaseEnabled=false, handlesAlerts=true, hasTouchScreen=false, version=57.0.2987.98, platform=MAC, browserConnectionEnabled=false, nativeEvents=true, acceptSslCerts=true, locationContextEnabled=true, webStorageEnabled=true, browserName=chrome, takesScreenshot=true, javascriptEnabled=true, cssSelectorsEnabled=true, unexpectedAlertBehaviour=}]
Session ID: 07740cd47c3fecacb889f08591f22d03
	at tests.About.OurStory.checkingOurStoryPageAppears(OurStory.java:23)
</failure>
    <system-out><![CDATA[Element Not found trying again - path: //a[text()='OUR STORY']]
Element Not found trying again - path: //a[text()='OUR STORY']]
]]></system-out>
    <system-err><![CDATA[org.openqa.selenium.TimeoutException: Expected condition failed: waiting for visibility of [[ChromeDriver: chrome on MAC (07740cd47c3fecacb889f08591f22d03)] -> xpath: //a[text()='OUR STORY']] (tried for 30 second(s) with 4 SECONDS interval)
Build info: version: '3.0.1', revision: '1969d75', time: '2016-10-18 09:49:13 -0700'
System info: host: '101.lan0.mk.uz.ua', ip: '192.168.0.101', os.name: 'Mac OS X', os.arch: 'x86_64', os.version: '10.11.6', java.version: '1.8.0_101'
Driver info: driver.version: unknown
	at org.openqa.selenium.support.ui.FluentWait.timeoutException(FluentWait.java:296)
	at org.openqa.selenium.support.ui.FluentWait.until(FluentWait.java:265)
	at pageobjects.BaseObjectPage.fluentWaitforElement(BaseObjectPage.java:56)
	at pageobjects.BaseObjectPage.movingToMenuElement(BaseObjectPage.java:131)
	at tests.About.OurStory.checkingOurStoryPageAppears(OurStory.java:23)
	at sun.reflect.NativeMethodAccessorImpl.invoke0(Native Method)
	at sun.reflect.NativeMethodAccessorImpl.invoke(NativeMethodAccessorImpl.java:62)
	at sun.reflect.DelegatingMethodAccessorImpl.invoke(DelegatingMethodAccessorImpl.java:43)
	at java.lang.reflect.Method.invoke(Method.java:498)
	at org.testng.internal.MethodInvocationHelper.invokeMethod(MethodInvocationHelper.java:104)
	at org.testng.internal.Invoker.invokeMethod(Invoker.java:645)
	at org.testng.internal.Invoker.invokeTestMethod(Invoker.java:851)
	at org.testng.internal.Invoker.invokeTestMethods(Invoker.java:1177)
	at org.testng.internal.TestMethodWorker.invokeTestMethods(TestMethodWorker.java:129)
	at org.testng.internal.TestMethodWorker.run(TestMethodWorker.java:112)
	at org.testng.TestRunner.privateRun(TestRunner.java:756)
	at org.testng.TestRunner.run(TestRunner.java:610)
	at org.testng.SuiteRunner.runTest(SuiteRunner.java:387)
	at org.testng.SuiteRunner.runSequentially(SuiteRunner.java:382)
	at org.testng.SuiteRunner.privateRun(SuiteRunner.java:340)
	at org.testng.SuiteRunner.run(SuiteRunner.java:289)
	at org.testng.SuiteRunnerWorker.runSuite(SuiteRunnerWorker.java:52)
	at org.testng.SuiteRunnerWorker.run(SuiteRunnerWorker.java:86)
	at org.testng.TestNG.runSuitesSequentially(TestNG.java:1293)
	at org.testng.TestNG.runSuitesLocally(TestNG.java:1218)
	at org.testng.TestNG.runSuites(TestNG.java:1133)
	at org.testng.TestNG.run(TestNG.java:1104)
	at org.apache.maven.surefire.testng.TestNGExecutor.run(TestNGExecutor.java:281)
	at org.apache.maven.surefire.testng.TestNGXmlTestSuite.execute(TestNGXmlTestSuite.java:75)
	at org.apache.maven.surefire.testng.TestNGProvider.invoke(TestNGProvider.java:121)
	at org.apache.maven.surefire.booter.ForkedBooter.invokeProviderInSameClassLoader(ForkedBooter.java:290)
	at org.apache.maven.surefire.booter.ForkedBooter.runSuitesInProcess(ForkedBooter.java:242)
	at org.apache.maven.surefire.booter.ForkedBooter.main(ForkedBooter.java:121)
org.openqa.selenium.TimeoutException: Expected condition failed: waiting for visibility of [[ChromeDriver: chrome on MAC (07740cd47c3fecacb889f08591f22d03)] -> xpath: //a[text()='OUR STORY']] (tried for 30 second(s) with 4 SECONDS interval)
Build info: version: '3.0.1', revision: '1969d75', time: '2016-10-18 09:49:13 -0700'
System info: host: '101.lan0.mk.uz.ua', ip: '192.168.0.101', os.name: 'Mac OS X', os.arch: 'x86_64', os.version: '10.11.6', java.version: '1.8.0_101'
Driver info: driver.version: unknown
	at org.openqa.selenium.support.ui.FluentWait.timeoutException(FluentWait.java:296)
	at org.openqa.selenium.support.ui.FluentWait.until(FluentWait.java:265)
	at pageobjects.BaseObjectPage.fluentWaitforElement(BaseObjectPage.java:56)
	at pageobjects.BaseObjectPage.movingToMenuElement(BaseObjectPage.java:131)
	at tests.About.OurStory.checkingOurStoryPageAppears(OurStory.java:23)
	at sun.reflect.NativeMethodAccessorImpl.invoke0(Native Method)
	at sun.reflect.NativeMethodAccessorImpl.invoke(NativeMethodAccessorImpl.java:62)
	at sun.reflect.DelegatingMethodAccessorImpl.invoke(DelegatingMethodAccessorImpl.java:43)
	at java.lang.reflect.Method.invoke(Method.java:498)
	at org.testng.internal.MethodInvocationHelper.invokeMethod(MethodInvocationHelper.java:104)
	at org.testng.internal.Invoker.invokeMethod(Invoker.java:645)
	at org.testng.internal.Invoker.invokeTestMethod(Invoker.java:851)
	at org.testng.internal.Invoker.invokeTestMethods(Invoker.java:1177)
	at org.testng.internal.TestMethodWorker.invokeTestMethods(TestMethodWorker.java:129)
	at org.testng.internal.TestMethodWorker.run(TestMethodWorker.java:112)
	at org.testng.TestRunner.privateRun(TestRunner.java:756)
	at org.testng.TestRunner.run(TestRunner.java:610)
	at org.testng.SuiteRunner.runTest(SuiteRunner.java:387)
	at org.testng.SuiteRunner.runSequentially(SuiteRunner.java:382)
	at org.testng.SuiteRunner.privateRun(SuiteRunner.java:340)
	at org.testng.SuiteRunner.run(SuiteRunner.java:289)
	at org.testng.SuiteRunnerWorker.runSuite(SuiteRunnerWorker.java:52)
	at org.testng.SuiteRunnerWorker.run(SuiteRunnerWorker.java:86)
	at org.testng.TestNG.runSuitesSequentially(TestNG.java:1293)
	at org.testng.TestNG.runSuitesLocally(TestNG.java:1218)
	at org.testng.TestNG.runSuites(TestNG.java:1133)
	at org.testng.TestNG.run(TestNG.java:1104)
	at org.apache.maven.surefire.testng.TestNGExecutor.run(TestNGExecutor.java:281)
	at org.apache.maven.surefire.testng.TestNGXmlTestSuite.execute(TestNGXmlTestSuite.java:75)
	at org.apache.maven.surefire.testng.TestNGProvider.invoke(TestNGProvider.java:121)
	at org.apache.maven.surefire.booter.ForkedBooter.invokeProviderInSameClassLoader(ForkedBooter.java:290)
	at org.apache.maven.surefire.booter.ForkedBooter.runSuitesInProcess(ForkedBooter.java:242)
	at org.apache.maven.surefire.booter.ForkedBooter.main(ForkedBooter.java:121)
]]></system-err>
  </testcase>
  <testcase name="checkingOurStoryThatElementsArePresent" classname="tests.About.OurStory" time="48.965"/>
  <testcase name="checkingOurStoryThatElementsArePresent" classname="tests.About.OurStory" time="12.73"/>
  <testcase name="checkingOurStoryThatElementsArePresent" classname="tests.About.OurStory" time="66.977">
    <failure message="element not visible&#10;  (Session info: chrome=57.0.2987.98)&#10;  (Driver info: chromedriver=2.28.455517 (2c6d2707d8ea850c862f04ac066724273981e88f),platform=Mac OS X 10.11.6 x86_64) (WARNING: The server did not provide any stacktrace information)&#10;Command duration or timeout: 28 milliseconds&#10;Build info: version: &apos;3.0.1&apos;, revision: &apos;1969d75&apos;, time: &apos;2016-10-18 09:49:13 -0700&apos;&#10;System info: host: &apos;101.lan0.mk.uz.ua&apos;, ip: &apos;192.168.0.101&apos;, os.name: &apos;Mac OS X&apos;, os.arch: &apos;x86_64&apos;, os.version: &apos;10.11.6&apos;, java.version: &apos;1.8.0_101&apos;&#10;Driver info: org.openqa.selenium.chrome.ChromeDriver&#10;Capabilities [{applicationCacheEnabled=false, rotatable=false, mobileEmulationEnabled=false, networkConnectionEnabled=false, chrome={chromedriverVersion=2.28.455517 (2c6d2707d8ea850c862f04ac066724273981e88f), userDataDir=/var/folders/xp/hq6y__313mvbnpb2n5x7bzq00000gn/T/.org.chromium.Chromium.HJgV73}, takesHeapSnapshot=true, pageLoadStrategy=normal, databaseEnabled=false, handlesAlerts=true, hasTouchScreen=false, version=57.0.2987.98, platform=MAC, browserConnectionEnabled=false, nativeEvents=true, acceptSslCerts=true, locationContextEnabled=true, webStorageEnabled=true, browserName=chrome, takesScreenshot=true, javascriptEnabled=true, cssSelectorsEnabled=true, unexpectedAlertBehaviour=}]&#10;Session ID: 07740cd47c3fecacb889f08591f22d03" type="org.openqa.selenium.ElementNotVisibleException">org.openqa.selenium.ElementNotVisibleException: 
element not visible
  (Session info: chrome=57.0.2987.98)
  (Driver info: chromedriver=2.28.455517 (2c6d2707d8ea850c862f04ac066724273981e88f),platform=Mac OS X 10.11.6 x86_64) (WARNING: The server did not provide any stacktrace information)
Command duration or timeout: 28 milliseconds
Build info: version: '3.0.1', revision: '1969d75', time: '2016-10-18 09:49:13 -0700'
System info: host: '101.lan0.mk.uz.ua', ip: '192.168.0.101', os.name: 'Mac OS X', os.arch: 'x86_64', os.version: '10.11.6', java.version: '1.8.0_101'
Driver info: org.openqa.selenium.chrome.ChromeDriver
Capabilities [{applicationCacheEnabled=false, rotatable=false, mobileEmulationEnabled=false, networkConnectionEnabled=false, chrome={chromedriverVersion=2.28.455517 (2c6d2707d8ea850c862f04ac066724273981e88f), userDataDir=/var/folders/xp/hq6y__313mvbnpb2n5x7bzq00000gn/T/.org.chromium.Chromium.HJgV73}, takesHeapSnapshot=true, pageLoadStrategy=normal, databaseEnabled=false, handlesAlerts=true, hasTouchScreen=false, version=57.0.2987.98, platform=MAC, browserConnectionEnabled=false, nativeEvents=true, acceptSslCerts=true, locationContextEnabled=true, webStorageEnabled=true, browserName=chrome, takesScreenshot=true, javascriptEnabled=true, cssSelectorsEnabled=true, unexpectedAlertBehaviour=}]
Session ID: 07740cd47c3fecacb889f08591f22d03
	at tests.About.OurStory.checkingOurStoryThatElementsArePresent(OurStory.java:30)
</failure>
    <system-out><![CDATA[Element Not found trying again - path: //a[text()='OUR STORY']]
Element Not found trying again - path: //a[text()='OUR STORY']]
]]></system-out>
    <system-err><![CDATA[org.openqa.selenium.TimeoutException: Expected condition failed: waiting for visibility of [[ChromeDriver: chrome on MAC (07740cd47c3fecacb889f08591f22d03)] -> xpath: //a[text()='OUR STORY']] (tried for 30 second(s) with 4 SECONDS interval)
Build info: version: '3.0.1', revision: '1969d75', time: '2016-10-18 09:49:13 -0700'
System info: host: '101.lan0.mk.uz.ua', ip: '192.168.0.101', os.name: 'Mac OS X', os.arch: 'x86_64', os.version: '10.11.6', java.version: '1.8.0_101'
Driver info: driver.version: unknown
	at org.openqa.selenium.support.ui.FluentWait.timeoutException(FluentWait.java:296)
	at org.openqa.selenium.support.ui.FluentWait.until(FluentWait.java:265)
	at pageobjects.BaseObjectPage.fluentWaitforElement(BaseObjectPage.java:56)
	at pageobjects.BaseObjectPage.movingToMenuElement(BaseObjectPage.java:131)
	at tests.About.OurStory.checkingOurStoryThatElementsArePresent(OurStory.java:30)
	at sun.reflect.NativeMethodAccessorImpl.invoke0(Native Method)
	at sun.reflect.NativeMethodAccessorImpl.invoke(NativeMethodAccessorImpl.java:62)
	at sun.reflect.DelegatingMethodAccessorImpl.invoke(DelegatingMethodAccessorImpl.java:43)
	at java.lang.reflect.Method.invoke(Method.java:498)
	at org.testng.internal.MethodInvocationHelper.invokeMethod(MethodInvocationHelper.java:104)
	at org.testng.internal.Invoker.invokeMethod(Invoker.java:645)
	at org.testng.internal.Invoker.invokeTestMethod(Invoker.java:851)
	at org.testng.internal.Invoker.invokeTestMethods(Invoker.java:1177)
	at org.testng.internal.TestMethodWorker.invokeTestMethods(TestMethodWorker.java:129)
	at org.testng.internal.TestMethodWorker.run(TestMethodWorker.java:112)
	at org.testng.TestRunner.privateRun(TestRunner.java:756)
	at org.testng.TestRunner.run(TestRunner.java:610)
	at org.testng.SuiteRunner.runTest(SuiteRunner.java:387)
	at org.testng.SuiteRunner.runSequentially(SuiteRunner.java:382)
	at org.testng.SuiteRunner.privateRun(SuiteRunner.java:340)
	at org.testng.SuiteRunner.run(SuiteRunner.java:289)
	at org.testng.SuiteRunnerWorker.runSuite(SuiteRunnerWorker.java:52)
	at org.testng.SuiteRunnerWorker.run(SuiteRunnerWorker.java:86)
	at org.testng.TestNG.runSuitesSequentially(TestNG.java:1293)
	at org.testng.TestNG.runSuitesLocally(TestNG.java:1218)
	at org.testng.TestNG.runSuites(TestNG.java:1133)
	at org.testng.TestNG.run(TestNG.java:1104)
	at org.apache.maven.surefire.testng.TestNGExecutor.run(TestNGExecutor.java:281)
	at org.apache.maven.surefire.testng.TestNGXmlTestSuite.execute(TestNGXmlTestSuite.java:75)
	at org.apache.maven.surefire.testng.TestNGProvider.invoke(TestNGProvider.java:121)
	at org.apache.maven.surefire.booter.ForkedBooter.invokeProviderInSameClassLoader(ForkedBooter.java:290)
	at org.apache.maven.surefire.booter.ForkedBooter.runSuitesInProcess(ForkedBooter.java:242)
	at org.apache.maven.surefire.booter.ForkedBooter.main(ForkedBooter.java:121)
org.openqa.selenium.TimeoutException: Expected condition failed: waiting for visibility of [[ChromeDriver: chrome on MAC (07740cd47c3fecacb889f08591f22d03)] -> xpath: //a[text()='OUR STORY']] (tried for 30 second(s) with 4 SECONDS interval)
Build info: version: '3.0.1', revision: '1969d75', time: '2016-10-18 09:49:13 -0700'
System info: host: '101.lan0.mk.uz.ua', ip: '192.168.0.101', os.name: 'Mac OS X', os.arch: 'x86_64', os.version: '10.11.6', java.version: '1.8.0_101'
Driver info: driver.version: unknown
	at org.openqa.selenium.support.ui.FluentWait.timeoutException(FluentWait.java:296)
	at org.openqa.selenium.support.ui.FluentWait.until(FluentWait.java:265)
	at pageobjects.BaseObjectPage.fluentWaitforElement(BaseObjectPage.java:56)
	at pageobjects.BaseObjectPage.movingToMenuElement(BaseObjectPage.java:131)
	at tests.About.OurStory.checkingOurStoryThatElementsArePresent(OurStory.java:30)
	at sun.reflect.NativeMethodAccessorImpl.invoke0(Native Method)
	at sun.reflect.NativeMethodAccessorImpl.invoke(NativeMethodAccessorImpl.java:62)
	at sun.reflect.DelegatingMethodAccessorImpl.invoke(DelegatingMethodAccessorImpl.java:43)
	at java.lang.reflect.Method.invoke(Method.java:498)
	at org.testng.internal.MethodInvocationHelper.invokeMethod(MethodInvocationHelper.java:104)
	at org.testng.internal.Invoker.invokeMethod(Invoker.java:645)
	at org.testng.internal.Invoker.invokeTestMethod(Invoker.java:851)
	at org.testng.internal.Invoker.invokeTestMethods(Invoker.java:1177)
	at org.testng.internal.TestMethodWorker.invokeTestMethods(TestMethodWorker.java:129)
	at org.testng.internal.TestMethodWorker.run(TestMethodWorker.java:112)
	at org.testng.TestRunner.privateRun(TestRunner.java:756)
	at org.testng.TestRunner.run(TestRunner.java:610)
	at org.testng.SuiteRunner.runTest(SuiteRunner.java:387)
	at org.testng.SuiteRunner.runSequentially(SuiteRunner.java:382)
	at org.testng.SuiteRunner.privateRun(SuiteRunner.java:340)
	at org.testng.SuiteRunner.run(SuiteRunner.java:289)
	at org.testng.SuiteRunnerWorker.runSuite(SuiteRunnerWorker.java:52)
	at org.testng.SuiteRunnerWorker.run(SuiteRunnerWorker.java:86)
	at org.testng.TestNG.runSuitesSequentially(TestNG.java:1293)
	at org.testng.TestNG.runSuitesLocally(TestNG.java:1218)
	at org.testng.TestNG.runSuites(TestNG.java:1133)
	at org.testng.TestNG.run(TestNG.java:1104)
	at org.apache.maven.surefire.testng.TestNGExecutor.run(TestNGExecutor.java:281)
	at org.apache.maven.surefire.testng.TestNGXmlTestSuite.execute(TestNGXmlTestSuite.java:75)
	at org.apache.maven.surefire.testng.TestNGProvider.invoke(TestNGProvider.java:121)
	at org.apache.maven.surefire.booter.ForkedBooter.invokeProviderInSameClassLoader(ForkedBooter.java:290)
	at org.apache.maven.surefire.booter.ForkedBooter.runSuitesInProcess(ForkedBooter.java:242)
	at org.apache.maven.surefire.booter.ForkedBooter.main(ForkedBooter.java:121)
]]></system-err>
  </testcase>
  <testcase name="checkingOfEmployeeQuote" classname="tests.About.TeamTests" time="4.717"/>
  <testcase name="checkingOfEmployeeQuote" classname="tests.About.TeamTests" time="66.784">
    <failure message="element not visible&#10;  (Session info: chrome=57.0.2987.98)&#10;  (Driver info: chromedriver=2.28.455517 (2c6d2707d8ea850c862f04ac066724273981e88f),platform=Mac OS X 10.11.6 x86_64) (WARNING: The server did not provide any stacktrace information)&#10;Command duration or timeout: 33 milliseconds&#10;Build info: version: &apos;3.0.1&apos;, revision: &apos;1969d75&apos;, time: &apos;2016-10-18 09:49:13 -0700&apos;&#10;System info: host: &apos;101.lan0.mk.uz.ua&apos;, ip: &apos;192.168.0.101&apos;, os.name: &apos;Mac OS X&apos;, os.arch: &apos;x86_64&apos;, os.version: &apos;10.11.6&apos;, java.version: &apos;1.8.0_101&apos;&#10;Driver info: org.openqa.selenium.chrome.ChromeDriver&#10;Capabilities [{applicationCacheEnabled=false, rotatable=false, mobileEmulationEnabled=false, networkConnectionEnabled=false, chrome={chromedriverVersion=2.28.455517 (2c6d2707d8ea850c862f04ac066724273981e88f), userDataDir=/var/folders/xp/hq6y__313mvbnpb2n5x7bzq00000gn/T/.org.chromium.Chromium.HJgV73}, takesHeapSnapshot=true, pageLoadStrategy=normal, databaseEnabled=false, handlesAlerts=true, hasTouchScreen=false, version=57.0.2987.98, platform=MAC, browserConnectionEnabled=false, nativeEvents=true, acceptSslCerts=true, locationContextEnabled=true, webStorageEnabled=true, browserName=chrome, takesScreenshot=true, javascriptEnabled=true, cssSelectorsEnabled=true, unexpectedAlertBehaviour=}]&#10;Session ID: 07740cd47c3fecacb889f08591f22d03" type="org.openqa.selenium.ElementNotVisibleException">org.openqa.selenium.ElementNotVisibleException: 
element not visible
  (Session info: chrome=57.0.2987.98)
  (Driver info: chromedriver=2.28.455517 (2c6d2707d8ea850c862f04ac066724273981e88f),platform=Mac OS X 10.11.6 x86_64) (WARNING: The server did not provide any stacktrace information)
Command duration or timeout: 33 milliseconds
Build info: version: '3.0.1', revision: '1969d75', time: '2016-10-18 09:49:13 -0700'
System info: host: '101.lan0.mk.uz.ua', ip: '192.168.0.101', os.name: 'Mac OS X', os.arch: 'x86_64', os.version: '10.11.6', java.version: '1.8.0_101'
Driver info: org.openqa.selenium.chrome.ChromeDriver
Capabilities [{applicationCacheEnabled=false, rotatable=false, mobileEmulationEnabled=false, networkConnectionEnabled=false, chrome={chromedriverVersion=2.28.455517 (2c6d2707d8ea850c862f04ac066724273981e88f), userDataDir=/var/folders/xp/hq6y__313mvbnpb2n5x7bzq00000gn/T/.org.chromium.Chromium.HJgV73}, takesHeapSnapshot=true, pageLoadStrategy=normal, databaseEnabled=false, handlesAlerts=true, hasTouchScreen=false, version=57.0.2987.98, platform=MAC, browserConnectionEnabled=false, nativeEvents=true, acceptSslCerts=true, locationContextEnabled=true, webStorageEnabled=true, browserName=chrome, takesScreenshot=true, javascriptEnabled=true, cssSelectorsEnabled=true, unexpectedAlertBehaviour=}]
Session ID: 07740cd47c3fecacb889f08591f22d03
	at tests.About.TeamTests.checkingOfEmployeeQuote(TeamTests.java:19)
</failure>
    <system-out><![CDATA[Element Not found trying again - path: //a[text()='TEAM']]
Element Not found trying again - path: //a[text()='TEAM']]
]]></system-out>
    <system-err><![CDATA[org.openqa.selenium.TimeoutException: Expected condition failed: waiting for visibility of [[ChromeDriver: chrome on MAC (07740cd47c3fecacb889f08591f22d03)] -> xpath: //a[text()='TEAM']] (tried for 30 second(s) with 4 SECONDS interval)
Build info: version: '3.0.1', revision: '1969d75', time: '2016-10-18 09:49:13 -0700'
System info: host: '101.lan0.mk.uz.ua', ip: '192.168.0.101', os.name: 'Mac OS X', os.arch: 'x86_64', os.version: '10.11.6', java.version: '1.8.0_101'
Driver info: driver.version: unknown
	at org.openqa.selenium.support.ui.FluentWait.timeoutException(FluentWait.java:296)
	at org.openqa.selenium.support.ui.FluentWait.until(FluentWait.java:265)
	at pageobjects.BaseObjectPage.fluentWaitforElement(BaseObjectPage.java:56)
	at pageobjects.BaseObjectPage.movingToMenuElement(BaseObjectPage.java:131)
	at tests.About.TeamTests.checkingOfEmployeeQuote(TeamTests.java:19)
	at sun.reflect.NativeMethodAccessorImpl.invoke0(Native Method)
	at sun.reflect.NativeMethodAccessorImpl.invoke(NativeMethodAccessorImpl.java:62)
	at sun.reflect.DelegatingMethodAccessorImpl.invoke(DelegatingMethodAccessorImpl.java:43)
	at java.lang.reflect.Method.invoke(Method.java:498)
	at org.testng.internal.MethodInvocationHelper.invokeMethod(MethodInvocationHelper.java:104)
	at org.testng.internal.Invoker.invokeMethod(Invoker.java:645)
	at org.testng.internal.Invoker.invokeTestMethod(Invoker.java:851)
	at org.testng.internal.Invoker.invokeTestMethods(Invoker.java:1177)
	at org.testng.internal.TestMethodWorker.invokeTestMethods(TestMethodWorker.java:129)
	at org.testng.internal.TestMethodWorker.run(TestMethodWorker.java:112)
	at org.testng.TestRunner.privateRun(TestRunner.java:756)
	at org.testng.TestRunner.run(TestRunner.java:610)
	at org.testng.SuiteRunner.runTest(SuiteRunner.java:387)
	at org.testng.SuiteRunner.runSequentially(SuiteRunner.java:382)
	at org.testng.SuiteRunner.privateRun(SuiteRunner.java:340)
	at org.testng.SuiteRunner.run(SuiteRunner.java:289)
	at org.testng.SuiteRunnerWorker.runSuite(SuiteRunnerWorker.java:52)
	at org.testng.SuiteRunnerWorker.run(SuiteRunnerWorker.java:86)
	at org.testng.TestNG.runSuitesSequentially(TestNG.java:1293)
	at org.testng.TestNG.runSuitesLocally(TestNG.java:1218)
	at org.testng.TestNG.runSuites(TestNG.java:1133)
	at org.testng.TestNG.run(TestNG.java:1104)
	at org.apache.maven.surefire.testng.TestNGExecutor.run(TestNGExecutor.java:281)
	at org.apache.maven.surefire.testng.TestNGXmlTestSuite.execute(TestNGXmlTestSuite.java:75)
	at org.apache.maven.surefire.testng.TestNGProvider.invoke(TestNGProvider.java:121)
	at org.apache.maven.surefire.booter.ForkedBooter.invokeProviderInSameClassLoader(ForkedBooter.java:290)
	at org.apache.maven.surefire.booter.ForkedBooter.runSuitesInProcess(ForkedBooter.java:242)
	at org.apache.maven.surefire.booter.ForkedBooter.main(ForkedBooter.java:121)
org.openqa.selenium.TimeoutException: Expected condition failed: waiting for visibility of [[ChromeDriver: chrome on MAC (07740cd47c3fecacb889f08591f22d03)] -> xpath: //a[text()='TEAM']] (tried for 30 second(s) with 4 SECONDS interval)
Build info: version: '3.0.1', revision: '1969d75', time: '2016-10-18 09:49:13 -0700'
System info: host: '101.lan0.mk.uz.ua', ip: '192.168.0.101', os.name: 'Mac OS X', os.arch: 'x86_64', os.version: '10.11.6', java.version: '1.8.0_101'
Driver info: driver.version: unknown
	at org.openqa.selenium.support.ui.FluentWait.timeoutException(FluentWait.java:296)
	at org.openqa.selenium.support.ui.FluentWait.until(FluentWait.java:265)
	at pageobjects.BaseObjectPage.fluentWaitforElement(BaseObjectPage.java:56)
	at pageobjects.BaseObjectPage.movingToMenuElement(BaseObjectPage.java:131)
	at tests.About.TeamTests.checkingOfEmployeeQuote(TeamTests.java:19)
	at sun.reflect.NativeMethodAccessorImpl.invoke0(Native Method)
	at sun.reflect.NativeMethodAccessorImpl.invoke(NativeMethodAccessorImpl.java:62)
	at sun.reflect.DelegatingMethodAccessorImpl.invoke(DelegatingMethodAccessorImpl.java:43)
	at java.lang.reflect.Method.invoke(Method.java:498)
	at org.testng.internal.MethodInvocationHelper.invokeMethod(MethodInvocationHelper.java:104)
	at org.testng.internal.Invoker.invokeMethod(Invoker.java:645)
	at org.testng.internal.Invoker.invokeTestMethod(Invoker.java:851)
	at org.testng.internal.Invoker.invokeTestMethods(Invoker.java:1177)
	at org.testng.internal.TestMethodWorker.invokeTestMethods(TestMethodWorker.java:129)
	at org.testng.internal.TestMethodWorker.run(TestMethodWorker.java:112)
	at org.testng.TestRunner.privateRun(TestRunner.java:756)
	at org.testng.TestRunner.run(TestRunner.java:610)
	at org.testng.SuiteRunner.runTest(SuiteRunner.java:387)
	at org.testng.SuiteRunner.runSequentially(SuiteRunner.java:382)
	at org.testng.SuiteRunner.privateRun(SuiteRunner.java:340)
	at org.testng.SuiteRunner.run(SuiteRunner.java:289)
	at org.testng.SuiteRunnerWorker.runSuite(SuiteRunnerWorker.java:52)
	at org.testng.SuiteRunnerWorker.run(SuiteRunnerWorker.java:86)
	at org.testng.TestNG.runSuitesSequentially(TestNG.java:1293)
	at org.testng.TestNG.runSuitesLocally(TestNG.java:1218)
	at org.testng.TestNG.runSuites(TestNG.java:1133)
	at org.testng.TestNG.run(TestNG.java:1104)
	at org.apache.maven.surefire.testng.TestNGExecutor.run(TestNGExecutor.java:281)
	at org.apache.maven.surefire.testng.TestNGXmlTestSuite.execute(TestNGXmlTestSuite.java:75)
	at org.apache.maven.surefire.testng.TestNGProvider.invoke(TestNGProvider.java:121)
	at org.apache.maven.surefire.booter.ForkedBooter.invokeProviderInSameClassLoader(ForkedBooter.java:290)
	at org.apache.maven.surefire.booter.ForkedBooter.runSuitesInProcess(ForkedBooter.java:242)
	at org.apache.maven.surefire.booter.ForkedBooter.main(ForkedBooter.java:121)
]]></system-err>
  </testcase>
  <testcase name="checkingOfEmployeeQuote" classname="tests.About.TeamTests" time="4.282"/>
  <testcase name="bottomMenuVerifying" classname="tests.HomePageTests" time="18.109"/>
  <testcase name="bottomMenuVerifying" classname="tests.HomePageTests" time="10.703">
    <failure message="no such element: Unable to locate element: {&quot;method&quot;:&quot;xpath&quot;,&quot;selector&quot;:&quot;//h1[@class=&apos;page-title&apos;]&quot;}&#10;  (Session info: chrome=57.0.2987.98)&#10;  (Driver info: chromedriver=2.28.455517 (2c6d2707d8ea850c862f04ac066724273981e88f),platform=Mac OS X 10.11.6 x86_64) (WARNING: The server did not provide any stacktrace information)&#10;Command duration or timeout: 2.02 seconds&#10;For documentation on this error, please visit: http://seleniumhq.org/exceptions/no_such_element.html&#10;Build info: version: &apos;3.0.1&apos;, revision: &apos;1969d75&apos;, time: &apos;2016-10-18 09:49:13 -0700&apos;&#10;System info: host: &apos;101.lan0.mk.uz.ua&apos;, ip: &apos;192.168.0.101&apos;, os.name: &apos;Mac OS X&apos;, os.arch: &apos;x86_64&apos;, os.version: &apos;10.11.6&apos;, java.version: &apos;1.8.0_101&apos;&#10;Driver info: org.openqa.selenium.chrome.ChromeDriver&#10;Capabilities [{applicationCacheEnabled=false, rotatable=false, mobileEmulationEnabled=false, networkConnectionEnabled=false, chrome={chromedriverVersion=2.28.455517 (2c6d2707d8ea850c862f04ac066724273981e88f), userDataDir=/var/folders/xp/hq6y__313mvbnpb2n5x7bzq00000gn/T/.org.chromium.Chromium.HJgV73}, takesHeapSnapshot=true, pageLoadStrategy=normal, databaseEnabled=false, handlesAlerts=true, hasTouchScreen=false, version=57.0.2987.98, platform=MAC, browserConnectionEnabled=false, nativeEvents=true, acceptSslCerts=true, locationContextEnabled=true, webStorageEnabled=true, browserName=chrome, takesScreenshot=true, javascriptEnabled=true, cssSelectorsEnabled=true, unexpectedAlertBehaviour=}]&#10;Session ID: 07740cd47c3fecacb889f08591f22d03&#10;*** Element info: {Using=xpath, value=//h1[@class=&apos;page-title&apos;]}" type="org.openqa.selenium.NoSuchElementException">org.openqa.selenium.NoSuchElementException: 
no such element: Unable to locate element: {"method":"xpath","selector":"//h1[@class='page-title']"}
  (Session info: chrome=57.0.2987.98)
  (Driver info: chromedriver=2.28.455517 (2c6d2707d8ea850c862f04ac066724273981e88f),platform=Mac OS X 10.11.6 x86_64) (WARNING: The server did not provide any stacktrace information)
Command duration or timeout: 2.02 seconds
For documentation on this error, please visit: http://seleniumhq.org/exceptions/no_such_element.html
Build info: version: '3.0.1', revision: '1969d75', time: '2016-10-18 09:49:13 -0700'
System info: host: '101.lan0.mk.uz.ua', ip: '192.168.0.101', os.name: 'Mac OS X', os.arch: 'x86_64', os.version: '10.11.6', java.version: '1.8.0_101'
Driver info: org.openqa.selenium.chrome.ChromeDriver
Capabilities [{applicationCacheEnabled=false, rotatable=false, mobileEmulationEnabled=false, networkConnectionEnabled=false, chrome={chromedriverVersion=2.28.455517 (2c6d2707d8ea850c862f04ac066724273981e88f), userDataDir=/var/folders/xp/hq6y__313mvbnpb2n5x7bzq00000gn/T/.org.chromium.Chromium.HJgV73}, takesHeapSnapshot=true, pageLoadStrategy=normal, databaseEnabled=false, handlesAlerts=true, hasTouchScreen=false, version=57.0.2987.98, platform=MAC, browserConnectionEnabled=false, nativeEvents=true, acceptSslCerts=true, locationContextEnabled=true, webStorageEnabled=true, browserName=chrome, takesScreenshot=true, javascriptEnabled=true, cssSelectorsEnabled=true, unexpectedAlertBehaviour=}]
Session ID: 07740cd47c3fecacb889f08591f22d03
*** Element info: {Using=xpath, value=//h1[@class='page-title']}
	at tests.HomePageTests.bottomMenuVerifying(HomePageTests.java:180)
</failure>
  </testcase>
  <testcase name="bottomMenuVerifying" classname="tests.HomePageTests" time="16.131"/>
  <testcase name="bscrollingToResources" classname="tests.HomePageTests" time="3.005"/>
  <testcase name="bscrollingToResources" classname="tests.HomePageTests" time="3.234"/>
  <testcase name="bscrollingToResources" classname="tests.HomePageTests" time="1.869">
    <failure message="unknown error: Element &lt;a href=&quot;https://cueconnect.com/resources/&quot;&gt;...&lt;/a&gt; is not clickable at point (204, 9). Other element would receive the click: &lt;a href=&quot;https://cueconnect.com&quot; class=&quot;navbar-brand header-logo&quot;&gt;...&lt;/a&gt;&#10;  (Session info: chrome=57.0.2987.98)&#10;  (Driver info: chromedriver=2.28.455517 (2c6d2707d8ea850c862f04ac066724273981e88f),platform=Mac OS X 10.11.6 x86_64) (WARNING: The server did not provide any stacktrace information)&#10;Command duration or timeout: 418 milliseconds&#10;Build info: version: &apos;3.0.1&apos;, revision: &apos;1969d75&apos;, time: &apos;2016-10-18 09:49:13 -0700&apos;&#10;System info: host: &apos;101.lan0.mk.uz.ua&apos;, ip: &apos;192.168.0.101&apos;, os.name: &apos;Mac OS X&apos;, os.arch: &apos;x86_64&apos;, os.version: &apos;10.11.6&apos;, java.version: &apos;1.8.0_101&apos;&#10;Driver info: org.openqa.selenium.chrome.ChromeDriver&#10;Capabilities [{applicationCacheEnabled=false, rotatable=false, mobileEmulationEnabled=false, networkConnectionEnabled=false, chrome={chromedriverVersion=2.28.455517 (2c6d2707d8ea850c862f04ac066724273981e88f), userDataDir=/var/folders/xp/hq6y__313mvbnpb2n5x7bzq00000gn/T/.org.chromium.Chromium.HJgV73}, takesHeapSnapshot=true, pageLoadStrategy=normal, databaseEnabled=false, handlesAlerts=true, hasTouchScreen=false, version=57.0.2987.98, platform=MAC, browserConnectionEnabled=false, nativeEvents=true, acceptSslCerts=true, locationContextEnabled=true, webStorageEnabled=true, browserName=chrome, takesScreenshot=true, javascriptEnabled=true, cssSelectorsEnabled=true, unexpectedAlertBehaviour=}]&#10;Session ID: 07740cd47c3fecacb889f08591f22d03" type="org.openqa.selenium.WebDriverException"><![CDATA[org.openqa.selenium.WebDriverException: 
unknown error: Element <a href="https://cueconnect.com/resources/">...</a> is not clickable at point (204, 9). Other element would receive the click: <a href="https://cueconnect.com" class="navbar-brand header-logo">...</a>
  (Session info: chrome=57.0.2987.98)
  (Driver info: chromedriver=2.28.455517 (2c6d2707d8ea850c862f04ac066724273981e88f),platform=Mac OS X 10.11.6 x86_64) (WARNING: The server did not provide any stacktrace information)
Command duration or timeout: 418 milliseconds
Build info: version: '3.0.1', revision: '1969d75', time: '2016-10-18 09:49:13 -0700'
System info: host: '101.lan0.mk.uz.ua', ip: '192.168.0.101', os.name: 'Mac OS X', os.arch: 'x86_64', os.version: '10.11.6', java.version: '1.8.0_101'
Driver info: org.openqa.selenium.chrome.ChromeDriver
Capabilities [{applicationCacheEnabled=false, rotatable=false, mobileEmulationEnabled=false, networkConnectionEnabled=false, chrome={chromedriverVersion=2.28.455517 (2c6d2707d8ea850c862f04ac066724273981e88f), userDataDir=/var/folders/xp/hq6y__313mvbnpb2n5x7bzq00000gn/T/.org.chromium.Chromium.HJgV73}, takesHeapSnapshot=true, pageLoadStrategy=normal, databaseEnabled=false, handlesAlerts=true, hasTouchScreen=false, version=57.0.2987.98, platform=MAC, browserConnectionEnabled=false, nativeEvents=true, acceptSslCerts=true, locationContextEnabled=true, webStorageEnabled=true, browserName=chrome, takesScreenshot=true, javascriptEnabled=true, cssSelectorsEnabled=true, unexpectedAlertBehaviour=}]
Session ID: 07740cd47c3fecacb889f08591f22d03
	at tests.HomePageTests.bscrollingToResources(HomePageTests.java:104)
]]></failure>
  </testcase>
  <testcase name="bscrollingToTransformTraffic" classname="tests.HomePageTests" time="3.207"/>
  <testcase name="bscrollingToTransformTraffic" classname="tests.HomePageTests" time="3.557"/>
  <testcase name="bscrollingToTransformTraffic" classname="tests.HomePageTests" time="1.708">
    <failure message="unknown error: Element &lt;a href=&quot;/benefits/#transform-traffic&quot;&gt;...&lt;/a&gt; is not clickable at point (93, 9). Other element would receive the click: &lt;a href=&quot;https://cueconnect.com&quot; class=&quot;navbar-brand header-logo&quot;&gt;...&lt;/a&gt;&#10;  (Session info: chrome=57.0.2987.98)&#10;  (Driver info: chromedriver=2.28.455517 (2c6d2707d8ea850c862f04ac066724273981e88f),platform=Mac OS X 10.11.6 x86_64) (WARNING: The server did not provide any stacktrace information)&#10;Command duration or timeout: 65 milliseconds&#10;Build info: version: &apos;3.0.1&apos;, revision: &apos;1969d75&apos;, time: &apos;2016-10-18 09:49:13 -0700&apos;&#10;System info: host: &apos;101.lan0.mk.uz.ua&apos;, ip: &apos;192.168.0.101&apos;, os.name: &apos;Mac OS X&apos;, os.arch: &apos;x86_64&apos;, os.version: &apos;10.11.6&apos;, java.version: &apos;1.8.0_101&apos;&#10;Driver info: org.openqa.selenium.chrome.ChromeDriver&#10;Capabilities [{applicationCacheEnabled=false, rotatable=false, mobileEmulationEnabled=false, networkConnectionEnabled=false, chrome={chromedriverVersion=2.28.455517 (2c6d2707d8ea850c862f04ac066724273981e88f), userDataDir=/var/folders/xp/hq6y__313mvbnpb2n5x7bzq00000gn/T/.org.chromium.Chromium.HJgV73}, takesHeapSnapshot=true, pageLoadStrategy=normal, databaseEnabled=false, handlesAlerts=true, hasTouchScreen=false, version=57.0.2987.98, platform=MAC, browserConnectionEnabled=false, nativeEvents=true, acceptSslCerts=true, locationContextEnabled=true, webStorageEnabled=true, browserName=chrome, takesScreenshot=true, javascriptEnabled=true, cssSelectorsEnabled=true, unexpectedAlertBehaviour=}]&#10;Session ID: 07740cd47c3fecacb889f08591f22d03" type="org.openqa.selenium.WebDriverException"><![CDATA[org.openqa.selenium.WebDriverException: 
unknown error: Element <a href="/benefits/#transform-traffic">...</a> is not clickable at point (93, 9). Other element would receive the click: <a href="https://cueconnect.com" class="navbar-brand header-logo">...</a>
  (Session info: chrome=57.0.2987.98)
  (Driver info: chromedriver=2.28.455517 (2c6d2707d8ea850c862f04ac066724273981e88f),platform=Mac OS X 10.11.6 x86_64) (WARNING: The server did not provide any stacktrace information)
Command duration or timeout: 65 milliseconds
Build info: version: '3.0.1', revision: '1969d75', time: '2016-10-18 09:49:13 -0700'
System info: host: '101.lan0.mk.uz.ua', ip: '192.168.0.101', os.name: 'Mac OS X', os.arch: 'x86_64', os.version: '10.11.6', java.version: '1.8.0_101'
Driver info: org.openqa.selenium.chrome.ChromeDriver
Capabilities [{applicationCacheEnabled=false, rotatable=false, mobileEmulationEnabled=false, networkConnectionEnabled=false, chrome={chromedriverVersion=2.28.455517 (2c6d2707d8ea850c862f04ac066724273981e88f), userDataDir=/var/folders/xp/hq6y__313mvbnpb2n5x7bzq00000gn/T/.org.chromium.Chromium.HJgV73}, takesHeapSnapshot=true, pageLoadStrategy=normal, databaseEnabled=false, handlesAlerts=true, hasTouchScreen=false, version=57.0.2987.98, platform=MAC, browserConnectionEnabled=false, nativeEvents=true, acceptSslCerts=true, locationContextEnabled=true, webStorageEnabled=true, browserName=chrome, takesScreenshot=true, javascriptEnabled=true, cssSelectorsEnabled=true, unexpectedAlertBehaviour=}]
Session ID: 07740cd47c3fecacb889f08591f22d03
	at tests.HomePageTests.bscrollingToTransformTraffic(HomePageTests.java:44)
]]></failure>
  </testcase>
  <testcase name="emptyEmailAndClickRequestDemo" classname="tests.HomePageTests" time="3.522"/>
  <testcase name="emptyEmailAndClickRequestDemo" classname="tests.HomePageTests" time="4.254">
    <failure message="no such element: Unable to locate element: {&quot;method&quot;:&quot;xpath&quot;,&quot;selector&quot;:&quot;//h1[@class=&apos;page-title&apos;]&quot;}&#10;  (Session info: chrome=57.0.2987.98)&#10;  (Driver info: chromedriver=2.28.455517 (2c6d2707d8ea850c862f04ac066724273981e88f),platform=Mac OS X 10.11.6 x86_64) (WARNING: The server did not provide any stacktrace information)&#10;Command duration or timeout: 2.02 seconds&#10;For documentation on this error, please visit: http://seleniumhq.org/exceptions/no_such_element.html&#10;Build info: version: &apos;3.0.1&apos;, revision: &apos;1969d75&apos;, time: &apos;2016-10-18 09:49:13 -0700&apos;&#10;System info: host: &apos;101.lan0.mk.uz.ua&apos;, ip: &apos;192.168.0.101&apos;, os.name: &apos;Mac OS X&apos;, os.arch: &apos;x86_64&apos;, os.version: &apos;10.11.6&apos;, java.version: &apos;1.8.0_101&apos;&#10;Driver info: org.openqa.selenium.chrome.ChromeDriver&#10;Capabilities [{applicationCacheEnabled=false, rotatable=false, mobileEmulationEnabled=false, networkConnectionEnabled=false, chrome={chromedriverVersion=2.28.455517 (2c6d2707d8ea850c862f04ac066724273981e88f), userDataDir=/var/folders/xp/hq6y__313mvbnpb2n5x7bzq00000gn/T/.org.chromium.Chromium.HJgV73}, takesHeapSnapshot=true, pageLoadStrategy=normal, databaseEnabled=false, handlesAlerts=true, hasTouchScreen=false, version=57.0.2987.98, platform=MAC, browserConnectionEnabled=false, nativeEvents=true, acceptSslCerts=true, locationContextEnabled=true, webStorageEnabled=true, browserName=chrome, takesScreenshot=true, javascriptEnabled=true, cssSelectorsEnabled=true, unexpectedAlertBehaviour=}]&#10;Session ID: 07740cd47c3fecacb889f08591f22d03&#10;*** Element info: {Using=xpath, value=//h1[@class=&apos;page-title&apos;]}" type="org.openqa.selenium.NoSuchElementException">org.openqa.selenium.NoSuchElementException: 
no such element: Unable to locate element: {"method":"xpath","selector":"//h1[@class='page-title']"}
  (Session info: chrome=57.0.2987.98)
  (Driver info: chromedriver=2.28.455517 (2c6d2707d8ea850c862f04ac066724273981e88f),platform=Mac OS X 10.11.6 x86_64) (WARNING: The server did not provide any stacktrace information)
Command duration or timeout: 2.02 seconds
For documentation on this error, please visit: http://seleniumhq.org/exceptions/no_such_element.html
Build info: version: '3.0.1', revision: '1969d75', time: '2016-10-18 09:49:13 -0700'
System info: host: '101.lan0.mk.uz.ua', ip: '192.168.0.101', os.name: 'Mac OS X', os.arch: 'x86_64', os.version: '10.11.6', java.version: '1.8.0_101'
Driver info: org.openqa.selenium.chrome.ChromeDriver
Capabilities [{applicationCacheEnabled=false, rotatable=false, mobileEmulationEnabled=false, networkConnectionEnabled=false, chrome={chromedriverVersion=2.28.455517 (2c6d2707d8ea850c862f04ac066724273981e88f), userDataDir=/var/folders/xp/hq6y__313mvbnpb2n5x7bzq00000gn/T/.org.chromium.Chromium.HJgV73}, takesHeapSnapshot=true, pageLoadStrategy=normal, databaseEnabled=false, handlesAlerts=true, hasTouchScreen=false, version=57.0.2987.98, platform=MAC, browserConnectionEnabled=false, nativeEvents=true, acceptSslCerts=true, locationContextEnabled=true, webStorageEnabled=true, browserName=chrome, takesScreenshot=true, javascriptEnabled=true, cssSelectorsEnabled=true, unexpectedAlertBehaviour=}]
Session ID: 07740cd47c3fecacb889f08591f22d03
*** Element info: {Using=xpath, value=//h1[@class='page-title']}
	at tests.HomePageTests.emptyEmailAndClickRequestDemo(HomePageTests.java:124)
</failure>
  </testcase>
  <testcase name="emptyEmailAndClickRequestDemo" classname="tests.HomePageTests" time="2.913"/>
  <testcase name="getStartedFreeChecking" classname="tests.HomePageTests" time="13.39"/>
  <testcase name="getStartedFreeChecking" classname="tests.HomePageTests" time="4.258">
    <failure message="unknown error: Element &lt;a class=&quot;cue-main-footer-link white&quot; href=&quot;https://business.cueconnect.com/partner/register?plan=build&quot;&gt;...&lt;/a&gt; is not clickable at point (199, 259). Other element would receive the click: &lt;iframe frameborder=&quot;0&quot; src=&quot;about:blank&quot; style=&quot;background-color: transparent; vertical-align: text-bottom; position: relative; width: 100%; height: 100%; min-width: 100%; min-height: 100%; max-width: 100%; max-height: 100%; margin: 0px; overflow: hidden; display: block;&quot;&gt;&lt;/iframe&gt;&#10;  (Session info: chrome=57.0.2987.98)&#10;  (Driver info: chromedriver=2.28.455517 (2c6d2707d8ea850c862f04ac066724273981e88f),platform=Mac OS X 10.11.6 x86_64) (WARNING: The server did not provide any stacktrace information)&#10;Command duration or timeout: 34 milliseconds&#10;Build info: version: &apos;3.0.1&apos;, revision: &apos;1969d75&apos;, time: &apos;2016-10-18 09:49:13 -0700&apos;&#10;System info: host: &apos;101.lan0.mk.uz.ua&apos;, ip: &apos;192.168.0.101&apos;, os.name: &apos;Mac OS X&apos;, os.arch: &apos;x86_64&apos;, os.version: &apos;10.11.6&apos;, java.version: &apos;1.8.0_101&apos;&#10;Driver info: org.openqa.selenium.chrome.ChromeDriver&#10;Capabilities [{applicationCacheEnabled=false, rotatable=false, mobileEmulationEnabled=false, networkConnectionEnabled=false, chrome={chromedriverVersion=2.28.455517 (2c6d2707d8ea850c862f04ac066724273981e88f), userDataDir=/var/folders/xp/hq6y__313mvbnpb2n5x7bzq00000gn/T/.org.chromium.Chromium.HJgV73}, takesHeapSnapshot=true, pageLoadStrategy=normal, databaseEnabled=false, handlesAlerts=true, hasTouchScreen=false, version=57.0.2987.98, platform=MAC, browserConnectionEnabled=false, nativeEvents=true, acceptSslCerts=true, locationContextEnabled=true, webStorageEnabled=true, browserName=chrome, takesScreenshot=true, javascriptEnabled=true, cssSelectorsEnabled=true, unexpectedAlertBehaviour=}]&#10;Session ID: 07740cd47c3fecacb889f08591f22d03" type="org.openqa.selenium.WebDriverException"><![CDATA[org.openqa.selenium.WebDriverException: 
unknown error: Element <a class="cue-main-footer-link white" href="https://business.cueconnect.com/partner/register?plan=build">...</a> is not clickable at point (199, 259). Other element would receive the click: <iframe frameborder="0" src="about:blank" style="background-color: transparent; vertical-align: text-bottom; position: relative; width: 100%; height: 100%; min-width: 100%; min-height: 100%; max-width: 100%; max-height: 100%; margin: 0px; overflow: hidden; display: block;"></iframe>
  (Session info: chrome=57.0.2987.98)
  (Driver info: chromedriver=2.28.455517 (2c6d2707d8ea850c862f04ac066724273981e88f),platform=Mac OS X 10.11.6 x86_64) (WARNING: The server did not provide any stacktrace information)
Command duration or timeout: 34 milliseconds
Build info: version: '3.0.1', revision: '1969d75', time: '2016-10-18 09:49:13 -0700'
System info: host: '101.lan0.mk.uz.ua', ip: '192.168.0.101', os.name: 'Mac OS X', os.arch: 'x86_64', os.version: '10.11.6', java.version: '1.8.0_101'
Driver info: org.openqa.selenium.chrome.ChromeDriver
Capabilities [{applicationCacheEnabled=false, rotatable=false, mobileEmulationEnabled=false, networkConnectionEnabled=false, chrome={chromedriverVersion=2.28.455517 (2c6d2707d8ea850c862f04ac066724273981e88f), userDataDir=/var/folders/xp/hq6y__313mvbnpb2n5x7bzq00000gn/T/.org.chromium.Chromium.HJgV73}, takesHeapSnapshot=true, pageLoadStrategy=normal, databaseEnabled=false, handlesAlerts=true, hasTouchScreen=false, version=57.0.2987.98, platform=MAC, browserConnectionEnabled=false, nativeEvents=true, acceptSslCerts=true, locationContextEnabled=true, webStorageEnabled=true, browserName=chrome, takesScreenshot=true, javascriptEnabled=true, cssSelectorsEnabled=true, unexpectedAlertBehaviour=}]
Session ID: 07740cd47c3fecacb889f08591f22d03
	at tests.HomePageTests.getStartedFreeChecking(HomePageTests.java:189)
]]></failure>
  </testcase>
  <testcase name="getStartedFreeChecking" classname="tests.HomePageTests" time="13.755">
    <failure message="no such element: Unable to locate element: {&quot;method&quot;:&quot;xpath&quot;,&quot;selector&quot;:&quot;//div[@class=&apos;cue-ro-title&apos;]&quot;}&#10;  (Session info: chrome=57.0.2987.98)&#10;  (Driver info: chromedriver=2.28.455517 (2c6d2707d8ea850c862f04ac066724273981e88f),platform=Mac OS X 10.11.6 x86_64) (WARNING: The server did not provide any stacktrace information)&#10;Command duration or timeout: 5.01 seconds&#10;For documentation on this error, please visit: http://seleniumhq.org/exceptions/no_such_element.html&#10;Build info: version: &apos;3.0.1&apos;, revision: &apos;1969d75&apos;, time: &apos;2016-10-18 09:49:13 -0700&apos;&#10;System info: host: &apos;101.lan0.mk.uz.ua&apos;, ip: &apos;192.168.0.101&apos;, os.name: &apos;Mac OS X&apos;, os.arch: &apos;x86_64&apos;, os.version: &apos;10.11.6&apos;, java.version: &apos;1.8.0_101&apos;&#10;Driver info: org.openqa.selenium.chrome.ChromeDriver&#10;Capabilities [{applicationCacheEnabled=false, rotatable=false, mobileEmulationEnabled=false, networkConnectionEnabled=false, chrome={chromedriverVersion=2.28.455517 (2c6d2707d8ea850c862f04ac066724273981e88f), userDataDir=/var/folders/xp/hq6y__313mvbnpb2n5x7bzq00000gn/T/.org.chromium.Chromium.HJgV73}, takesHeapSnapshot=true, pageLoadStrategy=normal, databaseEnabled=false, handlesAlerts=true, hasTouchScreen=false, version=57.0.2987.98, platform=MAC, browserConnectionEnabled=false, nativeEvents=true, acceptSslCerts=true, locationContextEnabled=true, webStorageEnabled=true, browserName=chrome, takesScreenshot=true, javascriptEnabled=true, cssSelectorsEnabled=true, unexpectedAlertBehaviour=}]&#10;Session ID: 07740cd47c3fecacb889f08591f22d03&#10;*** Element info: {Using=xpath, value=//div[@class=&apos;cue-ro-title&apos;]}" type="org.openqa.selenium.NoSuchElementException">org.openqa.selenium.NoSuchElementException: 
no such element: Unable to locate element: {"method":"xpath","selector":"//div[@class='cue-ro-title']"}
  (Session info: chrome=57.0.2987.98)
  (Driver info: chromedriver=2.28.455517 (2c6d2707d8ea850c862f04ac066724273981e88f),platform=Mac OS X 10.11.6 x86_64) (WARNING: The server did not provide any stacktrace information)
Command duration or timeout: 5.01 seconds
For documentation on this error, please visit: http://seleniumhq.org/exceptions/no_such_element.html
Build info: version: '3.0.1', revision: '1969d75', time: '2016-10-18 09:49:13 -0700'
System info: host: '101.lan0.mk.uz.ua', ip: '192.168.0.101', os.name: 'Mac OS X', os.arch: 'x86_64', os.version: '10.11.6', java.version: '1.8.0_101'
Driver info: org.openqa.selenium.chrome.ChromeDriver
Capabilities [{applicationCacheEnabled=false, rotatable=false, mobileEmulationEnabled=false, networkConnectionEnabled=false, chrome={chromedriverVersion=2.28.455517 (2c6d2707d8ea850c862f04ac066724273981e88f), userDataDir=/var/folders/xp/hq6y__313mvbnpb2n5x7bzq00000gn/T/.org.chromium.Chromium.HJgV73}, takesHeapSnapshot=true, pageLoadStrategy=normal, databaseEnabled=false, handlesAlerts=true, hasTouchScreen=false, version=57.0.2987.98, platform=MAC, browserConnectionEnabled=false, nativeEvents=true, acceptSslCerts=true, locationContextEnabled=true, webStorageEnabled=true, browserName=chrome, takesScreenshot=true, javascriptEnabled=true, cssSelectorsEnabled=true, unexpectedAlertBehaviour=}]
Session ID: 07740cd47c3fecacb889f08591f22d03
*** Element info: {Using=xpath, value=//div[@class='cue-ro-title']}
	at tests.HomePageTests.getStartedFreeChecking(HomePageTests.java:190)
</failure>
  </testcase>
  <testcase name="notEmailFormatAndClickRequestDemo" classname="tests.HomePageTests" time="2.436"/>
  <testcase name="notEmailFormatAndClickRequestDemo" classname="tests.HomePageTests" time="1.946">
    <failure message="unknown error: Element &lt;input type=&quot;submit&quot; class=&quot;btn btn-primary btn48&quot; value=&quot;Request a demo&quot;&gt; is not clickable at point (199, 319). Other element would receive the click: &lt;iframe frameborder=&quot;0&quot; src=&quot;about:blank&quot; style=&quot;background-color: transparent; vertical-align: text-bottom; position: relative; width: 100%; height: 100%; min-width: 100%; min-height: 100%; max-width: 100%; max-height: 100%; margin: 0px; overflow: hidden; display: block;&quot;&gt;&lt;/iframe&gt;&#10;  (Session info: chrome=57.0.2987.98)&#10;  (Driver info: chromedriver=2.28.455517 (2c6d2707d8ea850c862f04ac066724273981e88f),platform=Mac OS X 10.11.6 x86_64) (WARNING: The server did not provide any stacktrace information)&#10;Command duration or timeout: 71 milliseconds&#10;Build info: version: &apos;3.0.1&apos;, revision: &apos;1969d75&apos;, time: &apos;2016-10-18 09:49:13 -0700&apos;&#10;System info: host: &apos;101.lan0.mk.uz.ua&apos;, ip: &apos;192.168.0.101&apos;, os.name: &apos;Mac OS X&apos;, os.arch: &apos;x86_64&apos;, os.version: &apos;10.11.6&apos;, java.version: &apos;1.8.0_101&apos;&#10;Driver info: org.openqa.selenium.chrome.ChromeDriver&#10;Capabilities [{applicationCacheEnabled=false, rotatable=false, mobileEmulationEnabled=false, networkConnectionEnabled=false, chrome={chromedriverVersion=2.28.455517 (2c6d2707d8ea850c862f04ac066724273981e88f), userDataDir=/var/folders/xp/hq6y__313mvbnpb2n5x7bzq00000gn/T/.org.chromium.Chromium.HJgV73}, takesHeapSnapshot=true, pageLoadStrategy=normal, databaseEnabled=false, handlesAlerts=true, hasTouchScreen=false, version=57.0.2987.98, platform=MAC, browserConnectionEnabled=false, nativeEvents=true, acceptSslCerts=true, locationContextEnabled=true, webStorageEnabled=true, browserName=chrome, takesScreenshot=true, javascriptEnabled=true, cssSelectorsEnabled=true, unexpectedAlertBehaviour=}]&#10;Session ID: 07740cd47c3fecacb889f08591f22d03" type="org.openqa.selenium.WebDriverException"><![CDATA[org.openqa.selenium.WebDriverException: 
unknown error: Element <input type="submit" class="btn btn-primary btn48" value="Request a demo"> is not clickable at point (199, 319). Other element would receive the click: <iframe frameborder="0" src="about:blank" style="background-color: transparent; vertical-align: text-bottom; position: relative; width: 100%; height: 100%; min-width: 100%; min-height: 100%; max-width: 100%; max-height: 100%; margin: 0px; overflow: hidden; display: block;"></iframe>
  (Session info: chrome=57.0.2987.98)
  (Driver info: chromedriver=2.28.455517 (2c6d2707d8ea850c862f04ac066724273981e88f),platform=Mac OS X 10.11.6 x86_64) (WARNING: The server did not provide any stacktrace information)
Command duration or timeout: 71 milliseconds
Build info: version: '3.0.1', revision: '1969d75', time: '2016-10-18 09:49:13 -0700'
System info: host: '101.lan0.mk.uz.ua', ip: '192.168.0.101', os.name: 'Mac OS X', os.arch: 'x86_64', os.version: '10.11.6', java.version: '1.8.0_101'
Driver info: org.openqa.selenium.chrome.ChromeDriver
Capabilities [{applicationCacheEnabled=false, rotatable=false, mobileEmulationEnabled=false, networkConnectionEnabled=false, chrome={chromedriverVersion=2.28.455517 (2c6d2707d8ea850c862f04ac066724273981e88f), userDataDir=/var/folders/xp/hq6y__313mvbnpb2n5x7bzq00000gn/T/.org.chromium.Chromium.HJgV73}, takesHeapSnapshot=true, pageLoadStrategy=normal, databaseEnabled=false, handlesAlerts=true, hasTouchScreen=false, version=57.0.2987.98, platform=MAC, browserConnectionEnabled=false, nativeEvents=true, acceptSslCerts=true, locationContextEnabled=true, webStorageEnabled=true, browserName=chrome, takesScreenshot=true, javascriptEnabled=true, cssSelectorsEnabled=true, unexpectedAlertBehaviour=}]
Session ID: 07740cd47c3fecacb889f08591f22d03
	at tests.HomePageTests.notEmailFormatAndClickRequestDemo(HomePageTests.java:132)
]]></failure>
  </testcase>
  <testcase name="notEmailFormatAndClickRequestDemo" classname="tests.HomePageTests" time="2.23"/>
  <testcase name="scrollingToCueConnectBlog" classname="tests.HomePageTests" time="3.751"/>
  <testcase name="scrollingToCueConnectBlog" classname="tests.HomePageTests" time="1.785">
    <failure message="unknown error: Element &lt;a href=&quot;/blog&quot;&gt;...&lt;/a&gt; is not clickable at point (199, 499). Other element would receive the click: &lt;iframe frameborder=&quot;0&quot; src=&quot;about:blank&quot; style=&quot;background-color: transparent; vertical-align: text-bottom; position: relative; width: 100%; height: 100%; min-width: 100%; min-height: 100%; max-width: 100%; max-height: 100%; margin: 0px; overflow: hidden; display: block;&quot;&gt;&lt;/iframe&gt;&#10;  (Session info: chrome=57.0.2987.98)&#10;  (Driver info: chromedriver=2.28.455517 (2c6d2707d8ea850c862f04ac066724273981e88f),platform=Mac OS X 10.11.6 x86_64) (WARNING: The server did not provide any stacktrace information)&#10;Command duration or timeout: 88 milliseconds&#10;Build info: version: &apos;3.0.1&apos;, revision: &apos;1969d75&apos;, time: &apos;2016-10-18 09:49:13 -0700&apos;&#10;System info: host: &apos;101.lan0.mk.uz.ua&apos;, ip: &apos;192.168.0.101&apos;, os.name: &apos;Mac OS X&apos;, os.arch: &apos;x86_64&apos;, os.version: &apos;10.11.6&apos;, java.version: &apos;1.8.0_101&apos;&#10;Driver info: org.openqa.selenium.chrome.ChromeDriver&#10;Capabilities [{applicationCacheEnabled=false, rotatable=false, mobileEmulationEnabled=false, networkConnectionEnabled=false, chrome={chromedriverVersion=2.28.455517 (2c6d2707d8ea850c862f04ac066724273981e88f), userDataDir=/var/folders/xp/hq6y__313mvbnpb2n5x7bzq00000gn/T/.org.chromium.Chromium.HJgV73}, takesHeapSnapshot=true, pageLoadStrategy=normal, databaseEnabled=false, handlesAlerts=true, hasTouchScreen=false, version=57.0.2987.98, platform=MAC, browserConnectionEnabled=false, nativeEvents=true, acceptSslCerts=true, locationContextEnabled=true, webStorageEnabled=true, browserName=chrome, takesScreenshot=true, javascriptEnabled=true, cssSelectorsEnabled=true, unexpectedAlertBehaviour=}]&#10;Session ID: 07740cd47c3fecacb889f08591f22d03" type="org.openqa.selenium.WebDriverException"><![CDATA[org.openqa.selenium.WebDriverException: 
unknown error: Element <a href="/blog">...</a> is not clickable at point (199, 499). Other element would receive the click: <iframe frameborder="0" src="about:blank" style="background-color: transparent; vertical-align: text-bottom; position: relative; width: 100%; height: 100%; min-width: 100%; min-height: 100%; max-width: 100%; max-height: 100%; margin: 0px; overflow: hidden; display: block;"></iframe>
  (Session info: chrome=57.0.2987.98)
  (Driver info: chromedriver=2.28.455517 (2c6d2707d8ea850c862f04ac066724273981e88f),platform=Mac OS X 10.11.6 x86_64) (WARNING: The server did not provide any stacktrace information)
Command duration or timeout: 88 milliseconds
Build info: version: '3.0.1', revision: '1969d75', time: '2016-10-18 09:49:13 -0700'
System info: host: '101.lan0.mk.uz.ua', ip: '192.168.0.101', os.name: 'Mac OS X', os.arch: 'x86_64', os.version: '10.11.6', java.version: '1.8.0_101'
Driver info: org.openqa.selenium.chrome.ChromeDriver
Capabilities [{applicationCacheEnabled=false, rotatable=false, mobileEmulationEnabled=false, networkConnectionEnabled=false, chrome={chromedriverVersion=2.28.455517 (2c6d2707d8ea850c862f04ac066724273981e88f), userDataDir=/var/folders/xp/hq6y__313mvbnpb2n5x7bzq00000gn/T/.org.chromium.Chromium.HJgV73}, takesHeapSnapshot=true, pageLoadStrategy=normal, databaseEnabled=false, handlesAlerts=true, hasTouchScreen=false, version=57.0.2987.98, platform=MAC, browserConnectionEnabled=false, nativeEvents=true, acceptSslCerts=true, locationContextEnabled=true, webStorageEnabled=true, browserName=chrome, takesScreenshot=true, javascriptEnabled=true, cssSelectorsEnabled=true, unexpectedAlertBehaviour=}]
Session ID: 07740cd47c3fecacb889f08591f22d03
	at tests.HomePageTests.scrollingToCueConnectBlog(HomePageTests.java:89)
]]></failure>
  </testcase>
  <testcase name="scrollingToCueConnectBlog" classname="tests.HomePageTests" time="3.499"/>
  <testcase name="scrollingToDriveEcommerce" classname="tests.HomePageTests" time="3.941"/>
  <testcase name="scrollingToDriveEcommerce" classname="tests.HomePageTests" time="3.233"/>
  <testcase name="scrollingToDriveEcommerce" classname="tests.HomePageTests" time="3.267"/>
  <testcase name="scrollingToRetargetShoppers" classname="tests.HomePageTests" time="3.165"/>
  <testcase name="scrollingToRetargetShoppers" classname="tests.HomePageTests" time="2.94"/>
  <testcase name="scrollingToRetargetShoppers" classname="tests.HomePageTests" time="3.929"/>
  <testcase name="sendingUpdatesEmptyEmail" classname="tests.HomePageTests" time="12.007"/>
  <testcase name="sendingUpdatesEmptyEmail" classname="tests.HomePageTests" time="3.704">
    <failure message="unknown error: Element &lt;input id=&quot;email-2e572096-eea9-4a54-84ca-90f8b26fbe95&quot; class=&quot;hs-input&quot; type=&quot;email&quot; name=&quot;email&quot; required=&quot;&quot; placeholder=&quot;Email&quot; value=&quot;jsmith@gmail.com&quot; data-reactid=&quot;.hbspt-forms-0.0:$0.$email.0&quot;&gt; is not clickable at point (200, 320). Other element would receive the click: &lt;iframe frameborder=&quot;0&quot; src=&quot;about:blank&quot; style=&quot;background-color: transparent; vertical-align: text-bottom; position: relative; width: 100%; height: 100%; min-width: 100%; min-height: 100%; max-width: 100%; max-height: 100%; margin: 0px; overflow: hidden; display: block;&quot;&gt;&lt;/iframe&gt;&#10;  (Session info: chrome=57.0.2987.98)&#10;  (Driver info: chromedriver=2.28.455517 (2c6d2707d8ea850c862f04ac066724273981e88f),platform=Mac OS X 10.11.6 x86_64) (WARNING: The server did not provide any stacktrace information)&#10;Command duration or timeout: 39 milliseconds&#10;Build info: version: &apos;3.0.1&apos;, revision: &apos;1969d75&apos;, time: &apos;2016-10-18 09:49:13 -0700&apos;&#10;System info: host: &apos;101.lan0.mk.uz.ua&apos;, ip: &apos;192.168.0.101&apos;, os.name: &apos;Mac OS X&apos;, os.arch: &apos;x86_64&apos;, os.version: &apos;10.11.6&apos;, java.version: &apos;1.8.0_101&apos;&#10;Driver info: org.openqa.selenium.chrome.ChromeDriver&#10;Capabilities [{applicationCacheEnabled=false, rotatable=false, mobileEmulationEnabled=false, networkConnectionEnabled=false, chrome={chromedriverVersion=2.28.455517 (2c6d2707d8ea850c862f04ac066724273981e88f), userDataDir=/var/folders/xp/hq6y__313mvbnpb2n5x7bzq00000gn/T/.org.chromium.Chromium.HJgV73}, takesHeapSnapshot=true, pageLoadStrategy=normal, databaseEnabled=false, handlesAlerts=true, hasTouchScreen=false, version=57.0.2987.98, platform=MAC, browserConnectionEnabled=false, nativeEvents=true, acceptSslCerts=true, locationContextEnabled=true, webStorageEnabled=true, browserName=chrome, takesScreenshot=true, javascriptEnabled=true, cssSelectorsEnabled=true, unexpectedAlertBehaviour=}]&#10;Session ID: 07740cd47c3fecacb889f08591f22d03" type="org.openqa.selenium.WebDriverException"><![CDATA[org.openqa.selenium.WebDriverException: 
unknown error: Element <input id="email-2e572096-eea9-4a54-84ca-90f8b26fbe95" class="hs-input" type="email" name="email" required="" placeholder="Email" value="jsmith@gmail.com" data-reactid=".hbspt-forms-0.0:$0.$email.0"> is not clickable at point (200, 320). Other element would receive the click: <iframe frameborder="0" src="about:blank" style="background-color: transparent; vertical-align: text-bottom; position: relative; width: 100%; height: 100%; min-width: 100%; min-height: 100%; max-width: 100%; max-height: 100%; margin: 0px; overflow: hidden; display: block;"></iframe>
  (Session info: chrome=57.0.2987.98)
  (Driver info: chromedriver=2.28.455517 (2c6d2707d8ea850c862f04ac066724273981e88f),platform=Mac OS X 10.11.6 x86_64) (WARNING: The server did not provide any stacktrace information)
Command duration or timeout: 39 milliseconds
Build info: version: '3.0.1', revision: '1969d75', time: '2016-10-18 09:49:13 -0700'
System info: host: '101.lan0.mk.uz.ua', ip: '192.168.0.101', os.name: 'Mac OS X', os.arch: 'x86_64', os.version: '10.11.6', java.version: '1.8.0_101'
Driver info: org.openqa.selenium.chrome.ChromeDriver
Capabilities [{applicationCacheEnabled=false, rotatable=false, mobileEmulationEnabled=false, networkConnectionEnabled=false, chrome={chromedriverVersion=2.28.455517 (2c6d2707d8ea850c862f04ac066724273981e88f), userDataDir=/var/folders/xp/hq6y__313mvbnpb2n5x7bzq00000gn/T/.org.chromium.Chromium.HJgV73}, takesHeapSnapshot=true, pageLoadStrategy=normal, databaseEnabled=false, handlesAlerts=true, hasTouchScreen=false, version=57.0.2987.98, platform=MAC, browserConnectionEnabled=false, nativeEvents=true, acceptSslCerts=true, locationContextEnabled=true, webStorageEnabled=true, browserName=chrome, takesScreenshot=true, javascriptEnabled=true, cssSelectorsEnabled=true, unexpectedAlertBehaviour=}]
Session ID: 07740cd47c3fecacb889f08591f22d03
	at tests.HomePageTests.sendingUpdatesEmptyEmail(HomePageTests.java:152)
]]></failure>
  </testcase>
  <testcase name="sendingUpdatesEmptyEmail" classname="tests.HomePageTests" time="6.952"/>
  <testcase name="sendingUpdatesIncorrectEmail" classname="tests.HomePageTests" time="10.353">
    <failure message="no such element: Unable to locate element: {&quot;method&quot;:&quot;xpath&quot;,&quot;selector&quot;:&quot;//input[@name=&apos;email&apos;]&quot;}&#10;  (Session info: chrome=57.0.2987.98)&#10;  (Driver info: chromedriver=2.28.455517 (2c6d2707d8ea850c862f04ac066724273981e88f),platform=Mac OS X 10.11.6 x86_64) (WARNING: The server did not provide any stacktrace information)&#10;Command duration or timeout: 10.03 seconds&#10;For documentation on this error, please visit: http://seleniumhq.org/exceptions/no_such_element.html&#10;Build info: version: &apos;3.0.1&apos;, revision: &apos;1969d75&apos;, time: &apos;2016-10-18 09:49:13 -0700&apos;&#10;System info: host: &apos;101.lan0.mk.uz.ua&apos;, ip: &apos;192.168.0.101&apos;, os.name: &apos;Mac OS X&apos;, os.arch: &apos;x86_64&apos;, os.version: &apos;10.11.6&apos;, java.version: &apos;1.8.0_101&apos;&#10;Driver info: org.openqa.selenium.chrome.ChromeDriver&#10;Capabilities [{applicationCacheEnabled=false, rotatable=false, mobileEmulationEnabled=false, networkConnectionEnabled=false, chrome={chromedriverVersion=2.28.455517 (2c6d2707d8ea850c862f04ac066724273981e88f), userDataDir=/var/folders/xp/hq6y__313mvbnpb2n5x7bzq00000gn/T/.org.chromium.Chromium.HJgV73}, takesHeapSnapshot=true, pageLoadStrategy=normal, databaseEnabled=false, handlesAlerts=true, hasTouchScreen=false, version=57.0.2987.98, platform=MAC, browserConnectionEnabled=false, nativeEvents=true, acceptSslCerts=true, locationContextEnabled=true, webStorageEnabled=true, browserName=chrome, takesScreenshot=true, javascriptEnabled=true, cssSelectorsEnabled=true, unexpectedAlertBehaviour=}]&#10;Session ID: 07740cd47c3fecacb889f08591f22d03&#10;*** Element info: {Using=xpath, value=//input[@name=&apos;email&apos;]}" type="org.openqa.selenium.NoSuchElementException">org.openqa.selenium.NoSuchElementException: 
no such element: Unable to locate element: {"method":"xpath","selector":"//input[@name='email']"}
  (Session info: chrome=57.0.2987.98)
  (Driver info: chromedriver=2.28.455517 (2c6d2707d8ea850c862f04ac066724273981e88f),platform=Mac OS X 10.11.6 x86_64) (WARNING: The server did not provide any stacktrace information)
Command duration or timeout: 10.03 seconds
For documentation on this error, please visit: http://seleniumhq.org/exceptions/no_such_element.html
Build info: version: '3.0.1', revision: '1969d75', time: '2016-10-18 09:49:13 -0700'
System info: host: '101.lan0.mk.uz.ua', ip: '192.168.0.101', os.name: 'Mac OS X', os.arch: 'x86_64', os.version: '10.11.6', java.version: '1.8.0_101'
Driver info: org.openqa.selenium.chrome.ChromeDriver
Capabilities [{applicationCacheEnabled=false, rotatable=false, mobileEmulationEnabled=false, networkConnectionEnabled=false, chrome={chromedriverVersion=2.28.455517 (2c6d2707d8ea850c862f04ac066724273981e88f), userDataDir=/var/folders/xp/hq6y__313mvbnpb2n5x7bzq00000gn/T/.org.chromium.Chromium.HJgV73}, takesHeapSnapshot=true, pageLoadStrategy=normal, databaseEnabled=false, handlesAlerts=true, hasTouchScreen=false, version=57.0.2987.98, platform=MAC, browserConnectionEnabled=false, nativeEvents=true, acceptSslCerts=true, locationContextEnabled=true, webStorageEnabled=true, browserName=chrome, takesScreenshot=true, javascriptEnabled=true, cssSelectorsEnabled=true, unexpectedAlertBehaviour=}]
Session ID: 07740cd47c3fecacb889f08591f22d03
*** Element info: {Using=xpath, value=//input[@name='email']}
	at tests.HomePageTests.sendingUpdatesIncorrectEmail(HomePageTests.java:161)
</failure>
  </testcase>
  <testcase name="sendingUpdatesIncorrectEmail" classname="tests.HomePageTests" time="3.995">
    <failure message="unknown error: Element &lt;input id=&quot;email-2e572096-eea9-4a54-84ca-90f8b26fbe95&quot; class=&quot;hs-input&quot; type=&quot;email&quot; name=&quot;email&quot; required=&quot;&quot; placeholder=&quot;Email&quot; value=&quot;jsmith@gmail.com&quot; data-reactid=&quot;.hbspt-forms-0.0:$0.$email.0&quot;&gt; is not clickable at point (200, 320). Other element would receive the click: &lt;iframe frameborder=&quot;0&quot; src=&quot;about:blank&quot; style=&quot;background-color: transparent; vertical-align: text-bottom; position: relative; width: 100%; height: 100%; min-width: 100%; min-height: 100%; max-width: 100%; max-height: 100%; margin: 0px; overflow: hidden; display: block;&quot;&gt;&lt;/iframe&gt;&#10;  (Session info: chrome=57.0.2987.98)&#10;  (Driver info: chromedriver=2.28.455517 (2c6d2707d8ea850c862f04ac066724273981e88f),platform=Mac OS X 10.11.6 x86_64) (WARNING: The server did not provide any stacktrace information)&#10;Command duration or timeout: 24 milliseconds&#10;Build info: version: &apos;3.0.1&apos;, revision: &apos;1969d75&apos;, time: &apos;2016-10-18 09:49:13 -0700&apos;&#10;System info: host: &apos;101.lan0.mk.uz.ua&apos;, ip: &apos;192.168.0.101&apos;, os.name: &apos;Mac OS X&apos;, os.arch: &apos;x86_64&apos;, os.version: &apos;10.11.6&apos;, java.version: &apos;1.8.0_101&apos;&#10;Driver info: org.openqa.selenium.chrome.ChromeDriver&#10;Capabilities [{applicationCacheEnabled=false, rotatable=false, mobileEmulationEnabled=false, networkConnectionEnabled=false, chrome={chromedriverVersion=2.28.455517 (2c6d2707d8ea850c862f04ac066724273981e88f), userDataDir=/var/folders/xp/hq6y__313mvbnpb2n5x7bzq00000gn/T/.org.chromium.Chromium.HJgV73}, takesHeapSnapshot=true, pageLoadStrategy=normal, databaseEnabled=false, handlesAlerts=true, hasTouchScreen=false, version=57.0.2987.98, platform=MAC, browserConnectionEnabled=false, nativeEvents=true, acceptSslCerts=true, locationContextEnabled=true, webStorageEnabled=true, browserName=chrome, takesScreenshot=true, javascriptEnabled=true, cssSelectorsEnabled=true, unexpectedAlertBehaviour=}]&#10;Session ID: 07740cd47c3fecacb889f08591f22d03" type="org.openqa.selenium.WebDriverException"><![CDATA[org.openqa.selenium.WebDriverException: 
unknown error: Element <input id="email-2e572096-eea9-4a54-84ca-90f8b26fbe95" class="hs-input" type="email" name="email" required="" placeholder="Email" value="jsmith@gmail.com" data-reactid=".hbspt-forms-0.0:$0.$email.0"> is not clickable at point (200, 320). Other element would receive the click: <iframe frameborder="0" src="about:blank" style="background-color: transparent; vertical-align: text-bottom; position: relative; width: 100%; height: 100%; min-width: 100%; min-height: 100%; max-width: 100%; max-height: 100%; margin: 0px; overflow: hidden; display: block;"></iframe>
  (Session info: chrome=57.0.2987.98)
  (Driver info: chromedriver=2.28.455517 (2c6d2707d8ea850c862f04ac066724273981e88f),platform=Mac OS X 10.11.6 x86_64) (WARNING: The server did not provide any stacktrace information)
Command duration or timeout: 24 milliseconds
Build info: version: '3.0.1', revision: '1969d75', time: '2016-10-18 09:49:13 -0700'
System info: host: '101.lan0.mk.uz.ua', ip: '192.168.0.101', os.name: 'Mac OS X', os.arch: 'x86_64', os.version: '10.11.6', java.version: '1.8.0_101'
Driver info: org.openqa.selenium.chrome.ChromeDriver
Capabilities [{applicationCacheEnabled=false, rotatable=false, mobileEmulationEnabled=false, networkConnectionEnabled=false, chrome={chromedriverVersion=2.28.455517 (2c6d2707d8ea850c862f04ac066724273981e88f), userDataDir=/var/folders/xp/hq6y__313mvbnpb2n5x7bzq00000gn/T/.org.chromium.Chromium.HJgV73}, takesHeapSnapshot=true, pageLoadStrategy=normal, databaseEnabled=false, handlesAlerts=true, hasTouchScreen=false, version=57.0.2987.98, platform=MAC, browserConnectionEnabled=false, nativeEvents=true, acceptSslCerts=true, locationContextEnabled=true, webStorageEnabled=true, browserName=chrome, takesScreenshot=true, javascriptEnabled=true, cssSelectorsEnabled=true, unexpectedAlertBehaviour=}]
Session ID: 07740cd47c3fecacb889f08591f22d03
	at tests.HomePageTests.sendingUpdatesIncorrectEmail(HomePageTests.java:161)
]]></failure>
  </testcase>
  <testcase name="sendingUpdatesIncorrectEmail" classname="tests.HomePageTests" time="5.363">
    <failure message="no such element: Unable to locate element: {&quot;method&quot;:&quot;xpath&quot;,&quot;selector&quot;:&quot;//input[@name=&apos;email&apos;]&quot;}&#10;  (Session info: chrome=57.0.2987.98)&#10;  (Driver info: chromedriver=2.28.455517 (2c6d2707d8ea850c862f04ac066724273981e88f),platform=Mac OS X 10.11.6 x86_64) (WARNING: The server did not provide any stacktrace information)&#10;Command duration or timeout: 5.02 seconds&#10;For documentation on this error, please visit: http://seleniumhq.org/exceptions/no_such_element.html&#10;Build info: version: &apos;3.0.1&apos;, revision: &apos;1969d75&apos;, time: &apos;2016-10-18 09:49:13 -0700&apos;&#10;System info: host: &apos;101.lan0.mk.uz.ua&apos;, ip: &apos;192.168.0.101&apos;, os.name: &apos;Mac OS X&apos;, os.arch: &apos;x86_64&apos;, os.version: &apos;10.11.6&apos;, java.version: &apos;1.8.0_101&apos;&#10;Driver info: org.openqa.selenium.chrome.ChromeDriver&#10;Capabilities [{applicationCacheEnabled=false, rotatable=false, mobileEmulationEnabled=false, networkConnectionEnabled=false, chrome={chromedriverVersion=2.28.455517 (2c6d2707d8ea850c862f04ac066724273981e88f), userDataDir=/var/folders/xp/hq6y__313mvbnpb2n5x7bzq00000gn/T/.org.chromium.Chromium.HJgV73}, takesHeapSnapshot=true, pageLoadStrategy=normal, databaseEnabled=false, handlesAlerts=true, hasTouchScreen=false, version=57.0.2987.98, platform=MAC, browserConnectionEnabled=false, nativeEvents=true, acceptSslCerts=true, locationContextEnabled=true, webStorageEnabled=true, browserName=chrome, takesScreenshot=true, javascriptEnabled=true, cssSelectorsEnabled=true, unexpectedAlertBehaviour=}]&#10;Session ID: 07740cd47c3fecacb889f08591f22d03&#10;*** Element info: {Using=xpath, value=//input[@name=&apos;email&apos;]}" type="org.openqa.selenium.NoSuchElementException">org.openqa.selenium.NoSuchElementException: 
no such element: Unable to locate element: {"method":"xpath","selector":"//input[@name='email']"}
  (Session info: chrome=57.0.2987.98)
  (Driver info: chromedriver=2.28.455517 (2c6d2707d8ea850c862f04ac066724273981e88f),platform=Mac OS X 10.11.6 x86_64) (WARNING: The server did not provide any stacktrace information)
Command duration or timeout: 5.02 seconds
For documentation on this error, please visit: http://seleniumhq.org/exceptions/no_such_element.html
Build info: version: '3.0.1', revision: '1969d75', time: '2016-10-18 09:49:13 -0700'
System info: host: '101.lan0.mk.uz.ua', ip: '192.168.0.101', os.name: 'Mac OS X', os.arch: 'x86_64', os.version: '10.11.6', java.version: '1.8.0_101'
Driver info: org.openqa.selenium.chrome.ChromeDriver
Capabilities [{applicationCacheEnabled=false, rotatable=false, mobileEmulationEnabled=false, networkConnectionEnabled=false, chrome={chromedriverVersion=2.28.455517 (2c6d2707d8ea850c862f04ac066724273981e88f), userDataDir=/var/folders/xp/hq6y__313mvbnpb2n5x7bzq00000gn/T/.org.chromium.Chromium.HJgV73}, takesHeapSnapshot=true, pageLoadStrategy=normal, databaseEnabled=false, handlesAlerts=true, hasTouchScreen=false, version=57.0.2987.98, platform=MAC, browserConnectionEnabled=false, nativeEvents=true, acceptSslCerts=true, locationContextEnabled=true, webStorageEnabled=true, browserName=chrome, takesScreenshot=true, javascriptEnabled=true, cssSelectorsEnabled=true, unexpectedAlertBehaviour=}]
Session ID: 07740cd47c3fecacb889f08591f22d03
*** Element info: {Using=xpath, value=//input[@name='email']}
	at tests.HomePageTests.sendingUpdatesIncorrectEmail(HomePageTests.java:161)
</failure>
  </testcase>
  <testcase name="sendingUpdatesIncorrectEmailWithAt" classname="tests.HomePageTests" time="12.843"/>
  <testcase name="sendingUpdatesIncorrectEmailWithAt" classname="tests.HomePageTests" time="3.974">
    <failure message="unknown error: Element &lt;input id=&quot;email-2e572096-eea9-4a54-84ca-90f8b26fbe95&quot; class=&quot;hs-input&quot; type=&quot;email&quot; name=&quot;email&quot; required=&quot;&quot; placeholder=&quot;Email&quot; value=&quot;jsmith@gmail.com&quot; data-reactid=&quot;.hbspt-forms-0.0:$0.$email.0&quot;&gt; is not clickable at point (200, 320). Other element would receive the click: &lt;iframe frameborder=&quot;0&quot; src=&quot;about:blank&quot; style=&quot;background-color: transparent; vertical-align: text-bottom; position: relative; width: 100%; height: 100%; min-width: 100%; min-height: 100%; max-width: 100%; max-height: 100%; margin: 0px; overflow: hidden; display: block;&quot;&gt;&lt;/iframe&gt;&#10;  (Session info: chrome=57.0.2987.98)&#10;  (Driver info: chromedriver=2.28.455517 (2c6d2707d8ea850c862f04ac066724273981e88f),platform=Mac OS X 10.11.6 x86_64) (WARNING: The server did not provide any stacktrace information)&#10;Command duration or timeout: 22 milliseconds&#10;Build info: version: &apos;3.0.1&apos;, revision: &apos;1969d75&apos;, time: &apos;2016-10-18 09:49:13 -0700&apos;&#10;System info: host: &apos;101.lan0.mk.uz.ua&apos;, ip: &apos;192.168.0.101&apos;, os.name: &apos;Mac OS X&apos;, os.arch: &apos;x86_64&apos;, os.version: &apos;10.11.6&apos;, java.version: &apos;1.8.0_101&apos;&#10;Driver info: org.openqa.selenium.chrome.ChromeDriver&#10;Capabilities [{applicationCacheEnabled=false, rotatable=false, mobileEmulationEnabled=false, networkConnectionEnabled=false, chrome={chromedriverVersion=2.28.455517 (2c6d2707d8ea850c862f04ac066724273981e88f), userDataDir=/var/folders/xp/hq6y__313mvbnpb2n5x7bzq00000gn/T/.org.chromium.Chromium.HJgV73}, takesHeapSnapshot=true, pageLoadStrategy=normal, databaseEnabled=false, handlesAlerts=true, hasTouchScreen=false, version=57.0.2987.98, platform=MAC, browserConnectionEnabled=false, nativeEvents=true, acceptSslCerts=true, locationContextEnabled=true, webStorageEnabled=true, browserName=chrome, takesScreenshot=true, javascriptEnabled=true, cssSelectorsEnabled=true, unexpectedAlertBehaviour=}]&#10;Session ID: 07740cd47c3fecacb889f08591f22d03" type="org.openqa.selenium.WebDriverException"><![CDATA[org.openqa.selenium.WebDriverException: 
unknown error: Element <input id="email-2e572096-eea9-4a54-84ca-90f8b26fbe95" class="hs-input" type="email" name="email" required="" placeholder="Email" value="jsmith@gmail.com" data-reactid=".hbspt-forms-0.0:$0.$email.0"> is not clickable at point (200, 320). Other element would receive the click: <iframe frameborder="0" src="about:blank" style="background-color: transparent; vertical-align: text-bottom; position: relative; width: 100%; height: 100%; min-width: 100%; min-height: 100%; max-width: 100%; max-height: 100%; margin: 0px; overflow: hidden; display: block;"></iframe>
  (Session info: chrome=57.0.2987.98)
  (Driver info: chromedriver=2.28.455517 (2c6d2707d8ea850c862f04ac066724273981e88f),platform=Mac OS X 10.11.6 x86_64) (WARNING: The server did not provide any stacktrace information)
Command duration or timeout: 22 milliseconds
Build info: version: '3.0.1', revision: '1969d75', time: '2016-10-18 09:49:13 -0700'
System info: host: '101.lan0.mk.uz.ua', ip: '192.168.0.101', os.name: 'Mac OS X', os.arch: 'x86_64', os.version: '10.11.6', java.version: '1.8.0_101'
Driver info: org.openqa.selenium.chrome.ChromeDriver
Capabilities [{applicationCacheEnabled=false, rotatable=false, mobileEmulationEnabled=false, networkConnectionEnabled=false, chrome={chromedriverVersion=2.28.455517 (2c6d2707d8ea850c862f04ac066724273981e88f), userDataDir=/var/folders/xp/hq6y__313mvbnpb2n5x7bzq00000gn/T/.org.chromium.Chromium.HJgV73}, takesHeapSnapshot=true, pageLoadStrategy=normal, databaseEnabled=false, handlesAlerts=true, hasTouchScreen=false, version=57.0.2987.98, platform=MAC, browserConnectionEnabled=false, nativeEvents=true, acceptSslCerts=true, locationContextEnabled=true, webStorageEnabled=true, browserName=chrome, takesScreenshot=true, javascriptEnabled=true, cssSelectorsEnabled=true, unexpectedAlertBehaviour=}]
Session ID: 07740cd47c3fecacb889f08591f22d03
	at tests.HomePageTests.sendingUpdatesIncorrectEmailWithAt(HomePageTests.java:169)
]]></failure>
  </testcase>
  <testcase name="sendingUpdatesIncorrectEmailWithAt" classname="tests.HomePageTests" time="7.52"/>
  <testcase name="sendingUpdatesToValidEmail" classname="tests.HomePageTests" time="22.861">
    <failure message="no such element: Unable to locate element: {&quot;method&quot;:&quot;xpath&quot;,&quot;selector&quot;:&quot;//div[@class=&apos;submitted-message&apos;][@data-reactid=&apos;.hbspt-forms-0&apos;]&quot;}&#10;  (Session info: chrome=57.0.2987.98)&#10;  (Driver info: chromedriver=2.28.455517 (2c6d2707d8ea850c862f04ac066724273981e88f),platform=Mac OS X 10.11.6 x86_64) (WARNING: The server did not provide any stacktrace information)&#10;Command duration or timeout: 10.04 seconds&#10;For documentation on this error, please visit: http://seleniumhq.org/exceptions/no_such_element.html&#10;Build info: version: &apos;3.0.1&apos;, revision: &apos;1969d75&apos;, time: &apos;2016-10-18 09:49:13 -0700&apos;&#10;System info: host: &apos;101.lan0.mk.uz.ua&apos;, ip: &apos;192.168.0.101&apos;, os.name: &apos;Mac OS X&apos;, os.arch: &apos;x86_64&apos;, os.version: &apos;10.11.6&apos;, java.version: &apos;1.8.0_101&apos;&#10;Driver info: org.openqa.selenium.chrome.ChromeDriver&#10;Capabilities [{applicationCacheEnabled=false, rotatable=false, mobileEmulationEnabled=false, networkConnectionEnabled=false, chrome={chromedriverVersion=2.28.455517 (2c6d2707d8ea850c862f04ac066724273981e88f), userDataDir=/var/folders/xp/hq6y__313mvbnpb2n5x7bzq00000gn/T/.org.chromium.Chromium.HJgV73}, takesHeapSnapshot=true, pageLoadStrategy=normal, databaseEnabled=false, handlesAlerts=true, hasTouchScreen=false, version=57.0.2987.98, platform=MAC, browserConnectionEnabled=false, nativeEvents=true, acceptSslCerts=true, locationContextEnabled=true, webStorageEnabled=true, browserName=chrome, takesScreenshot=true, javascriptEnabled=true, cssSelectorsEnabled=true, unexpectedAlertBehaviour=}]&#10;Session ID: 07740cd47c3fecacb889f08591f22d03&#10;*** Element info: {Using=xpath, value=//div[@class=&apos;submitted-message&apos;][@data-reactid=&apos;.hbspt-forms-0&apos;]}" type="org.openqa.selenium.NoSuchElementException">org.openqa.selenium.NoSuchElementException: 
no such element: Unable to locate element: {"method":"xpath","selector":"//div[@class='submitted-message'][@data-reactid='.hbspt-forms-0']"}
  (Session info: chrome=57.0.2987.98)
  (Driver info: chromedriver=2.28.455517 (2c6d2707d8ea850c862f04ac066724273981e88f),platform=Mac OS X 10.11.6 x86_64) (WARNING: The server did not provide any stacktrace information)
Command duration or timeout: 10.04 seconds
For documentation on this error, please visit: http://seleniumhq.org/exceptions/no_such_element.html
Build info: version: '3.0.1', revision: '1969d75', time: '2016-10-18 09:49:13 -0700'
System info: host: '101.lan0.mk.uz.ua', ip: '192.168.0.101', os.name: 'Mac OS X', os.arch: 'x86_64', os.version: '10.11.6', java.version: '1.8.0_101'
Driver info: org.openqa.selenium.chrome.ChromeDriver
Capabilities [{applicationCacheEnabled=false, rotatable=false, mobileEmulationEnabled=false, networkConnectionEnabled=false, chrome={chromedriverVersion=2.28.455517 (2c6d2707d8ea850c862f04ac066724273981e88f), userDataDir=/var/folders/xp/hq6y__313mvbnpb2n5x7bzq00000gn/T/.org.chromium.Chromium.HJgV73}, takesHeapSnapshot=true, pageLoadStrategy=normal, databaseEnabled=false, handlesAlerts=true, hasTouchScreen=false, version=57.0.2987.98, platform=MAC, browserConnectionEnabled=false, nativeEvents=true, acceptSslCerts=true, locationContextEnabled=true, webStorageEnabled=true, browserName=chrome, takesScreenshot=true, javascriptEnabled=true, cssSelectorsEnabled=true, unexpectedAlertBehaviour=}]
Session ID: 07740cd47c3fecacb889f08591f22d03
*** Element info: {Using=xpath, value=//div[@class='submitted-message'][@data-reactid='.hbspt-forms-0']}
	at tests.HomePageTests.sendingUpdatesToValidEmail(HomePageTests.java:143)
</failure>
  </testcase>
  <testcase name="sendingUpdatesToValidEmail" classname="tests.HomePageTests" time="4.046">
    <failure message="unknown error: Element &lt;input id=&quot;email-2e572096-eea9-4a54-84ca-90f8b26fbe95&quot; class=&quot;hs-input&quot; type=&quot;email&quot; name=&quot;email&quot; required=&quot;&quot; placeholder=&quot;Email&quot; value=&quot;jsmith@gmail.com&quot; data-reactid=&quot;.hbspt-forms-0.0:$0.$email.0&quot;&gt; is not clickable at point (200, 320). Other element would receive the click: &lt;iframe frameborder=&quot;0&quot; src=&quot;about:blank&quot; style=&quot;background-color: transparent; vertical-align: text-bottom; position: relative; width: 100%; height: 100%; min-width: 100%; min-height: 100%; max-width: 100%; max-height: 100%; margin: 0px; overflow: hidden; display: block;&quot;&gt;&lt;/iframe&gt;&#10;  (Session info: chrome=57.0.2987.98)&#10;  (Driver info: chromedriver=2.28.455517 (2c6d2707d8ea850c862f04ac066724273981e88f),platform=Mac OS X 10.11.6 x86_64) (WARNING: The server did not provide any stacktrace information)&#10;Command duration or timeout: 23 milliseconds&#10;Build info: version: &apos;3.0.1&apos;, revision: &apos;1969d75&apos;, time: &apos;2016-10-18 09:49:13 -0700&apos;&#10;System info: host: &apos;101.lan0.mk.uz.ua&apos;, ip: &apos;192.168.0.101&apos;, os.name: &apos;Mac OS X&apos;, os.arch: &apos;x86_64&apos;, os.version: &apos;10.11.6&apos;, java.version: &apos;1.8.0_101&apos;&#10;Driver info: org.openqa.selenium.chrome.ChromeDriver&#10;Capabilities [{applicationCacheEnabled=false, rotatable=false, mobileEmulationEnabled=false, networkConnectionEnabled=false, chrome={chromedriverVersion=2.28.455517 (2c6d2707d8ea850c862f04ac066724273981e88f), userDataDir=/var/folders/xp/hq6y__313mvbnpb2n5x7bzq00000gn/T/.org.chromium.Chromium.HJgV73}, takesHeapSnapshot=true, pageLoadStrategy=normal, databaseEnabled=false, handlesAlerts=true, hasTouchScreen=false, version=57.0.2987.98, platform=MAC, browserConnectionEnabled=false, nativeEvents=true, acceptSslCerts=true, locationContextEnabled=true, webStorageEnabled=true, browserName=chrome, takesScreenshot=true, javascriptEnabled=true, cssSelectorsEnabled=true, unexpectedAlertBehaviour=}]&#10;Session ID: 07740cd47c3fecacb889f08591f22d03" type="org.openqa.selenium.WebDriverException"><![CDATA[org.openqa.selenium.WebDriverException: 
unknown error: Element <input id="email-2e572096-eea9-4a54-84ca-90f8b26fbe95" class="hs-input" type="email" name="email" required="" placeholder="Email" value="jsmith@gmail.com" data-reactid=".hbspt-forms-0.0:$0.$email.0"> is not clickable at point (200, 320). Other element would receive the click: <iframe frameborder="0" src="about:blank" style="background-color: transparent; vertical-align: text-bottom; position: relative; width: 100%; height: 100%; min-width: 100%; min-height: 100%; max-width: 100%; max-height: 100%; margin: 0px; overflow: hidden; display: block;"></iframe>
  (Session info: chrome=57.0.2987.98)
  (Driver info: chromedriver=2.28.455517 (2c6d2707d8ea850c862f04ac066724273981e88f),platform=Mac OS X 10.11.6 x86_64) (WARNING: The server did not provide any stacktrace information)
Command duration or timeout: 23 milliseconds
Build info: version: '3.0.1', revision: '1969d75', time: '2016-10-18 09:49:13 -0700'
System info: host: '101.lan0.mk.uz.ua', ip: '192.168.0.101', os.name: 'Mac OS X', os.arch: 'x86_64', os.version: '10.11.6', java.version: '1.8.0_101'
Driver info: org.openqa.selenium.chrome.ChromeDriver
Capabilities [{applicationCacheEnabled=false, rotatable=false, mobileEmulationEnabled=false, networkConnectionEnabled=false, chrome={chromedriverVersion=2.28.455517 (2c6d2707d8ea850c862f04ac066724273981e88f), userDataDir=/var/folders/xp/hq6y__313mvbnpb2n5x7bzq00000gn/T/.org.chromium.Chromium.HJgV73}, takesHeapSnapshot=true, pageLoadStrategy=normal, databaseEnabled=false, handlesAlerts=true, hasTouchScreen=false, version=57.0.2987.98, platform=MAC, browserConnectionEnabled=false, nativeEvents=true, acceptSslCerts=true, locationContextEnabled=true, webStorageEnabled=true, browserName=chrome, takesScreenshot=true, javascriptEnabled=true, cssSelectorsEnabled=true, unexpectedAlertBehaviour=}]
Session ID: 07740cd47c3fecacb889f08591f22d03
	at tests.HomePageTests.sendingUpdatesToValidEmail(HomePageTests.java:141)
]]></failure>
  </testcase>
  <testcase name="sendingUpdatesToValidEmail" classname="tests.HomePageTests" time="13.139">
    <failure message="no such element: Unable to locate element: {&quot;method&quot;:&quot;xpath&quot;,&quot;selector&quot;:&quot;//div[@class=&apos;submitted-message&apos;][@data-reactid=&apos;.hbspt-forms-0&apos;]&quot;}&#10;  (Session info: chrome=57.0.2987.98)&#10;  (Driver info: chromedriver=2.28.455517 (2c6d2707d8ea850c862f04ac066724273981e88f),platform=Mac OS X 10.11.6 x86_64) (WARNING: The server did not provide any stacktrace information)&#10;Command duration or timeout: 5.02 seconds&#10;For documentation on this error, please visit: http://seleniumhq.org/exceptions/no_such_element.html&#10;Build info: version: &apos;3.0.1&apos;, revision: &apos;1969d75&apos;, time: &apos;2016-10-18 09:49:13 -0700&apos;&#10;System info: host: &apos;101.lan0.mk.uz.ua&apos;, ip: &apos;192.168.0.101&apos;, os.name: &apos;Mac OS X&apos;, os.arch: &apos;x86_64&apos;, os.version: &apos;10.11.6&apos;, java.version: &apos;1.8.0_101&apos;&#10;Driver info: org.openqa.selenium.chrome.ChromeDriver&#10;Capabilities [{applicationCacheEnabled=false, rotatable=false, mobileEmulationEnabled=false, networkConnectionEnabled=false, chrome={chromedriverVersion=2.28.455517 (2c6d2707d8ea850c862f04ac066724273981e88f), userDataDir=/var/folders/xp/hq6y__313mvbnpb2n5x7bzq00000gn/T/.org.chromium.Chromium.HJgV73}, takesHeapSnapshot=true, pageLoadStrategy=normal, databaseEnabled=false, handlesAlerts=true, hasTouchScreen=false, version=57.0.2987.98, platform=MAC, browserConnectionEnabled=false, nativeEvents=true, acceptSslCerts=true, locationContextEnabled=true, webStorageEnabled=true, browserName=chrome, takesScreenshot=true, javascriptEnabled=true, cssSelectorsEnabled=true, unexpectedAlertBehaviour=}]&#10;Session ID: 07740cd47c3fecacb889f08591f22d03&#10;*** Element info: {Using=xpath, value=//div[@class=&apos;submitted-message&apos;][@data-reactid=&apos;.hbspt-forms-0&apos;]}" type="org.openqa.selenium.NoSuchElementException">org.openqa.selenium.NoSuchElementException: 
no such element: Unable to locate element: {"method":"xpath","selector":"//div[@class='submitted-message'][@data-reactid='.hbspt-forms-0']"}
  (Session info: chrome=57.0.2987.98)
  (Driver info: chromedriver=2.28.455517 (2c6d2707d8ea850c862f04ac066724273981e88f),platform=Mac OS X 10.11.6 x86_64) (WARNING: The server did not provide any stacktrace information)
Command duration or timeout: 5.02 seconds
For documentation on this error, please visit: http://seleniumhq.org/exceptions/no_such_element.html
Build info: version: '3.0.1', revision: '1969d75', time: '2016-10-18 09:49:13 -0700'
System info: host: '101.lan0.mk.uz.ua', ip: '192.168.0.101', os.name: 'Mac OS X', os.arch: 'x86_64', os.version: '10.11.6', java.version: '1.8.0_101'
Driver info: org.openqa.selenium.chrome.ChromeDriver
Capabilities [{applicationCacheEnabled=false, rotatable=false, mobileEmulationEnabled=false, networkConnectionEnabled=false, chrome={chromedriverVersion=2.28.455517 (2c6d2707d8ea850c862f04ac066724273981e88f), userDataDir=/var/folders/xp/hq6y__313mvbnpb2n5x7bzq00000gn/T/.org.chromium.Chromium.HJgV73}, takesHeapSnapshot=true, pageLoadStrategy=normal, databaseEnabled=false, handlesAlerts=true, hasTouchScreen=false, version=57.0.2987.98, platform=MAC, browserConnectionEnabled=false, nativeEvents=true, acceptSslCerts=true, locationContextEnabled=true, webStorageEnabled=true, browserName=chrome, takesScreenshot=true, javascriptEnabled=true, cssSelectorsEnabled=true, unexpectedAlertBehaviour=}]
Session ID: 07740cd47c3fecacb889f08591f22d03
*** Element info: {Using=xpath, value=//div[@class='submitted-message'][@data-reactid='.hbspt-forms-0']}
	at tests.HomePageTests.sendingUpdatesToValidEmail(HomePageTests.java:143)
</failure>
  </testcase>
  <testcase name="typingValidEmailAndClickRequestDemo" classname="tests.HomePageTests" time="4.49"/>
  <testcase name="typingValidEmailAndClickRequestDemo" classname="tests.HomePageTests" time="2.049">
    <failure message="unknown error: Element &lt;input type=&quot;submit&quot; class=&quot;btn btn-primary btn48&quot; value=&quot;Request a demo&quot;&gt; is not clickable at point (199, 319). Other element would receive the click: &lt;iframe frameborder=&quot;0&quot; src=&quot;about:blank&quot; style=&quot;background-color: transparent; vertical-align: text-bottom; position: relative; width: 100%; height: 100%; min-width: 100%; min-height: 100%; max-width: 100%; max-height: 100%; margin: 0px; overflow: hidden; display: block;&quot;&gt;&lt;/iframe&gt;&#10;  (Session info: chrome=57.0.2987.98)&#10;  (Driver info: chromedriver=2.28.455517 (2c6d2707d8ea850c862f04ac066724273981e88f),platform=Mac OS X 10.11.6 x86_64) (WARNING: The server did not provide any stacktrace information)&#10;Command duration or timeout: 67 milliseconds&#10;Build info: version: &apos;3.0.1&apos;, revision: &apos;1969d75&apos;, time: &apos;2016-10-18 09:49:13 -0700&apos;&#10;System info: host: &apos;101.lan0.mk.uz.ua&apos;, ip: &apos;192.168.0.101&apos;, os.name: &apos;Mac OS X&apos;, os.arch: &apos;x86_64&apos;, os.version: &apos;10.11.6&apos;, java.version: &apos;1.8.0_101&apos;&#10;Driver info: org.openqa.selenium.chrome.ChromeDriver&#10;Capabilities [{applicationCacheEnabled=false, rotatable=false, mobileEmulationEnabled=false, networkConnectionEnabled=false, chrome={chromedriverVersion=2.28.455517 (2c6d2707d8ea850c862f04ac066724273981e88f), userDataDir=/var/folders/xp/hq6y__313mvbnpb2n5x7bzq00000gn/T/.org.chromium.Chromium.HJgV73}, takesHeapSnapshot=true, pageLoadStrategy=normal, databaseEnabled=false, handlesAlerts=true, hasTouchScreen=false, version=57.0.2987.98, platform=MAC, browserConnectionEnabled=false, nativeEvents=true, acceptSslCerts=true, locationContextEnabled=true, webStorageEnabled=true, browserName=chrome, takesScreenshot=true, javascriptEnabled=true, cssSelectorsEnabled=true, unexpectedAlertBehaviour=}]&#10;Session ID: 07740cd47c3fecacb889f08591f22d03" type="org.openqa.selenium.WebDriverException"><![CDATA[org.openqa.selenium.WebDriverException: 
unknown error: Element <input type="submit" class="btn btn-primary btn48" value="Request a demo"> is not clickable at point (199, 319). Other element would receive the click: <iframe frameborder="0" src="about:blank" style="background-color: transparent; vertical-align: text-bottom; position: relative; width: 100%; height: 100%; min-width: 100%; min-height: 100%; max-width: 100%; max-height: 100%; margin: 0px; overflow: hidden; display: block;"></iframe>
  (Session info: chrome=57.0.2987.98)
  (Driver info: chromedriver=2.28.455517 (2c6d2707d8ea850c862f04ac066724273981e88f),platform=Mac OS X 10.11.6 x86_64) (WARNING: The server did not provide any stacktrace information)
Command duration or timeout: 67 milliseconds
Build info: version: '3.0.1', revision: '1969d75', time: '2016-10-18 09:49:13 -0700'
System info: host: '101.lan0.mk.uz.ua', ip: '192.168.0.101', os.name: 'Mac OS X', os.arch: 'x86_64', os.version: '10.11.6', java.version: '1.8.0_101'
Driver info: org.openqa.selenium.chrome.ChromeDriver
Capabilities [{applicationCacheEnabled=false, rotatable=false, mobileEmulationEnabled=false, networkConnectionEnabled=false, chrome={chromedriverVersion=2.28.455517 (2c6d2707d8ea850c862f04ac066724273981e88f), userDataDir=/var/folders/xp/hq6y__313mvbnpb2n5x7bzq00000gn/T/.org.chromium.Chromium.HJgV73}, takesHeapSnapshot=true, pageLoadStrategy=normal, databaseEnabled=false, handlesAlerts=true, hasTouchScreen=false, version=57.0.2987.98, platform=MAC, browserConnectionEnabled=false, nativeEvents=true, acceptSslCerts=true, locationContextEnabled=true, webStorageEnabled=true, browserName=chrome, takesScreenshot=true, javascriptEnabled=true, cssSelectorsEnabled=true, unexpectedAlertBehaviour=}]
Session ID: 07740cd47c3fecacb889f08591f22d03
	at tests.HomePageTests.typingValidEmailAndClickRequestDemo(HomePageTests.java:114)
]]></failure>
  </testcase>
  <testcase name="typingValidEmailAndClickRequestDemo" classname="tests.HomePageTests" time="4.06"/>
  <testcase name="videoOpening" classname="tests.HomePageTests" time="2.775"/>
  <testcase name="videoOpening" classname="tests.HomePageTests" time="1.886">
    <failure message="unknown error: Element &lt;a href=&quot;#video-popup&quot; data-toggle=&quot;modal&quot; data-target=&quot;#hero-video&quot;&gt;...&lt;/a&gt; is not clickable at point (199, 409). Other element would receive the click: &lt;iframe frameborder=&quot;0&quot; src=&quot;about:blank&quot; style=&quot;background-color: transparent; vertical-align: text-bottom; position: relative; width: 100%; height: 100%; min-width: 100%; min-height: 100%; max-width: 100%; max-height: 100%; margin: 0px; overflow: hidden; display: block;&quot;&gt;&lt;/iframe&gt;&#10;  (Session info: chrome=57.0.2987.98)&#10;  (Driver info: chromedriver=2.28.455517 (2c6d2707d8ea850c862f04ac066724273981e88f),platform=Mac OS X 10.11.6 x86_64) (WARNING: The server did not provide any stacktrace information)&#10;Command duration or timeout: 111 milliseconds&#10;Build info: version: &apos;3.0.1&apos;, revision: &apos;1969d75&apos;, time: &apos;2016-10-18 09:49:13 -0700&apos;&#10;System info: host: &apos;101.lan0.mk.uz.ua&apos;, ip: &apos;192.168.0.101&apos;, os.name: &apos;Mac OS X&apos;, os.arch: &apos;x86_64&apos;, os.version: &apos;10.11.6&apos;, java.version: &apos;1.8.0_101&apos;&#10;Driver info: org.openqa.selenium.chrome.ChromeDriver&#10;Capabilities [{applicationCacheEnabled=false, rotatable=false, mobileEmulationEnabled=false, networkConnectionEnabled=false, chrome={chromedriverVersion=2.28.455517 (2c6d2707d8ea850c862f04ac066724273981e88f), userDataDir=/var/folders/xp/hq6y__313mvbnpb2n5x7bzq00000gn/T/.org.chromium.Chromium.HJgV73}, takesHeapSnapshot=true, pageLoadStrategy=normal, databaseEnabled=false, handlesAlerts=true, hasTouchScreen=false, version=57.0.2987.98, platform=MAC, browserConnectionEnabled=false, nativeEvents=true, acceptSslCerts=true, locationContextEnabled=true, webStorageEnabled=true, browserName=chrome, takesScreenshot=true, javascriptEnabled=true, cssSelectorsEnabled=true, unexpectedAlertBehaviour=}]&#10;Session ID: 07740cd47c3fecacb889f08591f22d03" type="org.openqa.selenium.WebDriverException"><![CDATA[org.openqa.selenium.WebDriverException: 
unknown error: Element <a href="#video-popup" data-toggle="modal" data-target="#hero-video">...</a> is not clickable at point (199, 409). Other element would receive the click: <iframe frameborder="0" src="about:blank" style="background-color: transparent; vertical-align: text-bottom; position: relative; width: 100%; height: 100%; min-width: 100%; min-height: 100%; max-width: 100%; max-height: 100%; margin: 0px; overflow: hidden; display: block;"></iframe>
  (Session info: chrome=57.0.2987.98)
  (Driver info: chromedriver=2.28.455517 (2c6d2707d8ea850c862f04ac066724273981e88f),platform=Mac OS X 10.11.6 x86_64) (WARNING: The server did not provide any stacktrace information)
Command duration or timeout: 111 milliseconds
Build info: version: '3.0.1', revision: '1969d75', time: '2016-10-18 09:49:13 -0700'
System info: host: '101.lan0.mk.uz.ua', ip: '192.168.0.101', os.name: 'Mac OS X', os.arch: 'x86_64', os.version: '10.11.6', java.version: '1.8.0_101'
Driver info: org.openqa.selenium.chrome.ChromeDriver
Capabilities [{applicationCacheEnabled=false, rotatable=false, mobileEmulationEnabled=false, networkConnectionEnabled=false, chrome={chromedriverVersion=2.28.455517 (2c6d2707d8ea850c862f04ac066724273981e88f), userDataDir=/var/folders/xp/hq6y__313mvbnpb2n5x7bzq00000gn/T/.org.chromium.Chromium.HJgV73}, takesHeapSnapshot=true, pageLoadStrategy=normal, databaseEnabled=false, handlesAlerts=true, hasTouchScreen=false, version=57.0.2987.98, platform=MAC, browserConnectionEnabled=false, nativeEvents=true, acceptSslCerts=true, locationContextEnabled=true, webStorageEnabled=true, browserName=chrome, takesScreenshot=true, javascriptEnabled=true, cssSelectorsEnabled=true, unexpectedAlertBehaviour=}]
Session ID: 07740cd47c3fecacb889f08591f22d03
	at tests.HomePageTests.videoOpening(HomePageTests.java:196)
]]></failure>
  </testcase>
  <testcase name="videoOpening" classname="tests.HomePageTests" time="2.339"/>
  <testcase name="openingFeaturesPageAndClickOnRequestDemo" classname="tests.FeaturesPageTests" time="5.251"/>
  <testcase name="openingFeaturesPageAndClickOnRequestDemo" classname="tests.FeaturesPageTests" time="9.047"/>
  <testcase name="openingFeaturesPageAndClickOnRequestDemo" classname="tests.FeaturesPageTests" time="66.196">
    <failure message="element not visible&#10;  (Session info: chrome=57.0.2987.98)&#10;  (Driver info: chromedriver=2.28.455517 (2c6d2707d8ea850c862f04ac066724273981e88f),platform=Mac OS X 10.11.6 x86_64) (WARNING: The server did not provide any stacktrace information)&#10;Command duration or timeout: 39 milliseconds&#10;Build info: version: &apos;3.0.1&apos;, revision: &apos;1969d75&apos;, time: &apos;2016-10-18 09:49:13 -0700&apos;&#10;System info: host: &apos;101.lan0.mk.uz.ua&apos;, ip: &apos;192.168.0.101&apos;, os.name: &apos;Mac OS X&apos;, os.arch: &apos;x86_64&apos;, os.version: &apos;10.11.6&apos;, java.version: &apos;1.8.0_101&apos;&#10;Driver info: org.openqa.selenium.chrome.ChromeDriver&#10;Capabilities [{applicationCacheEnabled=false, rotatable=false, mobileEmulationEnabled=false, networkConnectionEnabled=false, chrome={chromedriverVersion=2.28.455517 (2c6d2707d8ea850c862f04ac066724273981e88f), userDataDir=/var/folders/xp/hq6y__313mvbnpb2n5x7bzq00000gn/T/.org.chromium.Chromium.HJgV73}, takesHeapSnapshot=true, pageLoadStrategy=normal, databaseEnabled=false, handlesAlerts=true, hasTouchScreen=false, version=57.0.2987.98, platform=MAC, browserConnectionEnabled=false, nativeEvents=true, acceptSslCerts=true, locationContextEnabled=true, webStorageEnabled=true, browserName=chrome, takesScreenshot=true, javascriptEnabled=true, cssSelectorsEnabled=true, unexpectedAlertBehaviour=}]&#10;Session ID: 07740cd47c3fecacb889f08591f22d03" type="org.openqa.selenium.ElementNotVisibleException">org.openqa.selenium.ElementNotVisibleException: 
element not visible
  (Session info: chrome=57.0.2987.98)
  (Driver info: chromedriver=2.28.455517 (2c6d2707d8ea850c862f04ac066724273981e88f),platform=Mac OS X 10.11.6 x86_64) (WARNING: The server did not provide any stacktrace information)
Command duration or timeout: 39 milliseconds
Build info: version: '3.0.1', revision: '1969d75', time: '2016-10-18 09:49:13 -0700'
System info: host: '101.lan0.mk.uz.ua', ip: '192.168.0.101', os.name: 'Mac OS X', os.arch: 'x86_64', os.version: '10.11.6', java.version: '1.8.0_101'
Driver info: org.openqa.selenium.chrome.ChromeDriver
Capabilities [{applicationCacheEnabled=false, rotatable=false, mobileEmulationEnabled=false, networkConnectionEnabled=false, chrome={chromedriverVersion=2.28.455517 (2c6d2707d8ea850c862f04ac066724273981e88f), userDataDir=/var/folders/xp/hq6y__313mvbnpb2n5x7bzq00000gn/T/.org.chromium.Chromium.HJgV73}, takesHeapSnapshot=true, pageLoadStrategy=normal, databaseEnabled=false, handlesAlerts=true, hasTouchScreen=false, version=57.0.2987.98, platform=MAC, browserConnectionEnabled=false, nativeEvents=true, acceptSslCerts=true, locationContextEnabled=true, webStorageEnabled=true, browserName=chrome, takesScreenshot=true, javascriptEnabled=true, cssSelectorsEnabled=true, unexpectedAlertBehaviour=}]
Session ID: 07740cd47c3fecacb889f08591f22d03
	at tests.FeaturesPageTests.openingFeaturesPageAndClickOnRequestDemo(FeaturesPageTests.java:24)
</failure>
    <system-out><![CDATA[Element Not found trying again - path: //li[@class='menu-item menu-item-type-post_type menu-item-object-page']/a[text()='FEATURES']]
Element Not found trying again - path: //li[@class='menu-item menu-item-type-post_type menu-item-object-page']/a[text()='FEATURES']]
]]></system-out>
    <system-err><![CDATA[org.openqa.selenium.TimeoutException: Expected condition failed: waiting for visibility of [[ChromeDriver: chrome on MAC (07740cd47c3fecacb889f08591f22d03)] -> xpath: //li[@class='menu-item menu-item-type-post_type menu-item-object-page']/a[text()='FEATURES']] (tried for 30 second(s) with 4 SECONDS interval)
Build info: version: '3.0.1', revision: '1969d75', time: '2016-10-18 09:49:13 -0700'
System info: host: '101.lan0.mk.uz.ua', ip: '192.168.0.101', os.name: 'Mac OS X', os.arch: 'x86_64', os.version: '10.11.6', java.version: '1.8.0_101'
Driver info: driver.version: unknown
	at org.openqa.selenium.support.ui.FluentWait.timeoutException(FluentWait.java:296)
	at org.openqa.selenium.support.ui.FluentWait.until(FluentWait.java:265)
	at pageobjects.BaseObjectPage.fluentWaitforElement(BaseObjectPage.java:56)
	at pageobjects.HomePageObject.goToFeaturesPage(HomePageObject.java:80)
	at tests.FeaturesPageTests.openingFeaturesPageAndClickOnRequestDemo(FeaturesPageTests.java:24)
	at sun.reflect.NativeMethodAccessorImpl.invoke0(Native Method)
	at sun.reflect.NativeMethodAccessorImpl.invoke(NativeMethodAccessorImpl.java:62)
	at sun.reflect.DelegatingMethodAccessorImpl.invoke(DelegatingMethodAccessorImpl.java:43)
	at java.lang.reflect.Method.invoke(Method.java:498)
	at org.testng.internal.MethodInvocationHelper.invokeMethod(MethodInvocationHelper.java:104)
	at org.testng.internal.Invoker.invokeMethod(Invoker.java:645)
	at org.testng.internal.Invoker.invokeTestMethod(Invoker.java:851)
	at org.testng.internal.Invoker.invokeTestMethods(Invoker.java:1177)
	at org.testng.internal.TestMethodWorker.invokeTestMethods(TestMethodWorker.java:129)
	at org.testng.internal.TestMethodWorker.run(TestMethodWorker.java:112)
	at org.testng.TestRunner.privateRun(TestRunner.java:756)
	at org.testng.TestRunner.run(TestRunner.java:610)
	at org.testng.SuiteRunner.runTest(SuiteRunner.java:387)
	at org.testng.SuiteRunner.runSequentially(SuiteRunner.java:382)
	at org.testng.SuiteRunner.privateRun(SuiteRunner.java:340)
	at org.testng.SuiteRunner.run(SuiteRunner.java:289)
	at org.testng.SuiteRunnerWorker.runSuite(SuiteRunnerWorker.java:52)
	at org.testng.SuiteRunnerWorker.run(SuiteRunnerWorker.java:86)
	at org.testng.TestNG.runSuitesSequentially(TestNG.java:1293)
	at org.testng.TestNG.runSuitesLocally(TestNG.java:1218)
	at org.testng.TestNG.runSuites(TestNG.java:1133)
	at org.testng.TestNG.run(TestNG.java:1104)
	at org.apache.maven.surefire.testng.TestNGExecutor.run(TestNGExecutor.java:281)
	at org.apache.maven.surefire.testng.TestNGXmlTestSuite.execute(TestNGXmlTestSuite.java:75)
	at org.apache.maven.surefire.testng.TestNGProvider.invoke(TestNGProvider.java:121)
	at org.apache.maven.surefire.booter.ForkedBooter.invokeProviderInSameClassLoader(ForkedBooter.java:290)
	at org.apache.maven.surefire.booter.ForkedBooter.runSuitesInProcess(ForkedBooter.java:242)
	at org.apache.maven.surefire.booter.ForkedBooter.main(ForkedBooter.java:121)
org.openqa.selenium.TimeoutException: Expected condition failed: waiting for visibility of [[ChromeDriver: chrome on MAC (07740cd47c3fecacb889f08591f22d03)] -> xpath: //li[@class='menu-item menu-item-type-post_type menu-item-object-page']/a[text()='FEATURES']] (tried for 30 second(s) with 4 SECONDS interval)
Build info: version: '3.0.1', revision: '1969d75', time: '2016-10-18 09:49:13 -0700'
System info: host: '101.lan0.mk.uz.ua', ip: '192.168.0.101', os.name: 'Mac OS X', os.arch: 'x86_64', os.version: '10.11.6', java.version: '1.8.0_101'
Driver info: driver.version: unknown
	at org.openqa.selenium.support.ui.FluentWait.timeoutException(FluentWait.java:296)
	at org.openqa.selenium.support.ui.FluentWait.until(FluentWait.java:265)
	at pageobjects.BaseObjectPage.fluentWaitforElement(BaseObjectPage.java:56)
	at pageobjects.HomePageObject.goToFeaturesPage(HomePageObject.java:80)
	at tests.FeaturesPageTests.openingFeaturesPageAndClickOnRequestDemo(FeaturesPageTests.java:24)
	at sun.reflect.NativeMethodAccessorImpl.invoke0(Native Method)
	at sun.reflect.NativeMethodAccessorImpl.invoke(NativeMethodAccessorImpl.java:62)
	at sun.reflect.DelegatingMethodAccessorImpl.invoke(DelegatingMethodAccessorImpl.java:43)
	at java.lang.reflect.Method.invoke(Method.java:498)
	at org.testng.internal.MethodInvocationHelper.invokeMethod(MethodInvocationHelper.java:104)
	at org.testng.internal.Invoker.invokeMethod(Invoker.java:645)
	at org.testng.internal.Invoker.invokeTestMethod(Invoker.java:851)
	at org.testng.internal.Invoker.invokeTestMethods(Invoker.java:1177)
	at org.testng.internal.TestMethodWorker.invokeTestMethods(TestMethodWorker.java:129)
	at org.testng.internal.TestMethodWorker.run(TestMethodWorker.java:112)
	at org.testng.TestRunner.privateRun(TestRunner.java:756)
	at org.testng.TestRunner.run(TestRunner.java:610)
	at org.testng.SuiteRunner.runTest(SuiteRunner.java:387)
	at org.testng.SuiteRunner.runSequentially(SuiteRunner.java:382)
	at org.testng.SuiteRunner.privateRun(SuiteRunner.java:340)
	at org.testng.SuiteRunner.run(SuiteRunner.java:289)
	at org.testng.SuiteRunnerWorker.runSuite(SuiteRunnerWorker.java:52)
	at org.testng.SuiteRunnerWorker.run(SuiteRunnerWorker.java:86)
	at org.testng.TestNG.runSuitesSequentially(TestNG.java:1293)
	at org.testng.TestNG.runSuitesLocally(TestNG.java:1218)
	at org.testng.TestNG.runSuites(TestNG.java:1133)
	at org.testng.TestNG.run(TestNG.java:1104)
	at org.apache.maven.surefire.testng.TestNGExecutor.run(TestNGExecutor.java:281)
	at org.apache.maven.surefire.testng.TestNGXmlTestSuite.execute(TestNGXmlTestSuite.java:75)
	at org.apache.maven.surefire.testng.TestNGProvider.invoke(TestNGProvider.java:121)
	at org.apache.maven.surefire.booter.ForkedBooter.invokeProviderInSameClassLoader(ForkedBooter.java:290)
	at org.apache.maven.surefire.booter.ForkedBooter.runSuitesInProcess(ForkedBooter.java:242)
	at org.apache.maven.surefire.booter.ForkedBooter.main(ForkedBooter.java:121)
]]></system-err>
  </testcase>
  <testcase name="openingSecondRequestDemoButton" classname="tests.FeaturesPageTests" time="15.617"/>
  <testcase name="openingSecondRequestDemoButton" classname="tests.FeaturesPageTests" time="11.561"/>
  <testcase name="openingSecondRequestDemoButton" classname="tests.FeaturesPageTests" time="24.404"/>
  <testcase name="openingThirdRequestDemoButton" classname="tests.FeaturesPageTests" time="15.464"/>
  <testcase name="openingThirdRequestDemoButton" classname="tests.FeaturesPageTests" time="11.046"/>
  <testcase name="openingThirdRequestDemoButton" classname="tests.FeaturesPageTests" time="10.338"/>
  <testcase name="scrollingToEachSection" classname="tests.FeaturesPageTests" time="44.428"/>
  <testcase name="scrollingToEachSection" classname="tests.FeaturesPageTests" time="16.398"/>
  <testcase name="scrollingToEachSection" classname="tests.FeaturesPageTests" time="66.117">
    <failure message="element not visible&#10;  (Session info: chrome=57.0.2987.98)&#10;  (Driver info: chromedriver=2.28.455517 (2c6d2707d8ea850c862f04ac066724273981e88f),platform=Mac OS X 10.11.6 x86_64) (WARNING: The server did not provide any stacktrace information)&#10;Command duration or timeout: 30 milliseconds&#10;Build info: version: &apos;3.0.1&apos;, revision: &apos;1969d75&apos;, time: &apos;2016-10-18 09:49:13 -0700&apos;&#10;System info: host: &apos;101.lan0.mk.uz.ua&apos;, ip: &apos;192.168.0.101&apos;, os.name: &apos;Mac OS X&apos;, os.arch: &apos;x86_64&apos;, os.version: &apos;10.11.6&apos;, java.version: &apos;1.8.0_101&apos;&#10;Driver info: org.openqa.selenium.chrome.ChromeDriver&#10;Capabilities [{applicationCacheEnabled=false, rotatable=false, mobileEmulationEnabled=false, networkConnectionEnabled=false, chrome={chromedriverVersion=2.28.455517 (2c6d2707d8ea850c862f04ac066724273981e88f), userDataDir=/var/folders/xp/hq6y__313mvbnpb2n5x7bzq00000gn/T/.org.chromium.Chromium.HJgV73}, takesHeapSnapshot=true, pageLoadStrategy=normal, databaseEnabled=false, handlesAlerts=true, hasTouchScreen=false, version=57.0.2987.98, platform=MAC, browserConnectionEnabled=false, nativeEvents=true, acceptSslCerts=true, locationContextEnabled=true, webStorageEnabled=true, browserName=chrome, takesScreenshot=true, javascriptEnabled=true, cssSelectorsEnabled=true, unexpectedAlertBehaviour=}]&#10;Session ID: 07740cd47c3fecacb889f08591f22d03" type="org.openqa.selenium.ElementNotVisibleException">org.openqa.selenium.ElementNotVisibleException: 
element not visible
  (Session info: chrome=57.0.2987.98)
  (Driver info: chromedriver=2.28.455517 (2c6d2707d8ea850c862f04ac066724273981e88f),platform=Mac OS X 10.11.6 x86_64) (WARNING: The server did not provide any stacktrace information)
Command duration or timeout: 30 milliseconds
Build info: version: '3.0.1', revision: '1969d75', time: '2016-10-18 09:49:13 -0700'
System info: host: '101.lan0.mk.uz.ua', ip: '192.168.0.101', os.name: 'Mac OS X', os.arch: 'x86_64', os.version: '10.11.6', java.version: '1.8.0_101'
Driver info: org.openqa.selenium.chrome.ChromeDriver
Capabilities [{applicationCacheEnabled=false, rotatable=false, mobileEmulationEnabled=false, networkConnectionEnabled=false, chrome={chromedriverVersion=2.28.455517 (2c6d2707d8ea850c862f04ac066724273981e88f), userDataDir=/var/folders/xp/hq6y__313mvbnpb2n5x7bzq00000gn/T/.org.chromium.Chromium.HJgV73}, takesHeapSnapshot=true, pageLoadStrategy=normal, databaseEnabled=false, handlesAlerts=true, hasTouchScreen=false, version=57.0.2987.98, platform=MAC, browserConnectionEnabled=false, nativeEvents=true, acceptSslCerts=true, locationContextEnabled=true, webStorageEnabled=true, browserName=chrome, takesScreenshot=true, javascriptEnabled=true, cssSelectorsEnabled=true, unexpectedAlertBehaviour=}]
Session ID: 07740cd47c3fecacb889f08591f22d03
	at tests.FeaturesPageTests.scrollingToEachSection(FeaturesPageTests.java:52)
</failure>
    <system-out><![CDATA[Element Not found trying again - path: //li[@class='menu-item menu-item-type-post_type menu-item-object-page']/a[text()='FEATURES']]
Element Not found trying again - path: //li[@class='menu-item menu-item-type-post_type menu-item-object-page']/a[text()='FEATURES']]
]]></system-out>
    <system-err><![CDATA[org.openqa.selenium.TimeoutException: Expected condition failed: waiting for visibility of [[ChromeDriver: chrome on MAC (07740cd47c3fecacb889f08591f22d03)] -> xpath: //li[@class='menu-item menu-item-type-post_type menu-item-object-page']/a[text()='FEATURES']] (tried for 30 second(s) with 4 SECONDS interval)
Build info: version: '3.0.1', revision: '1969d75', time: '2016-10-18 09:49:13 -0700'
System info: host: '101.lan0.mk.uz.ua', ip: '192.168.0.101', os.name: 'Mac OS X', os.arch: 'x86_64', os.version: '10.11.6', java.version: '1.8.0_101'
Driver info: driver.version: unknown
	at org.openqa.selenium.support.ui.FluentWait.timeoutException(FluentWait.java:296)
	at org.openqa.selenium.support.ui.FluentWait.until(FluentWait.java:265)
	at pageobjects.BaseObjectPage.fluentWaitforElement(BaseObjectPage.java:56)
	at pageobjects.HomePageObject.goToFeaturesPage(HomePageObject.java:80)
	at tests.FeaturesPageTests.scrollingToEachSection(FeaturesPageTests.java:52)
	at sun.reflect.NativeMethodAccessorImpl.invoke0(Native Method)
	at sun.reflect.NativeMethodAccessorImpl.invoke(NativeMethodAccessorImpl.java:62)
	at sun.reflect.DelegatingMethodAccessorImpl.invoke(DelegatingMethodAccessorImpl.java:43)
	at java.lang.reflect.Method.invoke(Method.java:498)
	at org.testng.internal.MethodInvocationHelper.invokeMethod(MethodInvocationHelper.java:104)
	at org.testng.internal.Invoker.invokeMethod(Invoker.java:645)
	at org.testng.internal.Invoker.invokeTestMethod(Invoker.java:851)
	at org.testng.internal.Invoker.invokeTestMethods(Invoker.java:1177)
	at org.testng.internal.TestMethodWorker.invokeTestMethods(TestMethodWorker.java:129)
	at org.testng.internal.TestMethodWorker.run(TestMethodWorker.java:112)
	at org.testng.TestRunner.privateRun(TestRunner.java:756)
	at org.testng.TestRunner.run(TestRunner.java:610)
	at org.testng.SuiteRunner.runTest(SuiteRunner.java:387)
	at org.testng.SuiteRunner.runSequentially(SuiteRunner.java:382)
	at org.testng.SuiteRunner.privateRun(SuiteRunner.java:340)
	at org.testng.SuiteRunner.run(SuiteRunner.java:289)
	at org.testng.SuiteRunnerWorker.runSuite(SuiteRunnerWorker.java:52)
	at org.testng.SuiteRunnerWorker.run(SuiteRunnerWorker.java:86)
	at org.testng.TestNG.runSuitesSequentially(TestNG.java:1293)
	at org.testng.TestNG.runSuitesLocally(TestNG.java:1218)
	at org.testng.TestNG.runSuites(TestNG.java:1133)
	at org.testng.TestNG.run(TestNG.java:1104)
	at org.apache.maven.surefire.testng.TestNGExecutor.run(TestNGExecutor.java:281)
	at org.apache.maven.surefire.testng.TestNGXmlTestSuite.execute(TestNGXmlTestSuite.java:75)
	at org.apache.maven.surefire.testng.TestNGProvider.invoke(TestNGProvider.java:121)
	at org.apache.maven.surefire.booter.ForkedBooter.invokeProviderInSameClassLoader(ForkedBooter.java:290)
	at org.apache.maven.surefire.booter.ForkedBooter.runSuitesInProcess(ForkedBooter.java:242)
	at org.apache.maven.surefire.booter.ForkedBooter.main(ForkedBooter.java:121)
org.openqa.selenium.TimeoutException: Expected condition failed: waiting for visibility of [[ChromeDriver: chrome on MAC (07740cd47c3fecacb889f08591f22d03)] -> xpath: //li[@class='menu-item menu-item-type-post_type menu-item-object-page']/a[text()='FEATURES']] (tried for 30 second(s) with 4 SECONDS interval)
Build info: version: '3.0.1', revision: '1969d75', time: '2016-10-18 09:49:13 -0700'
System info: host: '101.lan0.mk.uz.ua', ip: '192.168.0.101', os.name: 'Mac OS X', os.arch: 'x86_64', os.version: '10.11.6', java.version: '1.8.0_101'
Driver info: driver.version: unknown
	at org.openqa.selenium.support.ui.FluentWait.timeoutException(FluentWait.java:296)
	at org.openqa.selenium.support.ui.FluentWait.until(FluentWait.java:265)
	at pageobjects.BaseObjectPage.fluentWaitforElement(BaseObjectPage.java:56)
	at pageobjects.HomePageObject.goToFeaturesPage(HomePageObject.java:80)
	at tests.FeaturesPageTests.scrollingToEachSection(FeaturesPageTests.java:52)
	at sun.reflect.NativeMethodAccessorImpl.invoke0(Native Method)
	at sun.reflect.NativeMethodAccessorImpl.invoke(NativeMethodAccessorImpl.java:62)
	at sun.reflect.DelegatingMethodAccessorImpl.invoke(DelegatingMethodAccessorImpl.java:43)
	at java.lang.reflect.Method.invoke(Method.java:498)
	at org.testng.internal.MethodInvocationHelper.invokeMethod(MethodInvocationHelper.java:104)
	at org.testng.internal.Invoker.invokeMethod(Invoker.java:645)
	at org.testng.internal.Invoker.invokeTestMethod(Invoker.java:851)
	at org.testng.internal.Invoker.invokeTestMethods(Invoker.java:1177)
	at org.testng.internal.TestMethodWorker.invokeTestMethods(TestMethodWorker.java:129)
	at org.testng.internal.TestMethodWorker.run(TestMethodWorker.java:112)
	at org.testng.TestRunner.privateRun(TestRunner.java:756)
	at org.testng.TestRunner.run(TestRunner.java:610)
	at org.testng.SuiteRunner.runTest(SuiteRunner.java:387)
	at org.testng.SuiteRunner.runSequentially(SuiteRunner.java:382)
	at org.testng.SuiteRunner.privateRun(SuiteRunner.java:340)
	at org.testng.SuiteRunner.run(SuiteRunner.java:289)
	at org.testng.SuiteRunnerWorker.runSuite(SuiteRunnerWorker.java:52)
	at org.testng.SuiteRunnerWorker.run(SuiteRunnerWorker.java:86)
	at org.testng.TestNG.runSuitesSequentially(TestNG.java:1293)
	at org.testng.TestNG.runSuitesLocally(TestNG.java:1218)
	at org.testng.TestNG.runSuites(TestNG.java:1133)
	at org.testng.TestNG.run(TestNG.java:1104)
	at org.apache.maven.surefire.testng.TestNGExecutor.run(TestNGExecutor.java:281)
	at org.apache.maven.surefire.testng.TestNGXmlTestSuite.execute(TestNGXmlTestSuite.java:75)
	at org.apache.maven.surefire.testng.TestNGProvider.invoke(TestNGProvider.java:121)
	at org.apache.maven.surefire.booter.ForkedBooter.invokeProviderInSameClassLoader(ForkedBooter.java:290)
	at org.apache.maven.surefire.booter.ForkedBooter.runSuitesInProcess(ForkedBooter.java:242)
	at org.apache.maven.surefire.booter.ForkedBooter.main(ForkedBooter.java:121)
]]></system-err>
  </testcase>
  <testcase name="emailFieldValidations" classname="tests.RequestDemoTests" time="4.885"/>
  <testcase name="emailFieldValidations" classname="tests.RequestDemoTests" time="4.252"/>
  <testcase name="emailFieldValidations" classname="tests.RequestDemoTests" time="8.54"/>
  <testcase name="phoneNumberFieldValidations" classname="tests.RequestDemoTests" time="4.24"/>
  <testcase name="phoneNumberFieldValidations" classname="tests.RequestDemoTests" time="8.495"/>
  <testcase name="phoneNumberFieldValidations" classname="tests.RequestDemoTests" time="8.884"/>
  <testcase name="requestDemoEmptyRequiredFieldsOpening" classname="tests.RequestDemoTests" time="4.252"/>
  <testcase name="requestDemoEmptyRequiredFieldsOpening" classname="tests.RequestDemoTests" time="8.175"/>
  <testcase name="requestDemoEmptyRequiredFieldsOpening" classname="tests.RequestDemoTests" time="8.902"/>
  <testcase name="sendingFormWithValidData" classname="tests.RequestDemoTests" time="4.647"/>
  <testcase name="sendingFormWithValidData" classname="tests.RequestDemoTests" time="8.867"/>
  <testcase name="sendingFormWithValidData" classname="tests.RequestDemoTests" time="9.073"/>
  <testcase name="correctLogin" classname="tests.LoginPageTests" time="6.51"/>
  <testcase name="correctLogin" classname="tests.LoginPageTests" time="67.004">
    <failure message="element not visible&#10;  (Session info: chrome=57.0.2987.98)&#10;  (Driver info: chromedriver=2.28.455517 (2c6d2707d8ea850c862f04ac066724273981e88f),platform=Mac OS X 10.11.6 x86_64) (WARNING: The server did not provide any stacktrace information)&#10;Command duration or timeout: 32 milliseconds&#10;Build info: version: &apos;3.0.1&apos;, revision: &apos;1969d75&apos;, time: &apos;2016-10-18 09:49:13 -0700&apos;&#10;System info: host: &apos;101.lan0.mk.uz.ua&apos;, ip: &apos;192.168.0.101&apos;, os.name: &apos;Mac OS X&apos;, os.arch: &apos;x86_64&apos;, os.version: &apos;10.11.6&apos;, java.version: &apos;1.8.0_101&apos;&#10;Driver info: org.openqa.selenium.chrome.ChromeDriver&#10;Capabilities [{applicationCacheEnabled=false, rotatable=false, mobileEmulationEnabled=false, networkConnectionEnabled=false, chrome={chromedriverVersion=2.28.455517 (2c6d2707d8ea850c862f04ac066724273981e88f), userDataDir=/var/folders/xp/hq6y__313mvbnpb2n5x7bzq00000gn/T/.org.chromium.Chromium.HJgV73}, takesHeapSnapshot=true, pageLoadStrategy=normal, databaseEnabled=false, handlesAlerts=true, hasTouchScreen=false, version=57.0.2987.98, platform=MAC, browserConnectionEnabled=false, nativeEvents=true, acceptSslCerts=true, locationContextEnabled=true, webStorageEnabled=true, browserName=chrome, takesScreenshot=true, javascriptEnabled=true, cssSelectorsEnabled=true, unexpectedAlertBehaviour=}]&#10;Session ID: 07740cd47c3fecacb889f08591f22d03" type="org.openqa.selenium.ElementNotVisibleException">org.openqa.selenium.ElementNotVisibleException: 
element not visible
  (Session info: chrome=57.0.2987.98)
  (Driver info: chromedriver=2.28.455517 (2c6d2707d8ea850c862f04ac066724273981e88f),platform=Mac OS X 10.11.6 x86_64) (WARNING: The server did not provide any stacktrace information)
Command duration or timeout: 32 milliseconds
Build info: version: '3.0.1', revision: '1969d75', time: '2016-10-18 09:49:13 -0700'
System info: host: '101.lan0.mk.uz.ua', ip: '192.168.0.101', os.name: 'Mac OS X', os.arch: 'x86_64', os.version: '10.11.6', java.version: '1.8.0_101'
Driver info: org.openqa.selenium.chrome.ChromeDriver
Capabilities [{applicationCacheEnabled=false, rotatable=false, mobileEmulationEnabled=false, networkConnectionEnabled=false, chrome={chromedriverVersion=2.28.455517 (2c6d2707d8ea850c862f04ac066724273981e88f), userDataDir=/var/folders/xp/hq6y__313mvbnpb2n5x7bzq00000gn/T/.org.chromium.Chromium.HJgV73}, takesHeapSnapshot=true, pageLoadStrategy=normal, databaseEnabled=false, handlesAlerts=true, hasTouchScreen=false, version=57.0.2987.98, platform=MAC, browserConnectionEnabled=false, nativeEvents=true, acceptSslCerts=true, locationContextEnabled=true, webStorageEnabled=true, browserName=chrome, takesScreenshot=true, javascriptEnabled=true, cssSelectorsEnabled=true, unexpectedAlertBehaviour=}]
Session ID: 07740cd47c3fecacb889f08591f22d03
	at tests.LoginPageTests.correctLogin(LoginPageTests.java:22)
</failure>
    <system-out><![CDATA[Element Not found trying again - path: //ul[@class='mobile-header-menu']//li/a[text()='LOG IN']]
Element Not found trying again - path: //ul[@class='mobile-header-menu']//li/a[text()='LOG IN']]
]]></system-out>
    <system-err><![CDATA[org.openqa.selenium.TimeoutException: Expected condition failed: waiting for visibility of [[ChromeDriver: chrome on MAC (07740cd47c3fecacb889f08591f22d03)] -> xpath: //ul[@class='mobile-header-menu']//li/a[text()='LOG IN']] (tried for 30 second(s) with 4 SECONDS interval)
Build info: version: '3.0.1', revision: '1969d75', time: '2016-10-18 09:49:13 -0700'
System info: host: '101.lan0.mk.uz.ua', ip: '192.168.0.101', os.name: 'Mac OS X', os.arch: 'x86_64', os.version: '10.11.6', java.version: '1.8.0_101'
Driver info: driver.version: unknown
	at org.openqa.selenium.support.ui.FluentWait.timeoutException(FluentWait.java:296)
	at org.openqa.selenium.support.ui.FluentWait.until(FluentWait.java:265)
	at pageobjects.BaseObjectPage.fluentWaitforElement(BaseObjectPage.java:56)
	at pageobjects.HomePageObject.goToLoginPage(HomePageObject.java:140)
	at tests.LoginPageTests.correctLogin(LoginPageTests.java:22)
	at sun.reflect.NativeMethodAccessorImpl.invoke0(Native Method)
	at sun.reflect.NativeMethodAccessorImpl.invoke(NativeMethodAccessorImpl.java:62)
	at sun.reflect.DelegatingMethodAccessorImpl.invoke(DelegatingMethodAccessorImpl.java:43)
	at java.lang.reflect.Method.invoke(Method.java:498)
	at org.testng.internal.MethodInvocationHelper.invokeMethod(MethodInvocationHelper.java:104)
	at org.testng.internal.Invoker.invokeMethod(Invoker.java:645)
	at org.testng.internal.Invoker.invokeTestMethod(Invoker.java:851)
	at org.testng.internal.Invoker.invokeTestMethods(Invoker.java:1177)
	at org.testng.internal.TestMethodWorker.invokeTestMethods(TestMethodWorker.java:129)
	at org.testng.internal.TestMethodWorker.run(TestMethodWorker.java:112)
	at org.testng.TestRunner.privateRun(TestRunner.java:756)
	at org.testng.TestRunner.run(TestRunner.java:610)
	at org.testng.SuiteRunner.runTest(SuiteRunner.java:387)
	at org.testng.SuiteRunner.runSequentially(SuiteRunner.java:382)
	at org.testng.SuiteRunner.privateRun(SuiteRunner.java:340)
	at org.testng.SuiteRunner.run(SuiteRunner.java:289)
	at org.testng.SuiteRunnerWorker.runSuite(SuiteRunnerWorker.java:52)
	at org.testng.SuiteRunnerWorker.run(SuiteRunnerWorker.java:86)
	at org.testng.TestNG.runSuitesSequentially(TestNG.java:1293)
	at org.testng.TestNG.runSuitesLocally(TestNG.java:1218)
	at org.testng.TestNG.runSuites(TestNG.java:1133)
	at org.testng.TestNG.run(TestNG.java:1104)
	at org.apache.maven.surefire.testng.TestNGExecutor.run(TestNGExecutor.java:281)
	at org.apache.maven.surefire.testng.TestNGXmlTestSuite.execute(TestNGXmlTestSuite.java:75)
	at org.apache.maven.surefire.testng.TestNGProvider.invoke(TestNGProvider.java:121)
	at org.apache.maven.surefire.booter.ForkedBooter.invokeProviderInSameClassLoader(ForkedBooter.java:290)
	at org.apache.maven.surefire.booter.ForkedBooter.runSuitesInProcess(ForkedBooter.java:242)
	at org.apache.maven.surefire.booter.ForkedBooter.main(ForkedBooter.java:121)
org.openqa.selenium.TimeoutException: Expected condition failed: waiting for visibility of [[ChromeDriver: chrome on MAC (07740cd47c3fecacb889f08591f22d03)] -> xpath: //ul[@class='mobile-header-menu']//li/a[text()='LOG IN']] (tried for 30 second(s) with 4 SECONDS interval)
Build info: version: '3.0.1', revision: '1969d75', time: '2016-10-18 09:49:13 -0700'
System info: host: '101.lan0.mk.uz.ua', ip: '192.168.0.101', os.name: 'Mac OS X', os.arch: 'x86_64', os.version: '10.11.6', java.version: '1.8.0_101'
Driver info: driver.version: unknown
	at org.openqa.selenium.support.ui.FluentWait.timeoutException(FluentWait.java:296)
	at org.openqa.selenium.support.ui.FluentWait.until(FluentWait.java:265)
	at pageobjects.BaseObjectPage.fluentWaitforElement(BaseObjectPage.java:56)
	at pageobjects.HomePageObject.goToLoginPage(HomePageObject.java:140)
	at tests.LoginPageTests.correctLogin(LoginPageTests.java:22)
	at sun.reflect.NativeMethodAccessorImpl.invoke0(Native Method)
	at sun.reflect.NativeMethodAccessorImpl.invoke(NativeMethodAccessorImpl.java:62)
	at sun.reflect.DelegatingMethodAccessorImpl.invoke(DelegatingMethodAccessorImpl.java:43)
	at java.lang.reflect.Method.invoke(Method.java:498)
	at org.testng.internal.MethodInvocationHelper.invokeMethod(MethodInvocationHelper.java:104)
	at org.testng.internal.Invoker.invokeMethod(Invoker.java:645)
	at org.testng.internal.Invoker.invokeTestMethod(Invoker.java:851)
	at org.testng.internal.Invoker.invokeTestMethods(Invoker.java:1177)
	at org.testng.internal.TestMethodWorker.invokeTestMethods(TestMethodWorker.java:129)
	at org.testng.internal.TestMethodWorker.run(TestMethodWorker.java:112)
	at org.testng.TestRunner.privateRun(TestRunner.java:756)
	at org.testng.TestRunner.run(TestRunner.java:610)
	at org.testng.SuiteRunner.runTest(SuiteRunner.java:387)
	at org.testng.SuiteRunner.runSequentially(SuiteRunner.java:382)
	at org.testng.SuiteRunner.privateRun(SuiteRunner.java:340)
	at org.testng.SuiteRunner.run(SuiteRunner.java:289)
	at org.testng.SuiteRunnerWorker.runSuite(SuiteRunnerWorker.java:52)
	at org.testng.SuiteRunnerWorker.run(SuiteRunnerWorker.java:86)
	at org.testng.TestNG.runSuitesSequentially(TestNG.java:1293)
	at org.testng.TestNG.runSuitesLocally(TestNG.java:1218)
	at org.testng.TestNG.runSuites(TestNG.java:1133)
	at org.testng.TestNG.run(TestNG.java:1104)
	at org.apache.maven.surefire.testng.TestNGExecutor.run(TestNGExecutor.java:281)
	at org.apache.maven.surefire.testng.TestNGXmlTestSuite.execute(TestNGXmlTestSuite.java:75)
	at org.apache.maven.surefire.testng.TestNGProvider.invoke(TestNGProvider.java:121)
	at org.apache.maven.surefire.booter.ForkedBooter.invokeProviderInSameClassLoader(ForkedBooter.java:290)
	at org.apache.maven.surefire.booter.ForkedBooter.runSuitesInProcess(ForkedBooter.java:242)
	at org.apache.maven.surefire.booter.ForkedBooter.main(ForkedBooter.java:121)
]]></system-err>
  </testcase>
  <testcase name="correctLogin" classname="tests.LoginPageTests" time="6.521"/>
  <testcase name="forgotPasswordEmptyFields" classname="tests.LoginPageTests" time="3.473"/>
  <testcase name="forgotPasswordEmptyFields" classname="tests.LoginPageTests" time="58.873">
    <failure message="unknown error: Element &lt;a href=&quot;#cue-merchant-login&quot;&gt;...&lt;/a&gt; is not clickable at point (270, 357). Other element would receive the click: &lt;iframe frameborder=&quot;0&quot; src=&quot;about:blank&quot; style=&quot;background-color: transparent; vertical-align: text-bottom; position: relative; width: 100%; height: 100%; min-width: 100%; min-height: 100%; max-width: 100%; max-height: 100%; margin: 0px; overflow: hidden; display: block;&quot;&gt;&lt;/iframe&gt;&#10;  (Session info: chrome=57.0.2987.98)&#10;  (Driver info: chromedriver=2.28.455517 (2c6d2707d8ea850c862f04ac066724273981e88f),platform=Mac OS X 10.11.6 x86_64) (WARNING: The server did not provide any stacktrace information)&#10;Command duration or timeout: 62 milliseconds&#10;Build info: version: &apos;3.0.1&apos;, revision: &apos;1969d75&apos;, time: &apos;2016-10-18 09:49:13 -0700&apos;&#10;System info: host: &apos;101.lan0.mk.uz.ua&apos;, ip: &apos;192.168.0.101&apos;, os.name: &apos;Mac OS X&apos;, os.arch: &apos;x86_64&apos;, os.version: &apos;10.11.6&apos;, java.version: &apos;1.8.0_101&apos;&#10;Driver info: org.openqa.selenium.chrome.ChromeDriver&#10;Capabilities [{applicationCacheEnabled=false, rotatable=false, mobileEmulationEnabled=false, networkConnectionEnabled=false, chrome={chromedriverVersion=2.28.455517 (2c6d2707d8ea850c862f04ac066724273981e88f), userDataDir=/var/folders/xp/hq6y__313mvbnpb2n5x7bzq00000gn/T/.org.chromium.Chromium.HJgV73}, takesHeapSnapshot=true, pageLoadStrategy=normal, databaseEnabled=false, handlesAlerts=true, hasTouchScreen=false, version=57.0.2987.98, platform=MAC, browserConnectionEnabled=false, nativeEvents=true, acceptSslCerts=true, locationContextEnabled=true, webStorageEnabled=true, browserName=chrome, takesScreenshot=true, javascriptEnabled=true, cssSelectorsEnabled=true, unexpectedAlertBehaviour=}]&#10;Session ID: 07740cd47c3fecacb889f08591f22d03" type="org.openqa.selenium.WebDriverException"><![CDATA[org.openqa.selenium.WebDriverException: 
unknown error: Element <a href="#cue-merchant-login">...</a> is not clickable at point (270, 357). Other element would receive the click: <iframe frameborder="0" src="about:blank" style="background-color: transparent; vertical-align: text-bottom; position: relative; width: 100%; height: 100%; min-width: 100%; min-height: 100%; max-width: 100%; max-height: 100%; margin: 0px; overflow: hidden; display: block;"></iframe>
  (Session info: chrome=57.0.2987.98)
  (Driver info: chromedriver=2.28.455517 (2c6d2707d8ea850c862f04ac066724273981e88f),platform=Mac OS X 10.11.6 x86_64) (WARNING: The server did not provide any stacktrace information)
Command duration or timeout: 62 milliseconds
Build info: version: '3.0.1', revision: '1969d75', time: '2016-10-18 09:49:13 -0700'
System info: host: '101.lan0.mk.uz.ua', ip: '192.168.0.101', os.name: 'Mac OS X', os.arch: 'x86_64', os.version: '10.11.6', java.version: '1.8.0_101'
Driver info: org.openqa.selenium.chrome.ChromeDriver
Capabilities [{applicationCacheEnabled=false, rotatable=false, mobileEmulationEnabled=false, networkConnectionEnabled=false, chrome={chromedriverVersion=2.28.455517 (2c6d2707d8ea850c862f04ac066724273981e88f), userDataDir=/var/folders/xp/hq6y__313mvbnpb2n5x7bzq00000gn/T/.org.chromium.Chromium.HJgV73}, takesHeapSnapshot=true, pageLoadStrategy=normal, databaseEnabled=false, handlesAlerts=true, hasTouchScreen=false, version=57.0.2987.98, platform=MAC, browserConnectionEnabled=false, nativeEvents=true, acceptSslCerts=true, locationContextEnabled=true, webStorageEnabled=true, browserName=chrome, takesScreenshot=true, javascriptEnabled=true, cssSelectorsEnabled=true, unexpectedAlertBehaviour=}]
Session ID: 07740cd47c3fecacb889f08591f22d03
	at tests.LoginPageTests.forgotPasswordEmptyFields(LoginPageTests.java:54)
]]></failure>
    <system-out><![CDATA[Element Not found trying again - path: //ul[@class='mobile-header-menu']//li/a[text()='LOG IN']]
]]></system-out>
    <system-err><![CDATA[org.openqa.selenium.TimeoutException: Expected condition failed: waiting for visibility of [[ChromeDriver: chrome on MAC (07740cd47c3fecacb889f08591f22d03)] -> xpath: //ul[@class='mobile-header-menu']//li/a[text()='LOG IN']] (tried for 30 second(s) with 4 SECONDS interval)
Build info: version: '3.0.1', revision: '1969d75', time: '2016-10-18 09:49:13 -0700'
System info: host: '101.lan0.mk.uz.ua', ip: '192.168.0.101', os.name: 'Mac OS X', os.arch: 'x86_64', os.version: '10.11.6', java.version: '1.8.0_101'
Driver info: driver.version: unknown
	at org.openqa.selenium.support.ui.FluentWait.timeoutException(FluentWait.java:296)
	at org.openqa.selenium.support.ui.FluentWait.until(FluentWait.java:265)
	at pageobjects.BaseObjectPage.fluentWaitforElement(BaseObjectPage.java:56)
	at pageobjects.HomePageObject.goToLoginPage(HomePageObject.java:140)
	at tests.LoginPageTests.forgotPasswordEmptyFields(LoginPageTests.java:54)
	at sun.reflect.NativeMethodAccessorImpl.invoke0(Native Method)
	at sun.reflect.NativeMethodAccessorImpl.invoke(NativeMethodAccessorImpl.java:62)
	at sun.reflect.DelegatingMethodAccessorImpl.invoke(DelegatingMethodAccessorImpl.java:43)
	at java.lang.reflect.Method.invoke(Method.java:498)
	at org.testng.internal.MethodInvocationHelper.invokeMethod(MethodInvocationHelper.java:104)
	at org.testng.internal.Invoker.invokeMethod(Invoker.java:645)
	at org.testng.internal.Invoker.invokeTestMethod(Invoker.java:851)
	at org.testng.internal.Invoker.invokeTestMethods(Invoker.java:1177)
	at org.testng.internal.TestMethodWorker.invokeTestMethods(TestMethodWorker.java:129)
	at org.testng.internal.TestMethodWorker.run(TestMethodWorker.java:112)
	at org.testng.TestRunner.privateRun(TestRunner.java:756)
	at org.testng.TestRunner.run(TestRunner.java:610)
	at org.testng.SuiteRunner.runTest(SuiteRunner.java:387)
	at org.testng.SuiteRunner.runSequentially(SuiteRunner.java:382)
	at org.testng.SuiteRunner.privateRun(SuiteRunner.java:340)
	at org.testng.SuiteRunner.run(SuiteRunner.java:289)
	at org.testng.SuiteRunnerWorker.runSuite(SuiteRunnerWorker.java:52)
	at org.testng.SuiteRunnerWorker.run(SuiteRunnerWorker.java:86)
	at org.testng.TestNG.runSuitesSequentially(TestNG.java:1293)
	at org.testng.TestNG.runSuitesLocally(TestNG.java:1218)
	at org.testng.TestNG.runSuites(TestNG.java:1133)
	at org.testng.TestNG.run(TestNG.java:1104)
	at org.apache.maven.surefire.testng.TestNGExecutor.run(TestNGExecutor.java:281)
	at org.apache.maven.surefire.testng.TestNGXmlTestSuite.execute(TestNGXmlTestSuite.java:75)
	at org.apache.maven.surefire.testng.TestNGProvider.invoke(TestNGProvider.java:121)
	at org.apache.maven.surefire.booter.ForkedBooter.invokeProviderInSameClassLoader(ForkedBooter.java:290)
	at org.apache.maven.surefire.booter.ForkedBooter.runSuitesInProcess(ForkedBooter.java:242)
	at org.apache.maven.surefire.booter.ForkedBooter.main(ForkedBooter.java:121)
]]></system-err>
  </testcase>
  <testcase name="forgotPasswordEmptyFields" classname="tests.LoginPageTests" time="3.605"/>
  <testcase name="forgotPasswordWrongEmail" classname="tests.LoginPageTests" time="3.366"/>
  <testcase name="forgotPasswordWrongEmail" classname="tests.LoginPageTests" time="2.762">
    <failure message="unknown error: Element &lt;a href=&quot;#cue-merchant-login&quot;&gt;...&lt;/a&gt; is not clickable at point (275, 357). Other element would receive the click: &lt;iframe frameborder=&quot;0&quot; src=&quot;about:blank&quot; style=&quot;background-color: transparent; vertical-align: text-bottom; position: relative; width: 100%; height: 100%; min-width: 100%; min-height: 100%; max-width: 100%; max-height: 100%; margin: 0px; overflow: hidden; display: block;&quot;&gt;&lt;/iframe&gt;&#10;  (Session info: chrome=57.0.2987.98)&#10;  (Driver info: chromedriver=2.28.455517 (2c6d2707d8ea850c862f04ac066724273981e88f),platform=Mac OS X 10.11.6 x86_64) (WARNING: The server did not provide any stacktrace information)&#10;Command duration or timeout: 87 milliseconds&#10;Build info: version: &apos;3.0.1&apos;, revision: &apos;1969d75&apos;, time: &apos;2016-10-18 09:49:13 -0700&apos;&#10;System info: host: &apos;101.lan0.mk.uz.ua&apos;, ip: &apos;192.168.0.101&apos;, os.name: &apos;Mac OS X&apos;, os.arch: &apos;x86_64&apos;, os.version: &apos;10.11.6&apos;, java.version: &apos;1.8.0_101&apos;&#10;Driver info: org.openqa.selenium.chrome.ChromeDriver&#10;Capabilities [{applicationCacheEnabled=false, rotatable=false, mobileEmulationEnabled=false, networkConnectionEnabled=false, chrome={chromedriverVersion=2.28.455517 (2c6d2707d8ea850c862f04ac066724273981e88f), userDataDir=/var/folders/xp/hq6y__313mvbnpb2n5x7bzq00000gn/T/.org.chromium.Chromium.HJgV73}, takesHeapSnapshot=true, pageLoadStrategy=normal, databaseEnabled=false, handlesAlerts=true, hasTouchScreen=false, version=57.0.2987.98, platform=MAC, browserConnectionEnabled=false, nativeEvents=true, acceptSslCerts=true, locationContextEnabled=true, webStorageEnabled=true, browserName=chrome, takesScreenshot=true, javascriptEnabled=true, cssSelectorsEnabled=true, unexpectedAlertBehaviour=}]&#10;Session ID: 07740cd47c3fecacb889f08591f22d03" type="org.openqa.selenium.WebDriverException"><![CDATA[org.openqa.selenium.WebDriverException: 
unknown error: Element <a href="#cue-merchant-login">...</a> is not clickable at point (275, 357). Other element would receive the click: <iframe frameborder="0" src="about:blank" style="background-color: transparent; vertical-align: text-bottom; position: relative; width: 100%; height: 100%; min-width: 100%; min-height: 100%; max-width: 100%; max-height: 100%; margin: 0px; overflow: hidden; display: block;"></iframe>
  (Session info: chrome=57.0.2987.98)
  (Driver info: chromedriver=2.28.455517 (2c6d2707d8ea850c862f04ac066724273981e88f),platform=Mac OS X 10.11.6 x86_64) (WARNING: The server did not provide any stacktrace information)
Command duration or timeout: 87 milliseconds
Build info: version: '3.0.1', revision: '1969d75', time: '2016-10-18 09:49:13 -0700'
System info: host: '101.lan0.mk.uz.ua', ip: '192.168.0.101', os.name: 'Mac OS X', os.arch: 'x86_64', os.version: '10.11.6', java.version: '1.8.0_101'
Driver info: org.openqa.selenium.chrome.ChromeDriver
Capabilities [{applicationCacheEnabled=false, rotatable=false, mobileEmulationEnabled=false, networkConnectionEnabled=false, chrome={chromedriverVersion=2.28.455517 (2c6d2707d8ea850c862f04ac066724273981e88f), userDataDir=/var/folders/xp/hq6y__313mvbnpb2n5x7bzq00000gn/T/.org.chromium.Chromium.HJgV73}, takesHeapSnapshot=true, pageLoadStrategy=normal, databaseEnabled=false, handlesAlerts=true, hasTouchScreen=false, version=57.0.2987.98, platform=MAC, browserConnectionEnabled=false, nativeEvents=true, acceptSslCerts=true, locationContextEnabled=true, webStorageEnabled=true, browserName=chrome, takesScreenshot=true, javascriptEnabled=true, cssSelectorsEnabled=true, unexpectedAlertBehaviour=}]
Session ID: 07740cd47c3fecacb889f08591f22d03
	at tests.LoginPageTests.forgotPasswordWrongEmail(LoginPageTests.java:65)
]]></failure>
  </testcase>
  <testcase name="forgotPasswordWrongEmail" classname="tests.LoginPageTests" time="7.506"/>
  <testcase name="loginCheckEmptyFields" classname="tests.LoginPageTests" time="3.858"/>
  <testcase name="loginCheckEmptyFields" classname="tests.LoginPageTests" time="7.377"/>
  <testcase name="loginCheckEmptyFields" classname="tests.LoginPageTests" time="3.375"/>
  <testcase name="loginFormCheckingWrongEmail" classname="tests.LoginPageTests" time="4.432"/>
  <testcase name="loginFormCheckingWrongEmail" classname="tests.LoginPageTests" time="7.1"/>
  <testcase name="loginFormCheckingWrongEmail" classname="tests.LoginPageTests" time="7.309"/>
  <testcase name="asubmitRequestEmptyFieldsChecking" classname="tests.SupportPageTests" time="10.557"/>
  <testcase name="asubmitRequestEmptyWrongEmailWithoutAt" classname="tests.SupportPageTests" time="10.603"/>
  <testcase name="backToDashboardChecking" classname="tests.SupportPageTests" time="9.702"/>
  <testcase name="breadCrumbsChecking" classname="tests.SupportPageTests" time="7.703"/>
  <testcase name="openArticleFromCategory" classname="tests.SupportPageTests" time="5.132"/>
  <testcase name="openArticleFromSideBarMenu" classname="tests.SupportPageTests" time="8.323"/>
  <testcase name="openingArticleFromPopular" classname="tests.SupportPageTests" time="6.267"/>
  <testcase name="searchWithTooLongValue" classname="tests.SupportPageTests" time="4.958"/>
  <testcase name="searchWithValidValue" classname="tests.SupportPageTests" time="5.833"/>
  <testcase name="singInChecking" classname="tests.SupportPageTests" time="7.006"/>
  <testcase name="submitRequestPageUploading" classname="tests.SupportPageTests" time="8.198"/>
  <testcase name="movingToAboutMenu" classname="tests.TopMenuVerifyingTests" time="12.118"/>
  <testcase name="movingToBlogMenu" classname="tests.TopMenuVerifyingTests" time="5.98"/>
  <testcase name="movingToFeaturesFirstHalfMenu" classname="tests.TopMenuVerifyingTests" time="6.402"/>
  <testcase name="movingToFeaturesSecondHalfMenu" classname="tests.TopMenuVerifyingTests" time="5.959"/>
  <testcase name="singleClickOnLoginTopMenuItems" classname="tests.TopMenuVerifyingTests" time="4.716"/>
  <testcase name="singleClickOnTopMenuItems" classname="tests.TopMenuVerifyingTests" time="13.883"/>
</testsuite>