<?xml version="1.0" encoding="UTF-8"?>
<testsuite xmlns:xsi="http://www.w3.org/2001/XMLSchema-instance" xsi:schemaLocation="https://maven.apache.org/surefire/maven-surefire-plugin/xsd/surefire-test-report.xsd" name="TestSuite" time="2,531.719" tests="61" errors="0" skipped="0" failures="2">
  <properties>
    <property name="java.runtime.name" value="Java(TM) SE Runtime Environment"/>
    <property name="sun.boot.library.path" value="/Library/Java/JavaVirtualMachines/jdk1.8.0_101.jdk/Contents/Home/jre/lib"/>
    <property name="java.vm.version" value="25.101-b13"/>
    <property name="gopherProxySet" value="false"/>
    <property name="java.vm.vendor" value="Oracle Corporation"/>
    <property name="maven.multiModuleProjectDirectory" value="/Users/vitaliybizilia/Desktop/cueconnect_website_automation"/>
    <property name="java.vendor.url" value="http://java.oracle.com/"/>
    <property name="path.separator" value=":"/>
    <property name="guice.disable.misplaced.annotation.check" value="true"/>
    <property name="java.vm.name" value="Java HotSpot(TM) 64-Bit Server VM"/>
    <property name="file.encoding.pkg" value="sun.io"/>
    <property name="user.country" value="US"/>
    <property name="sun.java.launcher" value="SUN_STANDARD"/>
    <property name="sun.os.patch.level" value="unknown"/>
    <property name="java.vm.specification.name" value="Java Virtual Machine Specification"/>
    <property name="user.dir" value="/Users/vitaliybizilia/Desktop/cueconnect_website_automation"/>
    <property name="java.runtime.version" value="1.8.0_101-b13"/>
    <property name="java.awt.graphicsenv" value="sun.awt.CGraphicsEnvironment"/>
    <property name="java.endorsed.dirs" value="/Library/Java/JavaVirtualMachines/jdk1.8.0_101.jdk/Contents/Home/jre/lib/endorsed"/>
    <property name="os.arch" value="x86_64"/>
    <property name="java.io.tmpdir" value="/var/folders/xp/hq6y__313mvbnpb2n5x7bzq00000gn/T/"/>
    <property name="line.separator" value="&#10;"/>
    <property name="java.vm.specification.vendor" value="Oracle Corporation"/>
    <property name="os.name" value="Mac OS X"/>
    <property name="classworlds.conf" value="/Users/vitaliybizilia/Documents/apache-maven-3.3.9/bin/m2.conf"/>
    <property name="sun.jnu.encoding" value="UTF-8"/>
    <property name="java.library.path" value="/Users/vitaliybizilia/Library/Java/Extensions:/Library/Java/Extensions:/Network/Library/Java/Extensions:/System/Library/Java/Extensions:/usr/lib/java:."/>
    <property name="java.specification.name" value="Java Platform API Specification"/>
    <property name="java.class.version" value="52.0"/>
    <property name="sun.management.compiler" value="HotSpot 64-Bit Tiered Compilers"/>
    <property name="os.version" value="10.11.6"/>
    <property name="http.nonProxyHosts" value="local|*.local|169.254/16|*.169.254/16"/>
    <property name="user.home" value="/Users/vitaliybizilia"/>
    <property name="user.timezone" value="Europe/Uzhgorod"/>
    <property name="java.awt.printerjob" value="sun.lwawt.macosx.CPrinterJob"/>
    <property name="java.specification.version" value="1.8"/>
    <property name="file.encoding" value="UTF-8"/>
    <property name="user.name" value="vitaliybizilia"/>
    <property name="java.class.path" value="/Users/vitaliybizilia/Documents/apache-maven-3.3.9/boot/plexus-classworlds-2.5.2.jar"/>
    <property name="java.vm.specification.version" value="1.8"/>
    <property name="sun.arch.data.model" value="64"/>
    <property name="java.home" value="/Library/Java/JavaVirtualMachines/jdk1.8.0_101.jdk/Contents/Home/jre"/>
    <property name="sun.java.command" value="org.codehaus.plexus.classworlds.launcher.Launcher clean test"/>
    <property name="java.specification.vendor" value="Oracle Corporation"/>
    <property name="user.language" value="en"/>
    <property name="awt.toolkit" value="sun.lwawt.macosx.LWCToolkit"/>
    <property name="java.vm.info" value="mixed mode"/>
    <property name="java.version" value="1.8.0_101"/>
    <property name="java.ext.dirs" value="/Users/vitaliybizilia/Library/Java/Extensions:/Library/Java/JavaVirtualMachines/jdk1.8.0_101.jdk/Contents/Home/jre/lib/ext:/Library/Java/Extensions:/Network/Library/Java/Extensions:/System/Library/Java/Extensions:/usr/lib/java"/>
    <property name="sun.boot.class.path" value="/Library/Java/JavaVirtualMachines/jdk1.8.0_101.jdk/Contents/Home/jre/lib/resources.jar:/Library/Java/JavaVirtualMachines/jdk1.8.0_101.jdk/Contents/Home/jre/lib/rt.jar:/Library/Java/JavaVirtualMachines/jdk1.8.0_101.jdk/Contents/Home/jre/lib/sunrsasign.jar:/Library/Java/JavaVirtualMachines/jdk1.8.0_101.jdk/Contents/Home/jre/lib/jsse.jar:/Library/Java/JavaVirtualMachines/jdk1.8.0_101.jdk/Contents/Home/jre/lib/jce.jar:/Library/Java/JavaVirtualMachines/jdk1.8.0_101.jdk/Contents/Home/jre/lib/charsets.jar:/Library/Java/JavaVirtualMachines/jdk1.8.0_101.jdk/Contents/Home/jre/lib/jfr.jar:/Library/Java/JavaVirtualMachines/jdk1.8.0_101.jdk/Contents/Home/jre/classes"/>
    <property name="java.vendor" value="Oracle Corporation"/>
    <property name="maven.home" value="/Users/vitaliybizilia/Documents/apache-maven-3.3.9"/>
    <property name="file.separator" value="/"/>
    <property name="java.vendor.url.bug" value="http://bugreport.sun.com/bugreport/"/>
    <property name="sun.cpu.endian" value="little"/>
    <property name="sun.io.unicode.encoding" value="UnicodeBig"/>
    <property name="socksNonProxyHosts" value="local|*.local|169.254/16|*.169.254/16"/>
    <property name="ftp.nonProxyHosts" value="local|*.local|169.254/16|*.169.254/16"/>
    <property name="sun.cpu.isalist" value=""/>
  </properties>
  <testcase name="checkinReadMoreLink" classname="tests.About.PressTests" time="49.925"/>
  <testcase name="chekingStyleGuide" classname="tests.About.PressTests" time="39.849"/>
  <testcase name="downloadLinkCheckingIconBlack" classname="tests.About.PressTests" time="40.357"/>
  <testcase name="downloadLinkCheckingLogo" classname="tests.About.PressTests" time="40.557"/>
  <testcase name="downloadLinkCheckingLogoBlack" classname="tests.About.PressTests" time="35.629"/>
  <testcase name="downloadLinkCheckingLogoVertical" classname="tests.About.PressTests" time="38.153"/>
  <testcase name="checkSocialNetworkButton" classname="tests.BlogMainPageTests" time="86.305"/>
  <testcase name="checkSocialNetworkButton" classname="tests.BlogMainPageTests" time="85.648"/>
  <testcase name="clickingOnAuthorChecking" classname="tests.BlogMainPageTests" time="38.751"/>
  <testcase name="clickingOnAuthorChecking" classname="tests.BlogMainPageTests" time="44.229"/>
  <testcase name="clickingOnTagChecking" classname="tests.BlogMainPageTests" time="45.789"/>
  <testcase name="clickingOnTagChecking" classname="tests.BlogMainPageTests" time="47.65"/>
  <testcase name="goingToCommentsSectionByClickOnClickHereLink" classname="tests.BlogMainPageTests" time="47.913"/>
  <testcase name="goingToCommentsSectionByClickOnClickHereLink" classname="tests.BlogMainPageTests" time="42.236"/>
  <testcase name="openingPostByClickOnReadThisPostBtn" classname="tests.BlogMainPageTests" time="36.055"/>
  <testcase name="openingPostByClickOnReadThisPostBtn" classname="tests.BlogMainPageTests" time="40.205"/>
  <testcase name="openingPostByClickOnTitle" classname="tests.BlogMainPageTests" time="34.912"/>
  <testcase name="openingPostByClickOnTitle" classname="tests.BlogMainPageTests" time="34.146"/>
  <testcase name="subscribeToEmptyEmail" classname="tests.BlogMainPageTests" time="30.82"/>
  <testcase name="subscribeToEmptyEmail" classname="tests.BlogMainPageTests" time="29.846"/>
  <testcase name="subscribeToValidEmail" classname="tests.BlogMainPageTests" time="28.35"/>
  <testcase name="subscribeToValidEmail" classname="tests.BlogMainPageTests" time="26.901"/>
  <testcase name="subscribeToWrongEmailWithAt" classname="tests.BlogMainPageTests" time="29.711"/>
  <testcase name="subscribeToWrongEmailWithAt" classname="tests.BlogMainPageTests" time="30.582"/>
  <testcase name="subscribeToWrongEmailWithoutAt" classname="tests.BlogMainPageTests" time="31.302"/>
  <testcase name="subscribeToWrongEmailWithoutAt" classname="tests.BlogMainPageTests" time="29.864"/>
  <testcase name="checkElementsArePresent" classname="tests.About.CareersTests" time="39.158"/>
  <testcase name="openingVacancyAndSendingEmptyForm" classname="tests.About.CareersTests" time="34.09"/>
  <testcase name="badEmailChecking" classname="tests.About.ContactUsPageTests" time="40.413"/>
  <testcase name="emptyDataChecking" classname="tests.About.ContactUsPageTests" time="46.406"/>
  <testcase name="checkingOurStoryPageAppears" classname="tests.About.OurStory" time="29.57"/>
  <testcase name="checkingOurStoryThatElementsArePresent" classname="tests.About.OurStory" time="90.21"/>
  <testcase name="checkingOfEmployeeQuote" classname="tests.About.TeamTests" time="31.639"/>
  <testcase name="bottomMenuVerifying" classname="tests.HomePageTests" time="137.077"/>
  <testcase name="emptyEmailAndClickRequestDemo" classname="tests.HomePageTests" time="18.375"/>
  <testcase name="getStartedFreeChecking" classname="tests.HomePageTests" time="12.77"/>
  <testcase name="movingToAboutMenu" classname="tests.HomePageTests" time="103.778"/>
  <testcase name="movingToBlogMenu" classname="tests.HomePageTests" time="68.914"/>
  <testcase name="movingToFeaturesFirstHalfMenu" classname="tests.HomePageTests" time="49.867"/>
  <testcase name="movingToFeaturesSecondHalfMenu" classname="tests.HomePageTests" time="51.118"/>
  <testcase name="notEmailFormatAndClickRequestDemo" classname="tests.HomePageTests" time="10.511"/>
  <testcase name="scrollingToCueConnectBlog" classname="tests.HomePageTests" time="27.369"/>
  <testcase name="scrollingToDriveEcommerce" classname="tests.HomePageTests" time="24.435"/>
  <testcase name="scrollingToResources" classname="tests.HomePageTests" time="25.329"/>
  <testcase name="scrollingToRetargetShoppers" classname="tests.HomePageTests" time="25.331"/>
  <testcase name="scrollingToTransformTraffic" classname="tests.HomePageTests" time="25.58"/>
  <testcase name="sendingUpdatesEmptyEmail" classname="tests.HomePageTests" time="27.968"/>
  <testcase name="sendingUpdatesIncorrectEmail" classname="tests.HomePageTests" time="27.672"/>
  <testcase name="sendingUpdatesIncorrectEmailWithAt" classname="tests.HomePageTests" time="28.357"/>
  <testcase name="sendingUpdatesToValidEmail" classname="tests.HomePageTests" time="38.736">
    <failure message="no such element: Unable to locate element: {&quot;method&quot;:&quot;xpath&quot;,&quot;selector&quot;:&quot;//div[@class=&apos;submitted-message&apos;]&quot;}&#10;  (Session info: chrome=56.0.2924.87)&#10;  (Driver info: chromedriver=2.27.440174 (e97a722caafc2d3a8b807ee115bfb307f7d2cfd9),platform=Mac OS X 10.11.6 x86_64) (WARNING: The server did not provide any stacktrace information)&#10;Command duration or timeout: 10.02 seconds&#10;For documentation on this error, please visit: http://seleniumhq.org/exceptions/no_such_element.html&#10;Build info: version: &apos;3.0.1&apos;, revision: &apos;1969d75&apos;, time: &apos;2016-10-18 09:49:13 -0700&apos;&#10;System info: host: &apos;102.lan0.mk.uz.ua&apos;, ip: &apos;192.168.0.102&apos;, os.name: &apos;Mac OS X&apos;, os.arch: &apos;x86_64&apos;, os.version: &apos;10.11.6&apos;, java.version: &apos;1.8.0_101&apos;&#10;Driver info: org.openqa.selenium.chrome.ChromeDriver&#10;Capabilities [{applicationCacheEnabled=false, rotatable=false, mobileEmulationEnabled=false, networkConnectionEnabled=false, chrome={chromedriverVersion=2.27.440174 (e97a722caafc2d3a8b807ee115bfb307f7d2cfd9), userDataDir=/var/folders/xp/hq6y__313mvbnpb2n5x7bzq00000gn/T/.org.chromium.Chromium.YEqmCE}, takesHeapSnapshot=true, pageLoadStrategy=normal, databaseEnabled=false, handlesAlerts=true, hasTouchScreen=false, version=56.0.2924.87, platform=MAC, browserConnectionEnabled=false, nativeEvents=true, acceptSslCerts=true, locationContextEnabled=true, webStorageEnabled=true, browserName=chrome, takesScreenshot=true, javascriptEnabled=true, cssSelectorsEnabled=true, unexpectedAlertBehaviour=}]&#10;Session ID: 0508aa0d0a69da8cb7d667c7fdb345f8&#10;*** Element info: {Using=xpath, value=//div[@class=&apos;submitted-message&apos;]}" type="org.openqa.selenium.NoSuchElementException">org.openqa.selenium.NoSuchElementException: 
no such element: Unable to locate element: {"method":"xpath","selector":"//div[@class='submitted-message']"}
  (Session info: chrome=56.0.2924.87)
  (Driver info: chromedriver=2.27.440174 (e97a722caafc2d3a8b807ee115bfb307f7d2cfd9),platform=Mac OS X 10.11.6 x86_64) (WARNING: The server did not provide any stacktrace information)
Command duration or timeout: 10.02 seconds
For documentation on this error, please visit: http://seleniumhq.org/exceptions/no_such_element.html
Build info: version: '3.0.1', revision: '1969d75', time: '2016-10-18 09:49:13 -0700'
System info: host: '102.lan0.mk.uz.ua', ip: '192.168.0.102', os.name: 'Mac OS X', os.arch: 'x86_64', os.version: '10.11.6', java.version: '1.8.0_101'
Driver info: org.openqa.selenium.chrome.ChromeDriver
Capabilities [{applicationCacheEnabled=false, rotatable=false, mobileEmulationEnabled=false, networkConnectionEnabled=false, chrome={chromedriverVersion=2.27.440174 (e97a722caafc2d3a8b807ee115bfb307f7d2cfd9), userDataDir=/var/folders/xp/hq6y__313mvbnpb2n5x7bzq00000gn/T/.org.chromium.Chromium.YEqmCE}, takesHeapSnapshot=true, pageLoadStrategy=normal, databaseEnabled=false, handlesAlerts=true, hasTouchScreen=false, version=56.0.2924.87, platform=MAC, browserConnectionEnabled=false, nativeEvents=true, acceptSslCerts=true, locationContextEnabled=true, webStorageEnabled=true, browserName=chrome, takesScreenshot=true, javascriptEnabled=true, cssSelectorsEnabled=true, unexpectedAlertBehaviour=}]
Session ID: 0508aa0d0a69da8cb7d667c7fdb345f8
*** Element info: {Using=xpath, value=//div[@class='submitted-message']}
	at tests.HomePageTests.sendingUpdatesToValidEmail(HomePageTests.java:193)
</failure>
  </testcase>
  <testcase name="singleClickOnLoginTopMenuItems" classname="tests.HomePageTests" time="31.496"/>
  <testcase name="singleClickOnTopMenuItems" classname="tests.HomePageTests" time="70.014"/>
  <testcase name="typingValidEmailAndClickRequestDemo" classname="tests.HomePageTests" time="18.267"/>
  <testcase name="openingFeaturesPageAndClickOnRequestDemo" classname="tests.FeaturesPageTests" time="21.551"/>
  <testcase name="openingSecondRequestDemoButton" classname="tests.FeaturesPageTests" time="30.146"/>
  <testcase name="openingThirdRequestDemoButton" classname="tests.FeaturesPageTests" time="30.399"/>
  <testcase name="scrollingToEachSection" classname="tests.FeaturesPageTests" time="84.993"/>
  <testcase name="emailFieldValidations" classname="tests.RequestDemoTests" time="39.945"/>
  <testcase name="phoneNumberFieldValidations" classname="tests.RequestDemoTests" time="33.35"/>
  <testcase name="requestDemoEmptyRequiredFieldsOpening" classname="tests.RequestDemoTests" time="36.137">
    <failure message="no such element: Unable to locate element: {&quot;method&quot;:&quot;xpath&quot;,&quot;selector&quot;:&quot;//span[@class=&apos;wpcf7-form-control-wrap request-email&apos;]/span[@role=&apos;alert&apos;]&quot;}&#10;  (Session info: chrome=56.0.2924.87)&#10;  (Driver info: chromedriver=2.27.440174 (e97a722caafc2d3a8b807ee115bfb307f7d2cfd9),platform=Mac OS X 10.11.6 x86_64) (WARNING: The server did not provide any stacktrace information)&#10;Command duration or timeout: 10.06 seconds&#10;For documentation on this error, please visit: http://seleniumhq.org/exceptions/no_such_element.html&#10;Build info: version: &apos;3.0.1&apos;, revision: &apos;1969d75&apos;, time: &apos;2016-10-18 09:49:13 -0700&apos;&#10;System info: host: &apos;102.lan0.mk.uz.ua&apos;, ip: &apos;192.168.0.102&apos;, os.name: &apos;Mac OS X&apos;, os.arch: &apos;x86_64&apos;, os.version: &apos;10.11.6&apos;, java.version: &apos;1.8.0_101&apos;&#10;Driver info: org.openqa.selenium.chrome.ChromeDriver&#10;Capabilities [{applicationCacheEnabled=false, rotatable=false, mobileEmulationEnabled=false, networkConnectionEnabled=false, chrome={chromedriverVersion=2.27.440174 (e97a722caafc2d3a8b807ee115bfb307f7d2cfd9), userDataDir=/var/folders/xp/hq6y__313mvbnpb2n5x7bzq00000gn/T/.org.chromium.Chromium.YEqmCE}, takesHeapSnapshot=true, pageLoadStrategy=normal, databaseEnabled=false, handlesAlerts=true, hasTouchScreen=false, version=56.0.2924.87, platform=MAC, browserConnectionEnabled=false, nativeEvents=true, acceptSslCerts=true, locationContextEnabled=true, webStorageEnabled=true, browserName=chrome, takesScreenshot=true, javascriptEnabled=true, cssSelectorsEnabled=true, unexpectedAlertBehaviour=}]&#10;Session ID: 0508aa0d0a69da8cb7d667c7fdb345f8&#10;*** Element info: {Using=xpath, value=//span[@class=&apos;wpcf7-form-control-wrap request-email&apos;]/span[@role=&apos;alert&apos;]}" type="org.openqa.selenium.NoSuchElementException">org.openqa.selenium.NoSuchElementException: 
no such element: Unable to locate element: {"method":"xpath","selector":"//span[@class='wpcf7-form-control-wrap request-email']/span[@role='alert']"}
  (Session info: chrome=56.0.2924.87)
  (Driver info: chromedriver=2.27.440174 (e97a722caafc2d3a8b807ee115bfb307f7d2cfd9),platform=Mac OS X 10.11.6 x86_64) (WARNING: The server did not provide any stacktrace information)
Command duration or timeout: 10.06 seconds
For documentation on this error, please visit: http://seleniumhq.org/exceptions/no_such_element.html
Build info: version: '3.0.1', revision: '1969d75', time: '2016-10-18 09:49:13 -0700'
System info: host: '102.lan0.mk.uz.ua', ip: '192.168.0.102', os.name: 'Mac OS X', os.arch: 'x86_64', os.version: '10.11.6', java.version: '1.8.0_101'
Driver info: org.openqa.selenium.chrome.ChromeDriver
Capabilities [{applicationCacheEnabled=false, rotatable=false, mobileEmulationEnabled=false, networkConnectionEnabled=false, chrome={chromedriverVersion=2.27.440174 (e97a722caafc2d3a8b807ee115bfb307f7d2cfd9), userDataDir=/var/folders/xp/hq6y__313mvbnpb2n5x7bzq00000gn/T/.org.chromium.Chromium.YEqmCE}, takesHeapSnapshot=true, pageLoadStrategy=normal, databaseEnabled=false, handlesAlerts=true, hasTouchScreen=false, version=56.0.2924.87, platform=MAC, browserConnectionEnabled=false, nativeEvents=true, acceptSslCerts=true, locationContextEnabled=true, webStorageEnabled=true, browserName=chrome, takesScreenshot=true, javascriptEnabled=true, cssSelectorsEnabled=true, unexpectedAlertBehaviour=}]
Session ID: 0508aa0d0a69da8cb7d667c7fdb345f8
*** Element info: {Using=xpath, value=//span[@class='wpcf7-form-control-wrap request-email']/span[@role='alert']}
	at tests.RequestDemoTests.requestDemoEmptyRequiredFieldsOpening(RequestDemoTests.java:24)
</failure>
  </testcase>
  <testcase name="sendingFormWithValidData" classname="tests.RequestDemoTests" time="54.22"/>
</testsuite>