<?xml version="1.0" encoding="UTF-8"?>
<testsuite xmlns:xsi="http://www.w3.org/2001/XMLSchema-instance" xsi:schemaLocation="https://maven.apache.org/surefire/maven-surefire-plugin/xsd/surefire-test-report.xsd" name="TestSuite" time="824.017" tests="77" errors="0" skipped="0" failures="10">
  <properties>
    <property name="java.runtime.name" value="Java(TM) SE Runtime Environment"/>
    <property name="sun.boot.library.path" value="/Library/Java/JavaVirtualMachines/jdk1.8.0_101.jdk/Contents/Home/jre/lib"/>
    <property name="java.vm.version" value="25.101-b13"/>
    <property name="gopherProxySet" value="false"/>
    <property name="java.vm.vendor" value="Oracle Corporation"/>
    <property name="maven.multiModuleProjectDirectory" value="/Users/vitaliybizilia/Desktop/cueconnect_website_automation"/>
    <property name="java.vendor.url" value="http://java.oracle.com/"/>
    <property name="path.separator" value=":"/>
    <property name="guice.disable.misplaced.annotation.check" value="true"/>
    <property name="java.vm.name" value="Java HotSpot(TM) 64-Bit Server VM"/>
    <property name="file.encoding.pkg" value="sun.io"/>
    <property name="user.country" value="US"/>
    <property name="sun.java.launcher" value="SUN_STANDARD"/>
    <property name="sun.os.patch.level" value="unknown"/>
    <property name="java.vm.specification.name" value="Java Virtual Machine Specification"/>
    <property name="user.dir" value="/Users/vitaliybizilia/Desktop/cueconnect_website_automation"/>
    <property name="java.runtime.version" value="1.8.0_101-b13"/>
    <property name="java.awt.graphicsenv" value="sun.awt.CGraphicsEnvironment"/>
    <property name="java.endorsed.dirs" value="/Library/Java/JavaVirtualMachines/jdk1.8.0_101.jdk/Contents/Home/jre/lib/endorsed"/>
    <property name="os.arch" value="x86_64"/>
    <property name="java.io.tmpdir" value="/var/folders/xp/hq6y__313mvbnpb2n5x7bzq00000gn/T/"/>
    <property name="line.separator" value="&#10;"/>
    <property name="java.vm.specification.vendor" value="Oracle Corporation"/>
    <property name="os.name" value="Mac OS X"/>
    <property name="classworlds.conf" value="/Users/vitaliybizilia/Documents/apache-maven-3.3.9/bin/m2.conf"/>
    <property name="sun.jnu.encoding" value="UTF-8"/>
    <property name="java.library.path" value="/Users/vitaliybizilia/Library/Java/Extensions:/Library/Java/Extensions:/Network/Library/Java/Extensions:/System/Library/Java/Extensions:/usr/lib/java:."/>
    <property name="java.specification.name" value="Java Platform API Specification"/>
    <property name="java.class.version" value="52.0"/>
    <property name="sun.management.compiler" value="HotSpot 64-Bit Tiered Compilers"/>
    <property name="os.version" value="10.11.6"/>
    <property name="http.nonProxyHosts" value="local|*.local|169.254/16|*.169.254/16"/>
    <property name="user.home" value="/Users/vitaliybizilia"/>
    <property name="user.timezone" value="Europe/Uzhgorod"/>
    <property name="java.awt.printerjob" value="sun.lwawt.macosx.CPrinterJob"/>
    <property name="java.specification.version" value="1.8"/>
    <property name="file.encoding" value="UTF-8"/>
    <property name="user.name" value="vitaliybizilia"/>
    <property name="java.class.path" value="/Users/vitaliybizilia/Documents/apache-maven-3.3.9/boot/plexus-classworlds-2.5.2.jar"/>
    <property name="java.vm.specification.version" value="1.8"/>
    <property name="sun.arch.data.model" value="64"/>
    <property name="java.home" value="/Library/Java/JavaVirtualMachines/jdk1.8.0_101.jdk/Contents/Home/jre"/>
    <property name="sun.java.command" value="org.codehaus.plexus.classworlds.launcher.Launcher clean test"/>
    <property name="java.specification.vendor" value="Oracle Corporation"/>
    <property name="user.language" value="en"/>
    <property name="awt.toolkit" value="sun.lwawt.macosx.LWCToolkit"/>
    <property name="java.vm.info" value="mixed mode"/>
    <property name="java.version" value="1.8.0_101"/>
    <property name="java.ext.dirs" value="/Users/vitaliybizilia/Library/Java/Extensions:/Library/Java/JavaVirtualMachines/jdk1.8.0_101.jdk/Contents/Home/jre/lib/ext:/Library/Java/Extensions:/Network/Library/Java/Extensions:/System/Library/Java/Extensions:/usr/lib/java"/>
    <property name="sun.boot.class.path" value="/Library/Java/JavaVirtualMachines/jdk1.8.0_101.jdk/Contents/Home/jre/lib/resources.jar:/Library/Java/JavaVirtualMachines/jdk1.8.0_101.jdk/Contents/Home/jre/lib/rt.jar:/Library/Java/JavaVirtualMachines/jdk1.8.0_101.jdk/Contents/Home/jre/lib/sunrsasign.jar:/Library/Java/JavaVirtualMachines/jdk1.8.0_101.jdk/Contents/Home/jre/lib/jsse.jar:/Library/Java/JavaVirtualMachines/jdk1.8.0_101.jdk/Contents/Home/jre/lib/jce.jar:/Library/Java/JavaVirtualMachines/jdk1.8.0_101.jdk/Contents/Home/jre/lib/charsets.jar:/Library/Java/JavaVirtualMachines/jdk1.8.0_101.jdk/Contents/Home/jre/lib/jfr.jar:/Library/Java/JavaVirtualMachines/jdk1.8.0_101.jdk/Contents/Home/jre/classes"/>
    <property name="java.vendor" value="Oracle Corporation"/>
    <property name="maven.home" value="/Users/vitaliybizilia/Documents/apache-maven-3.3.9"/>
    <property name="file.separator" value="/"/>
    <property name="java.vendor.url.bug" value="http://bugreport.sun.com/bugreport/"/>
    <property name="sun.cpu.endian" value="little"/>
    <property name="sun.io.unicode.encoding" value="UnicodeBig"/>
    <property name="socksNonProxyHosts" value="local|*.local|169.254/16|*.169.254/16"/>
    <property name="ftp.nonProxyHosts" value="local|*.local|169.254/16|*.169.254/16"/>
    <property name="sun.cpu.isalist" value=""/>
  </properties>
  <testcase name="checkinReadMoreLink" classname="tests.About.PressTests" time="21.671"/>
  <testcase name="chekingStyleGuide" classname="tests.About.PressTests" time="5.339"/>
  <testcase name="downloadLinkCheckingIconBlack" classname="tests.About.PressTests" time="22.796">
    <failure message="element not visible&#10;  (Session info: chrome=56.0.2924.87)&#10;  (Driver info: chromedriver=2.27.440174 (e97a722caafc2d3a8b807ee115bfb307f7d2cfd9),platform=Mac OS X 10.11.6 x86_64) (WARNING: The server did not provide any stacktrace information)&#10;Command duration or timeout: 85 milliseconds&#10;Build info: version: &apos;3.0.1&apos;, revision: &apos;1969d75&apos;, time: &apos;2016-10-18 09:49:13 -0700&apos;&#10;System info: host: &apos;102.lan0.mk.uz.ua&apos;, ip: &apos;192.168.0.102&apos;, os.name: &apos;Mac OS X&apos;, os.arch: &apos;x86_64&apos;, os.version: &apos;10.11.6&apos;, java.version: &apos;1.8.0_101&apos;&#10;Driver info: org.openqa.selenium.chrome.ChromeDriver&#10;Capabilities [{applicationCacheEnabled=false, rotatable=false, mobileEmulationEnabled=false, networkConnectionEnabled=false, chrome={chromedriverVersion=2.27.440174 (e97a722caafc2d3a8b807ee115bfb307f7d2cfd9), userDataDir=/var/folders/xp/hq6y__313mvbnpb2n5x7bzq00000gn/T/.org.chromium.Chromium.B8z1Mj}, takesHeapSnapshot=true, pageLoadStrategy=normal, databaseEnabled=false, handlesAlerts=true, hasTouchScreen=false, version=56.0.2924.87, platform=MAC, browserConnectionEnabled=false, nativeEvents=true, acceptSslCerts=true, locationContextEnabled=true, webStorageEnabled=true, browserName=chrome, takesScreenshot=true, javascriptEnabled=true, cssSelectorsEnabled=true, unexpectedAlertBehaviour=}]&#10;Session ID: 50ff12eec0faab6b692e51ff4c90720d" type="org.openqa.selenium.ElementNotVisibleException">org.openqa.selenium.ElementNotVisibleException: 
element not visible
  (Session info: chrome=56.0.2924.87)
  (Driver info: chromedriver=2.27.440174 (e97a722caafc2d3a8b807ee115bfb307f7d2cfd9),platform=Mac OS X 10.11.6 x86_64) (WARNING: The server did not provide any stacktrace information)
Command duration or timeout: 85 milliseconds
Build info: version: '3.0.1', revision: '1969d75', time: '2016-10-18 09:49:13 -0700'
System info: host: '102.lan0.mk.uz.ua', ip: '192.168.0.102', os.name: 'Mac OS X', os.arch: 'x86_64', os.version: '10.11.6', java.version: '1.8.0_101'
Driver info: org.openqa.selenium.chrome.ChromeDriver
Capabilities [{applicationCacheEnabled=false, rotatable=false, mobileEmulationEnabled=false, networkConnectionEnabled=false, chrome={chromedriverVersion=2.27.440174 (e97a722caafc2d3a8b807ee115bfb307f7d2cfd9), userDataDir=/var/folders/xp/hq6y__313mvbnpb2n5x7bzq00000gn/T/.org.chromium.Chromium.B8z1Mj}, takesHeapSnapshot=true, pageLoadStrategy=normal, databaseEnabled=false, handlesAlerts=true, hasTouchScreen=false, version=56.0.2924.87, platform=MAC, browserConnectionEnabled=false, nativeEvents=true, acceptSslCerts=true, locationContextEnabled=true, webStorageEnabled=true, browserName=chrome, takesScreenshot=true, javascriptEnabled=true, cssSelectorsEnabled=true, unexpectedAlertBehaviour=}]
Session ID: 50ff12eec0faab6b692e51ff4c90720d
	at tests.About.PressTests.downloadLinkCheckingIconBlack(PressTests.java:48)
</failure>
    <system-out><![CDATA[Element Not found trying again - path: //ul//span[text()='Press']]
Element Not found trying again - path: //ul//span[text()='Press']]
]]></system-out>
    <system-err><![CDATA[org.openqa.selenium.TimeoutException: Expected condition failed: waiting for visibility of [[ChromeDriver: chrome on MAC (50ff12eec0faab6b692e51ff4c90720d)] -> xpath: //ul//span[text()='Press']] (tried for 10 second(s) with 10 SECONDS interval)
Build info: version: '3.0.1', revision: '1969d75', time: '2016-10-18 09:49:13 -0700'
System info: host: '102.lan0.mk.uz.ua', ip: '192.168.0.102', os.name: 'Mac OS X', os.arch: 'x86_64', os.version: '10.11.6', java.version: '1.8.0_101'
Driver info: driver.version: unknown
	at org.openqa.selenium.support.ui.FluentWait.timeoutException(FluentWait.java:296)
	at org.openqa.selenium.support.ui.FluentWait.until(FluentWait.java:265)
	at pageobjects.BaseObjectPage.fluentWaitforElement(BaseObjectPage.java:72)
	at pageobjects.BaseObjectPage.movingToMenuElement(BaseObjectPage.java:136)
	at tests.About.PressTests.downloadLinkCheckingIconBlack(PressTests.java:48)
	at sun.reflect.NativeMethodAccessorImpl.invoke0(Native Method)
	at sun.reflect.NativeMethodAccessorImpl.invoke(NativeMethodAccessorImpl.java:62)
	at sun.reflect.DelegatingMethodAccessorImpl.invoke(DelegatingMethodAccessorImpl.java:43)
	at java.lang.reflect.Method.invoke(Method.java:498)
	at org.testng.internal.MethodInvocationHelper.invokeMethod(MethodInvocationHelper.java:104)
	at org.testng.internal.Invoker.invokeMethod(Invoker.java:645)
	at org.testng.internal.Invoker.invokeTestMethod(Invoker.java:851)
	at org.testng.internal.Invoker.invokeTestMethods(Invoker.java:1177)
	at org.testng.internal.TestMethodWorker.invokeTestMethods(TestMethodWorker.java:129)
	at org.testng.internal.TestMethodWorker.run(TestMethodWorker.java:112)
	at org.testng.TestRunner.privateRun(TestRunner.java:756)
	at org.testng.TestRunner.run(TestRunner.java:610)
	at org.testng.SuiteRunner.runTest(SuiteRunner.java:387)
	at org.testng.SuiteRunner.runSequentially(SuiteRunner.java:382)
	at org.testng.SuiteRunner.privateRun(SuiteRunner.java:340)
	at org.testng.SuiteRunner.run(SuiteRunner.java:289)
	at org.testng.SuiteRunnerWorker.runSuite(SuiteRunnerWorker.java:52)
	at org.testng.SuiteRunnerWorker.run(SuiteRunnerWorker.java:86)
	at org.testng.TestNG.runSuitesSequentially(TestNG.java:1293)
	at org.testng.TestNG.runSuitesLocally(TestNG.java:1218)
	at org.testng.TestNG.runSuites(TestNG.java:1133)
	at org.testng.TestNG.run(TestNG.java:1104)
	at org.apache.maven.surefire.testng.TestNGExecutor.run(TestNGExecutor.java:281)
	at org.apache.maven.surefire.testng.TestNGXmlTestSuite.execute(TestNGXmlTestSuite.java:75)
	at org.apache.maven.surefire.testng.TestNGProvider.invoke(TestNGProvider.java:121)
	at org.apache.maven.surefire.booter.ForkedBooter.invokeProviderInSameClassLoader(ForkedBooter.java:290)
	at org.apache.maven.surefire.booter.ForkedBooter.runSuitesInProcess(ForkedBooter.java:242)
	at org.apache.maven.surefire.booter.ForkedBooter.main(ForkedBooter.java:121)
org.openqa.selenium.TimeoutException: Expected condition failed: waiting for visibility of [[ChromeDriver: chrome on MAC (50ff12eec0faab6b692e51ff4c90720d)] -> xpath: //ul//span[text()='Press']] (tried for 10 second(s) with 10 SECONDS interval)
Build info: version: '3.0.1', revision: '1969d75', time: '2016-10-18 09:49:13 -0700'
System info: host: '102.lan0.mk.uz.ua', ip: '192.168.0.102', os.name: 'Mac OS X', os.arch: 'x86_64', os.version: '10.11.6', java.version: '1.8.0_101'
Driver info: driver.version: unknown
	at org.openqa.selenium.support.ui.FluentWait.timeoutException(FluentWait.java:296)
	at org.openqa.selenium.support.ui.FluentWait.until(FluentWait.java:265)
	at pageobjects.BaseObjectPage.fluentWaitforElement(BaseObjectPage.java:72)
	at pageobjects.BaseObjectPage.movingToMenuElement(BaseObjectPage.java:136)
	at tests.About.PressTests.downloadLinkCheckingIconBlack(PressTests.java:48)
	at sun.reflect.NativeMethodAccessorImpl.invoke0(Native Method)
	at sun.reflect.NativeMethodAccessorImpl.invoke(NativeMethodAccessorImpl.java:62)
	at sun.reflect.DelegatingMethodAccessorImpl.invoke(DelegatingMethodAccessorImpl.java:43)
	at java.lang.reflect.Method.invoke(Method.java:498)
	at org.testng.internal.MethodInvocationHelper.invokeMethod(MethodInvocationHelper.java:104)
	at org.testng.internal.Invoker.invokeMethod(Invoker.java:645)
	at org.testng.internal.Invoker.invokeTestMethod(Invoker.java:851)
	at org.testng.internal.Invoker.invokeTestMethods(Invoker.java:1177)
	at org.testng.internal.TestMethodWorker.invokeTestMethods(TestMethodWorker.java:129)
	at org.testng.internal.TestMethodWorker.run(TestMethodWorker.java:112)
	at org.testng.TestRunner.privateRun(TestRunner.java:756)
	at org.testng.TestRunner.run(TestRunner.java:610)
	at org.testng.SuiteRunner.runTest(SuiteRunner.java:387)
	at org.testng.SuiteRunner.runSequentially(SuiteRunner.java:382)
	at org.testng.SuiteRunner.privateRun(SuiteRunner.java:340)
	at org.testng.SuiteRunner.run(SuiteRunner.java:289)
	at org.testng.SuiteRunnerWorker.runSuite(SuiteRunnerWorker.java:52)
	at org.testng.SuiteRunnerWorker.run(SuiteRunnerWorker.java:86)
	at org.testng.TestNG.runSuitesSequentially(TestNG.java:1293)
	at org.testng.TestNG.runSuitesLocally(TestNG.java:1218)
	at org.testng.TestNG.runSuites(TestNG.java:1133)
	at org.testng.TestNG.run(TestNG.java:1104)
	at org.apache.maven.surefire.testng.TestNGExecutor.run(TestNGExecutor.java:281)
	at org.apache.maven.surefire.testng.TestNGXmlTestSuite.execute(TestNGXmlTestSuite.java:75)
	at org.apache.maven.surefire.testng.TestNGProvider.invoke(TestNGProvider.java:121)
	at org.apache.maven.surefire.booter.ForkedBooter.invokeProviderInSameClassLoader(ForkedBooter.java:290)
	at org.apache.maven.surefire.booter.ForkedBooter.runSuitesInProcess(ForkedBooter.java:242)
	at org.apache.maven.surefire.booter.ForkedBooter.main(ForkedBooter.java:121)
]]></system-err>
  </testcase>
  <testcase name="downloadLinkCheckingLogo" classname="tests.About.PressTests" time="6.726"/>
  <testcase name="downloadLinkCheckingLogoBlack" classname="tests.About.PressTests" time="4.742"/>
  <testcase name="downloadLinkCheckingLogoVertical" classname="tests.About.PressTests" time="5.737"/>
  <testcase name="openingPageAndClickOnRequestDemo" classname="tests.BenefitsPageTests" time="10.941"/>
  <testcase name="scrollingDownAndVerifyingPresenceOfElements" classname="tests.BenefitsPageTests" time="55.406"/>
  <testcase name="aemptyDataFormChecking" classname="tests.Blog.ResourcesPageTests" time="20.316"/>
  <testcase name="avalidDataFormChecking" classname="tests.Blog.ResourcesPageTests" time="8.158"/>
  <testcase name="downloadTemplateAndSubscribeForUpdates" classname="tests.Blog.ResourcesPageTests" time="18.354">
    <failure message="no such element: Unable to locate element: {&quot;method&quot;:&quot;xpath&quot;,&quot;selector&quot;:&quot;//span[@data-hs-cos-type=&apos;form&apos;]//strong&quot;}&#10;  (Session info: chrome=56.0.2924.87)&#10;  (Driver info: chromedriver=2.27.440174 (e97a722caafc2d3a8b807ee115bfb307f7d2cfd9),platform=Mac OS X 10.11.6 x86_64) (WARNING: The server did not provide any stacktrace information)&#10;Command duration or timeout: 11.65 seconds&#10;For documentation on this error, please visit: http://seleniumhq.org/exceptions/no_such_element.html&#10;Build info: version: &apos;3.0.1&apos;, revision: &apos;1969d75&apos;, time: &apos;2016-10-18 09:49:13 -0700&apos;&#10;System info: host: &apos;102.lan0.mk.uz.ua&apos;, ip: &apos;192.168.0.102&apos;, os.name: &apos;Mac OS X&apos;, os.arch: &apos;x86_64&apos;, os.version: &apos;10.11.6&apos;, java.version: &apos;1.8.0_101&apos;&#10;Driver info: org.openqa.selenium.chrome.ChromeDriver&#10;Capabilities [{applicationCacheEnabled=false, rotatable=false, mobileEmulationEnabled=false, networkConnectionEnabled=false, chrome={chromedriverVersion=2.27.440174 (e97a722caafc2d3a8b807ee115bfb307f7d2cfd9), userDataDir=/var/folders/xp/hq6y__313mvbnpb2n5x7bzq00000gn/T/.org.chromium.Chromium.B8z1Mj}, takesHeapSnapshot=true, pageLoadStrategy=normal, databaseEnabled=false, handlesAlerts=true, hasTouchScreen=false, version=56.0.2924.87, platform=MAC, browserConnectionEnabled=false, nativeEvents=true, acceptSslCerts=true, locationContextEnabled=true, webStorageEnabled=true, browserName=chrome, takesScreenshot=true, javascriptEnabled=true, cssSelectorsEnabled=true, unexpectedAlertBehaviour=}]&#10;Session ID: 50ff12eec0faab6b692e51ff4c90720d&#10;*** Element info: {Using=xpath, value=//span[@data-hs-cos-type=&apos;form&apos;]//strong}" type="org.openqa.selenium.NoSuchElementException">org.openqa.selenium.NoSuchElementException: 
no such element: Unable to locate element: {"method":"xpath","selector":"//span[@data-hs-cos-type='form']//strong"}
  (Session info: chrome=56.0.2924.87)
  (Driver info: chromedriver=2.27.440174 (e97a722caafc2d3a8b807ee115bfb307f7d2cfd9),platform=Mac OS X 10.11.6 x86_64) (WARNING: The server did not provide any stacktrace information)
Command duration or timeout: 11.65 seconds
For documentation on this error, please visit: http://seleniumhq.org/exceptions/no_such_element.html
Build info: version: '3.0.1', revision: '1969d75', time: '2016-10-18 09:49:13 -0700'
System info: host: '102.lan0.mk.uz.ua', ip: '192.168.0.102', os.name: 'Mac OS X', os.arch: 'x86_64', os.version: '10.11.6', java.version: '1.8.0_101'
Driver info: org.openqa.selenium.chrome.ChromeDriver
Capabilities [{applicationCacheEnabled=false, rotatable=false, mobileEmulationEnabled=false, networkConnectionEnabled=false, chrome={chromedriverVersion=2.27.440174 (e97a722caafc2d3a8b807ee115bfb307f7d2cfd9), userDataDir=/var/folders/xp/hq6y__313mvbnpb2n5x7bzq00000gn/T/.org.chromium.Chromium.B8z1Mj}, takesHeapSnapshot=true, pageLoadStrategy=normal, databaseEnabled=false, handlesAlerts=true, hasTouchScreen=false, version=56.0.2924.87, platform=MAC, browserConnectionEnabled=false, nativeEvents=true, acceptSslCerts=true, locationContextEnabled=true, webStorageEnabled=true, browserName=chrome, takesScreenshot=true, javascriptEnabled=true, cssSelectorsEnabled=true, unexpectedAlertBehaviour=}]
Session ID: 50ff12eec0faab6b692e51ff4c90720d
*** Element info: {Using=xpath, value=//span[@data-hs-cos-type='form']//strong}
	at tests.Blog.ResourcesPageTests.downloadTemplateAndSubscribeForUpdates(ResourcesPageTests.java:111)
</failure>
  </testcase>
  <testcase name="downloadTemplateAndSubscribeForUpdatesEmailWithAt" classname="tests.Blog.ResourcesPageTests" time="9.034"/>
  <testcase name="downloadTemplateAndSubscribeForUpdatesEmailWithoutAt" classname="tests.Blog.ResourcesPageTests" time="7.561"/>
  <testcase name="downloadTemplateAndSubscribeForUpdatesEmptyEmail" classname="tests.Blog.ResourcesPageTests" time="17.824">
    <failure message="stale element reference: element is not attached to the page document&#10;  (Session info: chrome=56.0.2924.87)&#10;  (Driver info: chromedriver=2.27.440174 (e97a722caafc2d3a8b807ee115bfb307f7d2cfd9),platform=Mac OS X 10.11.6 x86_64) (WARNING: The server did not provide any stacktrace information)&#10;Command duration or timeout: 15 milliseconds&#10;For documentation on this error, please visit: http://seleniumhq.org/exceptions/stale_element_reference.html&#10;Build info: version: &apos;3.0.1&apos;, revision: &apos;1969d75&apos;, time: &apos;2016-10-18 09:49:13 -0700&apos;&#10;System info: host: &apos;102.lan0.mk.uz.ua&apos;, ip: &apos;192.168.0.102&apos;, os.name: &apos;Mac OS X&apos;, os.arch: &apos;x86_64&apos;, os.version: &apos;10.11.6&apos;, java.version: &apos;1.8.0_101&apos;&#10;Driver info: org.openqa.selenium.chrome.ChromeDriver&#10;Capabilities [{applicationCacheEnabled=false, rotatable=false, mobileEmulationEnabled=false, networkConnectionEnabled=false, chrome={chromedriverVersion=2.27.440174 (e97a722caafc2d3a8b807ee115bfb307f7d2cfd9), userDataDir=/var/folders/xp/hq6y__313mvbnpb2n5x7bzq00000gn/T/.org.chromium.Chromium.B8z1Mj}, takesHeapSnapshot=true, pageLoadStrategy=normal, databaseEnabled=false, handlesAlerts=true, hasTouchScreen=false, version=56.0.2924.87, platform=MAC, browserConnectionEnabled=false, nativeEvents=true, acceptSslCerts=true, locationContextEnabled=true, webStorageEnabled=true, browserName=chrome, takesScreenshot=true, javascriptEnabled=true, cssSelectorsEnabled=true, unexpectedAlertBehaviour=}]&#10;Session ID: 50ff12eec0faab6b692e51ff4c90720d" type="org.openqa.selenium.StaleElementReferenceException">org.openqa.selenium.StaleElementReferenceException: 
stale element reference: element is not attached to the page document
  (Session info: chrome=56.0.2924.87)
  (Driver info: chromedriver=2.27.440174 (e97a722caafc2d3a8b807ee115bfb307f7d2cfd9),platform=Mac OS X 10.11.6 x86_64) (WARNING: The server did not provide any stacktrace information)
Command duration or timeout: 15 milliseconds
For documentation on this error, please visit: http://seleniumhq.org/exceptions/stale_element_reference.html
Build info: version: '3.0.1', revision: '1969d75', time: '2016-10-18 09:49:13 -0700'
System info: host: '102.lan0.mk.uz.ua', ip: '192.168.0.102', os.name: 'Mac OS X', os.arch: 'x86_64', os.version: '10.11.6', java.version: '1.8.0_101'
Driver info: org.openqa.selenium.chrome.ChromeDriver
Capabilities [{applicationCacheEnabled=false, rotatable=false, mobileEmulationEnabled=false, networkConnectionEnabled=false, chrome={chromedriverVersion=2.27.440174 (e97a722caafc2d3a8b807ee115bfb307f7d2cfd9), userDataDir=/var/folders/xp/hq6y__313mvbnpb2n5x7bzq00000gn/T/.org.chromium.Chromium.B8z1Mj}, takesHeapSnapshot=true, pageLoadStrategy=normal, databaseEnabled=false, handlesAlerts=true, hasTouchScreen=false, version=56.0.2924.87, platform=MAC, browserConnectionEnabled=false, nativeEvents=true, acceptSslCerts=true, locationContextEnabled=true, webStorageEnabled=true, browserName=chrome, takesScreenshot=true, javascriptEnabled=true, cssSelectorsEnabled=true, unexpectedAlertBehaviour=}]
Session ID: 50ff12eec0faab6b692e51ff4c90720d
	at tests.Blog.ResourcesPageTests.downloadTemplateAndSubscribeForUpdatesEmptyEmail(ResourcesPageTests.java:127)
</failure>
    <system-out><![CDATA[Element Not found trying again - path: //div[@class='hs_email field hs-form-field']//li/label]
]]></system-out>
    <system-err><![CDATA[org.openqa.selenium.TimeoutException: Expected condition failed: waiting for element to be clickable: [[ChromeDriver: chrome on MAC (50ff12eec0faab6b692e51ff4c90720d)] -> xpath: //div[@class='hs_email field hs-form-field']//li/label] (tried for 10 second(s) with 5 SECONDS interval)
Build info: version: '3.0.1', revision: '1969d75', time: '2016-10-18 09:49:13 -0700'
System info: host: '102.lan0.mk.uz.ua', ip: '192.168.0.102', os.name: 'Mac OS X', os.arch: 'x86_64', os.version: '10.11.6', java.version: '1.8.0_101'
Driver info: driver.version: unknown
	at org.openqa.selenium.support.ui.FluentWait.timeoutException(FluentWait.java:296)
	at org.openqa.selenium.support.ui.FluentWait.until(FluentWait.java:265)
	at pageobjects.BaseObjectPage.fluentWaitforElement(BaseObjectPage.java:73)
	at pageobjects.Blog.ResourcesPage.getValidationMessage(ResourcesPage.java:73)
	at tests.Blog.ResourcesPageTests.downloadTemplateAndSubscribeForUpdatesEmptyEmail(ResourcesPageTests.java:127)
	at sun.reflect.NativeMethodAccessorImpl.invoke0(Native Method)
	at sun.reflect.NativeMethodAccessorImpl.invoke(NativeMethodAccessorImpl.java:62)
	at sun.reflect.DelegatingMethodAccessorImpl.invoke(DelegatingMethodAccessorImpl.java:43)
	at java.lang.reflect.Method.invoke(Method.java:498)
	at org.testng.internal.MethodInvocationHelper.invokeMethod(MethodInvocationHelper.java:104)
	at org.testng.internal.Invoker.invokeMethod(Invoker.java:645)
	at org.testng.internal.Invoker.invokeTestMethod(Invoker.java:851)
	at org.testng.internal.Invoker.invokeTestMethods(Invoker.java:1177)
	at org.testng.internal.TestMethodWorker.invokeTestMethods(TestMethodWorker.java:129)
	at org.testng.internal.TestMethodWorker.run(TestMethodWorker.java:112)
	at org.testng.TestRunner.privateRun(TestRunner.java:756)
	at org.testng.TestRunner.run(TestRunner.java:610)
	at org.testng.SuiteRunner.runTest(SuiteRunner.java:387)
	at org.testng.SuiteRunner.runSequentially(SuiteRunner.java:382)
	at org.testng.SuiteRunner.privateRun(SuiteRunner.java:340)
	at org.testng.SuiteRunner.run(SuiteRunner.java:289)
	at org.testng.SuiteRunnerWorker.runSuite(SuiteRunnerWorker.java:52)
	at org.testng.SuiteRunnerWorker.run(SuiteRunnerWorker.java:86)
	at org.testng.TestNG.runSuitesSequentially(TestNG.java:1293)
	at org.testng.TestNG.runSuitesLocally(TestNG.java:1218)
	at org.testng.TestNG.runSuites(TestNG.java:1133)
	at org.testng.TestNG.run(TestNG.java:1104)
	at org.apache.maven.surefire.testng.TestNGExecutor.run(TestNGExecutor.java:281)
	at org.apache.maven.surefire.testng.TestNGXmlTestSuite.execute(TestNGXmlTestSuite.java:75)
	at org.apache.maven.surefire.testng.TestNGProvider.invoke(TestNGProvider.java:121)
	at org.apache.maven.surefire.booter.ForkedBooter.invokeProviderInSameClassLoader(ForkedBooter.java:290)
	at org.apache.maven.surefire.booter.ForkedBooter.runSuitesInProcess(ForkedBooter.java:242)
	at org.apache.maven.surefire.booter.ForkedBooter.main(ForkedBooter.java:121)
Caused by: org.openqa.selenium.StaleElementReferenceException: stale element reference: element is not attached to the page document
  (Session info: chrome=56.0.2924.87)
  (Driver info: chromedriver=2.27.440174 (e97a722caafc2d3a8b807ee115bfb307f7d2cfd9),platform=Mac OS X 10.11.6 x86_64) (WARNING: The server did not provide any stacktrace information)
Command duration or timeout: 10 milliseconds
For documentation on this error, please visit: http://seleniumhq.org/exceptions/stale_element_reference.html
Build info: version: '3.0.1', revision: '1969d75', time: '2016-10-18 09:49:13 -0700'
System info: host: '102.lan0.mk.uz.ua', ip: '192.168.0.102', os.name: 'Mac OS X', os.arch: 'x86_64', os.version: '10.11.6', java.version: '1.8.0_101'
Driver info: org.openqa.selenium.chrome.ChromeDriver
Capabilities [{applicationCacheEnabled=false, rotatable=false, mobileEmulationEnabled=false, networkConnectionEnabled=false, chrome={chromedriverVersion=2.27.440174 (e97a722caafc2d3a8b807ee115bfb307f7d2cfd9), userDataDir=/var/folders/xp/hq6y__313mvbnpb2n5x7bzq00000gn/T/.org.chromium.Chromium.B8z1Mj}, takesHeapSnapshot=true, pageLoadStrategy=normal, databaseEnabled=false, handlesAlerts=true, hasTouchScreen=false, version=56.0.2924.87, platform=MAC, browserConnectionEnabled=false, nativeEvents=true, acceptSslCerts=true, locationContextEnabled=true, webStorageEnabled=true, browserName=chrome, takesScreenshot=true, javascriptEnabled=true, cssSelectorsEnabled=true, unexpectedAlertBehaviour=}]
Session ID: 50ff12eec0faab6b692e51ff4c90720d
	at sun.reflect.NativeConstructorAccessorImpl.newInstance0(Native Method)
	at sun.reflect.NativeConstructorAccessorImpl.newInstance(NativeConstructorAccessorImpl.java:62)
	at sun.reflect.DelegatingConstructorAccessorImpl.newInstance(DelegatingConstructorAccessorImpl.java:45)
	at java.lang.reflect.Constructor.newInstance(Constructor.java:423)
	at org.openqa.selenium.remote.ErrorHandler.createThrowable(ErrorHandler.java:216)
	at org.openqa.selenium.remote.ErrorHandler.throwIfResponseFailed(ErrorHandler.java:168)
	at org.openqa.selenium.remote.RemoteWebDriver.execute(RemoteWebDriver.java:635)
	at org.openqa.selenium.remote.RemoteWebElement.execute(RemoteWebElement.java:274)
	at org.openqa.selenium.remote.RemoteWebElement.isDisplayed(RemoteWebElement.java:315)
	at org.openqa.selenium.support.ui.ExpectedConditions.elementIfVisible(ExpectedConditions.java:302)
	at org.openqa.selenium.support.ui.ExpectedConditions.access$100(ExpectedConditions.java:41)
	at org.openqa.selenium.support.ui.ExpectedConditions$10.apply(ExpectedConditions.java:288)
	at org.openqa.selenium.support.ui.ExpectedConditions$10.apply(ExpectedConditions.java:285)
	at org.openqa.selenium.support.ui.ExpectedConditions$23.apply(ExpectedConditions.java:684)
	at org.openqa.selenium.support.ui.ExpectedConditions$23.apply(ExpectedConditions.java:677)
	at org.openqa.selenium.support.ui.FluentWait.until(FluentWait.java:238)
	... 31 more
]]></system-err>
  </testcase>
  <testcase name="templateOpeningChecking" classname="tests.Blog.ResourcesPageTests" time="5.111"/>
  <testcase name="wrongEmailWithAtDataFormChecking" classname="tests.Blog.ResourcesPageTests" time="17.435"/>
  <testcase name="wrongEmailWithoutAtDataFormChecking" classname="tests.Blog.ResourcesPageTests" time="17.567"/>
  <testcase name="clickingOnAuthorChecking" classname="tests.Blog.BlogMainPageTests" time="10.423"/>
  <testcase name="clickingOnAuthorChecking" classname="tests.Blog.BlogMainPageTests" time="8.394"/>
  <testcase name="clickingOnTagChecking" classname="tests.Blog.BlogMainPageTests" time="9.475"/>
  <testcase name="clickingOnTagChecking" classname="tests.Blog.BlogMainPageTests" time="5.904"/>
  <testcase name="goingToCommentsSectionByClickOnClickHereLink" classname="tests.Blog.BlogMainPageTests" time="15.279"/>
  <testcase name="goingToCommentsSectionByClickOnClickHereLink" classname="tests.Blog.BlogMainPageTests" time="6.38"/>
  <testcase name="openingPostByClickOnReadThisPostBtn" classname="tests.Blog.BlogMainPageTests" time="9.295"/>
  <testcase name="openingPostByClickOnReadThisPostBtn" classname="tests.Blog.BlogMainPageTests" time="5.905"/>
  <testcase name="checkElementsArePresent" classname="tests.About.CareersTests" time="2.445">
    <failure message="unknown error: Element &lt;span class=&quot;item-title&quot;&gt;...&lt;/span&gt; is not clickable at point (859, 183). Other element would receive the click: &lt;a href=&quot;https://cueconnect.com/careers/&quot;&gt;...&lt;/a&gt;&#10;  (Session info: chrome=56.0.2924.87)&#10;  (Driver info: chromedriver=2.27.440174 (e97a722caafc2d3a8b807ee115bfb307f7d2cfd9),platform=Mac OS X 10.11.6 x86_64) (WARNING: The server did not provide any stacktrace information)&#10;Command duration or timeout: 84 milliseconds&#10;Build info: version: &apos;3.0.1&apos;, revision: &apos;1969d75&apos;, time: &apos;2016-10-18 09:49:13 -0700&apos;&#10;System info: host: &apos;102.lan0.mk.uz.ua&apos;, ip: &apos;192.168.0.102&apos;, os.name: &apos;Mac OS X&apos;, os.arch: &apos;x86_64&apos;, os.version: &apos;10.11.6&apos;, java.version: &apos;1.8.0_101&apos;&#10;Driver info: org.openqa.selenium.chrome.ChromeDriver&#10;Capabilities [{applicationCacheEnabled=false, rotatable=false, mobileEmulationEnabled=false, networkConnectionEnabled=false, chrome={chromedriverVersion=2.27.440174 (e97a722caafc2d3a8b807ee115bfb307f7d2cfd9), userDataDir=/var/folders/xp/hq6y__313mvbnpb2n5x7bzq00000gn/T/.org.chromium.Chromium.B8z1Mj}, takesHeapSnapshot=true, pageLoadStrategy=normal, databaseEnabled=false, handlesAlerts=true, hasTouchScreen=false, version=56.0.2924.87, platform=MAC, browserConnectionEnabled=false, nativeEvents=true, acceptSslCerts=true, locationContextEnabled=true, webStorageEnabled=true, browserName=chrome, takesScreenshot=true, javascriptEnabled=true, cssSelectorsEnabled=true, unexpectedAlertBehaviour=}]&#10;Session ID: 50ff12eec0faab6b692e51ff4c90720d" type="org.openqa.selenium.WebDriverException"><![CDATA[org.openqa.selenium.WebDriverException: 
unknown error: Element <span class="item-title">...</span> is not clickable at point (859, 183). Other element would receive the click: <a href="https://cueconnect.com/careers/">...</a>
  (Session info: chrome=56.0.2924.87)
  (Driver info: chromedriver=2.27.440174 (e97a722caafc2d3a8b807ee115bfb307f7d2cfd9),platform=Mac OS X 10.11.6 x86_64) (WARNING: The server did not provide any stacktrace information)
Command duration or timeout: 84 milliseconds
Build info: version: '3.0.1', revision: '1969d75', time: '2016-10-18 09:49:13 -0700'
System info: host: '102.lan0.mk.uz.ua', ip: '192.168.0.102', os.name: 'Mac OS X', os.arch: 'x86_64', os.version: '10.11.6', java.version: '1.8.0_101'
Driver info: org.openqa.selenium.chrome.ChromeDriver
Capabilities [{applicationCacheEnabled=false, rotatable=false, mobileEmulationEnabled=false, networkConnectionEnabled=false, chrome={chromedriverVersion=2.27.440174 (e97a722caafc2d3a8b807ee115bfb307f7d2cfd9), userDataDir=/var/folders/xp/hq6y__313mvbnpb2n5x7bzq00000gn/T/.org.chromium.Chromium.B8z1Mj}, takesHeapSnapshot=true, pageLoadStrategy=normal, databaseEnabled=false, handlesAlerts=true, hasTouchScreen=false, version=56.0.2924.87, platform=MAC, browserConnectionEnabled=false, nativeEvents=true, acceptSslCerts=true, locationContextEnabled=true, webStorageEnabled=true, browserName=chrome, takesScreenshot=true, javascriptEnabled=true, cssSelectorsEnabled=true, unexpectedAlertBehaviour=}]
Session ID: 50ff12eec0faab6b692e51ff4c90720d
	at tests.About.CareersTests.checkElementsArePresent(CareersTests.java:24)
]]></failure>
  </testcase>
  <testcase name="openingVacancyAndSendingEmptyForm" classname="tests.About.CareersTests" time="23.749"/>
  <testcase name="badEmailChecking" classname="tests.About.ContactUsPageTests" time="6.662"/>
  <testcase name="emptyDataChecking" classname="tests.About.ContactUsPageTests" time="4.951"/>
  <testcase name="checkingOurStoryPageAppears" classname="tests.About.OurStory" time="8.225"/>
  <testcase name="checkingOurStoryThatElementsArePresent" classname="tests.About.OurStory" time="55.08"/>
  <testcase name="checkingOfEmployeeQuote" classname="tests.About.TeamTests" time="16.526"/>
  <testcase name="bottomMenuVerifying" classname="tests.HomePageTests" time="20.115"/>
  <testcase name="bscrollingToResources" classname="tests.HomePageTests" time="2.882"/>
  <testcase name="bscrollingToTransformTraffic" classname="tests.HomePageTests" time="3.346"/>
  <testcase name="emptyEmailAndClickRequestDemo" classname="tests.HomePageTests" time="3.764"/>
  <testcase name="getStartedFreeChecking" classname="tests.HomePageTests" time="14.539"/>
  <testcase name="notEmailFormatAndClickRequestDemo" classname="tests.HomePageTests" time="2.395"/>
  <testcase name="scrollingToCueConnectBlog" classname="tests.HomePageTests" time="3.379"/>
  <testcase name="scrollingToDriveEcommerce" classname="tests.HomePageTests" time="3.306"/>
  <testcase name="scrollingToRetargetShoppers" classname="tests.HomePageTests" time="2.855"/>
  <testcase name="sendingUpdatesEmptyEmail" classname="tests.HomePageTests" time="11.89"/>
  <testcase name="sendingUpdatesIncorrectEmail" classname="tests.HomePageTests" time="10.399">
    <failure message="no such element: Unable to locate element: {&quot;method&quot;:&quot;xpath&quot;,&quot;selector&quot;:&quot;//input[@name=&apos;email&apos;]&quot;}&#10;  (Session info: chrome=56.0.2924.87)&#10;  (Driver info: chromedriver=2.27.440174 (e97a722caafc2d3a8b807ee115bfb307f7d2cfd9),platform=Mac OS X 10.11.6 x86_64) (WARNING: The server did not provide any stacktrace information)&#10;Command duration or timeout: 10.01 seconds&#10;For documentation on this error, please visit: http://seleniumhq.org/exceptions/no_such_element.html&#10;Build info: version: &apos;3.0.1&apos;, revision: &apos;1969d75&apos;, time: &apos;2016-10-18 09:49:13 -0700&apos;&#10;System info: host: &apos;102.lan0.mk.uz.ua&apos;, ip: &apos;192.168.0.102&apos;, os.name: &apos;Mac OS X&apos;, os.arch: &apos;x86_64&apos;, os.version: &apos;10.11.6&apos;, java.version: &apos;1.8.0_101&apos;&#10;Driver info: org.openqa.selenium.chrome.ChromeDriver&#10;Capabilities [{applicationCacheEnabled=false, rotatable=false, mobileEmulationEnabled=false, networkConnectionEnabled=false, chrome={chromedriverVersion=2.27.440174 (e97a722caafc2d3a8b807ee115bfb307f7d2cfd9), userDataDir=/var/folders/xp/hq6y__313mvbnpb2n5x7bzq00000gn/T/.org.chromium.Chromium.B8z1Mj}, takesHeapSnapshot=true, pageLoadStrategy=normal, databaseEnabled=false, handlesAlerts=true, hasTouchScreen=false, version=56.0.2924.87, platform=MAC, browserConnectionEnabled=false, nativeEvents=true, acceptSslCerts=true, locationContextEnabled=true, webStorageEnabled=true, browserName=chrome, takesScreenshot=true, javascriptEnabled=true, cssSelectorsEnabled=true, unexpectedAlertBehaviour=}]&#10;Session ID: 50ff12eec0faab6b692e51ff4c90720d&#10;*** Element info: {Using=xpath, value=//input[@name=&apos;email&apos;]}" type="org.openqa.selenium.NoSuchElementException">org.openqa.selenium.NoSuchElementException: 
no such element: Unable to locate element: {"method":"xpath","selector":"//input[@name='email']"}
  (Session info: chrome=56.0.2924.87)
  (Driver info: chromedriver=2.27.440174 (e97a722caafc2d3a8b807ee115bfb307f7d2cfd9),platform=Mac OS X 10.11.6 x86_64) (WARNING: The server did not provide any stacktrace information)
Command duration or timeout: 10.01 seconds
For documentation on this error, please visit: http://seleniumhq.org/exceptions/no_such_element.html
Build info: version: '3.0.1', revision: '1969d75', time: '2016-10-18 09:49:13 -0700'
System info: host: '102.lan0.mk.uz.ua', ip: '192.168.0.102', os.name: 'Mac OS X', os.arch: 'x86_64', os.version: '10.11.6', java.version: '1.8.0_101'
Driver info: org.openqa.selenium.chrome.ChromeDriver
Capabilities [{applicationCacheEnabled=false, rotatable=false, mobileEmulationEnabled=false, networkConnectionEnabled=false, chrome={chromedriverVersion=2.27.440174 (e97a722caafc2d3a8b807ee115bfb307f7d2cfd9), userDataDir=/var/folders/xp/hq6y__313mvbnpb2n5x7bzq00000gn/T/.org.chromium.Chromium.B8z1Mj}, takesHeapSnapshot=true, pageLoadStrategy=normal, databaseEnabled=false, handlesAlerts=true, hasTouchScreen=false, version=56.0.2924.87, platform=MAC, browserConnectionEnabled=false, nativeEvents=true, acceptSslCerts=true, locationContextEnabled=true, webStorageEnabled=true, browserName=chrome, takesScreenshot=true, javascriptEnabled=true, cssSelectorsEnabled=true, unexpectedAlertBehaviour=}]
Session ID: 50ff12eec0faab6b692e51ff4c90720d
*** Element info: {Using=xpath, value=//input[@name='email']}
	at tests.HomePageTests.sendingUpdatesIncorrectEmail(HomePageTests.java:159)
</failure>
  </testcase>
  <testcase name="sendingUpdatesIncorrectEmailWithAt" classname="tests.HomePageTests" time="12.45"/>
  <testcase name="sendingUpdatesToValidEmail" classname="tests.HomePageTests" time="22.337">
    <failure message="no such element: Unable to locate element: {&quot;method&quot;:&quot;xpath&quot;,&quot;selector&quot;:&quot;//div[@class=&apos;submitted-message&apos;]&quot;}&#10;  (Session info: chrome=56.0.2924.87)&#10;  (Driver info: chromedriver=2.27.440174 (e97a722caafc2d3a8b807ee115bfb307f7d2cfd9),platform=Mac OS X 10.11.6 x86_64) (WARNING: The server did not provide any stacktrace information)&#10;Command duration or timeout: 10.04 seconds&#10;For documentation on this error, please visit: http://seleniumhq.org/exceptions/no_such_element.html&#10;Build info: version: &apos;3.0.1&apos;, revision: &apos;1969d75&apos;, time: &apos;2016-10-18 09:49:13 -0700&apos;&#10;System info: host: &apos;102.lan0.mk.uz.ua&apos;, ip: &apos;192.168.0.102&apos;, os.name: &apos;Mac OS X&apos;, os.arch: &apos;x86_64&apos;, os.version: &apos;10.11.6&apos;, java.version: &apos;1.8.0_101&apos;&#10;Driver info: org.openqa.selenium.chrome.ChromeDriver&#10;Capabilities [{applicationCacheEnabled=false, rotatable=false, mobileEmulationEnabled=false, networkConnectionEnabled=false, chrome={chromedriverVersion=2.27.440174 (e97a722caafc2d3a8b807ee115bfb307f7d2cfd9), userDataDir=/var/folders/xp/hq6y__313mvbnpb2n5x7bzq00000gn/T/.org.chromium.Chromium.B8z1Mj}, takesHeapSnapshot=true, pageLoadStrategy=normal, databaseEnabled=false, handlesAlerts=true, hasTouchScreen=false, version=56.0.2924.87, platform=MAC, browserConnectionEnabled=false, nativeEvents=true, acceptSslCerts=true, locationContextEnabled=true, webStorageEnabled=true, browserName=chrome, takesScreenshot=true, javascriptEnabled=true, cssSelectorsEnabled=true, unexpectedAlertBehaviour=}]&#10;Session ID: 50ff12eec0faab6b692e51ff4c90720d&#10;*** Element info: {Using=xpath, value=//div[@class=&apos;submitted-message&apos;]}" type="org.openqa.selenium.NoSuchElementException">org.openqa.selenium.NoSuchElementException: 
no such element: Unable to locate element: {"method":"xpath","selector":"//div[@class='submitted-message']"}
  (Session info: chrome=56.0.2924.87)
  (Driver info: chromedriver=2.27.440174 (e97a722caafc2d3a8b807ee115bfb307f7d2cfd9),platform=Mac OS X 10.11.6 x86_64) (WARNING: The server did not provide any stacktrace information)
Command duration or timeout: 10.04 seconds
For documentation on this error, please visit: http://seleniumhq.org/exceptions/no_such_element.html
Build info: version: '3.0.1', revision: '1969d75', time: '2016-10-18 09:49:13 -0700'
System info: host: '102.lan0.mk.uz.ua', ip: '192.168.0.102', os.name: 'Mac OS X', os.arch: 'x86_64', os.version: '10.11.6', java.version: '1.8.0_101'
Driver info: org.openqa.selenium.chrome.ChromeDriver
Capabilities [{applicationCacheEnabled=false, rotatable=false, mobileEmulationEnabled=false, networkConnectionEnabled=false, chrome={chromedriverVersion=2.27.440174 (e97a722caafc2d3a8b807ee115bfb307f7d2cfd9), userDataDir=/var/folders/xp/hq6y__313mvbnpb2n5x7bzq00000gn/T/.org.chromium.Chromium.B8z1Mj}, takesHeapSnapshot=true, pageLoadStrategy=normal, databaseEnabled=false, handlesAlerts=true, hasTouchScreen=false, version=56.0.2924.87, platform=MAC, browserConnectionEnabled=false, nativeEvents=true, acceptSslCerts=true, locationContextEnabled=true, webStorageEnabled=true, browserName=chrome, takesScreenshot=true, javascriptEnabled=true, cssSelectorsEnabled=true, unexpectedAlertBehaviour=}]
Session ID: 50ff12eec0faab6b692e51ff4c90720d
*** Element info: {Using=xpath, value=//div[@class='submitted-message']}
	at tests.HomePageTests.sendingUpdatesToValidEmail(HomePageTests.java:141)
</failure>
  </testcase>
  <testcase name="typingValidEmailAndClickRequestDemo" classname="tests.HomePageTests" time="5.245"/>
  <testcase name="videoOpening" classname="tests.HomePageTests" time="2.948"/>
  <testcase name="openingFeaturesPageAndClickOnRequestDemo" classname="tests.FeaturesPageTests" time="4.834"/>
  <testcase name="openingSecondRequestDemoButton" classname="tests.FeaturesPageTests" time="15.061"/>
  <testcase name="openingThirdRequestDemoButton" classname="tests.FeaturesPageTests" time="14.937"/>
  <testcase name="scrollingToEachSection" classname="tests.FeaturesPageTests" time="43.994"/>
  <testcase name="emailFieldValidations" classname="tests.RequestDemoTests" time="4.891"/>
  <testcase name="phoneNumberFieldValidations" classname="tests.RequestDemoTests" time="4.16"/>
  <testcase name="requestDemoEmptyRequiredFieldsOpening" classname="tests.RequestDemoTests" time="3.915"/>
  <testcase name="sendingFormWithValidData" classname="tests.RequestDemoTests" time="3.801">
    <failure message="unknown error: Element &lt;input type=&quot;submit&quot; value=&quot;Request a demo&quot; class=&quot;hs-button primary large&quot; data-reactid=&quot;.hbspt-forms-0.2.1.0&quot;&gt; is not clickable at point (953, 245). Other element would receive the click: &lt;form novalidate=&quot;&quot; accept-charset=&quot;UTF-8&quot; action=&quot;https://forms.hubspot.com/uploads/form/v2/722999/66f9d097-2d98-428c-8f1b-7eade0470e7d&quot; enctype=&quot;multipart/form-data&quot; id=&quot;hsForm_66f9d097-2d98-428c-8f1b-7eade0470e7d&quot; method=&quot;POST&quot; class=&quot;hs-form stacked&quot; data-form-id=&quot;66f9d097-2d98-428c-8f1b-7eade0470e7d&quot; data-portal-id=&quot;722999&quot; data-reactid=&quot;.hbspt-forms-0&quot;&gt;...&lt;/form&gt;&#10;  (Session info: chrome=56.0.2924.87)&#10;  (Driver info: chromedriver=2.27.440174 (e97a722caafc2d3a8b807ee115bfb307f7d2cfd9),platform=Mac OS X 10.11.6 x86_64) (WARNING: The server did not provide any stacktrace information)&#10;Command duration or timeout: 77 milliseconds&#10;Build info: version: &apos;3.0.1&apos;, revision: &apos;1969d75&apos;, time: &apos;2016-10-18 09:49:13 -0700&apos;&#10;System info: host: &apos;102.lan0.mk.uz.ua&apos;, ip: &apos;192.168.0.102&apos;, os.name: &apos;Mac OS X&apos;, os.arch: &apos;x86_64&apos;, os.version: &apos;10.11.6&apos;, java.version: &apos;1.8.0_101&apos;&#10;Driver info: org.openqa.selenium.chrome.ChromeDriver&#10;Capabilities [{applicationCacheEnabled=false, rotatable=false, mobileEmulationEnabled=false, networkConnectionEnabled=false, chrome={chromedriverVersion=2.27.440174 (e97a722caafc2d3a8b807ee115bfb307f7d2cfd9), userDataDir=/var/folders/xp/hq6y__313mvbnpb2n5x7bzq00000gn/T/.org.chromium.Chromium.B8z1Mj}, takesHeapSnapshot=true, pageLoadStrategy=normal, databaseEnabled=false, handlesAlerts=true, hasTouchScreen=false, version=56.0.2924.87, platform=MAC, browserConnectionEnabled=false, nativeEvents=true, acceptSslCerts=true, locationContextEnabled=true, webStorageEnabled=true, browserName=chrome, takesScreenshot=true, javascriptEnabled=true, cssSelectorsEnabled=true, unexpectedAlertBehaviour=}]&#10;Session ID: 50ff12eec0faab6b692e51ff4c90720d" type="org.openqa.selenium.WebDriverException"><![CDATA[org.openqa.selenium.WebDriverException: 
unknown error: Element <input type="submit" value="Request a demo" class="hs-button primary large" data-reactid=".hbspt-forms-0.2.1.0"> is not clickable at point (953, 245). Other element would receive the click: <form novalidate="" accept-charset="UTF-8" action="https://forms.hubspot.com/uploads/form/v2/722999/66f9d097-2d98-428c-8f1b-7eade0470e7d" enctype="multipart/form-data" id="hsForm_66f9d097-2d98-428c-8f1b-7eade0470e7d" method="POST" class="hs-form stacked" data-form-id="66f9d097-2d98-428c-8f1b-7eade0470e7d" data-portal-id="722999" data-reactid=".hbspt-forms-0">...</form>
  (Session info: chrome=56.0.2924.87)
  (Driver info: chromedriver=2.27.440174 (e97a722caafc2d3a8b807ee115bfb307f7d2cfd9),platform=Mac OS X 10.11.6 x86_64) (WARNING: The server did not provide any stacktrace information)
Command duration or timeout: 77 milliseconds
Build info: version: '3.0.1', revision: '1969d75', time: '2016-10-18 09:49:13 -0700'
System info: host: '102.lan0.mk.uz.ua', ip: '192.168.0.102', os.name: 'Mac OS X', os.arch: 'x86_64', os.version: '10.11.6', java.version: '1.8.0_101'
Driver info: org.openqa.selenium.chrome.ChromeDriver
Capabilities [{applicationCacheEnabled=false, rotatable=false, mobileEmulationEnabled=false, networkConnectionEnabled=false, chrome={chromedriverVersion=2.27.440174 (e97a722caafc2d3a8b807ee115bfb307f7d2cfd9), userDataDir=/var/folders/xp/hq6y__313mvbnpb2n5x7bzq00000gn/T/.org.chromium.Chromium.B8z1Mj}, takesHeapSnapshot=true, pageLoadStrategy=normal, databaseEnabled=false, handlesAlerts=true, hasTouchScreen=false, version=56.0.2924.87, platform=MAC, browserConnectionEnabled=false, nativeEvents=true, acceptSslCerts=true, locationContextEnabled=true, webStorageEnabled=true, browserName=chrome, takesScreenshot=true, javascriptEnabled=true, cssSelectorsEnabled=true, unexpectedAlertBehaviour=}]
Session ID: 50ff12eec0faab6b692e51ff4c90720d
	at tests.RequestDemoTests.sendingFormWithValidData(RequestDemoTests.java:67)
]]></failure>
  </testcase>
  <testcase name="correctLogin" classname="tests.LoginPageTests" time="6.44"/>
  <testcase name="forgotPasswordEmptyFields" classname="tests.LoginPageTests" time="3.324"/>
  <testcase name="forgotPasswordWrongEmail" classname="tests.LoginPageTests" time="3.303"/>
  <testcase name="loginCheckEmptyFields" classname="tests.LoginPageTests" time="3.308"/>
  <testcase name="loginFormCheckingWrongEmail" classname="tests.LoginPageTests" time="3.279"/>
  <testcase name="asubmitRequestEmptyFieldsChecking" classname="tests.SupportPageTests" time="11.98"/>
  <testcase name="asubmitRequestEmptyWrongEmailWithoutAt" classname="tests.SupportPageTests" time="9.413"/>
  <testcase name="backToDashboardChecking" classname="tests.SupportPageTests" time="10.616"/>
  <testcase name="breadCrumbsChecking" classname="tests.SupportPageTests" time="7.802"/>
  <testcase name="openArticleFromCategory" classname="tests.SupportPageTests" time="4.686"/>
  <testcase name="openArticleFromSideBarMenu" classname="tests.SupportPageTests" time="6.982"/>
  <testcase name="openingArticleFromPopular" classname="tests.SupportPageTests" time="5.095"/>
  <testcase name="searchWithTooLongValue" classname="tests.SupportPageTests" time="5.6"/>
  <testcase name="searchWithValidValue" classname="tests.SupportPageTests" time="4.461"/>
  <testcase name="singInChecking" classname="tests.SupportPageTests" time="7.056"/>
  <testcase name="submitRequestPageUploading" classname="tests.SupportPageTests" time="9.017"/>
  <testcase name="movingToAboutMenu" classname="tests.TopMenuVerifyingTests" time="19.636">
    <failure message="expected [https://cueconnect.com/team/] but found [https://cueconnect.com/careers/]" type="java.lang.AssertionError">java.lang.AssertionError: expected [https://cueconnect.com/team/] but found [https://cueconnect.com/careers/]
	at tests.TopMenuVerifyingTests.movingToAboutMenu(TopMenuVerifyingTests.java:57)
</failure>
  </testcase>
  <testcase name="movingToBlogMenu" classname="tests.TopMenuVerifyingTests" time="3.922">
    <failure message="unknown error: Element &lt;span class=&quot;item-title&quot;&gt;...&lt;/span&gt; is not clickable at point (754, 173). Other element would receive the click: &lt;a href=&quot;https://cueconnect.com/resources/&quot;&gt;...&lt;/a&gt;&#10;  (Session info: chrome=56.0.2924.87)&#10;  (Driver info: chromedriver=2.27.440174 (e97a722caafc2d3a8b807ee115bfb307f7d2cfd9),platform=Mac OS X 10.11.6 x86_64) (WARNING: The server did not provide any stacktrace information)&#10;Command duration or timeout: 70 milliseconds&#10;Build info: version: &apos;3.0.1&apos;, revision: &apos;1969d75&apos;, time: &apos;2016-10-18 09:49:13 -0700&apos;&#10;System info: host: &apos;102.lan0.mk.uz.ua&apos;, ip: &apos;192.168.0.102&apos;, os.name: &apos;Mac OS X&apos;, os.arch: &apos;x86_64&apos;, os.version: &apos;10.11.6&apos;, java.version: &apos;1.8.0_101&apos;&#10;Driver info: org.openqa.selenium.chrome.ChromeDriver&#10;Capabilities [{applicationCacheEnabled=false, rotatable=false, mobileEmulationEnabled=false, networkConnectionEnabled=false, chrome={chromedriverVersion=2.27.440174 (e97a722caafc2d3a8b807ee115bfb307f7d2cfd9), userDataDir=/var/folders/xp/hq6y__313mvbnpb2n5x7bzq00000gn/T/.org.chromium.Chromium.B8z1Mj}, takesHeapSnapshot=true, pageLoadStrategy=normal, databaseEnabled=false, handlesAlerts=true, hasTouchScreen=false, version=56.0.2924.87, platform=MAC, browserConnectionEnabled=false, nativeEvents=true, acceptSslCerts=true, locationContextEnabled=true, webStorageEnabled=true, browserName=chrome, takesScreenshot=true, javascriptEnabled=true, cssSelectorsEnabled=true, unexpectedAlertBehaviour=}]&#10;Session ID: 50ff12eec0faab6b692e51ff4c90720d" type="org.openqa.selenium.WebDriverException"><![CDATA[org.openqa.selenium.WebDriverException: 
unknown error: Element <span class="item-title">...</span> is not clickable at point (754, 173). Other element would receive the click: <a href="https://cueconnect.com/resources/">...</a>
  (Session info: chrome=56.0.2924.87)
  (Driver info: chromedriver=2.27.440174 (e97a722caafc2d3a8b807ee115bfb307f7d2cfd9),platform=Mac OS X 10.11.6 x86_64) (WARNING: The server did not provide any stacktrace information)
Command duration or timeout: 70 milliseconds
Build info: version: '3.0.1', revision: '1969d75', time: '2016-10-18 09:49:13 -0700'
System info: host: '102.lan0.mk.uz.ua', ip: '192.168.0.102', os.name: 'Mac OS X', os.arch: 'x86_64', os.version: '10.11.6', java.version: '1.8.0_101'
Driver info: org.openqa.selenium.chrome.ChromeDriver
Capabilities [{applicationCacheEnabled=false, rotatable=false, mobileEmulationEnabled=false, networkConnectionEnabled=false, chrome={chromedriverVersion=2.27.440174 (e97a722caafc2d3a8b807ee115bfb307f7d2cfd9), userDataDir=/var/folders/xp/hq6y__313mvbnpb2n5x7bzq00000gn/T/.org.chromium.Chromium.B8z1Mj}, takesHeapSnapshot=true, pageLoadStrategy=normal, databaseEnabled=false, handlesAlerts=true, hasTouchScreen=false, version=56.0.2924.87, platform=MAC, browserConnectionEnabled=false, nativeEvents=true, acceptSslCerts=true, locationContextEnabled=true, webStorageEnabled=true, browserName=chrome, takesScreenshot=true, javascriptEnabled=true, cssSelectorsEnabled=true, unexpectedAlertBehaviour=}]
Session ID: 50ff12eec0faab6b692e51ff4c90720d
	at tests.TopMenuVerifyingTests.movingToBlogMenu(TopMenuVerifyingTests.java:73)
]]></failure>
  </testcase>
  <testcase name="movingToFeaturesFirstHalfMenu" classname="tests.TopMenuVerifyingTests" time="4.442">
    <failure message="unknown error: Element &lt;span class=&quot;item-title&quot;&gt;...&lt;/span&gt; is not clickable at point (470, 144). Other element would receive the click: &lt;a href=&quot;/features#share-tools&quot;&gt;...&lt;/a&gt;&#10;  (Session info: chrome=56.0.2924.87)&#10;  (Driver info: chromedriver=2.27.440174 (e97a722caafc2d3a8b807ee115bfb307f7d2cfd9),platform=Mac OS X 10.11.6 x86_64) (WARNING: The server did not provide any stacktrace information)&#10;Command duration or timeout: 68 milliseconds&#10;Build info: version: &apos;3.0.1&apos;, revision: &apos;1969d75&apos;, time: &apos;2016-10-18 09:49:13 -0700&apos;&#10;System info: host: &apos;102.lan0.mk.uz.ua&apos;, ip: &apos;192.168.0.102&apos;, os.name: &apos;Mac OS X&apos;, os.arch: &apos;x86_64&apos;, os.version: &apos;10.11.6&apos;, java.version: &apos;1.8.0_101&apos;&#10;Driver info: org.openqa.selenium.chrome.ChromeDriver&#10;Capabilities [{applicationCacheEnabled=false, rotatable=false, mobileEmulationEnabled=false, networkConnectionEnabled=false, chrome={chromedriverVersion=2.27.440174 (e97a722caafc2d3a8b807ee115bfb307f7d2cfd9), userDataDir=/var/folders/xp/hq6y__313mvbnpb2n5x7bzq00000gn/T/.org.chromium.Chromium.B8z1Mj}, takesHeapSnapshot=true, pageLoadStrategy=normal, databaseEnabled=false, handlesAlerts=true, hasTouchScreen=false, version=56.0.2924.87, platform=MAC, browserConnectionEnabled=false, nativeEvents=true, acceptSslCerts=true, locationContextEnabled=true, webStorageEnabled=true, browserName=chrome, takesScreenshot=true, javascriptEnabled=true, cssSelectorsEnabled=true, unexpectedAlertBehaviour=}]&#10;Session ID: 50ff12eec0faab6b692e51ff4c90720d" type="org.openqa.selenium.WebDriverException"><![CDATA[org.openqa.selenium.WebDriverException: 
unknown error: Element <span class="item-title">...</span> is not clickable at point (470, 144). Other element would receive the click: <a href="/features#share-tools">...</a>
  (Session info: chrome=56.0.2924.87)
  (Driver info: chromedriver=2.27.440174 (e97a722caafc2d3a8b807ee115bfb307f7d2cfd9),platform=Mac OS X 10.11.6 x86_64) (WARNING: The server did not provide any stacktrace information)
Command duration or timeout: 68 milliseconds
Build info: version: '3.0.1', revision: '1969d75', time: '2016-10-18 09:49:13 -0700'
System info: host: '102.lan0.mk.uz.ua', ip: '192.168.0.102', os.name: 'Mac OS X', os.arch: 'x86_64', os.version: '10.11.6', java.version: '1.8.0_101'
Driver info: org.openqa.selenium.chrome.ChromeDriver
Capabilities [{applicationCacheEnabled=false, rotatable=false, mobileEmulationEnabled=false, networkConnectionEnabled=false, chrome={chromedriverVersion=2.27.440174 (e97a722caafc2d3a8b807ee115bfb307f7d2cfd9), userDataDir=/var/folders/xp/hq6y__313mvbnpb2n5x7bzq00000gn/T/.org.chromium.Chromium.B8z1Mj}, takesHeapSnapshot=true, pageLoadStrategy=normal, databaseEnabled=false, handlesAlerts=true, hasTouchScreen=false, version=56.0.2924.87, platform=MAC, browserConnectionEnabled=false, nativeEvents=true, acceptSslCerts=true, locationContextEnabled=true, webStorageEnabled=true, browserName=chrome, takesScreenshot=true, javascriptEnabled=true, cssSelectorsEnabled=true, unexpectedAlertBehaviour=}]
Session ID: 50ff12eec0faab6b692e51ff4c90720d
	at tests.TopMenuVerifyingTests.movingToFeaturesFirstHalfMenu(TopMenuVerifyingTests.java:24)
]]></failure>
  </testcase>
  <testcase name="movingToFeaturesSecondHalfMenu" classname="tests.TopMenuVerifyingTests" time="15.642"/>
  <testcase name="singleClickOnLoginTopMenuItems" classname="tests.TopMenuVerifyingTests" time="4.422"/>
  <testcase name="singleClickOnTopMenuItems" classname="tests.TopMenuVerifyingTests" time="11.735"/>
</testsuite>