<?xml version="1.0" encoding="UTF-8"?>
<!-- Generated by org.testng.reporters.JUnitReportReporter -->
<testsuite name="tests.About.CareersTests" tests="2" time="73.248" ignored="0" failures="0" timestamp="06 Mar 2017 09:50:58 GMT" skipped="0" hostname="102.lan0.mk.uz.ua" errors="0">
  <testcase name="checkElementsArePresent" time="39.158" classname="tests.About.CareersTests"/>
  <testcase name="openingVacancyAndSendingEmptyForm" time="34.090" classname="tests.About.CareersTests"/>
</testsuite> <!-- tests.About.CareersTests -->
