<?xml version="1.0" encoding="UTF-8"?>
<!-- Generated by org.testng.reporters.JUnitReportReporter -->
<testsuite name="tests.About.PressTests" tests="6" time="46.183" ignored="0" failures="0" timestamp="16 Mar 2017 16:17:20 GMT" skipped="0" hostname="103.lan0.mk.uz.ua" errors="0">
  <testcase name="downloadLinkCheckingLogoVertical" time="13.498" classname="tests.About.PressTests"/>
  <testcase name="chekingStyleGuide" time="14.459" classname="tests.About.PressTests"/>
  <testcase name="downloadLinkCheckingLogo" time="3.330" classname="tests.About.PressTests"/>
  <testcase name="checkinReadMoreLink" time="7.570" classname="tests.About.PressTests"/>
  <testcase name="downloadLinkCheckingLogoBlack" time="3.347" classname="tests.About.PressTests"/>
  <testcase name="downloadLinkCheckingIconBlack" time="3.979" classname="tests.About.PressTests"/>
</testsuite> <!-- tests.About.PressTests -->
