<?xml version="1.0" encoding="UTF-8"?>
<!-- Generated by org.testng.reporters.JUnitReportReporter -->
<testsuite name="tests.HomePageTests" tests="30" time="153.604" ignored="0" failures="0" timestamp="05 Apr 2017 19:26:48 GMT" skipped="15" hostname="101.lan0.mk.uz.ua" errors="1">
  <testcase name="bscrollingToResources" time="0.000" classname="tests.HomePageTests">
    <skipped/>
  </testcase> <!-- bscrollingToResources -->
  <testcase name="bottomMenuVerifying" time="5.874" classname="tests.HomePageTests">
    <error type="org.openqa.selenium.WebDriverException" message="unknown error: Element &lt;a class=&quot;cue-main-footer-link white&quot; href=&quot;https://cueconnect.com/resources/&quot;&gt;...&lt;/a&gt; is not clickable at point (202, 537). Other element would receive the click: &lt;iframe frameborder=&quot;0&quot; src=&quot;about:blank&quot; style=&quot;background-color: transparent; vertical-align: text-bottom; position: relative; width: 100%; height: 100%; min-width: 100%; min-height: 100%; max-width: 100%; max-height: 100%; margin: 0px; overflow: hidden; display: block;&quot;&gt;&lt;/iframe&gt;
  (Session info: chrome=57.0.2987.98)
  (Driver info: chromedriver=2.28.455517 (2c6d2707d8ea850c862f04ac066724273981e88f),platform=Mac OS X 10.11.6 x86_64) (WARNING: The server did not provide any stacktrace information)
Command duration or timeout: 77 milliseconds
Build info: version: &#039;3.0.1&#039;, revision: &#039;1969d75&#039;, time: &#039;2016-10-18 09:49:13 -0700&#039;
System info: host: &#039;101.lan0.mk.uz.ua&#039;, ip: &#039;192.168.0.101&#039;, os.name: &#039;Mac OS X&#039;, os.arch: &#039;x86_64&#039;, os.version: &#039;10.11.6&#039;, java.version: &#039;1.8.0_101&#039;
Driver info: org.openqa.selenium.chrome.ChromeDriver
Capabilities [{applicationCacheEnabled=false, rotatable=false, mobileEmulationEnabled=false, networkConnectionEnabled=false, chrome={chromedriverVersion=2.28.455517 (2c6d2707d8ea850c862f04ac066724273981e88f), userDataDir=/var/folders/xp/hq6y__313mvbnpb2n5x7bzq00000gn/T/.org.chromium.Chromium.pHviGk}, takesHeapSnapshot=true, pageLoadStrategy=normal, databaseEnabled=false, handlesAlerts=true, hasTouchScreen=false, version=57.0.2987.98, platform=MAC, browserConnectionEnabled=false, nativeEvents=true, acceptSslCerts=true, locationContextEnabled=true, webStorageEnabled=true, browserName=chrome, takesScreenshot=true, javascriptEnabled=true, cssSelectorsEnabled=true, unexpectedAlertBehaviour=}]
Session ID: 6af012c79d4f7e42652213babfc867f5">
      <![CDATA[org.openqa.selenium.WebDriverException: unknown error: Element <a class="cue-main-footer-link white" href="https://cueconnect.com/resources/">...</a> is not clickable at point (202, 537). Other element would receive the click: <iframe frameborder="0" src="about:blank" style="background-color: transparent; vertical-align: text-bottom; position: relative; width: 100%; height: 100%; min-width: 100%; min-height: 100%; max-width: 100%; max-height: 100%; margin: 0px; overflow: hidden; display: block;"></iframe>
  (Session info: chrome=57.0.2987.98)
  (Driver info: chromedriver=2.28.455517 (2c6d2707d8ea850c862f04ac066724273981e88f),platform=Mac OS X 10.11.6 x86_64) (WARNING: The server did not provide any stacktrace information)
Command duration or timeout: 77 milliseconds
Build info: version: '3.0.1', revision: '1969d75', time: '2016-10-18 09:49:13 -0700'
System info: host: '101.lan0.mk.uz.ua', ip: '192.168.0.101', os.name: 'Mac OS X', os.arch: 'x86_64', os.version: '10.11.6', java.version: '1.8.0_101'
Driver info: org.openqa.selenium.chrome.ChromeDriver
Capabilities [{applicationCacheEnabled=false, rotatable=false, mobileEmulationEnabled=false, networkConnectionEnabled=false, chrome={chromedriverVersion=2.28.455517 (2c6d2707d8ea850c862f04ac066724273981e88f), userDataDir=/var/folders/xp/hq6y__313mvbnpb2n5x7bzq00000gn/T/.org.chromium.Chromium.pHviGk}, takesHeapSnapshot=true, pageLoadStrategy=normal, databaseEnabled=false, handlesAlerts=true, hasTouchScreen=false, version=57.0.2987.98, platform=MAC, browserConnectionEnabled=false, nativeEvents=true, acceptSslCerts=true, locationContextEnabled=true, webStorageEnabled=true, browserName=chrome, takesScreenshot=true, javascriptEnabled=true, cssSelectorsEnabled=true, unexpectedAlertBehaviour=}]
Session ID: 6af012c79d4f7e42652213babfc867f5
	at sun.reflect.NativeConstructorAccessorImpl.newInstance0(Native Method)
	at sun.reflect.NativeConstructorAccessorImpl.newInstance(NativeConstructorAccessorImpl.java:62)
	at sun.reflect.DelegatingConstructorAccessorImpl.newInstance(DelegatingConstructorAccessorImpl.java:45)
	at java.lang.reflect.Constructor.newInstance(Constructor.java:423)
	at org.openqa.selenium.remote.ErrorHandler.createThrowable(ErrorHandler.java:216)
	at org.openqa.selenium.remote.ErrorHandler.throwIfResponseFailed(ErrorHandler.java:168)
	at org.openqa.selenium.remote.RemoteWebDriver.execute(RemoteWebDriver.java:635)
	at org.openqa.selenium.remote.RemoteWebElement.execute(RemoteWebElement.java:274)
	at org.openqa.selenium.remote.RemoteWebElement.click(RemoteWebElement.java:84)
	at pageobjects.HomePageObject.clickOnBottomMenuElement(HomePageObject.java:189)
	at tests.HomePageTests.bottomMenuVerifying(HomePageTests.java:184)
	at sun.reflect.NativeMethodAccessorImpl.invoke0(Native Method)
	at sun.reflect.NativeMethodAccessorImpl.invoke(NativeMethodAccessorImpl.java:62)
	at sun.reflect.DelegatingMethodAccessorImpl.invoke(DelegatingMethodAccessorImpl.java:43)
	at java.lang.reflect.Method.invoke(Method.java:498)
	at org.testng.internal.MethodInvocationHelper.invokeMethod(MethodInvocationHelper.java:104)
	at org.testng.internal.Invoker.invokeMethod(Invoker.java:645)
	at org.testng.internal.Invoker.invokeTestMethod(Invoker.java:851)
	at org.testng.internal.Invoker.invokeTestMethods(Invoker.java:1177)
	at org.testng.internal.TestMethodWorker.invokeTestMethods(TestMethodWorker.java:129)
	at org.testng.internal.TestMethodWorker.run(TestMethodWorker.java:112)
	at org.testng.TestRunner.privateRun(TestRunner.java:756)
	at org.testng.TestRunner.run(TestRunner.java:610)
	at org.testng.SuiteRunner.runTest(SuiteRunner.java:387)
	at org.testng.SuiteRunner.runSequentially(SuiteRunner.java:382)
	at org.testng.SuiteRunner.privateRun(SuiteRunner.java:340)
	at org.testng.SuiteRunner.run(SuiteRunner.java:289)
	at org.testng.SuiteRunnerWorker.runSuite(SuiteRunnerWorker.java:52)
	at org.testng.SuiteRunnerWorker.run(SuiteRunnerWorker.java:86)
	at org.testng.TestNG.runSuitesSequentially(TestNG.java:1293)
	at org.testng.TestNG.runSuitesLocally(TestNG.java:1218)
	at org.testng.TestNG.runSuites(TestNG.java:1133)
	at org.testng.TestNG.run(TestNG.java:1104)
	at org.apache.maven.surefire.testng.TestNGExecutor.run(TestNGExecutor.java:281)
	at org.apache.maven.surefire.testng.TestNGXmlTestSuite.execute(TestNGXmlTestSuite.java:75)
	at org.apache.maven.surefire.testng.TestNGProvider.invoke(TestNGProvider.java:121)
	at org.apache.maven.surefire.booter.ForkedBooter.invokeProviderInSameClassLoader(ForkedBooter.java:290)
	at org.apache.maven.surefire.booter.ForkedBooter.runSuitesInProcess(ForkedBooter.java:242)
	at org.apache.maven.surefire.booter.ForkedBooter.main(ForkedBooter.java:121)
]]>
    </error>
  </testcase> <!-- bottomMenuVerifying -->
  <testcase name="sendingUpdatesEmptyEmail" time="0.000" classname="tests.HomePageTests">
    <skipped/>
  </testcase> <!-- sendingUpdatesEmptyEmail -->
  <testcase name="typingValidEmailAndClickRequestDemo" time="0.000" classname="tests.HomePageTests">
    <skipped/>
  </testcase> <!-- typingValidEmailAndClickRequestDemo -->
  <testcase name="emptyEmailAndClickRequestDemo" time="0.000" classname="tests.HomePageTests">
    <skipped/>
  </testcase> <!-- emptyEmailAndClickRequestDemo -->
  <testcase name="scrollingToCueConnectBlog" time="4.590" classname="tests.HomePageTests"/>
  <testcase name="scrollingToDriveEcommerce" time="0.001" classname="tests.HomePageTests">
    <skipped/>
  </testcase> <!-- scrollingToDriveEcommerce -->
  <testcase name="bscrollingToTransformTraffic" time="3.338" classname="tests.HomePageTests"/>
  <testcase name="videoOpening" time="2.918" classname="tests.HomePageTests"/>
  <testcase name="videoOpening" time="0.000" classname="tests.HomePageTests">
    <skipped/>
  </testcase> <!-- videoOpening -->
  <testcase name="sendingUpdatesIncorrectEmailWithAt" time="0.000" classname="tests.HomePageTests">
    <skipped/>
  </testcase> <!-- sendingUpdatesIncorrectEmailWithAt -->
  <testcase name="scrollingToRetargetShoppers" time="2.996" classname="tests.HomePageTests"/>
  <testcase name="getStartedFreeChecking" time="23.849" classname="tests.HomePageTests"/>
  <testcase name="sendingUpdatesToValidEmail" time="23.352" classname="tests.HomePageTests"/>
  <testcase name="sendingUpdatesIncorrectEmailWithAt" time="23.081" classname="tests.HomePageTests"/>
  <testcase name="sendingUpdatesIncorrectEmail" time="22.863" classname="tests.HomePageTests"/>
  <testcase name="emptyEmailAndClickRequestDemo" time="3.494" classname="tests.HomePageTests"/>
  <testcase name="sendingUpdatesIncorrectEmail" time="0.000" classname="tests.HomePageTests">
    <skipped/>
  </testcase> <!-- sendingUpdatesIncorrectEmail -->
  <testcase name="notEmailFormatAndClickRequestDemo" time="2.859" classname="tests.HomePageTests"/>
  <testcase name="bscrollingToTransformTraffic" time="0.000" classname="tests.HomePageTests">
    <skipped/>
  </testcase> <!-- bscrollingToTransformTraffic -->
  <testcase name="scrollingToCueConnectBlog" time="0.000" classname="tests.HomePageTests">
    <skipped/>
  </testcase> <!-- scrollingToCueConnectBlog -->
  <testcase name="sendingUpdatesEmptyEmail" time="22.586" classname="tests.HomePageTests"/>
  <testcase name="typingValidEmailAndClickRequestDemo" time="4.724" classname="tests.HomePageTests"/>
  <testcase name="bscrollingToResources" time="3.298" classname="tests.HomePageTests"/>
  <testcase name="notEmailFormatAndClickRequestDemo" time="0.000" classname="tests.HomePageTests">
    <skipped/>
  </testcase> <!-- notEmailFormatAndClickRequestDemo -->
  <testcase name="bottomMenuVerifying" time="0.000" classname="tests.HomePageTests">
    <skipped/>
  </testcase> <!-- bottomMenuVerifying -->
  <testcase name="sendingUpdatesToValidEmail" time="0.000" classname="tests.HomePageTests">
    <skipped/>
  </testcase> <!-- sendingUpdatesToValidEmail -->
  <testcase name="getStartedFreeChecking" time="0.000" classname="tests.HomePageTests">
    <skipped/>
  </testcase> <!-- getStartedFreeChecking -->
  <testcase name="scrollingToRetargetShoppers" time="0.000" classname="tests.HomePageTests">
    <skipped/>
  </testcase> <!-- scrollingToRetargetShoppers -->
  <testcase name="scrollingToDriveEcommerce" time="3.781" classname="tests.HomePageTests"/>
</testsuite> <!-- tests.HomePageTests -->
