<?xml version="1.0" encoding="UTF-8"?>
<!-- Generated by org.testng.reporters.JUnitReportReporter -->
<testsuite name="tests.About.CareersTests" tests="6" time="34.582" ignored="0" failures="0" timestamp="15 Mar 2017 10:37:36 GMT" skipped="4" hostname="102.lan0.mk.uz.ua" errors="0">
  <testcase name="checkElementsArePresent" time="0.000" classname="tests.About.CareersTests">
    <skipped/>
  </testcase> <!-- checkElementsArePresent -->
  <testcase name="openingVacancyAndSendingEmptyForm" time="18.175" classname="tests.About.CareersTests"/>
  <testcase name="openingVacancyAndSendingEmptyForm" time="0.000" classname="tests.About.CareersTests">
    <skipped/>
  </testcase> <!-- openingVacancyAndSendingEmptyForm -->
  <testcase name="checkElementsArePresent" time="0.000" classname="tests.About.CareersTests">
    <skipped/>
  </testcase> <!-- checkElementsArePresent -->
  <testcase name="checkElementsArePresent" time="16.407" classname="tests.About.CareersTests"/>
  <testcase name="openingVacancyAndSendingEmptyForm" time="0.000" classname="tests.About.CareersTests">
    <skipped/>
  </testcase> <!-- openingVacancyAndSendingEmptyForm -->
</testsuite> <!-- tests.About.CareersTests -->
