<?xml version="1.0" encoding="UTF-8"?>
<!-- Generated by org.testng.reporters.JUnitReportReporter -->
<testsuite name="tests.About.OurStory" tests="4" time="96.880" ignored="0" failures="0" timestamp="05 Apr 2017 19:26:48 GMT" skipped="2" hostname="101.lan0.mk.uz.ua" errors="0">
  <testcase name="checkingOurStoryPageAppears" time="0.000" classname="tests.About.OurStory">
    <skipped/>
  </testcase> <!-- checkingOurStoryPageAppears -->
  <testcase name="checkingOurStoryThatElementsArePresent" time="88.467" classname="tests.About.OurStory"/>
  <testcase name="checkingOurStoryThatElementsArePresent" time="0.000" classname="tests.About.OurStory">
    <skipped/>
  </testcase> <!-- checkingOurStoryThatElementsArePresent -->
  <testcase name="checkingOurStoryPageAppears" time="8.413" classname="tests.About.OurStory"/>
</testsuite> <!-- tests.About.OurStory -->
