<?xml version="1.0" encoding="UTF-8"?>
<!-- Generated by org.testng.reporters.JUnitReportReporter -->
<testsuite name="tests.About.TeamTests" tests="1" time="31.640" ignored="0" failures="0" timestamp="06 Mar 2017 09:50:58 GMT" skipped="0" hostname="102.lan0.mk.uz.ua" errors="0">
  <testcase name="checkingOfEmployeeQuote" time="31.640" classname="tests.About.TeamTests"/>
</testsuite> <!-- tests.About.TeamTests -->
