<?xml version="1.0" encoding="UTF-8"?>
<!-- Generated by org.testng.reporters.JUnitReportReporter -->
<testsuite name="tests.FeaturesPageTests" tests="4" time="121.138" ignored="0" failures="0" timestamp="07 Mar 2017 17:41:03 GMT" skipped="0" hostname="100.lan0.mk.uz.ua" errors="0">
  <testcase name="openingSecondRequestDemoButton" time="14.082" classname="tests.FeaturesPageTests"/>
  <testcase name="openingThirdRequestDemoButton" time="15.017" classname="tests.FeaturesPageTests"/>
  <testcase name="openingFeaturesPageAndClickOnRequestDemo" time="4.161" classname="tests.FeaturesPageTests"/>
  <testcase name="scrollingToEachSection" time="87.878" classname="tests.FeaturesPageTests"/>
</testsuite> <!-- tests.FeaturesPageTests -->
