<?xml version="1.0" encoding="UTF-8"?>
<!-- Generated by org.testng.reporters.JUnitReportReporter -->
<testsuite name="tests.About.OurStory" tests="2" time="95.260" ignored="0" failures="0" timestamp="07 Mar 2017 17:41:03 GMT" skipped="0" hostname="100.lan0.mk.uz.ua" errors="0">
  <testcase name="checkingOurStoryPageAppears" time="18.273" classname="tests.About.OurStory"/>
  <testcase name="checkingOurStoryThatElementsArePresent" time="76.987" classname="tests.About.OurStory"/>
</testsuite> <!-- tests.About.OurStory -->
