<?xml version="1.0" encoding="UTF-8"?>
<!-- Generated by org.testng.reporters.JUnitReportReporter -->
<testsuite name="tests.FeaturesPageTests" tests="4" time="167.088" ignored="0" failures="0" timestamp="06 Mar 2017 09:50:58 GMT" skipped="0" hostname="102.lan0.mk.uz.ua" errors="0">
  <testcase name="openingThirdRequestDemoButton" time="30.399" classname="tests.FeaturesPageTests"/>
  <testcase name="scrollingToEachSection" time="84.993" classname="tests.FeaturesPageTests"/>
  <testcase name="openingSecondRequestDemoButton" time="30.146" classname="tests.FeaturesPageTests"/>
  <testcase name="openingFeaturesPageAndClickOnRequestDemo" time="21.550" classname="tests.FeaturesPageTests"/>
</testsuite> <!-- tests.FeaturesPageTests -->
