<?xml version="1.0" encoding="UTF-8"?>
<!-- Generated by org.testng.reporters.JUnitReportReporter -->
<testsuite name="tests.BenefitsPageTests" tests="6" time="12.882" ignored="0" failures="0" timestamp="15 Mar 2017 10:37:36 GMT" skipped="4" hostname="102.lan0.mk.uz.ua" errors="0">
  <testcase name="scrollingDownAndVerifyingPresenceOfElements" time="8.751" classname="tests.BenefitsPageTests"/>
  <testcase name="scrollingDownAndVerifyingPresenceOfElements" time="0.000" classname="tests.BenefitsPageTests">
    <skipped/>
  </testcase> <!-- scrollingDownAndVerifyingPresenceOfElements -->
  <testcase name="openingPageAndClickOnRequestDemo" time="4.131" classname="tests.BenefitsPageTests"/>
  <testcase name="scrollingDownAndVerifyingPresenceOfElements" time="0.000" classname="tests.BenefitsPageTests">
    <skipped/>
  </testcase> <!-- scrollingDownAndVerifyingPresenceOfElements -->
  <testcase name="openingPageAndClickOnRequestDemo" time="0.000" classname="tests.BenefitsPageTests">
    <skipped/>
  </testcase> <!-- openingPageAndClickOnRequestDemo -->
  <testcase name="openingPageAndClickOnRequestDemo" time="0.000" classname="tests.BenefitsPageTests">
    <skipped/>
  </testcase> <!-- openingPageAndClickOnRequestDemo -->
</testsuite> <!-- tests.BenefitsPageTests -->
