<?xml version="1.0" encoding="UTF-8"?>
<!-- Generated by org.testng.reporters.JUnitReportReporter -->
<testsuite name="tests.About.ContactUsPageTests" tests="2" time="11.613" ignored="0" failures="0" timestamp="14 Mar 2017 17:46:12 GMT" skipped="0" hostname="102.lan0.mk.uz.ua" errors="0">
  <testcase name="badEmailChecking" time="6.662" classname="tests.About.ContactUsPageTests"/>
  <testcase name="emptyDataChecking" time="4.951" classname="tests.About.ContactUsPageTests"/>
</testsuite> <!-- tests.About.ContactUsPageTests -->
