<?xml version="1.0" encoding="UTF-8"?>
<!-- Generated by org.testng.reporters.JUnitReportReporter -->
<testsuite name="tests.FeaturesPageTests" tests="4" time="185.463" ignored="0" failures="0" timestamp="03 Mar 2017 11:00:47 GMT" skipped="0" hostname="103.lan0.mk.uz.ua" errors="0">
  <testcase name="openingSecondRequestDemoButton" time="36.367" classname="tests.FeaturesPageTests"/>
  <testcase name="openingThirdRequestDemoButton" time="35.807" classname="tests.FeaturesPageTests"/>
  <testcase name="scrollingToEachSection" time="86.781" classname="tests.FeaturesPageTests"/>
  <testcase name="openingFeaturesPageAndClickOnRequestDemo" time="26.508" classname="tests.FeaturesPageTests"/>
</testsuite> <!-- tests.FeaturesPageTests -->
