<?xml version="1.0" encoding="UTF-8"?>
<!-- Generated by org.testng.reporters.JUnitReportReporter -->
<testsuite name="tests.About.OurStory" tests="2" time="128.083" ignored="0" failures="0" timestamp="03 Mar 2017 11:00:47 GMT" skipped="0" hostname="103.lan0.mk.uz.ua" errors="0">
  <testcase name="checkingOurStoryThatElementsArePresent" time="92.215" classname="tests.About.OurStory"/>
  <testcase name="checkingOurStoryPageAppears" time="35.868" classname="tests.About.OurStory"/>
</testsuite> <!-- tests.About.OurStory -->
