<?xml version="1.0" encoding="UTF-8"?>
<!-- Generated by org.testng.reporters.JUnitReportReporter -->
<testsuite name="tests.HomePageTests" tests="16" time="290.122" ignored="22" failures="1" timestamp="28 Feb 2017 10:48:14 GMT" skipped="0" hostname="102.lan0.mk.uz.ua" errors="2">
  <testcase name="movingToAboutMenu" time="77.257" classname="tests.HomePageTests"/>
  <testcase name="scrollingToFirstItemOfTakeAdvantagesSection" time="3.316" classname="tests.HomePageTests"/>
  <testcase name="singleClickOnTopMenuItems" time="29.643" classname="tests.HomePageTests"/>
  <testcase name="notEmailFormatAndClickRequestDemo" time="3.968" classname="tests.HomePageTests"/>
  <testcase name="bottomMenuVerifying" time="50.338" classname="tests.HomePageTests"/>
  <testcase name="movingToFeaturesFirstHalfMenu" time="30.800" classname="tests.HomePageTests"/>
  <testcase name="sendingUpdatesToValidEmail" time="7.060" classname="tests.HomePageTests"/>
  <testcase name="scrollingToSecondItemOfTakeAdvantagesSection" time="3.079" classname="tests.HomePageTests"/>
  <testcase name="sendingUpdatesEmptyEmail" time="7.736" classname="tests.HomePageTests">
    <error type="org.openqa.selenium.NoSuchElementException" message="no such element: Unable to locate element: {&quot;method&quot;:&quot;xpath&quot;,&quot;selector&quot;:&quot;//label[@class=&#039;visible&#039;]&quot;}
  (Session info: chrome=56.0.2924.87)
  (Driver info: chromedriver=2.24.417412 (ac882d3ce7c0d99292439bf3405780058fcca0a6),platform=Mac OS X 10.11.6 x86_64) (WARNING: The server did not provide any stacktrace information)
Command duration or timeout: 25 milliseconds
For documentation on this error, please visit: http://seleniumhq.org/exceptions/no_such_element.html
Build info: version: &#039;3.0.1&#039;, revision: &#039;1969d75&#039;, time: &#039;2016-10-18 09:49:13 -0700&#039;
System info: host: &#039;102.lan0.mk.uz.ua&#039;, ip: &#039;192.168.0.102&#039;, os.name: &#039;Mac OS X&#039;, os.arch: &#039;x86_64&#039;, os.version: &#039;10.11.6&#039;, java.version: &#039;1.8.0_101&#039;
Driver info: org.openqa.selenium.chrome.ChromeDriver
Capabilities [{applicationCacheEnabled=false, rotatable=false, mobileEmulationEnabled=false, networkConnectionEnabled=false, chrome={chromedriverVersion=2.24.417412 (ac882d3ce7c0d99292439bf3405780058fcca0a6), userDataDir=/var/folders/xp/hq6y__313mvbnpb2n5x7bzq00000gn/T/.org.chromium.Chromium.nlLKCe}, takesHeapSnapshot=true, pageLoadStrategy=normal, databaseEnabled=false, handlesAlerts=true, hasTouchScreen=false, version=56.0.2924.87, platform=MAC, browserConnectionEnabled=false, nativeEvents=true, acceptSslCerts=true, locationContextEnabled=true, webStorageEnabled=true, browserName=chrome, takesScreenshot=true, javascriptEnabled=true, cssSelectorsEnabled=true}]
Session ID: 2206cb66e376812b23e7514a2ab3a829
*** Element info: {Using=xpath, value=//label[@class=&#039;visible&#039;]}">
      <![CDATA[org.openqa.selenium.NoSuchElementException: no such element: Unable to locate element: {"method":"xpath","selector":"//label[@class='visible']"}
  (Session info: chrome=56.0.2924.87)
  (Driver info: chromedriver=2.24.417412 (ac882d3ce7c0d99292439bf3405780058fcca0a6),platform=Mac OS X 10.11.6 x86_64) (WARNING: The server did not provide any stacktrace information)
Command duration or timeout: 25 milliseconds
For documentation on this error, please visit: http://seleniumhq.org/exceptions/no_such_element.html
Build info: version: '3.0.1', revision: '1969d75', time: '2016-10-18 09:49:13 -0700'
System info: host: '102.lan0.mk.uz.ua', ip: '192.168.0.102', os.name: 'Mac OS X', os.arch: 'x86_64', os.version: '10.11.6', java.version: '1.8.0_101'
Driver info: org.openqa.selenium.chrome.ChromeDriver
Capabilities [{applicationCacheEnabled=false, rotatable=false, mobileEmulationEnabled=false, networkConnectionEnabled=false, chrome={chromedriverVersion=2.24.417412 (ac882d3ce7c0d99292439bf3405780058fcca0a6), userDataDir=/var/folders/xp/hq6y__313mvbnpb2n5x7bzq00000gn/T/.org.chromium.Chromium.nlLKCe}, takesHeapSnapshot=true, pageLoadStrategy=normal, databaseEnabled=false, handlesAlerts=true, hasTouchScreen=false, version=56.0.2924.87, platform=MAC, browserConnectionEnabled=false, nativeEvents=true, acceptSslCerts=true, locationContextEnabled=true, webStorageEnabled=true, browserName=chrome, takesScreenshot=true, javascriptEnabled=true, cssSelectorsEnabled=true}]
Session ID: 2206cb66e376812b23e7514a2ab3a829
*** Element info: {Using=xpath, value=//label[@class='visible']}
	at sun.reflect.NativeConstructorAccessorImpl.newInstance0(Native Method)
	at sun.reflect.NativeConstructorAccessorImpl.newInstance(NativeConstructorAccessorImpl.java:62)
	at sun.reflect.DelegatingConstructorAccessorImpl.newInstance(DelegatingConstructorAccessorImpl.java:45)
	at java.lang.reflect.Constructor.newInstance(Constructor.java:423)
	at org.openqa.selenium.remote.ErrorHandler.createThrowable(ErrorHandler.java:216)
	at org.openqa.selenium.remote.ErrorHandler.throwIfResponseFailed(ErrorHandler.java:168)
	at org.openqa.selenium.remote.RemoteWebDriver.execute(RemoteWebDriver.java:635)
	at org.openqa.selenium.remote.RemoteWebDriver.findElement(RemoteWebDriver.java:368)
	at org.openqa.selenium.remote.RemoteWebDriver.findElementByXPath(RemoteWebDriver.java:473)
	at org.openqa.selenium.By$ByXPath.findElement(By.java:361)
	at org.openqa.selenium.remote.RemoteWebDriver.findElement(RemoteWebDriver.java:360)
	at pageobjects.HomePageObject.getEmptyEmailMessage(HomePageObject.java:90)
	at tests.HomePageTests.sendingUpdatesEmptyEmail(HomePageTests.java:199)
	at sun.reflect.NativeMethodAccessorImpl.invoke0(Native Method)
	at sun.reflect.NativeMethodAccessorImpl.invoke(NativeMethodAccessorImpl.java:62)
	at sun.reflect.DelegatingMethodAccessorImpl.invoke(DelegatingMethodAccessorImpl.java:43)
	at java.lang.reflect.Method.invoke(Method.java:498)
	at org.testng.internal.MethodInvocationHelper.invokeMethod(MethodInvocationHelper.java:104)
	at org.testng.internal.Invoker.invokeMethod(Invoker.java:645)
	at org.testng.internal.Invoker.invokeTestMethod(Invoker.java:851)
	at org.testng.internal.Invoker.invokeTestMethods(Invoker.java:1177)
	at org.testng.internal.TestMethodWorker.invokeTestMethods(TestMethodWorker.java:129)
	at org.testng.internal.TestMethodWorker.run(TestMethodWorker.java:112)
	at java.util.concurrent.ThreadPoolExecutor.runWorker(ThreadPoolExecutor.java:1142)
	at java.util.concurrent.ThreadPoolExecutor$Worker.run(ThreadPoolExecutor.java:617)
	at java.lang.Thread.run(Thread.java:745)
]]>
    </error>
  </testcase> <!-- sendingUpdatesEmptyEmail -->
  <testcase name="typingValidEmailAndClickRequestDemo" time="5.533" classname="tests.HomePageTests"/>
  <testcase name="singleClickOnLoginTopMenuItems" time="11.871" classname="tests.HomePageTests"/>
  <testcase name="getStartedFreeChecking" time="8.074" classname="tests.HomePageTests"/>
  <testcase name="movingToFeaturesSecondHalfMenu" time="7.463" classname="tests.HomePageTests">
    <error type="org.openqa.selenium.ElementNotVisibleException" message="element not visible
  (Session info: chrome=56.0.2924.87)
  (Driver info: chromedriver=2.24.417412 (ac882d3ce7c0d99292439bf3405780058fcca0a6),platform=Mac OS X 10.11.6 x86_64) (WARNING: The server did not provide any stacktrace information)
Command duration or timeout: 36 milliseconds
Build info: version: &#039;3.0.1&#039;, revision: &#039;1969d75&#039;, time: &#039;2016-10-18 09:49:13 -0700&#039;
System info: host: &#039;102.lan0.mk.uz.ua&#039;, ip: &#039;192.168.0.102&#039;, os.name: &#039;Mac OS X&#039;, os.arch: &#039;x86_64&#039;, os.version: &#039;10.11.6&#039;, java.version: &#039;1.8.0_101&#039;
Driver info: org.openqa.selenium.chrome.ChromeDriver
Capabilities [{applicationCacheEnabled=false, rotatable=false, mobileEmulationEnabled=false, networkConnectionEnabled=false, chrome={chromedriverVersion=2.24.417412 (ac882d3ce7c0d99292439bf3405780058fcca0a6), userDataDir=/var/folders/xp/hq6y__313mvbnpb2n5x7bzq00000gn/T/.org.chromium.Chromium.nlLKCe}, takesHeapSnapshot=true, pageLoadStrategy=normal, databaseEnabled=false, handlesAlerts=true, hasTouchScreen=false, version=56.0.2924.87, platform=MAC, browserConnectionEnabled=false, nativeEvents=true, acceptSslCerts=true, locationContextEnabled=true, webStorageEnabled=true, browserName=chrome, takesScreenshot=true, javascriptEnabled=true, cssSelectorsEnabled=true}]
Session ID: 2206cb66e376812b23e7514a2ab3a829">
      <![CDATA[org.openqa.selenium.ElementNotVisibleException: element not visible
  (Session info: chrome=56.0.2924.87)
  (Driver info: chromedriver=2.24.417412 (ac882d3ce7c0d99292439bf3405780058fcca0a6),platform=Mac OS X 10.11.6 x86_64) (WARNING: The server did not provide any stacktrace information)
Command duration or timeout: 36 milliseconds
Build info: version: '3.0.1', revision: '1969d75', time: '2016-10-18 09:49:13 -0700'
System info: host: '102.lan0.mk.uz.ua', ip: '192.168.0.102', os.name: 'Mac OS X', os.arch: 'x86_64', os.version: '10.11.6', java.version: '1.8.0_101'
Driver info: org.openqa.selenium.chrome.ChromeDriver
Capabilities [{applicationCacheEnabled=false, rotatable=false, mobileEmulationEnabled=false, networkConnectionEnabled=false, chrome={chromedriverVersion=2.24.417412 (ac882d3ce7c0d99292439bf3405780058fcca0a6), userDataDir=/var/folders/xp/hq6y__313mvbnpb2n5x7bzq00000gn/T/.org.chromium.Chromium.nlLKCe}, takesHeapSnapshot=true, pageLoadStrategy=normal, databaseEnabled=false, handlesAlerts=true, hasTouchScreen=false, version=56.0.2924.87, platform=MAC, browserConnectionEnabled=false, nativeEvents=true, acceptSslCerts=true, locationContextEnabled=true, webStorageEnabled=true, browserName=chrome, takesScreenshot=true, javascriptEnabled=true, cssSelectorsEnabled=true}]
Session ID: 2206cb66e376812b23e7514a2ab3a829
	at sun.reflect.NativeConstructorAccessorImpl.newInstance0(Native Method)
	at sun.reflect.NativeConstructorAccessorImpl.newInstance(NativeConstructorAccessorImpl.java:62)
	at sun.reflect.DelegatingConstructorAccessorImpl.newInstance(DelegatingConstructorAccessorImpl.java:45)
	at java.lang.reflect.Constructor.newInstance(Constructor.java:423)
	at org.openqa.selenium.remote.ErrorHandler.createThrowable(ErrorHandler.java:216)
	at org.openqa.selenium.remote.ErrorHandler.throwIfResponseFailed(ErrorHandler.java:168)
	at org.openqa.selenium.remote.RemoteWebDriver.execute(RemoteWebDriver.java:635)
	at org.openqa.selenium.remote.RemoteWebElement.execute(RemoteWebElement.java:274)
	at org.openqa.selenium.remote.RemoteWebElement.click(RemoteWebElement.java:84)
	at pageobjects.HomePageObject.movingToMenuElement(HomePageObject.java:54)
	at tests.HomePageTests.movingToFeaturesSecondHalfMenu(HomePageTests.java:38)
	at sun.reflect.NativeMethodAccessorImpl.invoke0(Native Method)
	at sun.reflect.NativeMethodAccessorImpl.invoke(NativeMethodAccessorImpl.java:62)
	at sun.reflect.DelegatingMethodAccessorImpl.invoke(DelegatingMethodAccessorImpl.java:43)
	at java.lang.reflect.Method.invoke(Method.java:498)
	at org.testng.internal.MethodInvocationHelper.invokeMethod(MethodInvocationHelper.java:104)
	at org.testng.internal.Invoker.invokeMethod(Invoker.java:645)
	at org.testng.internal.Invoker.invokeTestMethod(Invoker.java:851)
	at org.testng.internal.Invoker.invokeTestMethods(Invoker.java:1177)
	at org.testng.internal.TestMethodWorker.invokeTestMethods(TestMethodWorker.java:129)
	at org.testng.internal.TestMethodWorker.run(TestMethodWorker.java:112)
	at java.util.concurrent.ThreadPoolExecutor.runWorker(ThreadPoolExecutor.java:1142)
	at java.util.concurrent.ThreadPoolExecutor$Worker.run(ThreadPoolExecutor.java:617)
	at java.lang.Thread.run(Thread.java:745)
]]>
    </error>
  </testcase> <!-- movingToFeaturesSecondHalfMenu -->
  <testcase name="movingToBlogMenu" time="29.932" classname="tests.HomePageTests"/>
  <testcase name="sendingUpdatesIncorrectEmail" time="8.235" classname="tests.HomePageTests">
    <failure type="java.lang.AssertionError" message="expected [Please enter a valid email address.] but found [Email must be formatted correctly.]">
      <![CDATA[java.lang.AssertionError: expected [Please enter a valid email address.] but found [Email must be formatted correctly.]
	at org.testng.Assert.fail(Assert.java:94)
	at org.testng.Assert.failNotEquals(Assert.java:513)
	at org.testng.Assert.assertEqualsImpl(Assert.java:135)
	at org.testng.Assert.assertEquals(Assert.java:116)
	at org.testng.Assert.assertEquals(Assert.java:190)
	at org.testng.Assert.assertEquals(Assert.java:200)
	at tests.HomePageTests.sendingUpdatesIncorrectEmail(HomePageTests.java:208)
	at sun.reflect.NativeMethodAccessorImpl.invoke0(Native Method)
	at sun.reflect.NativeMethodAccessorImpl.invoke(NativeMethodAccessorImpl.java:62)
	at sun.reflect.DelegatingMethodAccessorImpl.invoke(DelegatingMethodAccessorImpl.java:43)
	at java.lang.reflect.Method.invoke(Method.java:498)
	at org.testng.internal.MethodInvocationHelper.invokeMethod(MethodInvocationHelper.java:104)
	at org.testng.internal.Invoker.invokeMethod(Invoker.java:645)
	at org.testng.internal.Invoker.invokeTestMethod(Invoker.java:851)
	at org.testng.internal.Invoker.invokeTestMethods(Invoker.java:1177)
	at org.testng.internal.TestMethodWorker.invokeTestMethods(TestMethodWorker.java:129)
	at org.testng.internal.TestMethodWorker.run(TestMethodWorker.java:112)
	at java.util.concurrent.ThreadPoolExecutor.runWorker(ThreadPoolExecutor.java:1142)
	at java.util.concurrent.ThreadPoolExecutor$Worker.run(ThreadPoolExecutor.java:617)
	at java.lang.Thread.run(Thread.java:745)
]]>
    </failure>
  </testcase> <!-- sendingUpdatesIncorrectEmail -->
  <testcase name="emptyEmailAndClickRequestDemo" time="5.817" classname="tests.HomePageTests"/>
  <testcase name="movingToAboutMenu" classname="tests.HomePageTests">
    <skipped/>
  </testcase> <!-- movingToAboutMenu -->
  <testcase name="scrollingToSecondItemOfTakeAdvantagesSection" classname="tests.HomePageTests">
    <skipped/>
  </testcase> <!-- scrollingToSecondItemOfTakeAdvantagesSection -->
  <testcase name="movingToFeaturesFirstHalfMenu" classname="tests.HomePageTests">
    <skipped/>
  </testcase> <!-- movingToFeaturesFirstHalfMenu -->
  <testcase name="sendingUpdatesIncorrectEmail" classname="tests.HomePageTests">
    <skipped/>
  </testcase> <!-- sendingUpdatesIncorrectEmail -->
  <testcase name="scrollingToSecondLinkOfDiscoverMoreShoppersSection" classname="tests.HomePageTests">
    <skipped/>
  </testcase> <!-- scrollingToSecondLinkOfDiscoverMoreShoppersSection -->
  <testcase name="scrollingToSecondLinkOfDiscoverMoreShoppersSection" classname="tests.HomePageTests">
    <skipped/>
  </testcase> <!-- scrollingToSecondLinkOfDiscoverMoreShoppersSection -->
  <testcase name="getStartedFreeChecking" classname="tests.HomePageTests">
    <skipped/>
  </testcase> <!-- getStartedFreeChecking -->
  <testcase name="movingToFeaturesSecondHalfMenu" classname="tests.HomePageTests">
    <skipped/>
  </testcase> <!-- movingToFeaturesSecondHalfMenu -->
  <testcase name="scrollingToFirstItemOfTakeAdvantagesSection" classname="tests.HomePageTests">
    <skipped/>
  </testcase> <!-- scrollingToFirstItemOfTakeAdvantagesSection -->
  <testcase name="singleClickOnTopMenuItems" classname="tests.HomePageTests">
    <skipped/>
  </testcase> <!-- singleClickOnTopMenuItems -->
  <testcase name="singleClickOnLoginTopMenuItems" classname="tests.HomePageTests">
    <skipped/>
  </testcase> <!-- singleClickOnLoginTopMenuItems -->
  <testcase name="sendingUpdatesToValidEmail" classname="tests.HomePageTests">
    <skipped/>
  </testcase> <!-- sendingUpdatesToValidEmail -->
  <testcase name="typingValidEmailAndClickRequestDemo" classname="tests.HomePageTests">
    <skipped/>
  </testcase> <!-- typingValidEmailAndClickRequestDemo -->
  <testcase name="scrollingToFirstLinkOfDiscoverMoreShoppersSection" classname="tests.HomePageTests">
    <skipped/>
  </testcase> <!-- scrollingToFirstLinkOfDiscoverMoreShoppersSection -->
  <testcase name="emptyEmailAndClickRequestDemo" classname="tests.HomePageTests">
    <skipped/>
  </testcase> <!-- emptyEmailAndClickRequestDemo -->
  <testcase name="bottomMenuVerifying" classname="tests.HomePageTests">
    <skipped/>
  </testcase> <!-- bottomMenuVerifying -->
  <testcase name="scrollingToFirstLinkOfDiscoverMoreShoppersSection" classname="tests.HomePageTests">
    <skipped/>
  </testcase> <!-- scrollingToFirstLinkOfDiscoverMoreShoppersSection -->
  <testcase name="notEmailFormatAndClickRequestDemo" classname="tests.HomePageTests">
    <skipped/>
  </testcase> <!-- notEmailFormatAndClickRequestDemo -->
  <testcase name="sendingUpdatesEmptyEmail" classname="tests.HomePageTests">
    <skipped/>
  </testcase> <!-- sendingUpdatesEmptyEmail -->
  <testcase name="movingToBlogMenu" classname="tests.HomePageTests">
    <skipped/>
  </testcase> <!-- movingToBlogMenu -->
  <testcase name="scrollingToThirdLinkOfDiscoverMoreShoppersSection" classname="tests.HomePageTests">
    <skipped/>
  </testcase> <!-- scrollingToThirdLinkOfDiscoverMoreShoppersSection -->
  <testcase name="scrollingToThirdLinkOfDiscoverMoreShoppersSection" classname="tests.HomePageTests">
    <skipped/>
  </testcase> <!-- scrollingToThirdLinkOfDiscoverMoreShoppersSection -->
</testsuite> <!-- tests.HomePageTests -->
