<?xml version="1.0" encoding="UTF-8"?>
<!-- Generated by org.testng.reporters.JUnitReportReporter -->
<testsuite name="tests.About.CareersTests" tests="4" time="16.812" ignored="0" failures="0" timestamp="05 Apr 2017 19:26:48 GMT" skipped="2" hostname="101.lan0.mk.uz.ua" errors="0">
  <testcase name="checkElementsArePresent" time="0.000" classname="tests.About.CareersTests">
    <skipped/>
  </testcase> <!-- checkElementsArePresent -->
  <testcase name="openingVacancyAndSendingEmptyForm" time="0.000" classname="tests.About.CareersTests">
    <skipped/>
  </testcase> <!-- openingVacancyAndSendingEmptyForm -->
  <testcase name="checkElementsArePresent" time="5.665" classname="tests.About.CareersTests"/>
  <testcase name="openingVacancyAndSendingEmptyForm" time="11.147" classname="tests.About.CareersTests"/>
</testsuite> <!-- tests.About.CareersTests -->
