<?xml version="1.0" encoding="UTF-8"?>
<!-- Generated by org.testng.reporters.JUnitReportReporter -->
<testsuite name="tests.BenefitsPageTests" tests="6" time="60.442" ignored="0" failures="0" timestamp="15 Mar 2017 14:26:23 GMT" skipped="4" hostname="102.lan0.mk.uz.ua" errors="0">
  <testcase name="openingPageAndClickOnRequestDemo" time="0.000" classname="tests.BenefitsPageTests">
    <skipped/>
  </testcase> <!-- openingPageAndClickOnRequestDemo -->
  <testcase name="scrollingDownAndVerifyingPresenceOfElements" time="0.000" classname="tests.BenefitsPageTests">
    <skipped/>
  </testcase> <!-- scrollingDownAndVerifyingPresenceOfElements -->
  <testcase name="openingPageAndClickOnRequestDemo" time="6.882" classname="tests.BenefitsPageTests"/>
  <testcase name="scrollingDownAndVerifyingPresenceOfElements" time="0.000" classname="tests.BenefitsPageTests">
    <skipped/>
  </testcase> <!-- scrollingDownAndVerifyingPresenceOfElements -->
  <testcase name="scrollingDownAndVerifyingPresenceOfElements" time="53.559" classname="tests.BenefitsPageTests"/>
  <testcase name="openingPageAndClickOnRequestDemo" time="0.001" classname="tests.BenefitsPageTests">
    <skipped/>
  </testcase> <!-- openingPageAndClickOnRequestDemo -->
</testsuite> <!-- tests.BenefitsPageTests -->
