<?xml version="1.0" encoding="UTF-8"?>
<!-- Generated by org.testng.reporters.JUnitReportReporter -->
<testsuite name="tests.About.PressTests" tests="18" time="78.498" ignored="0" failures="0" timestamp="15 Mar 2017 14:26:23 GMT" skipped="12" hostname="102.lan0.mk.uz.ua" errors="1">
  <testcase name="downloadLinkCheckingLogoBlack" time="0.000" classname="tests.About.PressTests">
    <skipped/>
  </testcase> <!-- downloadLinkCheckingLogoBlack -->
  <testcase name="checkinReadMoreLink" time="6.826" classname="tests.About.PressTests">
    <error type="java.lang.IndexOutOfBoundsException" message="Index: 1, Size: 1">
      <![CDATA[java.lang.IndexOutOfBoundsException: Index: 1, Size: 1
	at java.util.ArrayList.rangeCheck(ArrayList.java:653)
	at java.util.ArrayList.get(ArrayList.java:429)
	at pageobjects.BaseObjectPage.switchingBetweenTabs(BaseObjectPage.java:194)
	at tests.About.PressTests.checkinReadMoreLink(PressTests.java:142)
	at sun.reflect.NativeMethodAccessorImpl.invoke0(Native Method)
	at sun.reflect.NativeMethodAccessorImpl.invoke(NativeMethodAccessorImpl.java:62)
	at sun.reflect.DelegatingMethodAccessorImpl.invoke(DelegatingMethodAccessorImpl.java:43)
	at java.lang.reflect.Method.invoke(Method.java:498)
	at org.testng.internal.MethodInvocationHelper.invokeMethod(MethodInvocationHelper.java:104)
	at org.testng.internal.Invoker.invokeMethod(Invoker.java:645)
	at org.testng.internal.Invoker.invokeTestMethod(Invoker.java:851)
	at org.testng.internal.Invoker.invokeTestMethods(Invoker.java:1177)
	at org.testng.internal.TestMethodWorker.invokeTestMethods(TestMethodWorker.java:129)
	at org.testng.internal.TestMethodWorker.run(TestMethodWorker.java:112)
	at org.testng.TestRunner.privateRun(TestRunner.java:756)
	at org.testng.TestRunner.run(TestRunner.java:610)
	at org.testng.SuiteRunner.runTest(SuiteRunner.java:387)
	at org.testng.SuiteRunner.runSequentially(SuiteRunner.java:382)
	at org.testng.SuiteRunner.privateRun(SuiteRunner.java:340)
	at org.testng.SuiteRunner.run(SuiteRunner.java:289)
	at org.testng.SuiteRunnerWorker.runSuite(SuiteRunnerWorker.java:52)
	at org.testng.SuiteRunnerWorker.run(SuiteRunnerWorker.java:86)
	at org.testng.TestNG.runSuitesSequentially(TestNG.java:1293)
	at org.testng.TestNG.runSuitesSequentially(TestNG.java:1289)
	at org.testng.TestNG.runSuitesLocally(TestNG.java:1218)
	at org.testng.TestNG.runSuites(TestNG.java:1133)
	at org.testng.TestNG.run(TestNG.java:1104)
	at org.apache.maven.surefire.testng.TestNGExecutor.run(TestNGExecutor.java:281)
	at org.apache.maven.surefire.testng.TestNGXmlTestSuite.execute(TestNGXmlTestSuite.java:75)
	at org.apache.maven.surefire.testng.TestNGProvider.invoke(TestNGProvider.java:121)
	at org.apache.maven.surefire.booter.ForkedBooter.invokeProviderInSameClassLoader(ForkedBooter.java:290)
	at org.apache.maven.surefire.booter.ForkedBooter.runSuitesInProcess(ForkedBooter.java:242)
	at org.apache.maven.surefire.booter.ForkedBooter.main(ForkedBooter.java:121)
]]>
    </error>
  </testcase> <!-- checkinReadMoreLink -->
  <testcase name="downloadLinkCheckingIconBlack" time="0.000" classname="tests.About.PressTests">
    <skipped/>
  </testcase> <!-- downloadLinkCheckingIconBlack -->
  <testcase name="downloadLinkCheckingLogoBlack" time="14.349" classname="tests.About.PressTests"/>
  <testcase name="chekingStyleGuide" time="0.000" classname="tests.About.PressTests">
    <skipped/>
  </testcase> <!-- chekingStyleGuide -->
  <testcase name="chekingStyleGuide" time="13.828" classname="tests.About.PressTests"/>
  <testcase name="downloadLinkCheckingLogo" time="14.198" classname="tests.About.PressTests"/>
  <testcase name="downloadLinkCheckingLogoVertical" time="0.000" classname="tests.About.PressTests">
    <skipped/>
  </testcase> <!-- downloadLinkCheckingLogoVertical -->
  <testcase name="downloadLinkCheckingLogoBlack" time="0.000" classname="tests.About.PressTests">
    <skipped/>
  </testcase> <!-- downloadLinkCheckingLogoBlack -->
  <testcase name="checkinReadMoreLink" time="0.000" classname="tests.About.PressTests">
    <skipped/>
  </testcase> <!-- checkinReadMoreLink -->
  <testcase name="downloadLinkCheckingLogoVertical" time="14.333" classname="tests.About.PressTests"/>
  <testcase name="chekingStyleGuide" time="0.000" classname="tests.About.PressTests">
    <skipped/>
  </testcase> <!-- chekingStyleGuide -->
  <testcase name="checkinReadMoreLink" time="0.000" classname="tests.About.PressTests">
    <skipped/>
  </testcase> <!-- checkinReadMoreLink -->
  <testcase name="downloadLinkCheckingLogo" time="0.000" classname="tests.About.PressTests">
    <skipped/>
  </testcase> <!-- downloadLinkCheckingLogo -->
  <testcase name="downloadLinkCheckingLogoVertical" time="0.000" classname="tests.About.PressTests">
    <skipped/>
  </testcase> <!-- downloadLinkCheckingLogoVertical -->
  <testcase name="downloadLinkCheckingIconBlack" time="0.000" classname="tests.About.PressTests">
    <skipped/>
  </testcase> <!-- downloadLinkCheckingIconBlack -->
  <testcase name="downloadLinkCheckingIconBlack" time="14.964" classname="tests.About.PressTests"/>
  <testcase name="downloadLinkCheckingLogo" time="0.000" classname="tests.About.PressTests">
    <skipped/>
  </testcase> <!-- downloadLinkCheckingLogo -->
</testsuite> <!-- tests.About.PressTests -->
