<?xml version="1.0" encoding="UTF-8"?>
<!-- Generated by org.testng.reporters.JUnitReportReporter -->
<testsuite name="tests.SupportPageTests" tests="11" time="84.283" ignored="0" failures="0" timestamp="05 Apr 2017 13:12:13 GMT" skipped="0" hostname="101.lan0.mk.uz.ua" errors="0">
  <testcase name="singInChecking" time="7.006" classname="tests.SupportPageTests"/>
  <testcase name="searchWithTooLongValue" time="4.958" classname="tests.SupportPageTests"/>
  <testcase name="openArticleFromCategory" time="5.132" classname="tests.SupportPageTests"/>
  <testcase name="submitRequestPageUploading" time="8.197" classname="tests.SupportPageTests"/>
  <testcase name="asubmitRequestEmptyWrongEmailWithoutAt" time="10.602" classname="tests.SupportPageTests"/>
  <testcase name="openingArticleFromPopular" time="6.267" classname="tests.SupportPageTests"/>
  <testcase name="backToDashboardChecking" time="9.701" classname="tests.SupportPageTests"/>
  <testcase name="openArticleFromSideBarMenu" time="8.323" classname="tests.SupportPageTests"/>
  <testcase name="searchWithValidValue" time="5.834" classname="tests.SupportPageTests"/>
  <testcase name="asubmitRequestEmptyFieldsChecking" time="10.561" classname="tests.SupportPageTests"/>
  <testcase name="breadCrumbsChecking" time="7.702" classname="tests.SupportPageTests"/>
</testsuite> <!-- tests.SupportPageTests -->
