<?xml version="1.0" encoding="UTF-8"?>
<!-- Generated by org.testng.reporters.JUnitReportReporter -->
<testsuite name="tests.LoginPageTests" tests="5" time="24.724" ignored="0" failures="0" timestamp="07 Mar 2017 17:41:03 GMT" skipped="0" hostname="100.lan0.mk.uz.ua" errors="0">
  <testcase name="loginFormCheckingWrongEmail" time="2.601" classname="tests.LoginPageTests"/>
  <testcase name="forgotPasswordWrongEmail" time="4.914" classname="tests.LoginPageTests"/>
  <testcase name="forgotPasswordEmptyFields" time="5.144" classname="tests.LoginPageTests"/>
  <testcase name="loginCheckEmptyFields" time="2.989" classname="tests.LoginPageTests"/>
  <testcase name="correctLogin" time="9.076" classname="tests.LoginPageTests"/>
</testsuite> <!-- tests.LoginPageTests -->
