<?xml version="1.0" encoding="UTF-8"?>
<!-- Generated by org.testng.reporters.JUnitReportReporter -->
<testsuite name="tests.Blog.BlogMainPageTests" tests="12" time="300.497" ignored="60" failures="0" timestamp="25 Apr 2017 12:18:14 GMT" skipped="0" hostname="Vitaliys-MacBook-Pro.local" errors="0">
  <testcase name="clickingOnTagChecking" time="32.263" classname="tests.Blog.BlogMainPageTests"/>
  <testcase name="openingPostByClickOnReadThisPostBtn" time="32.570" classname="tests.Blog.BlogMainPageTests"/>
  <testcase name="openingPostByClickOnReadThisPostBtn" time="10.460" classname="tests.Blog.BlogMainPageTests"/>
  <testcase name="openingPostByClickOnReadThisPostBtn" time="14.759" classname="tests.Blog.BlogMainPageTests"/>
  <testcase name="goingToCommentsSectionByClickOnClickHereLink" time="43.984" classname="tests.Blog.BlogMainPageTests"/>
  <testcase name="goingToCommentsSectionByClickOnClickHereLink" time="12.969" classname="tests.Blog.BlogMainPageTests"/>
  <testcase name="clickingOnAuthorChecking" time="55.057" classname="tests.Blog.BlogMainPageTests"/>
  <testcase name="clickingOnAuthorChecking" time="16.464" classname="tests.Blog.BlogMainPageTests"/>
  <testcase name="clickingOnTagChecking" time="17.512" classname="tests.Blog.BlogMainPageTests"/>
  <testcase name="clickingOnAuthorChecking" time="24.148" classname="tests.Blog.BlogMainPageTests"/>
  <testcase name="clickingOnTagChecking" time="10.099" classname="tests.Blog.BlogMainPageTests"/>
  <testcase name="goingToCommentsSectionByClickOnClickHereLink" time="30.212" classname="tests.Blog.BlogMainPageTests"/>
  <testcase name="beforeClass" classname="setup.SeleniumBaseTest">
    <skipped/>
  </testcase> <!-- beforeClass -->
  <testcase name="beforeClass" classname="setup.SeleniumBaseTest">
    <skipped/>
  </testcase> <!-- beforeClass -->
  <testcase name="beforeClass" classname="setup.SeleniumBaseTest">
    <skipped/>
  </testcase> <!-- beforeClass -->
  <testcase name="beforeClass" classname="setup.SeleniumBaseTest">
    <skipped/>
  </testcase> <!-- beforeClass -->
  <testcase name="beforeClass" classname="setup.SeleniumBaseTest">
    <skipped/>
  </testcase> <!-- beforeClass -->
  <testcase name="beforeClass" classname="setup.SeleniumBaseTest">
    <skipped/>
  </testcase> <!-- beforeClass -->
  <testcase name="beforeClass" classname="setup.SeleniumBaseTest">
    <skipped/>
  </testcase> <!-- beforeClass -->
  <testcase name="beforeClass" classname="setup.SeleniumBaseTest">
    <skipped/>
  </testcase> <!-- beforeClass -->
  <testcase name="beforeClass" classname="setup.SeleniumBaseTest">
    <skipped/>
  </testcase> <!-- beforeClass -->
  <testcase name="beforeClass" classname="setup.SeleniumBaseTest">
    <skipped/>
  </testcase> <!-- beforeClass -->
  <testcase name="beforeClass" classname="setup.SeleniumBaseTest">
    <skipped/>
  </testcase> <!-- beforeClass -->
  <testcase name="beforeClass" classname="setup.SeleniumBaseTest">
    <skipped/>
  </testcase> <!-- beforeClass -->
  <testcase name="beforeClass" classname="setup.SeleniumBaseTest">
    <skipped/>
  </testcase> <!-- beforeClass -->
  <testcase name="beforeClass" classname="setup.SeleniumBaseTest">
    <skipped/>
  </testcase> <!-- beforeClass -->
  <testcase name="beforeClass" classname="setup.SeleniumBaseTest">
    <skipped/>
  </testcase> <!-- beforeClass -->
  <testcase name="beforeClass" classname="setup.SeleniumBaseTest">
    <skipped/>
  </testcase> <!-- beforeClass -->
  <testcase name="beforeClass" classname="setup.SeleniumBaseTest">
    <skipped/>
  </testcase> <!-- beforeClass -->
  <testcase name="beforeClass" classname="setup.SeleniumBaseTest">
    <skipped/>
  </testcase> <!-- beforeClass -->
  <testcase name="beforeClass" classname="setup.SeleniumBaseTest">
    <skipped/>
  </testcase> <!-- beforeClass -->
  <testcase name="beforeClass" classname="setup.SeleniumBaseTest">
    <skipped/>
  </testcase> <!-- beforeClass -->
  <testcase name="beforeClass" classname="setup.SeleniumBaseTest">
    <skipped/>
  </testcase> <!-- beforeClass -->
  <testcase name="beforeClass" classname="setup.SeleniumBaseTest">
    <skipped/>
  </testcase> <!-- beforeClass -->
  <testcase name="beforeClass" classname="setup.SeleniumBaseTest">
    <skipped/>
  </testcase> <!-- beforeClass -->
  <testcase name="beforeClass" classname="setup.SeleniumBaseTest">
    <skipped/>
  </testcase> <!-- beforeClass -->
  <testcase name="beforeClass" classname="setup.SeleniumBaseTest">
    <skipped/>
  </testcase> <!-- beforeClass -->
  <testcase name="beforeClass" classname="setup.SeleniumBaseTest">
    <skipped/>
  </testcase> <!-- beforeClass -->
  <testcase name="beforeClass" classname="setup.SeleniumBaseTest">
    <skipped/>
  </testcase> <!-- beforeClass -->
  <testcase name="beforeClass" classname="setup.SeleniumBaseTest">
    <skipped/>
  </testcase> <!-- beforeClass -->
  <testcase name="beforeClass" classname="setup.SeleniumBaseTest">
    <skipped/>
  </testcase> <!-- beforeClass -->
  <testcase name="beforeClass" classname="setup.SeleniumBaseTest">
    <skipped/>
  </testcase> <!-- beforeClass -->
  <testcase name="tearDown" classname="setup.SeleniumBaseTest">
    <skipped/>
  </testcase> <!-- tearDown -->
  <testcase name="tearDown" classname="setup.SeleniumBaseTest">
    <skipped/>
  </testcase> <!-- tearDown -->
  <testcase name="tearDown" classname="setup.SeleniumBaseTest">
    <skipped/>
  </testcase> <!-- tearDown -->
  <testcase name="tearDown" classname="setup.SeleniumBaseTest">
    <skipped/>
  </testcase> <!-- tearDown -->
  <testcase name="tearDown" classname="setup.SeleniumBaseTest">
    <skipped/>
  </testcase> <!-- tearDown -->
  <testcase name="tearDown" classname="setup.SeleniumBaseTest">
    <skipped/>
  </testcase> <!-- tearDown -->
  <testcase name="tearDown" classname="setup.SeleniumBaseTest">
    <skipped/>
  </testcase> <!-- tearDown -->
  <testcase name="tearDown" classname="setup.SeleniumBaseTest">
    <skipped/>
  </testcase> <!-- tearDown -->
  <testcase name="tearDown" classname="setup.SeleniumBaseTest">
    <skipped/>
  </testcase> <!-- tearDown -->
  <testcase name="tearDown" classname="setup.SeleniumBaseTest">
    <skipped/>
  </testcase> <!-- tearDown -->
  <testcase name="tearDown" classname="setup.SeleniumBaseTest">
    <skipped/>
  </testcase> <!-- tearDown -->
  <testcase name="tearDown" classname="setup.SeleniumBaseTest">
    <skipped/>
  </testcase> <!-- tearDown -->
  <testcase name="tearDown" classname="setup.SeleniumBaseTest">
    <skipped/>
  </testcase> <!-- tearDown -->
  <testcase name="tearDown" classname="setup.SeleniumBaseTest">
    <skipped/>
  </testcase> <!-- tearDown -->
  <testcase name="tearDown" classname="setup.SeleniumBaseTest">
    <skipped/>
  </testcase> <!-- tearDown -->
  <testcase name="tearDown" classname="setup.SeleniumBaseTest">
    <skipped/>
  </testcase> <!-- tearDown -->
  <testcase name="tearDown" classname="setup.SeleniumBaseTest">
    <skipped/>
  </testcase> <!-- tearDown -->
  <testcase name="tearDown" classname="setup.SeleniumBaseTest">
    <skipped/>
  </testcase> <!-- tearDown -->
  <testcase name="tearDown" classname="setup.SeleniumBaseTest">
    <skipped/>
  </testcase> <!-- tearDown -->
  <testcase name="tearDown" classname="setup.SeleniumBaseTest">
    <skipped/>
  </testcase> <!-- tearDown -->
  <testcase name="tearDown" classname="setup.SeleniumBaseTest">
    <skipped/>
  </testcase> <!-- tearDown -->
  <testcase name="tearDown" classname="setup.SeleniumBaseTest">
    <skipped/>
  </testcase> <!-- tearDown -->
  <testcase name="tearDown" classname="setup.SeleniumBaseTest">
    <skipped/>
  </testcase> <!-- tearDown -->
  <testcase name="tearDown" classname="setup.SeleniumBaseTest">
    <skipped/>
  </testcase> <!-- tearDown -->
  <testcase name="tearDown" classname="setup.SeleniumBaseTest">
    <skipped/>
  </testcase> <!-- tearDown -->
  <testcase name="tearDown" classname="setup.SeleniumBaseTest">
    <skipped/>
  </testcase> <!-- tearDown -->
  <testcase name="tearDown" classname="setup.SeleniumBaseTest">
    <skipped/>
  </testcase> <!-- tearDown -->
  <testcase name="tearDown" classname="setup.SeleniumBaseTest">
    <skipped/>
  </testcase> <!-- tearDown -->
  <testcase name="tearDown" classname="setup.SeleniumBaseTest">
    <skipped/>
  </testcase> <!-- tearDown -->
  <testcase name="tearDown" classname="setup.SeleniumBaseTest">
    <skipped/>
  </testcase> <!-- tearDown -->
</testsuite> <!-- tests.Blog.BlogMainPageTests -->
