<?xml version="1.0" encoding="UTF-8"?>
<!-- Generated by org.testng.reporters.JUnitReportReporter -->
<testsuite name="tests.FeaturesPageTests" tests="8" time="142.321" ignored="0" failures="0" timestamp="05 Apr 2017 19:26:48 GMT" skipped="4" hostname="101.lan0.mk.uz.ua" errors="0">
  <testcase name="openingFeaturesPageAndClickOnRequestDemo" time="0.000" classname="tests.FeaturesPageTests">
    <skipped/>
  </testcase> <!-- openingFeaturesPageAndClickOnRequestDemo -->
  <testcase name="openingThirdRequestDemoButton" time="25.647" classname="tests.FeaturesPageTests"/>
  <testcase name="scrollingToEachSection" time="84.677" classname="tests.FeaturesPageTests"/>
  <testcase name="openingSecondRequestDemoButton" time="0.000" classname="tests.FeaturesPageTests">
    <skipped/>
  </testcase> <!-- openingSecondRequestDemoButton -->
  <testcase name="openingSecondRequestDemoButton" time="26.132" classname="tests.FeaturesPageTests"/>
  <testcase name="openingFeaturesPageAndClickOnRequestDemo" time="5.865" classname="tests.FeaturesPageTests"/>
  <testcase name="openingThirdRequestDemoButton" time="0.000" classname="tests.FeaturesPageTests">
    <skipped/>
  </testcase> <!-- openingThirdRequestDemoButton -->
  <testcase name="scrollingToEachSection" time="0.000" classname="tests.FeaturesPageTests">
    <skipped/>
  </testcase> <!-- scrollingToEachSection -->
</testsuite> <!-- tests.FeaturesPageTests -->
