<?xml version="1.0" encoding="UTF-8"?>
<!-- Generated by org.testng.reporters.JUnitReportReporter -->
<testsuite name="tests.BenefitsPageTests" tests="4" time="114.770" ignored="0" failures="0" timestamp="05 Apr 2017 19:26:48 GMT" skipped="2" hostname="101.lan0.mk.uz.ua" errors="0">
  <testcase name="openingPageAndClickOnRequestDemo" time="0.000" classname="tests.BenefitsPageTests">
    <skipped/>
  </testcase> <!-- openingPageAndClickOnRequestDemo -->
  <testcase name="scrollingDownAndVerifyingPresenceOfElements" time="0.000" classname="tests.BenefitsPageTests">
    <skipped/>
  </testcase> <!-- scrollingDownAndVerifyingPresenceOfElements -->
  <testcase name="openingPageAndClickOnRequestDemo" time="6.025" classname="tests.BenefitsPageTests"/>
  <testcase name="scrollingDownAndVerifyingPresenceOfElements" time="108.745" classname="tests.BenefitsPageTests"/>
</testsuite> <!-- tests.BenefitsPageTests -->
