<?xml version="1.0" encoding="UTF-8"?>
<!-- Generated by org.testng.reporters.JUnitReportReporter -->
<testsuite name="tests.About.PressTests" tests="6" time="244.475" ignored="0" failures="0" timestamp="06 Mar 2017 09:50:58 GMT" skipped="0" hostname="102.lan0.mk.uz.ua" errors="0">
  <testcase name="downloadLinkCheckingIconBlack" time="40.357" classname="tests.About.PressTests"/>
  <testcase name="downloadLinkCheckingLogoBlack" time="35.629" classname="tests.About.PressTests"/>
  <testcase name="checkinReadMoreLink" time="49.926" classname="tests.About.PressTests"/>
  <testcase name="downloadLinkCheckingLogoVertical" time="38.153" classname="tests.About.PressTests"/>
  <testcase name="chekingStyleGuide" time="39.852" classname="tests.About.PressTests"/>
  <testcase name="downloadLinkCheckingLogo" time="40.558" classname="tests.About.PressTests"/>
</testsuite> <!-- tests.About.PressTests -->
