<?xml version="1.0" encoding="UTF-8"?>
<!-- Generated by org.testng.reporters.JUnitReportReporter -->
<testsuite name="tests.FeaturesPageTests" tests="12" time="77.649" ignored="0" failures="0" timestamp="15 Mar 2017 14:26:23 GMT" skipped="8" hostname="102.lan0.mk.uz.ua" errors="0">
  <testcase name="openingFeaturesPageAndClickOnRequestDemo" time="0.000" classname="tests.FeaturesPageTests">
    <skipped/>
  </testcase> <!-- openingFeaturesPageAndClickOnRequestDemo -->
  <testcase name="openingThirdRequestDemoButton" time="0.000" classname="tests.FeaturesPageTests">
    <skipped/>
  </testcase> <!-- openingThirdRequestDemoButton -->
  <testcase name="openingFeaturesPageAndClickOnRequestDemo" time="0.000" classname="tests.FeaturesPageTests">
    <skipped/>
  </testcase> <!-- openingFeaturesPageAndClickOnRequestDemo -->
  <testcase name="openingThirdRequestDemoButton" time="15.106" classname="tests.FeaturesPageTests"/>
  <testcase name="scrollingToEachSection" time="44.054" classname="tests.FeaturesPageTests"/>
  <testcase name="openingSecondRequestDemoButton" time="14.328" classname="tests.FeaturesPageTests"/>
  <testcase name="openingSecondRequestDemoButton" time="0.000" classname="tests.FeaturesPageTests">
    <skipped/>
  </testcase> <!-- openingSecondRequestDemoButton -->
  <testcase name="scrollingToEachSection" time="0.000" classname="tests.FeaturesPageTests">
    <skipped/>
  </testcase> <!-- scrollingToEachSection -->
  <testcase name="openingThirdRequestDemoButton" time="0.000" classname="tests.FeaturesPageTests">
    <skipped/>
  </testcase> <!-- openingThirdRequestDemoButton -->
  <testcase name="openingFeaturesPageAndClickOnRequestDemo" time="4.161" classname="tests.FeaturesPageTests"/>
  <testcase name="openingSecondRequestDemoButton" time="0.000" classname="tests.FeaturesPageTests">
    <skipped/>
  </testcase> <!-- openingSecondRequestDemoButton -->
  <testcase name="scrollingToEachSection" time="0.000" classname="tests.FeaturesPageTests">
    <skipped/>
  </testcase> <!-- scrollingToEachSection -->
</testsuite> <!-- tests.FeaturesPageTests -->
