<?xml version="1.0" encoding="UTF-8"?>
<!-- Generated by org.testng.reporters.JUnitReportReporter -->
<testsuite name="tests.BenefitsPageTests" tests="2" time="61.792" ignored="0" failures="0" timestamp="16 Mar 2017 16:17:20 GMT" skipped="0" hostname="103.lan0.mk.uz.ua" errors="0">
  <testcase name="scrollingDownAndVerifyingPresenceOfElements" time="53.520" classname="tests.BenefitsPageTests"/>
  <testcase name="openingPageAndClickOnRequestDemo" time="8.272" classname="tests.BenefitsPageTests"/>
</testsuite> <!-- tests.BenefitsPageTests -->
