<?xml version="1.0" encoding="UTF-8"?>
<!-- Generated by org.testng.reporters.JUnitReportReporter -->
<testsuite name="tests.About.OurStory" tests="2" time="119.780" ignored="0" failures="0" timestamp="06 Mar 2017 09:50:58 GMT" skipped="0" hostname="102.lan0.mk.uz.ua" errors="0">
  <testcase name="checkingOurStoryThatElementsArePresent" time="90.210" classname="tests.About.OurStory"/>
  <testcase name="checkingOurStoryPageAppears" time="29.570" classname="tests.About.OurStory"/>
</testsuite> <!-- tests.About.OurStory -->
