<?xml version="1.0" encoding="UTF-8"?>
<!-- Generated by org.testng.reporters.JUnitReportReporter -->
<testsuite name="tests.Blog.ResourcesPageTests" tests="9" time="0.001" ignored="0" failures="0" timestamp="15 Mar 2017 10:37:36 GMT" skipped="9" hostname="102.lan0.mk.uz.ua" errors="0">
  <testcase name="downloadTemplateAndSubscribeForUpdates" time="0.000" classname="tests.Blog.ResourcesPageTests">
    <skipped/>
  </testcase> <!-- downloadTemplateAndSubscribeForUpdates -->
  <testcase name="aemptyDataFormChecking" time="0.000" classname="tests.Blog.ResourcesPageTests">
    <skipped/>
  </testcase> <!-- aemptyDataFormChecking -->
  <testcase name="avalidDataFormChecking" time="0.001" classname="tests.Blog.ResourcesPageTests">
    <skipped/>
  </testcase> <!-- avalidDataFormChecking -->
  <testcase name="wrongEmailWithAtDataFormChecking" time="0.000" classname="tests.Blog.ResourcesPageTests">
    <skipped/>
  </testcase> <!-- wrongEmailWithAtDataFormChecking -->
  <testcase name="downloadTemplateAndSubscribeForUpdatesEmailWithAt" time="0.000" classname="tests.Blog.ResourcesPageTests">
    <skipped/>
  </testcase> <!-- downloadTemplateAndSubscribeForUpdatesEmailWithAt -->
  <testcase name="downloadTemplateAndSubscribeForUpdatesEmailWithoutAt" time="0.000" classname="tests.Blog.ResourcesPageTests">
    <skipped/>
  </testcase> <!-- downloadTemplateAndSubscribeForUpdatesEmailWithoutAt -->
  <testcase name="downloadTemplateAndSubscribeForUpdatesEmptyEmail" time="0.000" classname="tests.Blog.ResourcesPageTests">
    <skipped/>
  </testcase> <!-- downloadTemplateAndSubscribeForUpdatesEmptyEmail -->
  <testcase name="wrongEmailWithoutAtDataFormChecking" time="0.000" classname="tests.Blog.ResourcesPageTests">
    <skipped/>
  </testcase> <!-- wrongEmailWithoutAtDataFormChecking -->
  <testcase name="templateOpeningChecking" time="0.000" classname="tests.Blog.ResourcesPageTests">
    <skipped/>
  </testcase> <!-- templateOpeningChecking -->
</testsuite> <!-- tests.Blog.ResourcesPageTests -->
