<?xml version="1.0" encoding="UTF-8"?>
<!-- Generated by org.testng.reporters.JUnitReportReporter -->
<testsuite name="tests.LoginPageTests" tests="5" time="19.411" ignored="0" failures="0" timestamp="16 Mar 2017 16:17:20 GMT" skipped="0" hostname="103.lan0.mk.uz.ua" errors="0">
  <testcase name="forgotPasswordEmptyFields" time="3.850" classname="tests.LoginPageTests"/>
  <testcase name="loginCheckEmptyFields" time="2.917" classname="tests.LoginPageTests"/>
  <testcase name="correctLogin" time="6.792" classname="tests.LoginPageTests"/>
  <testcase name="loginFormCheckingWrongEmail" time="2.715" classname="tests.LoginPageTests"/>
  <testcase name="forgotPasswordWrongEmail" time="3.137" classname="tests.LoginPageTests"/>
</testsuite> <!-- tests.LoginPageTests -->
