<?xml version="1.0" encoding="UTF-8"?>
<!-- Generated by org.testng.reporters.JUnitReportReporter -->
<testsuite name="tests.About.ContactUsPageTests" tests="2" time="19.544" ignored="0" failures="0" timestamp="16 Mar 2017 16:17:20 GMT" skipped="0" hostname="103.lan0.mk.uz.ua" errors="0">
  <testcase name="badEmailChecking" time="5.165" classname="tests.About.ContactUsPageTests"/>
  <testcase name="emptyDataChecking" time="14.379" classname="tests.About.ContactUsPageTests"/>
</testsuite> <!-- tests.About.ContactUsPageTests -->
