<?xml version="1.0" encoding="UTF-8"?>
<!-- Generated by org.testng.reporters.JUnitReportReporter -->
<testsuite name="tests.SupportPageTests" tests="11" time="0.000" ignored="0" failures="0" timestamp="15 Mar 2017 10:37:36 GMT" skipped="11" hostname="102.lan0.mk.uz.ua" errors="0">
  <testcase name="openArticleFromSideBarMenu" time="0.000" classname="tests.SupportPageTests">
    <skipped/>
  </testcase> <!-- openArticleFromSideBarMenu -->
  <testcase name="singInChecking" time="0.000" classname="tests.SupportPageTests">
    <skipped/>
  </testcase> <!-- singInChecking -->
  <testcase name="searchWithValidValue" time="0.000" classname="tests.SupportPageTests">
    <skipped/>
  </testcase> <!-- searchWithValidValue -->
  <testcase name="backToDashboardChecking" time="0.000" classname="tests.SupportPageTests">
    <skipped/>
  </testcase> <!-- backToDashboardChecking -->
  <testcase name="submitRequestPageUploading" time="0.000" classname="tests.SupportPageTests">
    <skipped/>
  </testcase> <!-- submitRequestPageUploading -->
  <testcase name="openArticleFromCategory" time="0.000" classname="tests.SupportPageTests">
    <skipped/>
  </testcase> <!-- openArticleFromCategory -->
  <testcase name="asubmitRequestEmptyWrongEmailWithoutAt" time="0.000" classname="tests.SupportPageTests">
    <skipped/>
  </testcase> <!-- asubmitRequestEmptyWrongEmailWithoutAt -->
  <testcase name="searchWithTooLongValue" time="0.000" classname="tests.SupportPageTests">
    <skipped/>
  </testcase> <!-- searchWithTooLongValue -->
  <testcase name="breadCrumbsChecking" time="0.000" classname="tests.SupportPageTests">
    <skipped/>
  </testcase> <!-- breadCrumbsChecking -->
  <testcase name="openingArticleFromPopular" time="0.000" classname="tests.SupportPageTests">
    <skipped/>
  </testcase> <!-- openingArticleFromPopular -->
  <testcase name="asubmitRequestEmptyFieldsChecking" time="0.000" classname="tests.SupportPageTests">
    <skipped/>
  </testcase> <!-- asubmitRequestEmptyFieldsChecking -->
</testsuite> <!-- tests.SupportPageTests -->
