<?xml version="1.0" encoding="UTF-8"?>
<!-- Generated by org.testng.reporters.JUnitReportReporter -->
<testsuite name="tests.Blog.ResourcesPageTests" tests="9" time="380.428" ignored="0" failures="0" timestamp="07 Mar 2017 17:41:03 GMT" skipped="0" hostname="100.lan0.mk.uz.ua" errors="0">
  <testcase name="downloadTemplateAndSubscribeForUpdates" time="44.339" classname="tests.Blog.ResourcesPageTests"/>
  <testcase name="downloadTemplateAndSubscribeForUpdatesEmailWithAt" time="42.876" classname="tests.Blog.ResourcesPageTests"/>
  <testcase name="templateOpeningChecking" time="32.503" classname="tests.Blog.ResourcesPageTests"/>
  <testcase name="wrongEmailWithoutAtDataFormChecking" time="37.212" classname="tests.Blog.ResourcesPageTests"/>
  <testcase name="avalidDataFormChecking" time="34.665" classname="tests.Blog.ResourcesPageTests"/>
  <testcase name="downloadTemplateAndSubscribeForUpdatesEmailWithoutAt" time="45.531" classname="tests.Blog.ResourcesPageTests"/>
  <testcase name="wrongEmailWithAtDataFormChecking" time="37.603" classname="tests.Blog.ResourcesPageTests"/>
  <testcase name="downloadTemplateAndSubscribeForUpdatesEmptyEmail" time="45.564" classname="tests.Blog.ResourcesPageTests"/>
  <testcase name="aemptyDataFormChecking" time="60.135" classname="tests.Blog.ResourcesPageTests"/>
</testsuite> <!-- tests.Blog.ResourcesPageTests -->
