<?xml version="1.0" encoding="UTF-8"?>
<!-- Generated by org.testng.reporters.JUnitReportReporter -->
<testsuite name="tests.BlogMainPageTests" tests="20" time="821.209" ignored="0" failures="0" timestamp="06 Mar 2017 09:50:58 GMT" skipped="0" hostname="102.lan0.mk.uz.ua" errors="0">
  <testcase name="openingPostByClickOnReadThisPostBtn" time="36.055" classname="tests.BlogMainPageTests"/>
  <testcase name="checkSocialNetworkButton" time="86.305" classname="tests.BlogMainPageTests"/>
  <testcase name="openingPostByClickOnTitle" time="34.146" classname="tests.BlogMainPageTests"/>
  <testcase name="subscribeToValidEmail" time="28.350" classname="tests.BlogMainPageTests"/>
  <testcase name="subscribeToEmptyEmail" time="30.820" classname="tests.BlogMainPageTests"/>
  <testcase name="checkSocialNetworkButton" time="85.647" classname="tests.BlogMainPageTests"/>
  <testcase name="clickingOnTagChecking" time="47.650" classname="tests.BlogMainPageTests"/>
  <testcase name="subscribeToWrongEmailWithoutAt" time="29.863" classname="tests.BlogMainPageTests"/>
  <testcase name="goingToCommentsSectionByClickOnClickHereLink" time="42.236" classname="tests.BlogMainPageTests"/>
  <testcase name="subscribeToValidEmail" time="26.901" classname="tests.BlogMainPageTests"/>
  <testcase name="subscribeToWrongEmailWithAt" time="30.582" classname="tests.BlogMainPageTests"/>
  <testcase name="subscribeToWrongEmailWithAt" time="29.711" classname="tests.BlogMainPageTests"/>
  <testcase name="clickingOnTagChecking" time="45.788" classname="tests.BlogMainPageTests"/>
  <testcase name="openingPostByClickOnReadThisPostBtn" time="40.205" classname="tests.BlogMainPageTests"/>
  <testcase name="clickingOnAuthorChecking" time="38.751" classname="tests.BlogMainPageTests"/>
  <testcase name="clickingOnAuthorChecking" time="44.228" classname="tests.BlogMainPageTests"/>
  <testcase name="subscribeToEmptyEmail" time="29.846" classname="tests.BlogMainPageTests"/>
  <testcase name="openingPostByClickOnTitle" time="34.911" classname="tests.BlogMainPageTests"/>
  <testcase name="subscribeToWrongEmailWithoutAt" time="31.302" classname="tests.BlogMainPageTests"/>
  <testcase name="goingToCommentsSectionByClickOnClickHereLink" time="47.912" classname="tests.BlogMainPageTests"/>
</testsuite> <!-- tests.BlogMainPageTests -->
