<?xml version="1.0" encoding="UTF-8"?>
<!-- Generated by org.testng.reporters.JUnitReportReporter -->
<testsuite name="tests.SupportPageTests" tests="11" time="78.084" ignored="0" failures="0" timestamp="16 Mar 2017 16:17:20 GMT" skipped="0" hostname="103.lan0.mk.uz.ua" errors="0">
  <testcase name="openingArticleFromPopular" time="6.246" classname="tests.SupportPageTests"/>
  <testcase name="openArticleFromCategory" time="4.617" classname="tests.SupportPageTests"/>
  <testcase name="submitRequestPageUploading" time="7.604" classname="tests.SupportPageTests"/>
  <testcase name="asubmitRequestEmptyWrongEmailWithoutAt" time="8.179" classname="tests.SupportPageTests"/>
  <testcase name="searchWithTooLongValue" time="4.239" classname="tests.SupportPageTests"/>
  <testcase name="breadCrumbsChecking" time="6.063" classname="tests.SupportPageTests"/>
  <testcase name="openArticleFromSideBarMenu" time="10.851" classname="tests.SupportPageTests"/>
  <testcase name="singInChecking" time="6.569" classname="tests.SupportPageTests"/>
  <testcase name="searchWithValidValue" time="4.245" classname="tests.SupportPageTests"/>
  <testcase name="backToDashboardChecking" time="8.364" classname="tests.SupportPageTests"/>
  <testcase name="asubmitRequestEmptyFieldsChecking" time="11.107" classname="tests.SupportPageTests"/>
</testsuite> <!-- tests.SupportPageTests -->
