<?xml version="1.0" encoding="UTF-8"?>
<!-- Generated by org.testng.reporters.JUnitReportReporter -->
<testsuite name="tests.HomePageTests" tests="20" time="908.359" ignored="0" failures="0" timestamp="03 Mar 2017 11:00:47 GMT" skipped="0" hostname="103.lan0.mk.uz.ua" errors="0">
  <testcase name="scrollingToDriveEcommerce" time="26.465" classname="tests.HomePageTests"/>
  <testcase name="movingToFeaturesFirstHalfMenu" time="58.910" classname="tests.HomePageTests"/>
  <testcase name="singleClickOnTopMenuItems" time="81.650" classname="tests.HomePageTests"/>
  <testcase name="sendingUpdatesIncorrectEmailWithAt" time="29.975" classname="tests.HomePageTests"/>
  <testcase name="movingToBlogMenu" time="74.969" classname="tests.HomePageTests"/>
  <testcase name="notEmailFormatAndClickRequestDemo" time="13.265" classname="tests.HomePageTests"/>
  <testcase name="scrollingToResources" time="25.105" classname="tests.HomePageTests"/>
  <testcase name="emptyEmailAndClickRequestDemo" time="22.811" classname="tests.HomePageTests"/>
  <testcase name="scrollingToTransformTraffic" time="27.070" classname="tests.HomePageTests"/>
  <testcase name="sendingUpdatesToValidEmail" time="30.484" classname="tests.HomePageTests"/>
  <testcase name="movingToFeaturesSecondHalfMenu" time="62.563" classname="tests.HomePageTests"/>
  <testcase name="typingValidEmailAndClickRequestDemo" time="20.693" classname="tests.HomePageTests"/>
  <testcase name="scrollingToCueConnectBlog" time="34.208" classname="tests.HomePageTests"/>
  <testcase name="getStartedFreeChecking" time="11.795" classname="tests.HomePageTests"/>
  <testcase name="singleClickOnLoginTopMenuItems" time="30.638" classname="tests.HomePageTests"/>
  <testcase name="movingToAboutMenu" time="109.184" classname="tests.HomePageTests"/>
  <testcase name="scrollingToRetargetShoppers" time="27.717" classname="tests.HomePageTests"/>
  <testcase name="sendingUpdatesIncorrectEmail" time="29.763" classname="tests.HomePageTests"/>
  <testcase name="sendingUpdatesEmptyEmail" time="29.430" classname="tests.HomePageTests"/>
  <testcase name="bottomMenuVerifying" time="161.664" classname="tests.HomePageTests"/>
</testsuite> <!-- tests.HomePageTests -->
