<?xml version="1.0" encoding="UTF-8"?>
<!-- Generated by org.testng.reporters.JUnitReportReporter -->
<testsuite name="tests.LoginPageTests" tests="5" time="19.655" ignored="0" failures="0" timestamp="14 Mar 2017 17:46:12 GMT" skipped="0" hostname="102.lan0.mk.uz.ua" errors="0">
  <testcase name="forgotPasswordEmptyFields" time="3.324" classname="tests.LoginPageTests"/>
  <testcase name="loginCheckEmptyFields" time="3.307" classname="tests.LoginPageTests"/>
  <testcase name="correctLogin" time="6.441" classname="tests.LoginPageTests"/>
  <testcase name="loginFormCheckingWrongEmail" time="3.280" classname="tests.LoginPageTests"/>
  <testcase name="forgotPasswordWrongEmail" time="3.303" classname="tests.LoginPageTests"/>
</testsuite> <!-- tests.LoginPageTests -->
