<?xml version="1.0" encoding="UTF-8"?>
<!-- Generated by org.testng.reporters.JUnitReportReporter -->
<testsuite name="tests.Blog.ResourcesPageTests" tests="9" time="375.851" ignored="0" failures="0" timestamp="07 Mar 2017 16:00:01 GMT" skipped="0" hostname="100.lan0.mk.uz.ua" errors="0">
  <testcase name="wrongEmailWithoutAtDataFormChecking" time="37.663" classname="tests.Blog.ResourcesPageTests"/>
  <testcase name="avalidDataFormChecking" time="34.903" classname="tests.Blog.ResourcesPageTests"/>
  <testcase name="downloadTemplateAndSubscribeForUpdatesEmptyEmail" time="45.701" classname="tests.Blog.ResourcesPageTests"/>
  <testcase name="templateOpeningChecking" time="33.326" classname="tests.Blog.ResourcesPageTests"/>
  <testcase name="wrongEmailWithAtDataFormChecking" time="37.346" classname="tests.Blog.ResourcesPageTests"/>
  <testcase name="downloadTemplateAndSubscribeForUpdates" time="44.650" classname="tests.Blog.ResourcesPageTests"/>
  <testcase name="downloadTemplateAndSubscribeForUpdatesEmailWithoutAt" time="45.133" classname="tests.Blog.ResourcesPageTests"/>
  <testcase name="downloadTemplateAndSubscribeForUpdatesEmailWithAt" time="42.362" classname="tests.Blog.ResourcesPageTests"/>
  <testcase name="aemptyDataFormChecking" time="54.767" classname="tests.Blog.ResourcesPageTests"/>
</testsuite> <!-- tests.Blog.ResourcesPageTests -->
