<?xml version="1.0" encoding="UTF-8"?>
<!-- Generated by org.testng.reporters.JUnitReportReporter -->
<testsuite name="tests.FeaturesPageTests" tests="12" time="32.994" ignored="0" failures="0" timestamp="15 Mar 2017 10:37:36 GMT" skipped="8" hostname="102.lan0.mk.uz.ua" errors="0">
  <testcase name="scrollingToEachSection" time="0.000" classname="tests.FeaturesPageTests">
    <skipped/>
  </testcase> <!-- scrollingToEachSection -->
  <testcase name="openingFeaturesPageAndClickOnRequestDemo" time="0.000" classname="tests.FeaturesPageTests">
    <skipped/>
  </testcase> <!-- openingFeaturesPageAndClickOnRequestDemo -->
  <testcase name="openingFeaturesPageAndClickOnRequestDemo" time="0.009" classname="tests.FeaturesPageTests">
    <skipped/>
  </testcase> <!-- openingFeaturesPageAndClickOnRequestDemo -->
  <testcase name="openingSecondRequestDemoButton" time="0.000" classname="tests.FeaturesPageTests">
    <skipped/>
  </testcase> <!-- openingSecondRequestDemoButton -->
  <testcase name="scrollingToEachSection" time="0.000" classname="tests.FeaturesPageTests">
    <skipped/>
  </testcase> <!-- scrollingToEachSection -->
  <testcase name="openingSecondRequestDemoButton" time="9.500" classname="tests.FeaturesPageTests"/>
  <testcase name="openingThirdRequestDemoButton" time="0.000" classname="tests.FeaturesPageTests">
    <skipped/>
  </testcase> <!-- openingThirdRequestDemoButton -->
  <testcase name="openingSecondRequestDemoButton" time="0.000" classname="tests.FeaturesPageTests">
    <skipped/>
  </testcase> <!-- openingSecondRequestDemoButton -->
  <testcase name="openingFeaturesPageAndClickOnRequestDemo" time="4.958" classname="tests.FeaturesPageTests"/>
  <testcase name="scrollingToEachSection" time="9.148" classname="tests.FeaturesPageTests"/>
  <testcase name="openingThirdRequestDemoButton" time="0.000" classname="tests.FeaturesPageTests">
    <skipped/>
  </testcase> <!-- openingThirdRequestDemoButton -->
  <testcase name="openingThirdRequestDemoButton" time="9.379" classname="tests.FeaturesPageTests"/>
</testsuite> <!-- tests.FeaturesPageTests -->
