<?xml version="1.0" encoding="UTF-8"?>
<!-- Generated by org.testng.reporters.JUnitReportReporter -->
<testsuite name="tests.About.PressTests" tests="6" time="170.653" ignored="0" failures="0" timestamp="07 Mar 2017 17:41:03 GMT" skipped="0" hostname="100.lan0.mk.uz.ua" errors="0">
  <testcase name="checkinReadMoreLink" time="27.685" classname="tests.About.PressTests"/>
  <testcase name="downloadLinkCheckingLogoBlack" time="27.635" classname="tests.About.PressTests"/>
  <testcase name="chekingStyleGuide" time="28.155" classname="tests.About.PressTests"/>
  <testcase name="downloadLinkCheckingIconBlack" time="28.971" classname="tests.About.PressTests"/>
  <testcase name="downloadLinkCheckingLogo" time="29.288" classname="tests.About.PressTests"/>
  <testcase name="downloadLinkCheckingLogoVertical" time="28.919" classname="tests.About.PressTests"/>
</testsuite> <!-- tests.About.PressTests -->
