<?xml version="1.0" encoding="UTF-8"?>
<!-- Generated by org.testng.reporters.JUnitReportReporter -->
<testsuite name="tests.About.TeamTests" tests="2" time="8.019" ignored="0" failures="0" timestamp="05 Apr 2017 19:26:48 GMT" skipped="1" hostname="101.lan0.mk.uz.ua" errors="0">
  <testcase name="checkingOfEmployeeQuote" time="0.001" classname="tests.About.TeamTests">
    <skipped/>
  </testcase> <!-- checkingOfEmployeeQuote -->
  <testcase name="checkingOfEmployeeQuote" time="8.018" classname="tests.About.TeamTests"/>
</testsuite> <!-- tests.About.TeamTests -->
