<?xml version="1.0" encoding="UTF-8"?>
<!-- Generated by org.testng.reporters.JUnitReportReporter -->
<testsuite name="tests.About.TeamTests" tests="1" time="36.537" ignored="0" failures="0" timestamp="03 Mar 2017 11:00:47 GMT" skipped="0" hostname="103.lan0.mk.uz.ua" errors="0">
  <testcase name="checkingOfEmployeeQuote" time="36.537" classname="tests.About.TeamTests"/>
</testsuite> <!-- tests.About.TeamTests -->
