<?xml version="1.0" encoding="UTF-8"?>
<!-- Generated by org.testng.reporters.JUnitReportReporter -->
<testsuite name="tests.RequestDemoTests" tests="12" time="83.212" ignored="0" failures="0" timestamp="05 Apr 2017 13:12:13 GMT" skipped="0" hostname="101.lan0.mk.uz.ua" errors="0">
  <testcase name="phoneNumberFieldValidations" time="8.884" classname="tests.RequestDemoTests"/>
  <testcase name="sendingFormWithValidData" time="9.073" classname="tests.RequestDemoTests"/>
  <testcase name="phoneNumberFieldValidations" time="8.495" classname="tests.RequestDemoTests"/>
  <testcase name="emailFieldValidations" time="4.885" classname="tests.RequestDemoTests"/>
  <testcase name="sendingFormWithValidData" time="4.647" classname="tests.RequestDemoTests"/>
  <testcase name="requestDemoEmptyRequiredFieldsOpening" time="8.176" classname="tests.RequestDemoTests"/>
  <testcase name="emailFieldValidations" time="8.540" classname="tests.RequestDemoTests"/>
  <testcase name="emailFieldValidations" time="4.252" classname="tests.RequestDemoTests"/>
  <testcase name="sendingFormWithValidData" time="8.866" classname="tests.RequestDemoTests"/>
  <testcase name="requestDemoEmptyRequiredFieldsOpening" time="8.902" classname="tests.RequestDemoTests"/>
  <testcase name="phoneNumberFieldValidations" time="4.240" classname="tests.RequestDemoTests"/>
  <testcase name="requestDemoEmptyRequiredFieldsOpening" time="4.252" classname="tests.RequestDemoTests"/>
</testsuite> <!-- tests.RequestDemoTests -->
