<?xml version="1.0" encoding="UTF-8"?>
<!-- Generated by org.testng.reporters.JUnitReportReporter -->
<testsuite name="tests.LoginPageTests" tests="15" time="40.002" ignored="0" failures="0" timestamp="15 Mar 2017 10:37:36 GMT" skipped="10" hostname="102.lan0.mk.uz.ua" errors="0">
  <testcase name="forgotPasswordWrongEmail" time="0.000" classname="tests.LoginPageTests">
    <skipped/>
  </testcase> <!-- forgotPasswordWrongEmail -->
  <testcase name="forgotPasswordWrongEmail" time="0.000" classname="tests.LoginPageTests">
    <skipped/>
  </testcase> <!-- forgotPasswordWrongEmail -->
  <testcase name="loginFormCheckingWrongEmail" time="0.000" classname="tests.LoginPageTests">
    <skipped/>
  </testcase> <!-- loginFormCheckingWrongEmail -->
  <testcase name="forgotPasswordWrongEmail" time="8.081" classname="tests.LoginPageTests"/>
  <testcase name="forgotPasswordEmptyFields" time="0.000" classname="tests.LoginPageTests">
    <skipped/>
  </testcase> <!-- forgotPasswordEmptyFields -->
  <testcase name="loginFormCheckingWrongEmail" time="0.000" classname="tests.LoginPageTests">
    <skipped/>
  </testcase> <!-- loginFormCheckingWrongEmail -->
  <testcase name="correctLogin" time="0.000" classname="tests.LoginPageTests">
    <skipped/>
  </testcase> <!-- correctLogin -->
  <testcase name="loginCheckEmptyFields" time="0.000" classname="tests.LoginPageTests">
    <skipped/>
  </testcase> <!-- loginCheckEmptyFields -->
  <testcase name="correctLogin" time="6.761" classname="tests.LoginPageTests"/>
  <testcase name="forgotPasswordEmptyFields" time="8.787" classname="tests.LoginPageTests"/>
  <testcase name="loginCheckEmptyFields" time="8.360" classname="tests.LoginPageTests"/>
  <testcase name="forgotPasswordEmptyFields" time="0.000" classname="tests.LoginPageTests">
    <skipped/>
  </testcase> <!-- forgotPasswordEmptyFields -->
  <testcase name="correctLogin" time="0.000" classname="tests.LoginPageTests">
    <skipped/>
  </testcase> <!-- correctLogin -->
  <testcase name="loginFormCheckingWrongEmail" time="8.013" classname="tests.LoginPageTests"/>
  <testcase name="loginCheckEmptyFields" time="0.000" classname="tests.LoginPageTests">
    <skipped/>
  </testcase> <!-- loginCheckEmptyFields -->
</testsuite> <!-- tests.LoginPageTests -->
