<?xml version="1.0" encoding="UTF-8"?>
<!-- Generated by org.testng.reporters.JUnitReportReporter -->
<testsuite name="tests.SupportPageTests" tests="11" time="82.708" ignored="0" failures="0" timestamp="14 Mar 2017 17:46:12 GMT" skipped="0" hostname="102.lan0.mk.uz.ua" errors="0">
  <testcase name="asubmitRequestEmptyWrongEmailWithoutAt" time="9.413" classname="tests.SupportPageTests"/>
  <testcase name="openArticleFromCategory" time="4.687" classname="tests.SupportPageTests"/>
  <testcase name="asubmitRequestEmptyFieldsChecking" time="11.980" classname="tests.SupportPageTests"/>
  <testcase name="backToDashboardChecking" time="10.615" classname="tests.SupportPageTests"/>
  <testcase name="searchWithTooLongValue" time="5.600" classname="tests.SupportPageTests"/>
  <testcase name="breadCrumbsChecking" time="7.802" classname="tests.SupportPageTests"/>
  <testcase name="openingArticleFromPopular" time="5.095" classname="tests.SupportPageTests"/>
  <testcase name="submitRequestPageUploading" time="9.017" classname="tests.SupportPageTests"/>
  <testcase name="singInChecking" time="7.055" classname="tests.SupportPageTests"/>
  <testcase name="openArticleFromSideBarMenu" time="6.983" classname="tests.SupportPageTests"/>
  <testcase name="searchWithValidValue" time="4.461" classname="tests.SupportPageTests"/>
</testsuite> <!-- tests.SupportPageTests -->
