<?xml version="1.0" encoding="UTF-8"?>
<!-- Generated by org.testng.reporters.JUnitReportReporter -->
<testsuite name="tests.Blog.BlogMainPageTests" tests="8" time="37.602" ignored="0" failures="0" timestamp="05 Apr 2017 19:26:48 GMT" skipped="4" hostname="101.lan0.mk.uz.ua" errors="0">
  <testcase name="clickingOnTagChecking" time="0.000" classname="tests.Blog.BlogMainPageTests">
    <skipped/>
  </testcase> <!-- clickingOnTagChecking -->
  <testcase name="clickingOnTagChecking" time="10.424" classname="tests.Blog.BlogMainPageTests"/>
  <testcase name="clickingOnAuthorChecking" time="8.701" classname="tests.Blog.BlogMainPageTests"/>
  <testcase name="openingPostByClickOnReadThisPostBtn" time="0.000" classname="tests.Blog.BlogMainPageTests">
    <skipped/>
  </testcase> <!-- openingPostByClickOnReadThisPostBtn -->
  <testcase name="openingPostByClickOnReadThisPostBtn" time="6.321" classname="tests.Blog.BlogMainPageTests"/>
  <testcase name="clickingOnAuthorChecking" time="0.000" classname="tests.Blog.BlogMainPageTests">
    <skipped/>
  </testcase> <!-- clickingOnAuthorChecking -->
  <testcase name="goingToCommentsSectionByClickOnClickHereLink" time="0.000" classname="tests.Blog.BlogMainPageTests">
    <skipped/>
  </testcase> <!-- goingToCommentsSectionByClickOnClickHereLink -->
  <testcase name="goingToCommentsSectionByClickOnClickHereLink" time="12.156" classname="tests.Blog.BlogMainPageTests"/>
</testsuite> <!-- tests.Blog.BlogMainPageTests -->
