<?xml version="1.0" encoding="UTF-8"?>
<!-- Generated by org.testng.reporters.JUnitReportReporter -->
<testsuite name="tests.LoginPageTests" tests="15" time="18.783" ignored="0" failures="0" timestamp="15 Mar 2017 14:26:23 GMT" skipped="10" hostname="102.lan0.mk.uz.ua" errors="0">
  <testcase name="forgotPasswordEmptyFields" time="0.001" classname="tests.LoginPageTests">
    <skipped/>
  </testcase> <!-- forgotPasswordEmptyFields -->
  <testcase name="forgotPasswordWrongEmail" time="0.000" classname="tests.LoginPageTests">
    <skipped/>
  </testcase> <!-- forgotPasswordWrongEmail -->
  <testcase name="forgotPasswordWrongEmail" time="0.000" classname="tests.LoginPageTests">
    <skipped/>
  </testcase> <!-- forgotPasswordWrongEmail -->
  <testcase name="correctLogin" time="6.375" classname="tests.LoginPageTests"/>
  <testcase name="forgotPasswordWrongEmail" time="3.102" classname="tests.LoginPageTests"/>
  <testcase name="correctLogin" time="0.000" classname="tests.LoginPageTests">
    <skipped/>
  </testcase> <!-- correctLogin -->
  <testcase name="loginFormCheckingWrongEmail" time="0.000" classname="tests.LoginPageTests">
    <skipped/>
  </testcase> <!-- loginFormCheckingWrongEmail -->
  <testcase name="loginCheckEmptyFields" time="0.000" classname="tests.LoginPageTests">
    <skipped/>
  </testcase> <!-- loginCheckEmptyFields -->
  <testcase name="loginCheckEmptyFields" time="2.933" classname="tests.LoginPageTests"/>
  <testcase name="loginCheckEmptyFields" time="0.000" classname="tests.LoginPageTests">
    <skipped/>
  </testcase> <!-- loginCheckEmptyFields -->
  <testcase name="loginFormCheckingWrongEmail" time="2.870" classname="tests.LoginPageTests"/>
  <testcase name="forgotPasswordEmptyFields" time="3.502" classname="tests.LoginPageTests"/>
  <testcase name="forgotPasswordEmptyFields" time="0.000" classname="tests.LoginPageTests">
    <skipped/>
  </testcase> <!-- forgotPasswordEmptyFields -->
  <testcase name="correctLogin" time="0.000" classname="tests.LoginPageTests">
    <skipped/>
  </testcase> <!-- correctLogin -->
  <testcase name="loginFormCheckingWrongEmail" time="0.000" classname="tests.LoginPageTests">
    <skipped/>
  </testcase> <!-- loginFormCheckingWrongEmail -->
</testsuite> <!-- tests.LoginPageTests -->
