<?xml version="1.0" encoding="UTF-8"?>
<!-- Generated by org.testng.reporters.JUnitReportReporter -->
<testsuite name="tests.Blog.BlogMainPageTests" tests="8" time="71.054" ignored="0" failures="0" timestamp="14 Mar 2017 17:46:12 GMT" skipped="0" hostname="102.lan0.mk.uz.ua" errors="0">
  <testcase name="goingToCommentsSectionByClickOnClickHereLink" time="6.380" classname="tests.Blog.BlogMainPageTests"/>
  <testcase name="openingPostByClickOnReadThisPostBtn" time="5.905" classname="tests.Blog.BlogMainPageTests"/>
  <testcase name="clickingOnAuthorChecking" time="8.395" classname="tests.Blog.BlogMainPageTests"/>
  <testcase name="goingToCommentsSectionByClickOnClickHereLink" time="15.278" classname="tests.Blog.BlogMainPageTests"/>
  <testcase name="clickingOnTagChecking" time="9.474" classname="tests.Blog.BlogMainPageTests"/>
  <testcase name="openingPostByClickOnReadThisPostBtn" time="9.294" classname="tests.Blog.BlogMainPageTests"/>
  <testcase name="clickingOnTagChecking" time="5.904" classname="tests.Blog.BlogMainPageTests"/>
  <testcase name="clickingOnAuthorChecking" time="10.424" classname="tests.Blog.BlogMainPageTests"/>
</testsuite> <!-- tests.Blog.BlogMainPageTests -->
