<?xml version="1.0" encoding="UTF-8"?>
<!-- Generated by org.testng.reporters.JUnitReportReporter -->
<testsuite name="tests.About.ContactUsPageTests" tests="2" time="86.820" ignored="0" failures="0" timestamp="06 Mar 2017 09:50:58 GMT" skipped="0" hostname="102.lan0.mk.uz.ua" errors="0">
  <testcase name="badEmailChecking" time="40.413" classname="tests.About.ContactUsPageTests"/>
  <testcase name="emptyDataChecking" time="46.407" classname="tests.About.ContactUsPageTests"/>
</testsuite> <!-- tests.About.ContactUsPageTests -->
