<?xml version="1.0" encoding="UTF-8"?>
<!-- Generated by org.testng.reporters.JUnitReportReporter -->
<testsuite name="tests.About.OurStory" tests="2" time="63.304" ignored="0" failures="0" timestamp="14 Mar 2017 17:46:12 GMT" skipped="0" hostname="102.lan0.mk.uz.ua" errors="0">
  <testcase name="checkingOurStoryThatElementsArePresent" time="55.080" classname="tests.About.OurStory"/>
  <testcase name="checkingOurStoryPageAppears" time="8.224" classname="tests.About.OurStory"/>
</testsuite> <!-- tests.About.OurStory -->
