<?xml version="1.0" encoding="UTF-8"?>
<!-- Generated by org.testng.reporters.JUnitReportReporter -->
<testsuite name="tests.BenefitsPageTests" tests="6" time="233.689" ignored="60" failures="0" timestamp="27 Apr 2017 13:05:18 GMT" skipped="0" hostname="Vitaliys-MacBook-Pro.local" errors="0">
  <testcase name="openingPageAndClickOnRequestDemo" time="4.565" classname="tests.BenefitsPageTests"/>
  <testcase name="openingPageAndClickOnRequestDemo" time="10.809" classname="tests.BenefitsPageTests"/>
  <testcase name="scrollingDownAndVerifyingPresenceOfElements" time="34.066" classname="tests.BenefitsPageTests"/>
  <testcase name="scrollingDownAndVerifyingPresenceOfElements" time="28.750" classname="tests.BenefitsPageTests"/>
  <testcase name="scrollingDownAndVerifyingPresenceOfElements" time="128.231" classname="tests.BenefitsPageTests"/>
  <testcase name="openingPageAndClickOnRequestDemo" time="27.268" classname="tests.BenefitsPageTests"/>
  <testcase name="beforeClass" classname="setup.SeleniumBaseTest">
    <skipped/>
  </testcase> <!-- beforeClass -->
  <testcase name="beforeClass" classname="setup.SeleniumBaseTest">
    <skipped/>
  </testcase> <!-- beforeClass -->
  <testcase name="beforeClass" classname="setup.SeleniumBaseTest">
    <skipped/>
  </testcase> <!-- beforeClass -->
  <testcase name="beforeClass" classname="setup.SeleniumBaseTest">
    <skipped/>
  </testcase> <!-- beforeClass -->
  <testcase name="beforeClass" classname="setup.SeleniumBaseTest">
    <skipped/>
  </testcase> <!-- beforeClass -->
  <testcase name="beforeClass" classname="setup.SeleniumBaseTest">
    <skipped/>
  </testcase> <!-- beforeClass -->
  <testcase name="beforeClass" classname="setup.SeleniumBaseTest">
    <skipped/>
  </testcase> <!-- beforeClass -->
  <testcase name="beforeClass" classname="setup.SeleniumBaseTest">
    <skipped/>
  </testcase> <!-- beforeClass -->
  <testcase name="beforeClass" classname="setup.SeleniumBaseTest">
    <skipped/>
  </testcase> <!-- beforeClass -->
  <testcase name="beforeClass" classname="setup.SeleniumBaseTest">
    <skipped/>
  </testcase> <!-- beforeClass -->
  <testcase name="beforeClass" classname="setup.SeleniumBaseTest">
    <skipped/>
  </testcase> <!-- beforeClass -->
  <testcase name="beforeClass" classname="setup.SeleniumBaseTest">
    <skipped/>
  </testcase> <!-- beforeClass -->
  <testcase name="beforeClass" classname="setup.SeleniumBaseTest">
    <skipped/>
  </testcase> <!-- beforeClass -->
  <testcase name="beforeClass" classname="setup.SeleniumBaseTest">
    <skipped/>
  </testcase> <!-- beforeClass -->
  <testcase name="beforeClass" classname="setup.SeleniumBaseTest">
    <skipped/>
  </testcase> <!-- beforeClass -->
  <testcase name="beforeClass" classname="setup.SeleniumBaseTest">
    <skipped/>
  </testcase> <!-- beforeClass -->
  <testcase name="beforeClass" classname="setup.SeleniumBaseTest">
    <skipped/>
  </testcase> <!-- beforeClass -->
  <testcase name="beforeClass" classname="setup.SeleniumBaseTest">
    <skipped/>
  </testcase> <!-- beforeClass -->
  <testcase name="beforeClass" classname="setup.SeleniumBaseTest">
    <skipped/>
  </testcase> <!-- beforeClass -->
  <testcase name="beforeClass" classname="setup.SeleniumBaseTest">
    <skipped/>
  </testcase> <!-- beforeClass -->
  <testcase name="beforeClass" classname="setup.SeleniumBaseTest">
    <skipped/>
  </testcase> <!-- beforeClass -->
  <testcase name="beforeClass" classname="setup.SeleniumBaseTest">
    <skipped/>
  </testcase> <!-- beforeClass -->
  <testcase name="beforeClass" classname="setup.SeleniumBaseTest">
    <skipped/>
  </testcase> <!-- beforeClass -->
  <testcase name="beforeClass" classname="setup.SeleniumBaseTest">
    <skipped/>
  </testcase> <!-- beforeClass -->
  <testcase name="beforeClass" classname="setup.SeleniumBaseTest">
    <skipped/>
  </testcase> <!-- beforeClass -->
  <testcase name="beforeClass" classname="setup.SeleniumBaseTest">
    <skipped/>
  </testcase> <!-- beforeClass -->
  <testcase name="beforeClass" classname="setup.SeleniumBaseTest">
    <skipped/>
  </testcase> <!-- beforeClass -->
  <testcase name="beforeClass" classname="setup.SeleniumBaseTest">
    <skipped/>
  </testcase> <!-- beforeClass -->
  <testcase name="beforeClass" classname="setup.SeleniumBaseTest">
    <skipped/>
  </testcase> <!-- beforeClass -->
  <testcase name="beforeClass" classname="setup.SeleniumBaseTest">
    <skipped/>
  </testcase> <!-- beforeClass -->
  <testcase name="tearDown" classname="setup.SeleniumBaseTest">
    <skipped/>
  </testcase> <!-- tearDown -->
  <testcase name="tearDown" classname="setup.SeleniumBaseTest">
    <skipped/>
  </testcase> <!-- tearDown -->
  <testcase name="tearDown" classname="setup.SeleniumBaseTest">
    <skipped/>
  </testcase> <!-- tearDown -->
  <testcase name="tearDown" classname="setup.SeleniumBaseTest">
    <skipped/>
  </testcase> <!-- tearDown -->
  <testcase name="tearDown" classname="setup.SeleniumBaseTest">
    <skipped/>
  </testcase> <!-- tearDown -->
  <testcase name="tearDown" classname="setup.SeleniumBaseTest">
    <skipped/>
  </testcase> <!-- tearDown -->
  <testcase name="tearDown" classname="setup.SeleniumBaseTest">
    <skipped/>
  </testcase> <!-- tearDown -->
  <testcase name="tearDown" classname="setup.SeleniumBaseTest">
    <skipped/>
  </testcase> <!-- tearDown -->
  <testcase name="tearDown" classname="setup.SeleniumBaseTest">
    <skipped/>
  </testcase> <!-- tearDown -->
  <testcase name="tearDown" classname="setup.SeleniumBaseTest">
    <skipped/>
  </testcase> <!-- tearDown -->
  <testcase name="tearDown" classname="setup.SeleniumBaseTest">
    <skipped/>
  </testcase> <!-- tearDown -->
  <testcase name="tearDown" classname="setup.SeleniumBaseTest">
    <skipped/>
  </testcase> <!-- tearDown -->
  <testcase name="tearDown" classname="setup.SeleniumBaseTest">
    <skipped/>
  </testcase> <!-- tearDown -->
  <testcase name="tearDown" classname="setup.SeleniumBaseTest">
    <skipped/>
  </testcase> <!-- tearDown -->
  <testcase name="tearDown" classname="setup.SeleniumBaseTest">
    <skipped/>
  </testcase> <!-- tearDown -->
  <testcase name="tearDown" classname="setup.SeleniumBaseTest">
    <skipped/>
  </testcase> <!-- tearDown -->
  <testcase name="tearDown" classname="setup.SeleniumBaseTest">
    <skipped/>
  </testcase> <!-- tearDown -->
  <testcase name="tearDown" classname="setup.SeleniumBaseTest">
    <skipped/>
  </testcase> <!-- tearDown -->
  <testcase name="tearDown" classname="setup.SeleniumBaseTest">
    <skipped/>
  </testcase> <!-- tearDown -->
  <testcase name="tearDown" classname="setup.SeleniumBaseTest">
    <skipped/>
  </testcase> <!-- tearDown -->
  <testcase name="tearDown" classname="setup.SeleniumBaseTest">
    <skipped/>
  </testcase> <!-- tearDown -->
  <testcase name="tearDown" classname="setup.SeleniumBaseTest">
    <skipped/>
  </testcase> <!-- tearDown -->
  <testcase name="tearDown" classname="setup.SeleniumBaseTest">
    <skipped/>
  </testcase> <!-- tearDown -->
  <testcase name="tearDown" classname="setup.SeleniumBaseTest">
    <skipped/>
  </testcase> <!-- tearDown -->
  <testcase name="tearDown" classname="setup.SeleniumBaseTest">
    <skipped/>
  </testcase> <!-- tearDown -->
  <testcase name="tearDown" classname="setup.SeleniumBaseTest">
    <skipped/>
  </testcase> <!-- tearDown -->
  <testcase name="tearDown" classname="setup.SeleniumBaseTest">
    <skipped/>
  </testcase> <!-- tearDown -->
  <testcase name="tearDown" classname="setup.SeleniumBaseTest">
    <skipped/>
  </testcase> <!-- tearDown -->
  <testcase name="tearDown" classname="setup.SeleniumBaseTest">
    <skipped/>
  </testcase> <!-- tearDown -->
  <testcase name="tearDown" classname="setup.SeleniumBaseTest">
    <skipped/>
  </testcase> <!-- tearDown -->
</testsuite> <!-- tests.BenefitsPageTests -->
