<?xml version="1.0" encoding="UTF-8"?>
<!-- Generated by org.testng.reporters.JUnitReportReporter -->
<testsuite name="tests.HomePageTests" tests="20" time="753.709" ignored="0" failures="0" timestamp="01 Mar 2017 10:59:25 GMT" skipped="0" hostname="100.lan0.mk.uz.ua" errors="0">
  <testcase name="emptyEmailAndClickRequestDemo" time="19.952" classname="tests.HomePageTests"/>
  <testcase name="movingToFeaturesSecondHalfMenu" time="55.250" classname="tests.HomePageTests"/>
  <testcase name="singleClickOnTopMenuItems" time="70.562" classname="tests.HomePageTests"/>
  <testcase name="movingToAboutMenu" time="125.963" classname="tests.HomePageTests"/>
  <testcase name="sendingUpdatesIncorrectEmail" time="18.115" classname="tests.HomePageTests"/>
  <testcase name="scrollingToFirstLinkOfDiscoverMoreShoppersSection" time="15.206" classname="tests.HomePageTests"/>
  <testcase name="singleClickOnLoginTopMenuItems" time="20.301" classname="tests.HomePageTests"/>
  <testcase name="movingToBlogMenu" time="72.361" classname="tests.HomePageTests"/>
  <testcase name="scrollingToSecondItemOfTakeAdvantagesSection" time="14.053" classname="tests.HomePageTests"/>
  <testcase name="sendingUpdatesToValidEmail" time="18.131" classname="tests.HomePageTests"/>
  <testcase name="movingToFeaturesFirstHalfMenu" time="51.154" classname="tests.HomePageTests"/>
  <testcase name="scrollingToThirdLinkOfDiscoverMoreShoppersSection" time="13.769" classname="tests.HomePageTests"/>
  <testcase name="sendingUpdatesIncorrectEmailWithAt" time="18.765" classname="tests.HomePageTests"/>
  <testcase name="scrollingToFirstItemOfTakeAdvantagesSection" time="21.300" classname="tests.HomePageTests"/>
  <testcase name="sendingUpdatesEmptyEmail" time="17.636" classname="tests.HomePageTests"/>
  <testcase name="notEmailFormatAndClickRequestDemo" time="11.294" classname="tests.HomePageTests"/>
  <testcase name="bottomMenuVerifying" time="137.550" classname="tests.HomePageTests"/>
  <testcase name="getStartedFreeChecking" time="18.139" classname="tests.HomePageTests"/>
  <testcase name="scrollingToSecondLinkOfDiscoverMoreShoppersSection" time="14.550" classname="tests.HomePageTests"/>
  <testcase name="typingValidEmailAndClickRequestDemo" time="19.658" classname="tests.HomePageTests"/>
</testsuite> <!-- tests.HomePageTests -->
