<?xml version="1.0" encoding="UTF-8"?>
<!-- Generated by org.testng.reporters.JUnitReportReporter -->
<testsuite name="tests.About.PressTests" tests="6" time="250.123" ignored="0" failures="0" timestamp="03 Mar 2017 11:00:47 GMT" skipped="0" hostname="103.lan0.mk.uz.ua" errors="0">
  <testcase name="downloadLinkCheckingLogo" time="42.970" classname="tests.About.PressTests"/>
  <testcase name="downloadLinkCheckingIconBlack" time="40.966" classname="tests.About.PressTests"/>
  <testcase name="checkinReadMoreLink" time="41.383" classname="tests.About.PressTests"/>
  <testcase name="chekingStyleGuide" time="40.754" classname="tests.About.PressTests"/>
  <testcase name="downloadLinkCheckingLogoBlack" time="41.202" classname="tests.About.PressTests"/>
  <testcase name="downloadLinkCheckingLogoVertical" time="42.848" classname="tests.About.PressTests"/>
</testsuite> <!-- tests.About.PressTests -->
