<?xml version="1.0" encoding="UTF-8"?>
<!-- Generated by org.testng.reporters.JUnitReportReporter -->
<testsuite name="tests.Blog.BlogMainPageTests" tests="20" time="527.993" ignored="0" failures="2" timestamp="07 Mar 2017 17:41:03 GMT" skipped="0" hostname="100.lan0.mk.uz.ua" errors="0">
  <testcase name="subscribeToEmptyEmail" time="21.060" classname="tests.Blog.BlogMainPageTests">
    <failure type="java.lang.AssertionError" message="expected [Email is required] but found [Please complete this mandatory field.]">
      <![CDATA[java.lang.AssertionError: expected [Email is required] but found [Please complete this mandatory field.]
	at org.testng.Assert.fail(Assert.java:94)
	at org.testng.Assert.failNotEquals(Assert.java:513)
	at org.testng.Assert.assertEqualsImpl(Assert.java:135)
	at org.testng.Assert.assertEquals(Assert.java:116)
	at org.testng.Assert.assertEquals(Assert.java:190)
	at org.testng.Assert.assertEquals(Assert.java:200)
	at tests.Blog.BlogMainPageTests.subscribeToEmptyEmail(BlogMainPageTests.java:38)
	at sun.reflect.NativeMethodAccessorImpl.invoke0(Native Method)
	at sun.reflect.NativeMethodAccessorImpl.invoke(NativeMethodAccessorImpl.java:62)
	at sun.reflect.DelegatingMethodAccessorImpl.invoke(DelegatingMethodAccessorImpl.java:43)
	at java.lang.reflect.Method.invoke(Method.java:498)
	at org.testng.internal.MethodInvocationHelper.invokeMethod(MethodInvocationHelper.java:104)
	at org.testng.internal.Invoker.invokeMethod(Invoker.java:645)
	at org.testng.internal.Invoker.invokeTestMethod(Invoker.java:851)
	at org.testng.internal.Invoker.invokeTestMethods(Invoker.java:1177)
	at org.testng.internal.TestMethodWorker.invokeTestMethods(TestMethodWorker.java:129)
	at org.testng.internal.TestMethodWorker.run(TestMethodWorker.java:112)
	at org.testng.TestRunner.privateRun(TestRunner.java:756)
	at org.testng.TestRunner.run(TestRunner.java:610)
	at org.testng.SuiteRunner.runTest(SuiteRunner.java:387)
	at org.testng.SuiteRunner.runSequentially(SuiteRunner.java:382)
	at org.testng.SuiteRunner.privateRun(SuiteRunner.java:340)
	at org.testng.SuiteRunner.run(SuiteRunner.java:289)
	at org.testng.SuiteRunnerWorker.runSuite(SuiteRunnerWorker.java:52)
	at org.testng.SuiteRunnerWorker.run(SuiteRunnerWorker.java:86)
	at org.testng.TestNG.runSuitesSequentially(TestNG.java:1293)
	at org.testng.TestNG.runSuitesLocally(TestNG.java:1218)
	at org.testng.TestNG.runSuites(TestNG.java:1133)
	at org.testng.TestNG.run(TestNG.java:1104)
	at org.apache.maven.surefire.testng.TestNGExecutor.run(TestNGExecutor.java:281)
	at org.apache.maven.surefire.testng.TestNGXmlTestSuite.execute(TestNGXmlTestSuite.java:75)
	at org.apache.maven.surefire.testng.TestNGProvider.invoke(TestNGProvider.java:121)
	at org.apache.maven.surefire.booter.ForkedBooter.invokeProviderInSameClassLoader(ForkedBooter.java:290)
	at org.apache.maven.surefire.booter.ForkedBooter.runSuitesInProcess(ForkedBooter.java:242)
	at org.apache.maven.surefire.booter.ForkedBooter.main(ForkedBooter.java:121)
]]>
    </failure>
  </testcase> <!-- subscribeToEmptyEmail -->
  <testcase name="clickingOnTagChecking" time="22.432" classname="tests.Blog.BlogMainPageTests"/>
  <testcase name="subscribeToWrongEmailWithAt" time="21.164" classname="tests.Blog.BlogMainPageTests"/>
  <testcase name="subscribeToWrongEmailWithAt" time="21.947" classname="tests.Blog.BlogMainPageTests"/>
  <testcase name="subscribeToWrongEmailWithoutAt" time="21.168" classname="tests.Blog.BlogMainPageTests"/>
  <testcase name="clickingOnAuthorChecking" time="21.303" classname="tests.Blog.BlogMainPageTests"/>
  <testcase name="clickingOnTagChecking" time="21.402" classname="tests.Blog.BlogMainPageTests"/>
  <testcase name="checkSocialNetworkButton" time="72.562" classname="tests.Blog.BlogMainPageTests"/>
  <testcase name="subscribeToValidEmail" time="18.186" classname="tests.Blog.BlogMainPageTests"/>
  <testcase name="goingToCommentsSectionByClickOnClickHereLink" time="27.124" classname="tests.Blog.BlogMainPageTests"/>
  <testcase name="openingPostByClickOnTitle" time="20.782" classname="tests.Blog.BlogMainPageTests"/>
  <testcase name="goingToCommentsSectionByClickOnClickHereLink" time="26.659" classname="tests.Blog.BlogMainPageTests"/>
  <testcase name="openingPostByClickOnReadThisPostBtn" time="18.824" classname="tests.Blog.BlogMainPageTests"/>
  <testcase name="subscribeToValidEmail" time="18.055" classname="tests.Blog.BlogMainPageTests"/>
  <testcase name="openingPostByClickOnTitle" time="20.249" classname="tests.Blog.BlogMainPageTests"/>
  <testcase name="subscribeToWrongEmailWithoutAt" time="21.097" classname="tests.Blog.BlogMainPageTests"/>
  <testcase name="subscribeToEmptyEmail" time="21.938" classname="tests.Blog.BlogMainPageTests">
    <failure type="java.lang.AssertionError" message="expected [Email is required] but found [Please complete this mandatory field.]">
      <![CDATA[java.lang.AssertionError: expected [Email is required] but found [Please complete this mandatory field.]
	at org.testng.Assert.fail(Assert.java:94)
	at org.testng.Assert.failNotEquals(Assert.java:513)
	at org.testng.Assert.assertEqualsImpl(Assert.java:135)
	at org.testng.Assert.assertEquals(Assert.java:116)
	at org.testng.Assert.assertEquals(Assert.java:190)
	at org.testng.Assert.assertEquals(Assert.java:200)
	at tests.Blog.BlogMainPageTests.subscribeToEmptyEmail(BlogMainPageTests.java:38)
	at sun.reflect.NativeMethodAccessorImpl.invoke0(Native Method)
	at sun.reflect.NativeMethodAccessorImpl.invoke(NativeMethodAccessorImpl.java:62)
	at sun.reflect.DelegatingMethodAccessorImpl.invoke(DelegatingMethodAccessorImpl.java:43)
	at java.lang.reflect.Method.invoke(Method.java:498)
	at org.testng.internal.MethodInvocationHelper.invokeMethod(MethodInvocationHelper.java:104)
	at org.testng.internal.Invoker.invokeMethod(Invoker.java:645)
	at org.testng.internal.Invoker.invokeTestMethod(Invoker.java:851)
	at org.testng.internal.Invoker.invokeTestMethods(Invoker.java:1177)
	at org.testng.internal.TestMethodWorker.invokeTestMethods(TestMethodWorker.java:129)
	at org.testng.internal.TestMethodWorker.run(TestMethodWorker.java:112)
	at org.testng.TestRunner.privateRun(TestRunner.java:756)
	at org.testng.TestRunner.run(TestRunner.java:610)
	at org.testng.SuiteRunner.runTest(SuiteRunner.java:387)
	at org.testng.SuiteRunner.runSequentially(SuiteRunner.java:382)
	at org.testng.SuiteRunner.privateRun(SuiteRunner.java:340)
	at org.testng.SuiteRunner.run(SuiteRunner.java:289)
	at org.testng.SuiteRunnerWorker.runSuite(SuiteRunnerWorker.java:52)
	at org.testng.SuiteRunnerWorker.run(SuiteRunnerWorker.java:86)
	at org.testng.TestNG.runSuitesSequentially(TestNG.java:1293)
	at org.testng.TestNG.runSuitesLocally(TestNG.java:1218)
	at org.testng.TestNG.runSuites(TestNG.java:1133)
	at org.testng.TestNG.run(TestNG.java:1104)
	at org.apache.maven.surefire.testng.TestNGExecutor.run(TestNGExecutor.java:281)
	at org.apache.maven.surefire.testng.TestNGXmlTestSuite.execute(TestNGXmlTestSuite.java:75)
	at org.apache.maven.surefire.testng.TestNGProvider.invoke(TestNGProvider.java:121)
	at org.apache.maven.surefire.booter.ForkedBooter.invokeProviderInSameClassLoader(ForkedBooter.java:290)
	at org.apache.maven.surefire.booter.ForkedBooter.runSuitesInProcess(ForkedBooter.java:242)
	at org.apache.maven.surefire.booter.ForkedBooter.main(ForkedBooter.java:121)
]]>
    </failure>
  </testcase> <!-- subscribeToEmptyEmail -->
  <testcase name="openingPostByClickOnReadThisPostBtn" time="19.254" classname="tests.Blog.BlogMainPageTests"/>
  <testcase name="clickingOnAuthorChecking" time="21.027" classname="tests.Blog.BlogMainPageTests"/>
  <testcase name="checkSocialNetworkButton" time="71.760" classname="tests.Blog.BlogMainPageTests"/>
</testsuite> <!-- tests.Blog.BlogMainPageTests -->
