<?xml version="1.0" encoding="UTF-8"?>
<!-- Generated by org.testng.reporters.JUnitReportReporter -->
<testsuite name="tests.Blog.BlogSinglePageTests" tests="9" time="113.872" ignored="60" failures="0" timestamp="25 Apr 2017 12:18:14 GMT" skipped="0" hostname="Vitaliys-MacBook-Pro.local" errors="1">
  <testcase name="subscribeToValidEmail" time="9.591" classname="tests.Blog.BlogSinglePageTests"/>
  <testcase name="recentPostChecking" time="12.758" classname="tests.Blog.BlogSinglePageTests"/>
  <testcase name="openingPostByClickOnTitle" time="10.720" classname="tests.Blog.BlogSinglePageTests"/>
  <testcase name="subscribeToEmptyEmail" time="9.312" classname="tests.Blog.BlogSinglePageTests"/>
  <testcase name="checkSocialNetworkButton" time="22.761" classname="tests.Blog.BlogSinglePageTests"/>
  <testcase name="subscribeToWrongEmailWithAt" time="9.262" classname="tests.Blog.BlogSinglePageTests"/>
  <testcase name="findMeOnChecking" time="15.221" classname="tests.Blog.BlogSinglePageTests"/>
  <testcase name="subscribeToWrongEmailWithoutAt" time="9.052" classname="tests.Blog.BlogSinglePageTests"/>
  <testcase name="socialSharingIconsChecking" time="15.195" classname="tests.Blog.BlogSinglePageTests">
    <error type="org.openqa.selenium.WebDriverException" message="unknown error: Element &lt;div data-service=&quot;linkedin&quot; title=&quot;Share link on LinkedIn&quot; class=&quot;social-likes__widget social-likes__widget_linkedin social-likes__widget_notext&quot; tabindex=&quot;0&quot; role=&quot;button&quot;&gt;...&lt;/div&gt; is not clickable at point (1196, 548). Other element would receive the click: &lt;iframe frameborder=&quot;0&quot; src=&quot;about:blank&quot; style=&quot;background-color: transparent; vertical-align: text-bottom; position: relative; width: 100%; height: 100%; min-width: 100%; min-height: 100%; max-width: 100%; max-height: 100%; margin: 0px; overflow: hidden; display: block;&quot;&gt;&lt;/iframe&gt;
  (Session info: chrome=57.0.2987.98)
  (Driver info: chromedriver=2.28.455517 (2c6d2707d8ea850c862f04ac066724273981e88f),platform=Mac OS X 10.11.6 x86_64) (WARNING: The server did not provide any stacktrace information)
Command duration or timeout: 61 milliseconds
Build info: version: &#039;3.0.1&#039;, revision: &#039;1969d75&#039;, time: &#039;2016-10-18 09:49:13 -0700&#039;
System info: host: &#039;Vitaliys-MacBook-Pro.local&#039;, ip: &#039;192.168.0.103&#039;, os.name: &#039;Mac OS X&#039;, os.arch: &#039;x86_64&#039;, os.version: &#039;10.11.6&#039;, java.version: &#039;1.8.0_101&#039;
Driver info: org.openqa.selenium.chrome.ChromeDriver
Capabilities [{applicationCacheEnabled=false, rotatable=false, mobileEmulationEnabled=false, networkConnectionEnabled=false, chrome={chromedriverVersion=2.28.455517 (2c6d2707d8ea850c862f04ac066724273981e88f), userDataDir=/var/folders/xp/hq6y__313mvbnpb2n5x7bzq00000gn/T/.org.chromium.Chromium.kkJFOZ}, takesHeapSnapshot=true, pageLoadStrategy=normal, databaseEnabled=false, handlesAlerts=true, hasTouchScreen=false, version=57.0.2987.98, platform=MAC, browserConnectionEnabled=false, nativeEvents=true, acceptSslCerts=true, locationContextEnabled=true, webStorageEnabled=true, browserName=chrome, takesScreenshot=true, javascriptEnabled=true, cssSelectorsEnabled=true, unexpectedAlertBehaviour=}]
Session ID: 19cf801db539763cd038823b8c0511ec">
      <![CDATA[org.openqa.selenium.WebDriverException: unknown error: Element <div data-service="linkedin" title="Share link on LinkedIn" class="social-likes__widget social-likes__widget_linkedin social-likes__widget_notext" tabindex="0" role="button">...</div> is not clickable at point (1196, 548). Other element would receive the click: <iframe frameborder="0" src="about:blank" style="background-color: transparent; vertical-align: text-bottom; position: relative; width: 100%; height: 100%; min-width: 100%; min-height: 100%; max-width: 100%; max-height: 100%; margin: 0px; overflow: hidden; display: block;"></iframe>
  (Session info: chrome=57.0.2987.98)
  (Driver info: chromedriver=2.28.455517 (2c6d2707d8ea850c862f04ac066724273981e88f),platform=Mac OS X 10.11.6 x86_64) (WARNING: The server did not provide any stacktrace information)
Command duration or timeout: 61 milliseconds
Build info: version: '3.0.1', revision: '1969d75', time: '2016-10-18 09:49:13 -0700'
System info: host: 'Vitaliys-MacBook-Pro.local', ip: '192.168.0.103', os.name: 'Mac OS X', os.arch: 'x86_64', os.version: '10.11.6', java.version: '1.8.0_101'
Driver info: org.openqa.selenium.chrome.ChromeDriver
Capabilities [{applicationCacheEnabled=false, rotatable=false, mobileEmulationEnabled=false, networkConnectionEnabled=false, chrome={chromedriverVersion=2.28.455517 (2c6d2707d8ea850c862f04ac066724273981e88f), userDataDir=/var/folders/xp/hq6y__313mvbnpb2n5x7bzq00000gn/T/.org.chromium.Chromium.kkJFOZ}, takesHeapSnapshot=true, pageLoadStrategy=normal, databaseEnabled=false, handlesAlerts=true, hasTouchScreen=false, version=57.0.2987.98, platform=MAC, browserConnectionEnabled=false, nativeEvents=true, acceptSslCerts=true, locationContextEnabled=true, webStorageEnabled=true, browserName=chrome, takesScreenshot=true, javascriptEnabled=true, cssSelectorsEnabled=true, unexpectedAlertBehaviour=}]
Session ID: 19cf801db539763cd038823b8c0511ec
	at sun.reflect.NativeConstructorAccessorImpl.newInstance0(Native Method)
	at sun.reflect.NativeConstructorAccessorImpl.newInstance(NativeConstructorAccessorImpl.java:62)
	at sun.reflect.DelegatingConstructorAccessorImpl.newInstance(DelegatingConstructorAccessorImpl.java:45)
	at java.lang.reflect.Constructor.newInstance(Constructor.java:423)
	at org.openqa.selenium.remote.ErrorHandler.createThrowable(ErrorHandler.java:216)
	at org.openqa.selenium.remote.ErrorHandler.throwIfResponseFailed(ErrorHandler.java:168)
	at org.openqa.selenium.remote.RemoteWebDriver.execute(RemoteWebDriver.java:635)
	at org.openqa.selenium.remote.RemoteWebElement.execute(RemoteWebElement.java:274)
	at org.openqa.selenium.remote.RemoteWebElement.click(RemoteWebElement.java:84)
	at pageobjects.Blog.BlogPage.socialNetworksClickOnIcon(BlogPage.java:149)
	at tests.Blog.BlogSinglePageTests.socialSharingIconsChecking(BlogSinglePageTests.java:57)
	at sun.reflect.NativeMethodAccessorImpl.invoke0(Native Method)
	at sun.reflect.NativeMethodAccessorImpl.invoke(NativeMethodAccessorImpl.java:62)
	at sun.reflect.DelegatingMethodAccessorImpl.invoke(DelegatingMethodAccessorImpl.java:43)
	at java.lang.reflect.Method.invoke(Method.java:498)
	at org.testng.internal.MethodInvocationHelper.invokeMethod(MethodInvocationHelper.java:104)
	at org.testng.internal.Invoker.invokeMethod(Invoker.java:645)
	at org.testng.internal.Invoker.invokeTestMethod(Invoker.java:851)
	at org.testng.internal.Invoker.invokeTestMethods(Invoker.java:1177)
	at org.testng.internal.TestMethodWorker.invokeTestMethods(TestMethodWorker.java:129)
	at org.testng.internal.TestMethodWorker.run(TestMethodWorker.java:112)
	at org.testng.TestRunner.privateRun(TestRunner.java:756)
	at org.testng.TestRunner.run(TestRunner.java:610)
	at org.testng.SuiteRunner.runTest(SuiteRunner.java:387)
	at org.testng.SuiteRunner.runSequentially(SuiteRunner.java:382)
	at org.testng.SuiteRunner.privateRun(SuiteRunner.java:340)
	at org.testng.SuiteRunner.run(SuiteRunner.java:289)
	at org.testng.SuiteRunnerWorker.runSuite(SuiteRunnerWorker.java:52)
	at org.testng.SuiteRunnerWorker.run(SuiteRunnerWorker.java:86)
	at org.testng.TestNG.runSuitesSequentially(TestNG.java:1293)
	at org.testng.TestNG.runSuitesLocally(TestNG.java:1218)
	at org.testng.TestNG.runSuites(TestNG.java:1133)
	at org.testng.TestNG.run(TestNG.java:1104)
	at org.apache.maven.surefire.testng.TestNGExecutor.run(TestNGExecutor.java:281)
	at org.apache.maven.surefire.testng.TestNGXmlTestSuite.execute(TestNGXmlTestSuite.java:75)
	at org.apache.maven.surefire.testng.TestNGProvider.invoke(TestNGProvider.java:121)
	at org.apache.maven.surefire.booter.ForkedBooter.invokeProviderInSameClassLoader(ForkedBooter.java:290)
	at org.apache.maven.surefire.booter.ForkedBooter.runSuitesInProcess(ForkedBooter.java:242)
	at org.apache.maven.surefire.booter.ForkedBooter.main(ForkedBooter.java:121)
]]>
    </error>
  </testcase> <!-- socialSharingIconsChecking -->
  <testcase name="beforeClass" classname="setup.SeleniumBaseTest">
    <skipped/>
  </testcase> <!-- beforeClass -->
  <testcase name="beforeClass" classname="setup.SeleniumBaseTest">
    <skipped/>
  </testcase> <!-- beforeClass -->
  <testcase name="beforeClass" classname="setup.SeleniumBaseTest">
    <skipped/>
  </testcase> <!-- beforeClass -->
  <testcase name="beforeClass" classname="setup.SeleniumBaseTest">
    <skipped/>
  </testcase> <!-- beforeClass -->
  <testcase name="beforeClass" classname="setup.SeleniumBaseTest">
    <skipped/>
  </testcase> <!-- beforeClass -->
  <testcase name="beforeClass" classname="setup.SeleniumBaseTest">
    <skipped/>
  </testcase> <!-- beforeClass -->
  <testcase name="beforeClass" classname="setup.SeleniumBaseTest">
    <skipped/>
  </testcase> <!-- beforeClass -->
  <testcase name="beforeClass" classname="setup.SeleniumBaseTest">
    <skipped/>
  </testcase> <!-- beforeClass -->
  <testcase name="beforeClass" classname="setup.SeleniumBaseTest">
    <skipped/>
  </testcase> <!-- beforeClass -->
  <testcase name="beforeClass" classname="setup.SeleniumBaseTest">
    <skipped/>
  </testcase> <!-- beforeClass -->
  <testcase name="beforeClass" classname="setup.SeleniumBaseTest">
    <skipped/>
  </testcase> <!-- beforeClass -->
  <testcase name="beforeClass" classname="setup.SeleniumBaseTest">
    <skipped/>
  </testcase> <!-- beforeClass -->
  <testcase name="beforeClass" classname="setup.SeleniumBaseTest">
    <skipped/>
  </testcase> <!-- beforeClass -->
  <testcase name="beforeClass" classname="setup.SeleniumBaseTest">
    <skipped/>
  </testcase> <!-- beforeClass -->
  <testcase name="beforeClass" classname="setup.SeleniumBaseTest">
    <skipped/>
  </testcase> <!-- beforeClass -->
  <testcase name="beforeClass" classname="setup.SeleniumBaseTest">
    <skipped/>
  </testcase> <!-- beforeClass -->
  <testcase name="beforeClass" classname="setup.SeleniumBaseTest">
    <skipped/>
  </testcase> <!-- beforeClass -->
  <testcase name="beforeClass" classname="setup.SeleniumBaseTest">
    <skipped/>
  </testcase> <!-- beforeClass -->
  <testcase name="beforeClass" classname="setup.SeleniumBaseTest">
    <skipped/>
  </testcase> <!-- beforeClass -->
  <testcase name="beforeClass" classname="setup.SeleniumBaseTest">
    <skipped/>
  </testcase> <!-- beforeClass -->
  <testcase name="beforeClass" classname="setup.SeleniumBaseTest">
    <skipped/>
  </testcase> <!-- beforeClass -->
  <testcase name="beforeClass" classname="setup.SeleniumBaseTest">
    <skipped/>
  </testcase> <!-- beforeClass -->
  <testcase name="beforeClass" classname="setup.SeleniumBaseTest">
    <skipped/>
  </testcase> <!-- beforeClass -->
  <testcase name="beforeClass" classname="setup.SeleniumBaseTest">
    <skipped/>
  </testcase> <!-- beforeClass -->
  <testcase name="beforeClass" classname="setup.SeleniumBaseTest">
    <skipped/>
  </testcase> <!-- beforeClass -->
  <testcase name="beforeClass" classname="setup.SeleniumBaseTest">
    <skipped/>
  </testcase> <!-- beforeClass -->
  <testcase name="beforeClass" classname="setup.SeleniumBaseTest">
    <skipped/>
  </testcase> <!-- beforeClass -->
  <testcase name="beforeClass" classname="setup.SeleniumBaseTest">
    <skipped/>
  </testcase> <!-- beforeClass -->
  <testcase name="beforeClass" classname="setup.SeleniumBaseTest">
    <skipped/>
  </testcase> <!-- beforeClass -->
  <testcase name="beforeClass" classname="setup.SeleniumBaseTest">
    <skipped/>
  </testcase> <!-- beforeClass -->
  <testcase name="tearDown" classname="setup.SeleniumBaseTest">
    <skipped/>
  </testcase> <!-- tearDown -->
  <testcase name="tearDown" classname="setup.SeleniumBaseTest">
    <skipped/>
  </testcase> <!-- tearDown -->
  <testcase name="tearDown" classname="setup.SeleniumBaseTest">
    <skipped/>
  </testcase> <!-- tearDown -->
  <testcase name="tearDown" classname="setup.SeleniumBaseTest">
    <skipped/>
  </testcase> <!-- tearDown -->
  <testcase name="tearDown" classname="setup.SeleniumBaseTest">
    <skipped/>
  </testcase> <!-- tearDown -->
  <testcase name="tearDown" classname="setup.SeleniumBaseTest">
    <skipped/>
  </testcase> <!-- tearDown -->
  <testcase name="tearDown" classname="setup.SeleniumBaseTest">
    <skipped/>
  </testcase> <!-- tearDown -->
  <testcase name="tearDown" classname="setup.SeleniumBaseTest">
    <skipped/>
  </testcase> <!-- tearDown -->
  <testcase name="tearDown" classname="setup.SeleniumBaseTest">
    <skipped/>
  </testcase> <!-- tearDown -->
  <testcase name="tearDown" classname="setup.SeleniumBaseTest">
    <skipped/>
  </testcase> <!-- tearDown -->
  <testcase name="tearDown" classname="setup.SeleniumBaseTest">
    <skipped/>
  </testcase> <!-- tearDown -->
  <testcase name="tearDown" classname="setup.SeleniumBaseTest">
    <skipped/>
  </testcase> <!-- tearDown -->
  <testcase name="tearDown" classname="setup.SeleniumBaseTest">
    <skipped/>
  </testcase> <!-- tearDown -->
  <testcase name="tearDown" classname="setup.SeleniumBaseTest">
    <skipped/>
  </testcase> <!-- tearDown -->
  <testcase name="tearDown" classname="setup.SeleniumBaseTest">
    <skipped/>
  </testcase> <!-- tearDown -->
  <testcase name="tearDown" classname="setup.SeleniumBaseTest">
    <skipped/>
  </testcase> <!-- tearDown -->
  <testcase name="tearDown" classname="setup.SeleniumBaseTest">
    <skipped/>
  </testcase> <!-- tearDown -->
  <testcase name="tearDown" classname="setup.SeleniumBaseTest">
    <skipped/>
  </testcase> <!-- tearDown -->
  <testcase name="tearDown" classname="setup.SeleniumBaseTest">
    <skipped/>
  </testcase> <!-- tearDown -->
  <testcase name="tearDown" classname="setup.SeleniumBaseTest">
    <skipped/>
  </testcase> <!-- tearDown -->
  <testcase name="tearDown" classname="setup.SeleniumBaseTest">
    <skipped/>
  </testcase> <!-- tearDown -->
  <testcase name="tearDown" classname="setup.SeleniumBaseTest">
    <skipped/>
  </testcase> <!-- tearDown -->
  <testcase name="tearDown" classname="setup.SeleniumBaseTest">
    <skipped/>
  </testcase> <!-- tearDown -->
  <testcase name="tearDown" classname="setup.SeleniumBaseTest">
    <skipped/>
  </testcase> <!-- tearDown -->
  <testcase name="tearDown" classname="setup.SeleniumBaseTest">
    <skipped/>
  </testcase> <!-- tearDown -->
  <testcase name="tearDown" classname="setup.SeleniumBaseTest">
    <skipped/>
  </testcase> <!-- tearDown -->
  <testcase name="tearDown" classname="setup.SeleniumBaseTest">
    <skipped/>
  </testcase> <!-- tearDown -->
  <testcase name="tearDown" classname="setup.SeleniumBaseTest">
    <skipped/>
  </testcase> <!-- tearDown -->
  <testcase name="tearDown" classname="setup.SeleniumBaseTest">
    <skipped/>
  </testcase> <!-- tearDown -->
  <testcase name="tearDown" classname="setup.SeleniumBaseTest">
    <skipped/>
  </testcase> <!-- tearDown -->
</testsuite> <!-- tests.Blog.BlogSinglePageTests -->
