<?xml version="1.0" encoding="UTF-8"?>
<!-- Generated by org.testng.reporters.JUnitReportReporter -->
<testsuite name="tests.Blog.BlogMainPageTests" tests="12" time="277.080" ignored="60" failures="0" timestamp="27 Apr 2017 13:05:18 GMT" skipped="0" hostname="Vitaliys-MacBook-Pro.local" errors="0">
  <testcase name="clickingOnAuthorChecking" time="50.055" classname="tests.Blog.BlogMainPageTests"/>
  <testcase name="openingPostByClickOnReadThisPostBtn" time="11.408" classname="tests.Blog.BlogMainPageTests"/>
  <testcase name="goingToCommentsSectionByClickOnClickHereLink" time="44.789" classname="tests.Blog.BlogMainPageTests"/>
  <testcase name="clickingOnTagChecking" time="13.146" classname="tests.Blog.BlogMainPageTests"/>
  <testcase name="clickingOnTagChecking" time="33.408" classname="tests.Blog.BlogMainPageTests"/>
  <testcase name="goingToCommentsSectionByClickOnClickHereLink" time="19.109" classname="tests.Blog.BlogMainPageTests"/>
  <testcase name="openingPostByClickOnReadThisPostBtn" time="18.085" classname="tests.Blog.BlogMainPageTests"/>
  <testcase name="clickingOnAuthorChecking" time="15.921" classname="tests.Blog.BlogMainPageTests"/>
  <testcase name="clickingOnTagChecking" time="9.909" classname="tests.Blog.BlogMainPageTests"/>
  <testcase name="goingToCommentsSectionByClickOnClickHereLink" time="12.314" classname="tests.Blog.BlogMainPageTests"/>
  <testcase name="clickingOnAuthorChecking" time="15.667" classname="tests.Blog.BlogMainPageTests"/>
  <testcase name="openingPostByClickOnReadThisPostBtn" time="33.269" classname="tests.Blog.BlogMainPageTests"/>
  <testcase name="beforeClass" classname="setup.SeleniumBaseTest">
    <skipped/>
  </testcase> <!-- beforeClass -->
  <testcase name="beforeClass" classname="setup.SeleniumBaseTest">
    <skipped/>
  </testcase> <!-- beforeClass -->
  <testcase name="beforeClass" classname="setup.SeleniumBaseTest">
    <skipped/>
  </testcase> <!-- beforeClass -->
  <testcase name="beforeClass" classname="setup.SeleniumBaseTest">
    <skipped/>
  </testcase> <!-- beforeClass -->
  <testcase name="beforeClass" classname="setup.SeleniumBaseTest">
    <skipped/>
  </testcase> <!-- beforeClass -->
  <testcase name="beforeClass" classname="setup.SeleniumBaseTest">
    <skipped/>
  </testcase> <!-- beforeClass -->
  <testcase name="beforeClass" classname="setup.SeleniumBaseTest">
    <skipped/>
  </testcase> <!-- beforeClass -->
  <testcase name="beforeClass" classname="setup.SeleniumBaseTest">
    <skipped/>
  </testcase> <!-- beforeClass -->
  <testcase name="beforeClass" classname="setup.SeleniumBaseTest">
    <skipped/>
  </testcase> <!-- beforeClass -->
  <testcase name="beforeClass" classname="setup.SeleniumBaseTest">
    <skipped/>
  </testcase> <!-- beforeClass -->
  <testcase name="beforeClass" classname="setup.SeleniumBaseTest">
    <skipped/>
  </testcase> <!-- beforeClass -->
  <testcase name="beforeClass" classname="setup.SeleniumBaseTest">
    <skipped/>
  </testcase> <!-- beforeClass -->
  <testcase name="beforeClass" classname="setup.SeleniumBaseTest">
    <skipped/>
  </testcase> <!-- beforeClass -->
  <testcase name="beforeClass" classname="setup.SeleniumBaseTest">
    <skipped/>
  </testcase> <!-- beforeClass -->
  <testcase name="beforeClass" classname="setup.SeleniumBaseTest">
    <skipped/>
  </testcase> <!-- beforeClass -->
  <testcase name="beforeClass" classname="setup.SeleniumBaseTest">
    <skipped/>
  </testcase> <!-- beforeClass -->
  <testcase name="beforeClass" classname="setup.SeleniumBaseTest">
    <skipped/>
  </testcase> <!-- beforeClass -->
  <testcase name="beforeClass" classname="setup.SeleniumBaseTest">
    <skipped/>
  </testcase> <!-- beforeClass -->
  <testcase name="beforeClass" classname="setup.SeleniumBaseTest">
    <skipped/>
  </testcase> <!-- beforeClass -->
  <testcase name="beforeClass" classname="setup.SeleniumBaseTest">
    <skipped/>
  </testcase> <!-- beforeClass -->
  <testcase name="beforeClass" classname="setup.SeleniumBaseTest">
    <skipped/>
  </testcase> <!-- beforeClass -->
  <testcase name="beforeClass" classname="setup.SeleniumBaseTest">
    <skipped/>
  </testcase> <!-- beforeClass -->
  <testcase name="beforeClass" classname="setup.SeleniumBaseTest">
    <skipped/>
  </testcase> <!-- beforeClass -->
  <testcase name="beforeClass" classname="setup.SeleniumBaseTest">
    <skipped/>
  </testcase> <!-- beforeClass -->
  <testcase name="beforeClass" classname="setup.SeleniumBaseTest">
    <skipped/>
  </testcase> <!-- beforeClass -->
  <testcase name="beforeClass" classname="setup.SeleniumBaseTest">
    <skipped/>
  </testcase> <!-- beforeClass -->
  <testcase name="beforeClass" classname="setup.SeleniumBaseTest">
    <skipped/>
  </testcase> <!-- beforeClass -->
  <testcase name="beforeClass" classname="setup.SeleniumBaseTest">
    <skipped/>
  </testcase> <!-- beforeClass -->
  <testcase name="beforeClass" classname="setup.SeleniumBaseTest">
    <skipped/>
  </testcase> <!-- beforeClass -->
  <testcase name="beforeClass" classname="setup.SeleniumBaseTest">
    <skipped/>
  </testcase> <!-- beforeClass -->
  <testcase name="tearDown" classname="setup.SeleniumBaseTest">
    <skipped/>
  </testcase> <!-- tearDown -->
  <testcase name="tearDown" classname="setup.SeleniumBaseTest">
    <skipped/>
  </testcase> <!-- tearDown -->
  <testcase name="tearDown" classname="setup.SeleniumBaseTest">
    <skipped/>
  </testcase> <!-- tearDown -->
  <testcase name="tearDown" classname="setup.SeleniumBaseTest">
    <skipped/>
  </testcase> <!-- tearDown -->
  <testcase name="tearDown" classname="setup.SeleniumBaseTest">
    <skipped/>
  </testcase> <!-- tearDown -->
  <testcase name="tearDown" classname="setup.SeleniumBaseTest">
    <skipped/>
  </testcase> <!-- tearDown -->
  <testcase name="tearDown" classname="setup.SeleniumBaseTest">
    <skipped/>
  </testcase> <!-- tearDown -->
  <testcase name="tearDown" classname="setup.SeleniumBaseTest">
    <skipped/>
  </testcase> <!-- tearDown -->
  <testcase name="tearDown" classname="setup.SeleniumBaseTest">
    <skipped/>
  </testcase> <!-- tearDown -->
  <testcase name="tearDown" classname="setup.SeleniumBaseTest">
    <skipped/>
  </testcase> <!-- tearDown -->
  <testcase name="tearDown" classname="setup.SeleniumBaseTest">
    <skipped/>
  </testcase> <!-- tearDown -->
  <testcase name="tearDown" classname="setup.SeleniumBaseTest">
    <skipped/>
  </testcase> <!-- tearDown -->
  <testcase name="tearDown" classname="setup.SeleniumBaseTest">
    <skipped/>
  </testcase> <!-- tearDown -->
  <testcase name="tearDown" classname="setup.SeleniumBaseTest">
    <skipped/>
  </testcase> <!-- tearDown -->
  <testcase name="tearDown" classname="setup.SeleniumBaseTest">
    <skipped/>
  </testcase> <!-- tearDown -->
  <testcase name="tearDown" classname="setup.SeleniumBaseTest">
    <skipped/>
  </testcase> <!-- tearDown -->
  <testcase name="tearDown" classname="setup.SeleniumBaseTest">
    <skipped/>
  </testcase> <!-- tearDown -->
  <testcase name="tearDown" classname="setup.SeleniumBaseTest">
    <skipped/>
  </testcase> <!-- tearDown -->
  <testcase name="tearDown" classname="setup.SeleniumBaseTest">
    <skipped/>
  </testcase> <!-- tearDown -->
  <testcase name="tearDown" classname="setup.SeleniumBaseTest">
    <skipped/>
  </testcase> <!-- tearDown -->
  <testcase name="tearDown" classname="setup.SeleniumBaseTest">
    <skipped/>
  </testcase> <!-- tearDown -->
  <testcase name="tearDown" classname="setup.SeleniumBaseTest">
    <skipped/>
  </testcase> <!-- tearDown -->
  <testcase name="tearDown" classname="setup.SeleniumBaseTest">
    <skipped/>
  </testcase> <!-- tearDown -->
  <testcase name="tearDown" classname="setup.SeleniumBaseTest">
    <skipped/>
  </testcase> <!-- tearDown -->
  <testcase name="tearDown" classname="setup.SeleniumBaseTest">
    <skipped/>
  </testcase> <!-- tearDown -->
  <testcase name="tearDown" classname="setup.SeleniumBaseTest">
    <skipped/>
  </testcase> <!-- tearDown -->
  <testcase name="tearDown" classname="setup.SeleniumBaseTest">
    <skipped/>
  </testcase> <!-- tearDown -->
  <testcase name="tearDown" classname="setup.SeleniumBaseTest">
    <skipped/>
  </testcase> <!-- tearDown -->
  <testcase name="tearDown" classname="setup.SeleniumBaseTest">
    <skipped/>
  </testcase> <!-- tearDown -->
  <testcase name="tearDown" classname="setup.SeleniumBaseTest">
    <skipped/>
  </testcase> <!-- tearDown -->
</testsuite> <!-- tests.Blog.BlogMainPageTests -->
