<?xml version="1.0" encoding="UTF-8"?>
<!-- Generated by org.testng.reporters.JUnitReportReporter -->
<testsuite name="tests.About.PressTests" tests="6" time="170.042" ignored="0" failures="0" timestamp="07 Mar 2017 16:00:01 GMT" skipped="0" hostname="100.lan0.mk.uz.ua" errors="0">
  <testcase name="checkinReadMoreLink" time="26.304" classname="tests.About.PressTests"/>
  <testcase name="downloadLinkCheckingLogoBlack" time="27.656" classname="tests.About.PressTests"/>
  <testcase name="chekingStyleGuide" time="28.114" classname="tests.About.PressTests"/>
  <testcase name="downloadLinkCheckingIconBlack" time="29.230" classname="tests.About.PressTests"/>
  <testcase name="downloadLinkCheckingLogo" time="29.603" classname="tests.About.PressTests"/>
  <testcase name="downloadLinkCheckingLogoVertical" time="29.135" classname="tests.About.PressTests"/>
</testsuite> <!-- tests.About.PressTests -->
