<?xml version="1.0" encoding="UTF-8"?>
<!-- Generated by org.testng.reporters.JUnitReportReporter -->
<testsuite name="tests.About.OurStory" tests="2" time="96.665" ignored="0" failures="0" timestamp="07 Mar 2017 16:00:01 GMT" skipped="0" hostname="100.lan0.mk.uz.ua" errors="0">
  <testcase name="checkingOurStoryThatElementsArePresent" time="78.179" classname="tests.About.OurStory"/>
  <testcase name="checkingOurStoryPageAppears" time="18.486" classname="tests.About.OurStory"/>
</testsuite> <!-- tests.About.OurStory -->
