<?xml version="1.0" encoding="UTF-8"?>
<!-- Generated by org.testng.reporters.JUnitReportReporter -->
<testsuite name="tests.About.OurStory" tests="6" time="60.514" ignored="0" failures="0" timestamp="15 Mar 2017 14:26:23 GMT" skipped="4" hostname="102.lan0.mk.uz.ua" errors="0">
  <testcase name="checkingOurStoryThatElementsArePresent" time="55.101" classname="tests.About.OurStory"/>
  <testcase name="checkingOurStoryPageAppears" time="0.000" classname="tests.About.OurStory">
    <skipped/>
  </testcase> <!-- checkingOurStoryPageAppears -->
  <testcase name="checkingOurStoryThatElementsArePresent" time="0.000" classname="tests.About.OurStory">
    <skipped/>
  </testcase> <!-- checkingOurStoryThatElementsArePresent -->
  <testcase name="checkingOurStoryPageAppears" time="0.000" classname="tests.About.OurStory">
    <skipped/>
  </testcase> <!-- checkingOurStoryPageAppears -->
  <testcase name="checkingOurStoryThatElementsArePresent" time="0.000" classname="tests.About.OurStory">
    <skipped/>
  </testcase> <!-- checkingOurStoryThatElementsArePresent -->
  <testcase name="checkingOurStoryPageAppears" time="5.413" classname="tests.About.OurStory"/>
</testsuite> <!-- tests.About.OurStory -->
