<?xml version="1.0" encoding="UTF-8"?>
<!-- Generated by org.testng.reporters.JUnitReportReporter -->
<testsuite name="tests.About.CareersTests" tests="6" time="23.708" ignored="0" failures="0" timestamp="15 Mar 2017 14:26:23 GMT" skipped="4" hostname="102.lan0.mk.uz.ua" errors="0">
  <testcase name="checkElementsArePresent" time="5.902" classname="tests.About.CareersTests"/>
  <testcase name="checkElementsArePresent" time="0.000" classname="tests.About.CareersTests">
    <skipped/>
  </testcase> <!-- checkElementsArePresent -->
  <testcase name="openingVacancyAndSendingEmptyForm" time="17.806" classname="tests.About.CareersTests"/>
  <testcase name="openingVacancyAndSendingEmptyForm" time="0.000" classname="tests.About.CareersTests">
    <skipped/>
  </testcase> <!-- openingVacancyAndSendingEmptyForm -->
  <testcase name="openingVacancyAndSendingEmptyForm" time="0.000" classname="tests.About.CareersTests">
    <skipped/>
  </testcase> <!-- openingVacancyAndSendingEmptyForm -->
  <testcase name="checkElementsArePresent" time="0.000" classname="tests.About.CareersTests">
    <skipped/>
  </testcase> <!-- checkElementsArePresent -->
</testsuite> <!-- tests.About.CareersTests -->
