<?xml version="1.0" encoding="UTF-8"?>
<!-- Generated by org.testng.reporters.JUnitReportReporter -->
<testsuite name="tests.About.TeamTests" tests="3" time="22.005" ignored="0" failures="0" timestamp="04 Apr 2017 19:09:16 GMT" skipped="0" hostname="101.lan0.mk.uz.ua" errors="0">
  <testcase name="checkingOfEmployeeQuote" time="8.505" classname="tests.About.TeamTests"/>
  <testcase name="checkingOfEmployeeQuote" time="8.424" classname="tests.About.TeamTests"/>
  <testcase name="checkingOfEmployeeQuote" time="5.076" classname="tests.About.TeamTests"/>
</testsuite> <!-- tests.About.TeamTests -->
