<?xml version="1.0" encoding="UTF-8"?>
<!-- Generated by org.testng.reporters.JUnitReportReporter -->
<testsuite name="tests.TopMenuVerifyingTests" tests="6" time="49.061" ignored="0" failures="0" timestamp="05 Apr 2017 13:12:13 GMT" skipped="0" hostname="101.lan0.mk.uz.ua" errors="0">
  <testcase name="movingToAboutMenu" time="12.119" classname="tests.TopMenuVerifyingTests"/>
  <testcase name="movingToFeaturesSecondHalfMenu" time="5.959" classname="tests.TopMenuVerifyingTests"/>
  <testcase name="singleClickOnLoginTopMenuItems" time="4.717" classname="tests.TopMenuVerifyingTests"/>
  <testcase name="movingToFeaturesFirstHalfMenu" time="6.402" classname="tests.TopMenuVerifyingTests"/>
  <testcase name="movingToBlogMenu" time="5.980" classname="tests.TopMenuVerifyingTests"/>
  <testcase name="singleClickOnTopMenuItems" time="13.884" classname="tests.TopMenuVerifyingTests"/>
</testsuite> <!-- tests.TopMenuVerifyingTests -->
