<?xml version="1.0" encoding="UTF-8"?>
<!-- Generated by org.testng.reporters.JUnitReportReporter -->
<testsuite name="tests.LoginPageTests" tests="10" time="28.514" ignored="0" failures="0" timestamp="05 Apr 2017 19:26:48 GMT" skipped="5" hostname="101.lan0.mk.uz.ua" errors="0">
  <testcase name="forgotPasswordEmptyFields" time="0.000" classname="tests.LoginPageTests">
    <skipped/>
  </testcase> <!-- forgotPasswordEmptyFields -->
  <testcase name="forgotPasswordWrongEmail" time="0.000" classname="tests.LoginPageTests">
    <skipped/>
  </testcase> <!-- forgotPasswordWrongEmail -->
  <testcase name="loginFormCheckingWrongEmail" time="0.000" classname="tests.LoginPageTests">
    <skipped/>
  </testcase> <!-- loginFormCheckingWrongEmail -->
  <testcase name="loginFormCheckingWrongEmail" time="7.225" classname="tests.LoginPageTests"/>
  <testcase name="forgotPasswordEmptyFields" time="7.913" classname="tests.LoginPageTests"/>
  <testcase name="forgotPasswordWrongEmail" time="3.744" classname="tests.LoginPageTests"/>
  <testcase name="loginCheckEmptyFields" time="0.000" classname="tests.LoginPageTests">
    <skipped/>
  </testcase> <!-- loginCheckEmptyFields -->
  <testcase name="loginCheckEmptyFields" time="3.262" classname="tests.LoginPageTests"/>
  <testcase name="correctLogin" time="6.370" classname="tests.LoginPageTests"/>
  <testcase name="correctLogin" time="0.000" classname="tests.LoginPageTests">
    <skipped/>
  </testcase> <!-- correctLogin -->
</testsuite> <!-- tests.LoginPageTests -->
