<?xml version="1.0" encoding="UTF-8"?>
<!-- Generated by org.testng.reporters.JUnitReportReporter -->
<testsuite name="tests.About.CareersTests" tests="2" time="51.761" ignored="0" failures="0" timestamp="07 Mar 2017 17:41:03 GMT" skipped="0" hostname="100.lan0.mk.uz.ua" errors="0">
  <testcase name="openingVacancyAndSendingEmptyForm" time="23.617" classname="tests.About.CareersTests"/>
  <testcase name="checkElementsArePresent" time="28.144" classname="tests.About.CareersTests"/>
</testsuite> <!-- tests.About.CareersTests -->
