<?xml version="1.0" encoding="UTF-8"?>
<!-- Generated by org.testng.reporters.JUnitReportReporter -->
<testsuite name="tests.RequestDemoTests" tests="4" time="16.394" ignored="0" failures="0" timestamp="16 Mar 2017 16:17:20 GMT" skipped="0" hostname="103.lan0.mk.uz.ua" errors="0">
  <testcase name="sendingFormWithValidData" time="4.160" classname="tests.RequestDemoTests"/>
  <testcase name="phoneNumberFieldValidations" time="4.004" classname="tests.RequestDemoTests"/>
  <testcase name="requestDemoEmptyRequiredFieldsOpening" time="3.726" classname="tests.RequestDemoTests"/>
  <testcase name="emailFieldValidations" time="4.504" classname="tests.RequestDemoTests"/>
</testsuite> <!-- tests.RequestDemoTests -->
