<?xml version="1.0" encoding="UTF-8"?>
<!-- Generated by org.testng.reporters.JUnitReportReporter -->
<testsuite name="tests.About.TeamTests" tests="1" time="17.732" ignored="0" failures="0" timestamp="07 Mar 2017 16:00:01 GMT" skipped="0" hostname="100.lan0.mk.uz.ua" errors="0">
  <testcase name="checkingOfEmployeeQuote" time="17.732" classname="tests.About.TeamTests"/>
</testsuite> <!-- tests.About.TeamTests -->
