<?xml version="1.0" encoding="UTF-8"?>
<!-- Generated by org.testng.reporters.JUnitReportReporter -->
<testsuite name="tests.About.ContactUsPageTests" tests="6" time="21.125" ignored="0" failures="0" timestamp="15 Mar 2017 14:26:23 GMT" skipped="4" hostname="102.lan0.mk.uz.ua" errors="0">
  <testcase name="badEmailChecking" time="6.506" classname="tests.About.ContactUsPageTests"/>
  <testcase name="badEmailChecking" time="0.000" classname="tests.About.ContactUsPageTests">
    <skipped/>
  </testcase> <!-- badEmailChecking -->
  <testcase name="emptyDataChecking" time="0.000" classname="tests.About.ContactUsPageTests">
    <skipped/>
  </testcase> <!-- emptyDataChecking -->
  <testcase name="emptyDataChecking" time="0.001" classname="tests.About.ContactUsPageTests">
    <skipped/>
  </testcase> <!-- emptyDataChecking -->
  <testcase name="badEmailChecking" time="0.000" classname="tests.About.ContactUsPageTests">
    <skipped/>
  </testcase> <!-- badEmailChecking -->
  <testcase name="emptyDataChecking" time="14.618" classname="tests.About.ContactUsPageTests"/>
</testsuite> <!-- tests.About.ContactUsPageTests -->
