<?xml version="1.0" encoding="UTF-8"?>
<!-- Generated by org.testng.reporters.JUnitReportReporter -->
<testsuite name="tests.Blog.BlogMainPageTests" tests="16" time="47.292" ignored="0" failures="0" timestamp="15 Mar 2017 14:26:23 GMT" skipped="8" hostname="102.lan0.mk.uz.ua" errors="0">
  <testcase name="goingToCommentsSectionByClickOnClickHereLink" time="0.000" classname="tests.Blog.BlogMainPageTests">
    <skipped/>
  </testcase> <!-- goingToCommentsSectionByClickOnClickHereLink -->
  <testcase name="openingPostByClickOnReadThisPostBtn" time="6.125" classname="tests.Blog.BlogMainPageTests"/>
  <testcase name="goingToCommentsSectionByClickOnClickHereLink" time="6.641" classname="tests.Blog.BlogMainPageTests"/>
  <testcase name="clickingOnAuthorChecking" time="0.000" classname="tests.Blog.BlogMainPageTests">
    <skipped/>
  </testcase> <!-- clickingOnAuthorChecking -->
  <testcase name="openingPostByClickOnReadThisPostBtn" time="0.000" classname="tests.Blog.BlogMainPageTests">
    <skipped/>
  </testcase> <!-- openingPostByClickOnReadThisPostBtn -->
  <testcase name="clickingOnTagChecking" time="5.253" classname="tests.Blog.BlogMainPageTests"/>
  <testcase name="openingPostByClickOnReadThisPostBtn" time="5.481" classname="tests.Blog.BlogMainPageTests"/>
  <testcase name="goingToCommentsSectionByClickOnClickHereLink" time="7.242" classname="tests.Blog.BlogMainPageTests"/>
  <testcase name="clickingOnTagChecking" time="0.000" classname="tests.Blog.BlogMainPageTests">
    <skipped/>
  </testcase> <!-- clickingOnTagChecking -->
  <testcase name="clickingOnTagChecking" time="4.777" classname="tests.Blog.BlogMainPageTests"/>
  <testcase name="clickingOnTagChecking" time="0.000" classname="tests.Blog.BlogMainPageTests">
    <skipped/>
  </testcase> <!-- clickingOnTagChecking -->
  <testcase name="goingToCommentsSectionByClickOnClickHereLink" time="0.000" classname="tests.Blog.BlogMainPageTests">
    <skipped/>
  </testcase> <!-- goingToCommentsSectionByClickOnClickHereLink -->
  <testcase name="clickingOnAuthorChecking" time="6.454" classname="tests.Blog.BlogMainPageTests"/>
  <testcase name="clickingOnAuthorChecking" time="0.000" classname="tests.Blog.BlogMainPageTests">
    <skipped/>
  </testcase> <!-- clickingOnAuthorChecking -->
  <testcase name="openingPostByClickOnReadThisPostBtn" time="0.000" classname="tests.Blog.BlogMainPageTests">
    <skipped/>
  </testcase> <!-- openingPostByClickOnReadThisPostBtn -->
  <testcase name="clickingOnAuthorChecking" time="5.319" classname="tests.Blog.BlogMainPageTests"/>
</testsuite> <!-- tests.Blog.BlogMainPageTests -->
