<?xml version="1.0" encoding="UTF-8"?>
<!-- Generated by org.testng.reporters.JUnitReportReporter -->
<testsuite name="tests.About.TeamTests" tests="1" time="16.526" ignored="0" failures="0" timestamp="14 Mar 2017 17:46:12 GMT" skipped="0" hostname="102.lan0.mk.uz.ua" errors="0">
  <testcase name="checkingOfEmployeeQuote" time="16.526" classname="tests.About.TeamTests"/>
</testsuite> <!-- tests.About.TeamTests -->
