<?xml version="1.0" encoding="UTF-8"?>
<!-- Generated by org.testng.reporters.JUnitReportReporter -->
<testsuite name="tests.About.PressTests" tests="12" time="33.211" ignored="0" failures="0" timestamp="05 Apr 2017 19:26:48 GMT" skipped="6" hostname="101.lan0.mk.uz.ua" errors="0">
  <testcase name="downloadLinkCheckingIconBlack" time="0.000" classname="tests.About.PressTests">
    <skipped/>
  </testcase> <!-- downloadLinkCheckingIconBlack -->
  <testcase name="checkinReadMoreLink" time="8.246" classname="tests.About.PressTests"/>
  <testcase name="downloadLinkCheckingIconBlack" time="4.054" classname="tests.About.PressTests"/>
  <testcase name="downloadLinkCheckingLogo" time="0.000" classname="tests.About.PressTests">
    <skipped/>
  </testcase> <!-- downloadLinkCheckingLogo -->
  <testcase name="downloadLinkCheckingLogo" time="3.788" classname="tests.About.PressTests"/>
  <testcase name="downloadLinkCheckingLogoBlack" time="4.548" classname="tests.About.PressTests"/>
  <testcase name="checkinReadMoreLink" time="0.000" classname="tests.About.PressTests">
    <skipped/>
  </testcase> <!-- checkinReadMoreLink -->
  <testcase name="downloadLinkCheckingLogoBlack" time="0.000" classname="tests.About.PressTests">
    <skipped/>
  </testcase> <!-- downloadLinkCheckingLogoBlack -->
  <testcase name="chekingStyleGuide" time="8.817" classname="tests.About.PressTests"/>
  <testcase name="chekingStyleGuide" time="0.000" classname="tests.About.PressTests">
    <skipped/>
  </testcase> <!-- chekingStyleGuide -->
  <testcase name="downloadLinkCheckingLogoVertical" time="0.000" classname="tests.About.PressTests">
    <skipped/>
  </testcase> <!-- downloadLinkCheckingLogoVertical -->
  <testcase name="downloadLinkCheckingLogoVertical" time="3.758" classname="tests.About.PressTests"/>
</testsuite> <!-- tests.About.PressTests -->
