<?xml version="1.0" encoding="UTF-8"?>
<!-- Generated by org.testng.reporters.JUnitReportReporter -->
<testsuite name="tests.FeaturesPageTests" tests="4" time="78.826" ignored="0" failures="0" timestamp="14 Mar 2017 17:46:12 GMT" skipped="0" hostname="102.lan0.mk.uz.ua" errors="0">
  <testcase name="openingSecondRequestDemoButton" time="15.061" classname="tests.FeaturesPageTests"/>
  <testcase name="openingThirdRequestDemoButton" time="14.937" classname="tests.FeaturesPageTests"/>
  <testcase name="scrollingToEachSection" time="43.994" classname="tests.FeaturesPageTests"/>
  <testcase name="openingFeaturesPageAndClickOnRequestDemo" time="4.834" classname="tests.FeaturesPageTests"/>
</testsuite> <!-- tests.FeaturesPageTests -->
