<?xml version="1.0" encoding="UTF-8"?>
<!-- Generated by org.testng.reporters.JUnitReportReporter -->
<testsuite name="tests.RequestDemoTests" tests="8" time="31.301" ignored="0" failures="0" timestamp="05 Apr 2017 19:26:48 GMT" skipped="4" hostname="101.lan0.mk.uz.ua" errors="0">
  <testcase name="requestDemoEmptyRequiredFieldsOpening" time="0.000" classname="tests.RequestDemoTests">
    <skipped/>
  </testcase> <!-- requestDemoEmptyRequiredFieldsOpening -->
  <testcase name="sendingFormWithValidData" time="0.000" classname="tests.RequestDemoTests">
    <skipped/>
  </testcase> <!-- sendingFormWithValidData -->
  <testcase name="phoneNumberFieldValidations" time="8.854" classname="tests.RequestDemoTests"/>
  <testcase name="requestDemoEmptyRequiredFieldsOpening" time="8.588" classname="tests.RequestDemoTests"/>
  <testcase name="sendingFormWithValidData" time="9.078" classname="tests.RequestDemoTests"/>
  <testcase name="phoneNumberFieldValidations" time="0.001" classname="tests.RequestDemoTests">
    <skipped/>
  </testcase> <!-- phoneNumberFieldValidations -->
  <testcase name="emailFieldValidations" time="0.000" classname="tests.RequestDemoTests">
    <skipped/>
  </testcase> <!-- emailFieldValidations -->
  <testcase name="emailFieldValidations" time="4.780" classname="tests.RequestDemoTests"/>
</testsuite> <!-- tests.RequestDemoTests -->
