<?xml version="1.0" encoding="UTF-8"?>
<!-- Generated by org.testng.reporters.JUnitReportReporter -->
<testsuite name="tests.HomePageTests" tests="45" time="355.689" ignored="60" failures="0" timestamp="27 Apr 2017 13:05:18 GMT" skipped="0" hostname="Vitaliys-MacBook-Pro.local" errors="4">
  <testcase name="videoOpening" time="6.163" classname="tests.HomePageTests"/>
  <testcase name="sendingUpdatesIncorrectEmail" time="7.135" classname="tests.HomePageTests"/>
  <testcase name="getStartedFreeChecking" time="14.100" classname="tests.HomePageTests">
    <error type="org.openqa.selenium.NoSuchElementException" message="no such element: Unable to locate element: {&quot;method&quot;:&quot;xpath&quot;,&quot;selector&quot;:&quot;//div/div[@class=&#039;cue-ro-title&#039;]&quot;}
  (Session info: chrome=57.0.2987.98)
  (Driver info: chromedriver=2.28.455517 (2c6d2707d8ea850c862f04ac066724273981e88f),platform=Mac OS X 10.11.6 x86_64) (WARNING: The server did not provide any stacktrace information)
Command duration or timeout: 5.03 seconds
For documentation on this error, please visit: http://seleniumhq.org/exceptions/no_such_element.html
Build info: version: &#039;3.0.1&#039;, revision: &#039;1969d75&#039;, time: &#039;2016-10-18 09:49:13 -0700&#039;
System info: host: &#039;Vitaliys-MacBook-Pro.local&#039;, ip: &#039;192.168.0.103&#039;, os.name: &#039;Mac OS X&#039;, os.arch: &#039;x86_64&#039;, os.version: &#039;10.11.6&#039;, java.version: &#039;1.8.0_101&#039;
Driver info: org.openqa.selenium.chrome.ChromeDriver
Capabilities [{applicationCacheEnabled=false, rotatable=false, mobileEmulationEnabled=false, networkConnectionEnabled=false, chrome={chromedriverVersion=2.28.455517 (2c6d2707d8ea850c862f04ac066724273981e88f), userDataDir=/var/folders/xp/hq6y__313mvbnpb2n5x7bzq00000gn/T/.org.chromium.Chromium.I82dOg}, takesHeapSnapshot=true, pageLoadStrategy=normal, databaseEnabled=false, handlesAlerts=true, hasTouchScreen=false, version=57.0.2987.98, platform=MAC, browserConnectionEnabled=false, nativeEvents=true, acceptSslCerts=true, locationContextEnabled=true, webStorageEnabled=true, browserName=chrome, takesScreenshot=true, javascriptEnabled=true, cssSelectorsEnabled=true, unexpectedAlertBehaviour=}]
Session ID: bb624285c04a369682a6881140a50847
*** Element info: {Using=xpath, value=//div/div[@class=&#039;cue-ro-title&#039;]}">
      <![CDATA[org.openqa.selenium.NoSuchElementException: no such element: Unable to locate element: {"method":"xpath","selector":"//div/div[@class='cue-ro-title']"}
  (Session info: chrome=57.0.2987.98)
  (Driver info: chromedriver=2.28.455517 (2c6d2707d8ea850c862f04ac066724273981e88f),platform=Mac OS X 10.11.6 x86_64) (WARNING: The server did not provide any stacktrace information)
Command duration or timeout: 5.03 seconds
For documentation on this error, please visit: http://seleniumhq.org/exceptions/no_such_element.html
Build info: version: '3.0.1', revision: '1969d75', time: '2016-10-18 09:49:13 -0700'
System info: host: 'Vitaliys-MacBook-Pro.local', ip: '192.168.0.103', os.name: 'Mac OS X', os.arch: 'x86_64', os.version: '10.11.6', java.version: '1.8.0_101'
Driver info: org.openqa.selenium.chrome.ChromeDriver
Capabilities [{applicationCacheEnabled=false, rotatable=false, mobileEmulationEnabled=false, networkConnectionEnabled=false, chrome={chromedriverVersion=2.28.455517 (2c6d2707d8ea850c862f04ac066724273981e88f), userDataDir=/var/folders/xp/hq6y__313mvbnpb2n5x7bzq00000gn/T/.org.chromium.Chromium.I82dOg}, takesHeapSnapshot=true, pageLoadStrategy=normal, databaseEnabled=false, handlesAlerts=true, hasTouchScreen=false, version=57.0.2987.98, platform=MAC, browserConnectionEnabled=false, nativeEvents=true, acceptSslCerts=true, locationContextEnabled=true, webStorageEnabled=true, browserName=chrome, takesScreenshot=true, javascriptEnabled=true, cssSelectorsEnabled=true, unexpectedAlertBehaviour=}]
Session ID: bb624285c04a369682a6881140a50847
*** Element info: {Using=xpath, value=//div/div[@class='cue-ro-title']}
	at sun.reflect.GeneratedConstructorAccessor9.newInstance(Unknown Source)
	at sun.reflect.DelegatingConstructorAccessorImpl.newInstance(DelegatingConstructorAccessorImpl.java:45)
	at java.lang.reflect.Constructor.newInstance(Constructor.java:423)
	at org.openqa.selenium.remote.ErrorHandler.createThrowable(ErrorHandler.java:216)
	at org.openqa.selenium.remote.ErrorHandler.throwIfResponseFailed(ErrorHandler.java:168)
	at org.openqa.selenium.remote.RemoteWebDriver.execute(RemoteWebDriver.java:635)
	at org.openqa.selenium.remote.RemoteWebDriver.findElement(RemoteWebDriver.java:368)
	at org.openqa.selenium.remote.RemoteWebDriver.findElementByXPath(RemoteWebDriver.java:473)
	at org.openqa.selenium.By$ByXPath.findElement(By.java:361)
	at org.openqa.selenium.remote.RemoteWebDriver.findElement(RemoteWebDriver.java:360)
	at pageobjects.HomePageObject.storeInformationPageTitle(HomePageObject.java:219)
	at tests.HomePageTests.getStartedFreeChecking(HomePageTests.java:202)
	at sun.reflect.NativeMethodAccessorImpl.invoke0(Native Method)
	at sun.reflect.NativeMethodAccessorImpl.invoke(NativeMethodAccessorImpl.java:62)
	at sun.reflect.DelegatingMethodAccessorImpl.invoke(DelegatingMethodAccessorImpl.java:43)
	at java.lang.reflect.Method.invoke(Method.java:498)
	at org.testng.internal.MethodInvocationHelper.invokeMethod(MethodInvocationHelper.java:104)
	at org.testng.internal.Invoker.invokeMethod(Invoker.java:645)
	at org.testng.internal.Invoker.invokeTestMethod(Invoker.java:851)
	at org.testng.internal.Invoker.invokeTestMethods(Invoker.java:1177)
	at org.testng.internal.TestMethodWorker.invokeTestMethods(TestMethodWorker.java:129)
	at org.testng.internal.TestMethodWorker.run(TestMethodWorker.java:112)
	at org.testng.TestRunner.privateRun(TestRunner.java:756)
	at org.testng.TestRunner.run(TestRunner.java:610)
	at org.testng.SuiteRunner.runTest(SuiteRunner.java:387)
	at org.testng.SuiteRunner.runSequentially(SuiteRunner.java:382)
	at org.testng.SuiteRunner.privateRun(SuiteRunner.java:340)
	at org.testng.SuiteRunner.run(SuiteRunner.java:289)
	at org.testng.SuiteRunnerWorker.runSuite(SuiteRunnerWorker.java:52)
	at org.testng.SuiteRunnerWorker.run(SuiteRunnerWorker.java:86)
	at org.testng.TestNG.runSuitesSequentially(TestNG.java:1293)
	at org.testng.TestNG.runSuitesLocally(TestNG.java:1218)
	at org.testng.TestNG.runSuites(TestNG.java:1133)
	at org.testng.TestNG.run(TestNG.java:1104)
	at org.apache.maven.surefire.testng.TestNGExecutor.run(TestNGExecutor.java:281)
	at org.apache.maven.surefire.testng.TestNGXmlTestSuite.execute(TestNGXmlTestSuite.java:75)
	at org.apache.maven.surefire.testng.TestNGProvider.invoke(TestNGProvider.java:121)
	at org.apache.maven.surefire.booter.ForkedBooter.invokeProviderInSameClassLoader(ForkedBooter.java:290)
	at org.apache.maven.surefire.booter.ForkedBooter.runSuitesInProcess(ForkedBooter.java:242)
	at org.apache.maven.surefire.booter.ForkedBooter.main(ForkedBooter.java:121)
]]>
    </error>
  </testcase> <!-- getStartedFreeChecking -->
  <testcase name="scrollingToCueConnectBlog" time="4.443" classname="tests.HomePageTests"/>
  <testcase name="scrollingToRetargetShoppers" time="3.258" classname="tests.HomePageTests"/>
  <testcase name="bscrollingToResources" time="3.286" classname="tests.HomePageTests"/>
  <testcase name="sendingUpdatesIncorrectEmailWithAt" time="7.342" classname="tests.HomePageTests">
    <error type="org.openqa.selenium.WebDriverException" message="unknown error: Element &lt;input type=&quot;submit&quot; value=&quot;Send me Updates&quot; class=&quot;hs-button primary large&quot; data-reactid=&quot;.hbspt-forms-0.2.1.0&quot;&gt; is not clickable at point (1175, 451). Other element would receive the click: &lt;form novalidate=&quot;&quot; accept-charset=&quot;UTF-8&quot; action=&quot;https://forms.hubspot.com/uploads/form/v2/722999/2e572096-eea9-4a54-84ca-90f8b26fbe95&quot; enctype=&quot;multipart/form-data&quot; id=&quot;hsForm_2e572096-eea9-4a54-84ca-90f8b26fbe95&quot; method=&quot;POST&quot; class=&quot;hs-form stacked hs-form-private hs-form-2e572096-eea9-4a54-84ca-90f8b26fbe95_c7a5179c-6e4a-4575-9677-03541a00a375&quot; data-form-id=&quot;2e572096-eea9-4a54-84ca-90f8b26fbe95&quot; data-portal-id=&quot;722999&quot; data-reactid=&quot;.hbspt-forms-0&quot;&gt;...&lt;/form&gt;
  (Session info: chrome=57.0.2987.98)
  (Driver info: chromedriver=2.28.455517 (2c6d2707d8ea850c862f04ac066724273981e88f),platform=Mac OS X 10.11.6 x86_64) (WARNING: The server did not provide any stacktrace information)
Command duration or timeout: 79 milliseconds
Build info: version: &#039;3.0.1&#039;, revision: &#039;1969d75&#039;, time: &#039;2016-10-18 09:49:13 -0700&#039;
System info: host: &#039;Vitaliys-MacBook-Pro.local&#039;, ip: &#039;192.168.0.103&#039;, os.name: &#039;Mac OS X&#039;, os.arch: &#039;x86_64&#039;, os.version: &#039;10.11.6&#039;, java.version: &#039;1.8.0_101&#039;
Driver info: org.openqa.selenium.chrome.ChromeDriver
Capabilities [{applicationCacheEnabled=false, rotatable=false, mobileEmulationEnabled=false, networkConnectionEnabled=false, chrome={chromedriverVersion=2.28.455517 (2c6d2707d8ea850c862f04ac066724273981e88f), userDataDir=/var/folders/xp/hq6y__313mvbnpb2n5x7bzq00000gn/T/.org.chromium.Chromium.I82dOg}, takesHeapSnapshot=true, pageLoadStrategy=normal, databaseEnabled=false, handlesAlerts=true, hasTouchScreen=false, version=57.0.2987.98, platform=MAC, browserConnectionEnabled=false, nativeEvents=true, acceptSslCerts=true, locationContextEnabled=true, webStorageEnabled=true, browserName=chrome, takesScreenshot=true, javascriptEnabled=true, cssSelectorsEnabled=true, unexpectedAlertBehaviour=}]
Session ID: bb624285c04a369682a6881140a50847">
      <![CDATA[org.openqa.selenium.WebDriverException: unknown error: Element <input type="submit" value="Send me Updates" class="hs-button primary large" data-reactid=".hbspt-forms-0.2.1.0"> is not clickable at point (1175, 451). Other element would receive the click: <form novalidate="" accept-charset="UTF-8" action="https://forms.hubspot.com/uploads/form/v2/722999/2e572096-eea9-4a54-84ca-90f8b26fbe95" enctype="multipart/form-data" id="hsForm_2e572096-eea9-4a54-84ca-90f8b26fbe95" method="POST" class="hs-form stacked hs-form-private hs-form-2e572096-eea9-4a54-84ca-90f8b26fbe95_c7a5179c-6e4a-4575-9677-03541a00a375" data-form-id="2e572096-eea9-4a54-84ca-90f8b26fbe95" data-portal-id="722999" data-reactid=".hbspt-forms-0">...</form>
  (Session info: chrome=57.0.2987.98)
  (Driver info: chromedriver=2.28.455517 (2c6d2707d8ea850c862f04ac066724273981e88f),platform=Mac OS X 10.11.6 x86_64) (WARNING: The server did not provide any stacktrace information)
Command duration or timeout: 79 milliseconds
Build info: version: '3.0.1', revision: '1969d75', time: '2016-10-18 09:49:13 -0700'
System info: host: 'Vitaliys-MacBook-Pro.local', ip: '192.168.0.103', os.name: 'Mac OS X', os.arch: 'x86_64', os.version: '10.11.6', java.version: '1.8.0_101'
Driver info: org.openqa.selenium.chrome.ChromeDriver
Capabilities [{applicationCacheEnabled=false, rotatable=false, mobileEmulationEnabled=false, networkConnectionEnabled=false, chrome={chromedriverVersion=2.28.455517 (2c6d2707d8ea850c862f04ac066724273981e88f), userDataDir=/var/folders/xp/hq6y__313mvbnpb2n5x7bzq00000gn/T/.org.chromium.Chromium.I82dOg}, takesHeapSnapshot=true, pageLoadStrategy=normal, databaseEnabled=false, handlesAlerts=true, hasTouchScreen=false, version=57.0.2987.98, platform=MAC, browserConnectionEnabled=false, nativeEvents=true, acceptSslCerts=true, locationContextEnabled=true, webStorageEnabled=true, browserName=chrome, takesScreenshot=true, javascriptEnabled=true, cssSelectorsEnabled=true, unexpectedAlertBehaviour=}]
Session ID: bb624285c04a369682a6881140a50847
	at sun.reflect.NativeConstructorAccessorImpl.newInstance0(Native Method)
	at sun.reflect.NativeConstructorAccessorImpl.newInstance(NativeConstructorAccessorImpl.java:62)
	at sun.reflect.DelegatingConstructorAccessorImpl.newInstance(DelegatingConstructorAccessorImpl.java:45)
	at java.lang.reflect.Constructor.newInstance(Constructor.java:423)
	at org.openqa.selenium.remote.ErrorHandler.createThrowable(ErrorHandler.java:216)
	at org.openqa.selenium.remote.ErrorHandler.throwIfResponseFailed(ErrorHandler.java:168)
	at org.openqa.selenium.remote.RemoteWebDriver.execute(RemoteWebDriver.java:635)
	at org.openqa.selenium.remote.RemoteWebElement.execute(RemoteWebElement.java:274)
	at org.openqa.selenium.remote.RemoteWebElement.click(RemoteWebElement.java:84)
	at pageobjects.HomePageObject.sendMeUpdatesVerifying(HomePageObject.java:189)
	at tests.HomePageTests.sendingUpdatesIncorrectEmailWithAt(HomePageTests.java:174)
	at sun.reflect.NativeMethodAccessorImpl.invoke0(Native Method)
	at sun.reflect.NativeMethodAccessorImpl.invoke(NativeMethodAccessorImpl.java:62)
	at sun.reflect.DelegatingMethodAccessorImpl.invoke(DelegatingMethodAccessorImpl.java:43)
	at java.lang.reflect.Method.invoke(Method.java:498)
	at org.testng.internal.MethodInvocationHelper.invokeMethod(MethodInvocationHelper.java:104)
	at org.testng.internal.Invoker.invokeMethod(Invoker.java:645)
	at org.testng.internal.Invoker.invokeTestMethod(Invoker.java:851)
	at org.testng.internal.Invoker.invokeTestMethods(Invoker.java:1177)
	at org.testng.internal.TestMethodWorker.invokeTestMethods(TestMethodWorker.java:129)
	at org.testng.internal.TestMethodWorker.run(TestMethodWorker.java:112)
	at org.testng.TestRunner.privateRun(TestRunner.java:756)
	at org.testng.TestRunner.run(TestRunner.java:610)
	at org.testng.SuiteRunner.runTest(SuiteRunner.java:387)
	at org.testng.SuiteRunner.runSequentially(SuiteRunner.java:382)
	at org.testng.SuiteRunner.privateRun(SuiteRunner.java:340)
	at org.testng.SuiteRunner.run(SuiteRunner.java:289)
	at org.testng.SuiteRunnerWorker.runSuite(SuiteRunnerWorker.java:52)
	at org.testng.SuiteRunnerWorker.run(SuiteRunnerWorker.java:86)
	at org.testng.TestNG.runSuitesSequentially(TestNG.java:1293)
	at org.testng.TestNG.runSuitesLocally(TestNG.java:1218)
	at org.testng.TestNG.runSuites(TestNG.java:1133)
	at org.testng.TestNG.run(TestNG.java:1104)
	at org.apache.maven.surefire.testng.TestNGExecutor.run(TestNGExecutor.java:281)
	at org.apache.maven.surefire.testng.TestNGXmlTestSuite.execute(TestNGXmlTestSuite.java:75)
	at org.apache.maven.surefire.testng.TestNGProvider.invoke(TestNGProvider.java:121)
	at org.apache.maven.surefire.booter.ForkedBooter.invokeProviderInSameClassLoader(ForkedBooter.java:290)
	at org.apache.maven.surefire.booter.ForkedBooter.runSuitesInProcess(ForkedBooter.java:242)
	at org.apache.maven.surefire.booter.ForkedBooter.main(ForkedBooter.java:121)
]]>
    </error>
  </testcase> <!-- sendingUpdatesIncorrectEmailWithAt -->
  <testcase name="bscrollingToTransformTraffic" time="3.184" classname="tests.HomePageTests"/>
  <testcase name="sendingUpdatesIncorrectEmail" time="25.172" classname="tests.HomePageTests"/>
  <testcase name="bscrollingToTransformTraffic" time="3.101" classname="tests.HomePageTests"/>
  <testcase name="typingValidEmailAndClickRequestDemo" time="6.836" classname="tests.HomePageTests"/>
  <testcase name="bottomMenuVerifying" time="4.277" classname="tests.HomePageTests">
    <error type="org.openqa.selenium.WebDriverException" message="unknown error: Element &lt;a class=&quot;cue-main-footer-link white&quot; href=&quot;https://cueconnect.com/resources/&quot;&gt;...&lt;/a&gt; is not clickable at point (202, 537). Other element would receive the click: &lt;iframe frameborder=&quot;0&quot; src=&quot;about:blank&quot; style=&quot;background-color: transparent; vertical-align: text-bottom; position: relative; width: 100%; height: 100%; min-width: 100%; min-height: 100%; max-width: 100%; max-height: 100%; margin: 0px; overflow: hidden; display: block;&quot;&gt;&lt;/iframe&gt;
  (Session info: chrome=57.0.2987.98)
  (Driver info: chromedriver=2.28.455517 (2c6d2707d8ea850c862f04ac066724273981e88f),platform=Mac OS X 10.11.6 x86_64) (WARNING: The server did not provide any stacktrace information)
Command duration or timeout: 82 milliseconds
Build info: version: &#039;3.0.1&#039;, revision: &#039;1969d75&#039;, time: &#039;2016-10-18 09:49:13 -0700&#039;
System info: host: &#039;Vitaliys-MacBook-Pro.local&#039;, ip: &#039;192.168.0.103&#039;, os.name: &#039;Mac OS X&#039;, os.arch: &#039;x86_64&#039;, os.version: &#039;10.11.6&#039;, java.version: &#039;1.8.0_101&#039;
Driver info: org.openqa.selenium.chrome.ChromeDriver
Capabilities [{applicationCacheEnabled=false, rotatable=false, mobileEmulationEnabled=false, networkConnectionEnabled=false, chrome={chromedriverVersion=2.28.455517 (2c6d2707d8ea850c862f04ac066724273981e88f), userDataDir=/var/folders/xp/hq6y__313mvbnpb2n5x7bzq00000gn/T/.org.chromium.Chromium.I82dOg}, takesHeapSnapshot=true, pageLoadStrategy=normal, databaseEnabled=false, handlesAlerts=true, hasTouchScreen=false, version=57.0.2987.98, platform=MAC, browserConnectionEnabled=false, nativeEvents=true, acceptSslCerts=true, locationContextEnabled=true, webStorageEnabled=true, browserName=chrome, takesScreenshot=true, javascriptEnabled=true, cssSelectorsEnabled=true, unexpectedAlertBehaviour=}]
Session ID: bb624285c04a369682a6881140a50847">
      <![CDATA[org.openqa.selenium.WebDriverException: unknown error: Element <a class="cue-main-footer-link white" href="https://cueconnect.com/resources/">...</a> is not clickable at point (202, 537). Other element would receive the click: <iframe frameborder="0" src="about:blank" style="background-color: transparent; vertical-align: text-bottom; position: relative; width: 100%; height: 100%; min-width: 100%; min-height: 100%; max-width: 100%; max-height: 100%; margin: 0px; overflow: hidden; display: block;"></iframe>
  (Session info: chrome=57.0.2987.98)
  (Driver info: chromedriver=2.28.455517 (2c6d2707d8ea850c862f04ac066724273981e88f),platform=Mac OS X 10.11.6 x86_64) (WARNING: The server did not provide any stacktrace information)
Command duration or timeout: 82 milliseconds
Build info: version: '3.0.1', revision: '1969d75', time: '2016-10-18 09:49:13 -0700'
System info: host: 'Vitaliys-MacBook-Pro.local', ip: '192.168.0.103', os.name: 'Mac OS X', os.arch: 'x86_64', os.version: '10.11.6', java.version: '1.8.0_101'
Driver info: org.openqa.selenium.chrome.ChromeDriver
Capabilities [{applicationCacheEnabled=false, rotatable=false, mobileEmulationEnabled=false, networkConnectionEnabled=false, chrome={chromedriverVersion=2.28.455517 (2c6d2707d8ea850c862f04ac066724273981e88f), userDataDir=/var/folders/xp/hq6y__313mvbnpb2n5x7bzq00000gn/T/.org.chromium.Chromium.I82dOg}, takesHeapSnapshot=true, pageLoadStrategy=normal, databaseEnabled=false, handlesAlerts=true, hasTouchScreen=false, version=57.0.2987.98, platform=MAC, browserConnectionEnabled=false, nativeEvents=true, acceptSslCerts=true, locationContextEnabled=true, webStorageEnabled=true, browserName=chrome, takesScreenshot=true, javascriptEnabled=true, cssSelectorsEnabled=true, unexpectedAlertBehaviour=}]
Session ID: bb624285c04a369682a6881140a50847
	at sun.reflect.NativeConstructorAccessorImpl.newInstance0(Native Method)
	at sun.reflect.NativeConstructorAccessorImpl.newInstance(NativeConstructorAccessorImpl.java:62)
	at sun.reflect.DelegatingConstructorAccessorImpl.newInstance(DelegatingConstructorAccessorImpl.java:45)
	at java.lang.reflect.Constructor.newInstance(Constructor.java:423)
	at org.openqa.selenium.remote.ErrorHandler.createThrowable(ErrorHandler.java:216)
	at org.openqa.selenium.remote.ErrorHandler.throwIfResponseFailed(ErrorHandler.java:168)
	at org.openqa.selenium.remote.RemoteWebDriver.execute(RemoteWebDriver.java:635)
	at org.openqa.selenium.remote.RemoteWebElement.execute(RemoteWebElement.java:274)
	at org.openqa.selenium.remote.RemoteWebElement.click(RemoteWebElement.java:84)
	at pageobjects.HomePageObject.clickOnBottomMenuElement(HomePageObject.java:203)
	at tests.HomePageTests.bottomMenuVerifying(HomePageTests.java:184)
	at sun.reflect.NativeMethodAccessorImpl.invoke0(Native Method)
	at sun.reflect.NativeMethodAccessorImpl.invoke(NativeMethodAccessorImpl.java:62)
	at sun.reflect.DelegatingMethodAccessorImpl.invoke(DelegatingMethodAccessorImpl.java:43)
	at java.lang.reflect.Method.invoke(Method.java:498)
	at org.testng.internal.MethodInvocationHelper.invokeMethod(MethodInvocationHelper.java:104)
	at org.testng.internal.Invoker.invokeMethod(Invoker.java:645)
	at org.testng.internal.Invoker.invokeTestMethod(Invoker.java:851)
	at org.testng.internal.Invoker.invokeTestMethods(Invoker.java:1177)
	at org.testng.internal.TestMethodWorker.invokeTestMethods(TestMethodWorker.java:129)
	at org.testng.internal.TestMethodWorker.run(TestMethodWorker.java:112)
	at org.testng.TestRunner.privateRun(TestRunner.java:756)
	at org.testng.TestRunner.run(TestRunner.java:610)
	at org.testng.SuiteRunner.runTest(SuiteRunner.java:387)
	at org.testng.SuiteRunner.runSequentially(SuiteRunner.java:382)
	at org.testng.SuiteRunner.privateRun(SuiteRunner.java:340)
	at org.testng.SuiteRunner.run(SuiteRunner.java:289)
	at org.testng.SuiteRunnerWorker.runSuite(SuiteRunnerWorker.java:52)
	at org.testng.SuiteRunnerWorker.run(SuiteRunnerWorker.java:86)
	at org.testng.TestNG.runSuitesSequentially(TestNG.java:1293)
	at org.testng.TestNG.runSuitesLocally(TestNG.java:1218)
	at org.testng.TestNG.runSuites(TestNG.java:1133)
	at org.testng.TestNG.run(TestNG.java:1104)
	at org.apache.maven.surefire.testng.TestNGExecutor.run(TestNGExecutor.java:281)
	at org.apache.maven.surefire.testng.TestNGXmlTestSuite.execute(TestNGXmlTestSuite.java:75)
	at org.apache.maven.surefire.testng.TestNGProvider.invoke(TestNGProvider.java:121)
	at org.apache.maven.surefire.booter.ForkedBooter.invokeProviderInSameClassLoader(ForkedBooter.java:290)
	at org.apache.maven.surefire.booter.ForkedBooter.runSuitesInProcess(ForkedBooter.java:242)
	at org.apache.maven.surefire.booter.ForkedBooter.main(ForkedBooter.java:121)
]]>
    </error>
  </testcase> <!-- bottomMenuVerifying -->
  <testcase name="sendingUpdatesEmptyEmail" time="7.368" classname="tests.HomePageTests"/>
  <testcase name="videoOpening" time="3.598" classname="tests.HomePageTests"/>
  <testcase name="typingValidEmailAndClickRequestDemo" time="3.700" classname="tests.HomePageTests"/>
  <testcase name="emptyEmailAndClickRequestDemo" time="1.856" classname="tests.HomePageTests"/>
  <testcase name="emptyEmailAndClickRequestDemo" time="1.933" classname="tests.HomePageTests"/>
  <testcase name="videoOpening" time="2.938" classname="tests.HomePageTests"/>
  <testcase name="emptyEmailAndClickRequestDemo" time="1.891" classname="tests.HomePageTests"/>
  <testcase name="bottomMenuVerifying" time="20.052" classname="tests.HomePageTests"/>
  <testcase name="sendingUpdatesIncorrectEmail" time="7.164" classname="tests.HomePageTests"/>
  <testcase name="bscrollingToTransformTraffic" time="3.111" classname="tests.HomePageTests"/>
  <testcase name="scrollingToCueConnectBlog" time="3.393" classname="tests.HomePageTests"/>
  <testcase name="sendingUpdatesEmptyEmail" time="7.254" classname="tests.HomePageTests"/>
  <testcase name="getStartedFreeChecking" time="25.341" classname="tests.HomePageTests"/>
  <testcase name="sendingUpdatesToValidEmail" time="7.957" classname="tests.HomePageTests"/>
  <testcase name="getStartedFreeChecking" time="14.355" classname="tests.HomePageTests">
    <error type="org.openqa.selenium.NoSuchElementException" message="no such element: Unable to locate element: {&quot;method&quot;:&quot;xpath&quot;,&quot;selector&quot;:&quot;//div/div[@class=&#039;cue-ro-title&#039;]&quot;}
  (Session info: chrome=57.0.2987.98)
  (Driver info: chromedriver=2.28.455517 (2c6d2707d8ea850c862f04ac066724273981e88f),platform=Mac OS X 10.11.6 x86_64) (WARNING: The server did not provide any stacktrace information)
Command duration or timeout: 5.06 seconds
For documentation on this error, please visit: http://seleniumhq.org/exceptions/no_such_element.html
Build info: version: &#039;3.0.1&#039;, revision: &#039;1969d75&#039;, time: &#039;2016-10-18 09:49:13 -0700&#039;
System info: host: &#039;Vitaliys-MacBook-Pro.local&#039;, ip: &#039;192.168.0.103&#039;, os.name: &#039;Mac OS X&#039;, os.arch: &#039;x86_64&#039;, os.version: &#039;10.11.6&#039;, java.version: &#039;1.8.0_101&#039;
Driver info: org.openqa.selenium.chrome.ChromeDriver
Capabilities [{applicationCacheEnabled=false, rotatable=false, mobileEmulationEnabled=false, networkConnectionEnabled=false, chrome={chromedriverVersion=2.28.455517 (2c6d2707d8ea850c862f04ac066724273981e88f), userDataDir=/var/folders/xp/hq6y__313mvbnpb2n5x7bzq00000gn/T/.org.chromium.Chromium.I82dOg}, takesHeapSnapshot=true, pageLoadStrategy=normal, databaseEnabled=false, handlesAlerts=true, hasTouchScreen=false, version=57.0.2987.98, platform=MAC, browserConnectionEnabled=false, nativeEvents=true, acceptSslCerts=true, locationContextEnabled=true, webStorageEnabled=true, browserName=chrome, takesScreenshot=true, javascriptEnabled=true, cssSelectorsEnabled=true, unexpectedAlertBehaviour=}]
Session ID: bb624285c04a369682a6881140a50847
*** Element info: {Using=xpath, value=//div/div[@class=&#039;cue-ro-title&#039;]}">
      <![CDATA[org.openqa.selenium.NoSuchElementException: no such element: Unable to locate element: {"method":"xpath","selector":"//div/div[@class='cue-ro-title']"}
  (Session info: chrome=57.0.2987.98)
  (Driver info: chromedriver=2.28.455517 (2c6d2707d8ea850c862f04ac066724273981e88f),platform=Mac OS X 10.11.6 x86_64) (WARNING: The server did not provide any stacktrace information)
Command duration or timeout: 5.06 seconds
For documentation on this error, please visit: http://seleniumhq.org/exceptions/no_such_element.html
Build info: version: '3.0.1', revision: '1969d75', time: '2016-10-18 09:49:13 -0700'
System info: host: 'Vitaliys-MacBook-Pro.local', ip: '192.168.0.103', os.name: 'Mac OS X', os.arch: 'x86_64', os.version: '10.11.6', java.version: '1.8.0_101'
Driver info: org.openqa.selenium.chrome.ChromeDriver
Capabilities [{applicationCacheEnabled=false, rotatable=false, mobileEmulationEnabled=false, networkConnectionEnabled=false, chrome={chromedriverVersion=2.28.455517 (2c6d2707d8ea850c862f04ac066724273981e88f), userDataDir=/var/folders/xp/hq6y__313mvbnpb2n5x7bzq00000gn/T/.org.chromium.Chromium.I82dOg}, takesHeapSnapshot=true, pageLoadStrategy=normal, databaseEnabled=false, handlesAlerts=true, hasTouchScreen=false, version=57.0.2987.98, platform=MAC, browserConnectionEnabled=false, nativeEvents=true, acceptSslCerts=true, locationContextEnabled=true, webStorageEnabled=true, browserName=chrome, takesScreenshot=true, javascriptEnabled=true, cssSelectorsEnabled=true, unexpectedAlertBehaviour=}]
Session ID: bb624285c04a369682a6881140a50847
*** Element info: {Using=xpath, value=//div/div[@class='cue-ro-title']}
	at sun.reflect.GeneratedConstructorAccessor9.newInstance(Unknown Source)
	at sun.reflect.DelegatingConstructorAccessorImpl.newInstance(DelegatingConstructorAccessorImpl.java:45)
	at java.lang.reflect.Constructor.newInstance(Constructor.java:423)
	at org.openqa.selenium.remote.ErrorHandler.createThrowable(ErrorHandler.java:216)
	at org.openqa.selenium.remote.ErrorHandler.throwIfResponseFailed(ErrorHandler.java:168)
	at org.openqa.selenium.remote.RemoteWebDriver.execute(RemoteWebDriver.java:635)
	at org.openqa.selenium.remote.RemoteWebDriver.findElement(RemoteWebDriver.java:368)
	at org.openqa.selenium.remote.RemoteWebDriver.findElementByXPath(RemoteWebDriver.java:473)
	at org.openqa.selenium.By$ByXPath.findElement(By.java:361)
	at org.openqa.selenium.remote.RemoteWebDriver.findElement(RemoteWebDriver.java:360)
	at pageobjects.HomePageObject.storeInformationPageTitle(HomePageObject.java:219)
	at tests.HomePageTests.getStartedFreeChecking(HomePageTests.java:202)
	at sun.reflect.NativeMethodAccessorImpl.invoke0(Native Method)
	at sun.reflect.NativeMethodAccessorImpl.invoke(NativeMethodAccessorImpl.java:62)
	at sun.reflect.DelegatingMethodAccessorImpl.invoke(DelegatingMethodAccessorImpl.java:43)
	at java.lang.reflect.Method.invoke(Method.java:498)
	at org.testng.internal.MethodInvocationHelper.invokeMethod(MethodInvocationHelper.java:104)
	at org.testng.internal.Invoker.invokeMethod(Invoker.java:645)
	at org.testng.internal.Invoker.invokeTestMethod(Invoker.java:851)
	at org.testng.internal.Invoker.invokeTestMethods(Invoker.java:1177)
	at org.testng.internal.TestMethodWorker.invokeTestMethods(TestMethodWorker.java:129)
	at org.testng.internal.TestMethodWorker.run(TestMethodWorker.java:112)
	at org.testng.TestRunner.privateRun(TestRunner.java:756)
	at org.testng.TestRunner.run(TestRunner.java:610)
	at org.testng.SuiteRunner.runTest(SuiteRunner.java:387)
	at org.testng.SuiteRunner.runSequentially(SuiteRunner.java:382)
	at org.testng.SuiteRunner.privateRun(SuiteRunner.java:340)
	at org.testng.SuiteRunner.run(SuiteRunner.java:289)
	at org.testng.SuiteRunnerWorker.runSuite(SuiteRunnerWorker.java:52)
	at org.testng.SuiteRunnerWorker.run(SuiteRunnerWorker.java:86)
	at org.testng.TestNG.runSuitesSequentially(TestNG.java:1293)
	at org.testng.TestNG.runSuitesLocally(TestNG.java:1218)
	at org.testng.TestNG.runSuites(TestNG.java:1133)
	at org.testng.TestNG.run(TestNG.java:1104)
	at org.apache.maven.surefire.testng.TestNGExecutor.run(TestNGExecutor.java:281)
	at org.apache.maven.surefire.testng.TestNGXmlTestSuite.execute(TestNGXmlTestSuite.java:75)
	at org.apache.maven.surefire.testng.TestNGProvider.invoke(TestNGProvider.java:121)
	at org.apache.maven.surefire.booter.ForkedBooter.invokeProviderInSameClassLoader(ForkedBooter.java:290)
	at org.apache.maven.surefire.booter.ForkedBooter.runSuitesInProcess(ForkedBooter.java:242)
	at org.apache.maven.surefire.booter.ForkedBooter.main(ForkedBooter.java:121)
]]>
    </error>
  </testcase> <!-- getStartedFreeChecking -->
  <testcase name="bottomMenuVerifying" time="17.210" classname="tests.HomePageTests"/>
  <testcase name="scrollingToRetargetShoppers" time="3.601" classname="tests.HomePageTests"/>
  <testcase name="sendingUpdatesToValidEmail" time="8.297" classname="tests.HomePageTests"/>
  <testcase name="bscrollingToResources" time="3.088" classname="tests.HomePageTests"/>
  <testcase name="notEmailFormatAndClickRequestDemo" time="2.309" classname="tests.HomePageTests"/>
  <testcase name="scrollingToDriveEcommerce" time="3.406" classname="tests.HomePageTests"/>
  <testcase name="sendingUpdatesToValidEmail" time="25.749" classname="tests.HomePageTests"/>
  <testcase name="sendingUpdatesIncorrectEmailWithAt" time="25.057" classname="tests.HomePageTests"/>
  <testcase name="notEmailFormatAndClickRequestDemo" time="4.719" classname="tests.HomePageTests"/>
  <testcase name="sendingUpdatesIncorrectEmailWithAt" time="7.182" classname="tests.HomePageTests"/>
  <testcase name="sendingUpdatesEmptyEmail" time="24.739" classname="tests.HomePageTests"/>
  <testcase name="typingValidEmailAndClickRequestDemo" time="3.240" classname="tests.HomePageTests"/>
  <testcase name="scrollingToCueConnectBlog" time="6.497" classname="tests.HomePageTests"/>
  <testcase name="scrollingToDriveEcommerce" time="5.870" classname="tests.HomePageTests"/>
  <testcase name="scrollingToRetargetShoppers" time="5.838" classname="tests.HomePageTests"/>
  <testcase name="scrollingToDriveEcommerce" time="3.054" classname="tests.HomePageTests"/>
  <testcase name="bscrollingToResources" time="3.116" classname="tests.HomePageTests"/>
  <testcase name="notEmailFormatAndClickRequestDemo" time="2.509" classname="tests.HomePageTests"/>
  <testcase name="beforeClass" classname="setup.SeleniumBaseTest">
    <skipped/>
  </testcase> <!-- beforeClass -->
  <testcase name="beforeClass" classname="setup.SeleniumBaseTest">
    <skipped/>
  </testcase> <!-- beforeClass -->
  <testcase name="beforeClass" classname="setup.SeleniumBaseTest">
    <skipped/>
  </testcase> <!-- beforeClass -->
  <testcase name="beforeClass" classname="setup.SeleniumBaseTest">
    <skipped/>
  </testcase> <!-- beforeClass -->
  <testcase name="beforeClass" classname="setup.SeleniumBaseTest">
    <skipped/>
  </testcase> <!-- beforeClass -->
  <testcase name="beforeClass" classname="setup.SeleniumBaseTest">
    <skipped/>
  </testcase> <!-- beforeClass -->
  <testcase name="beforeClass" classname="setup.SeleniumBaseTest">
    <skipped/>
  </testcase> <!-- beforeClass -->
  <testcase name="beforeClass" classname="setup.SeleniumBaseTest">
    <skipped/>
  </testcase> <!-- beforeClass -->
  <testcase name="beforeClass" classname="setup.SeleniumBaseTest">
    <skipped/>
  </testcase> <!-- beforeClass -->
  <testcase name="beforeClass" classname="setup.SeleniumBaseTest">
    <skipped/>
  </testcase> <!-- beforeClass -->
  <testcase name="beforeClass" classname="setup.SeleniumBaseTest">
    <skipped/>
  </testcase> <!-- beforeClass -->
  <testcase name="beforeClass" classname="setup.SeleniumBaseTest">
    <skipped/>
  </testcase> <!-- beforeClass -->
  <testcase name="beforeClass" classname="setup.SeleniumBaseTest">
    <skipped/>
  </testcase> <!-- beforeClass -->
  <testcase name="beforeClass" classname="setup.SeleniumBaseTest">
    <skipped/>
  </testcase> <!-- beforeClass -->
  <testcase name="beforeClass" classname="setup.SeleniumBaseTest">
    <skipped/>
  </testcase> <!-- beforeClass -->
  <testcase name="beforeClass" classname="setup.SeleniumBaseTest">
    <skipped/>
  </testcase> <!-- beforeClass -->
  <testcase name="beforeClass" classname="setup.SeleniumBaseTest">
    <skipped/>
  </testcase> <!-- beforeClass -->
  <testcase name="beforeClass" classname="setup.SeleniumBaseTest">
    <skipped/>
  </testcase> <!-- beforeClass -->
  <testcase name="beforeClass" classname="setup.SeleniumBaseTest">
    <skipped/>
  </testcase> <!-- beforeClass -->
  <testcase name="beforeClass" classname="setup.SeleniumBaseTest">
    <skipped/>
  </testcase> <!-- beforeClass -->
  <testcase name="beforeClass" classname="setup.SeleniumBaseTest">
    <skipped/>
  </testcase> <!-- beforeClass -->
  <testcase name="beforeClass" classname="setup.SeleniumBaseTest">
    <skipped/>
  </testcase> <!-- beforeClass -->
  <testcase name="beforeClass" classname="setup.SeleniumBaseTest">
    <skipped/>
  </testcase> <!-- beforeClass -->
  <testcase name="beforeClass" classname="setup.SeleniumBaseTest">
    <skipped/>
  </testcase> <!-- beforeClass -->
  <testcase name="beforeClass" classname="setup.SeleniumBaseTest">
    <skipped/>
  </testcase> <!-- beforeClass -->
  <testcase name="beforeClass" classname="setup.SeleniumBaseTest">
    <skipped/>
  </testcase> <!-- beforeClass -->
  <testcase name="beforeClass" classname="setup.SeleniumBaseTest">
    <skipped/>
  </testcase> <!-- beforeClass -->
  <testcase name="beforeClass" classname="setup.SeleniumBaseTest">
    <skipped/>
  </testcase> <!-- beforeClass -->
  <testcase name="beforeClass" classname="setup.SeleniumBaseTest">
    <skipped/>
  </testcase> <!-- beforeClass -->
  <testcase name="beforeClass" classname="setup.SeleniumBaseTest">
    <skipped/>
  </testcase> <!-- beforeClass -->
  <testcase name="tearDown" classname="setup.SeleniumBaseTest">
    <skipped/>
  </testcase> <!-- tearDown -->
  <testcase name="tearDown" classname="setup.SeleniumBaseTest">
    <skipped/>
  </testcase> <!-- tearDown -->
  <testcase name="tearDown" classname="setup.SeleniumBaseTest">
    <skipped/>
  </testcase> <!-- tearDown -->
  <testcase name="tearDown" classname="setup.SeleniumBaseTest">
    <skipped/>
  </testcase> <!-- tearDown -->
  <testcase name="tearDown" classname="setup.SeleniumBaseTest">
    <skipped/>
  </testcase> <!-- tearDown -->
  <testcase name="tearDown" classname="setup.SeleniumBaseTest">
    <skipped/>
  </testcase> <!-- tearDown -->
  <testcase name="tearDown" classname="setup.SeleniumBaseTest">
    <skipped/>
  </testcase> <!-- tearDown -->
  <testcase name="tearDown" classname="setup.SeleniumBaseTest">
    <skipped/>
  </testcase> <!-- tearDown -->
  <testcase name="tearDown" classname="setup.SeleniumBaseTest">
    <skipped/>
  </testcase> <!-- tearDown -->
  <testcase name="tearDown" classname="setup.SeleniumBaseTest">
    <skipped/>
  </testcase> <!-- tearDown -->
  <testcase name="tearDown" classname="setup.SeleniumBaseTest">
    <skipped/>
  </testcase> <!-- tearDown -->
  <testcase name="tearDown" classname="setup.SeleniumBaseTest">
    <skipped/>
  </testcase> <!-- tearDown -->
  <testcase name="tearDown" classname="setup.SeleniumBaseTest">
    <skipped/>
  </testcase> <!-- tearDown -->
  <testcase name="tearDown" classname="setup.SeleniumBaseTest">
    <skipped/>
  </testcase> <!-- tearDown -->
  <testcase name="tearDown" classname="setup.SeleniumBaseTest">
    <skipped/>
  </testcase> <!-- tearDown -->
  <testcase name="tearDown" classname="setup.SeleniumBaseTest">
    <skipped/>
  </testcase> <!-- tearDown -->
  <testcase name="tearDown" classname="setup.SeleniumBaseTest">
    <skipped/>
  </testcase> <!-- tearDown -->
  <testcase name="tearDown" classname="setup.SeleniumBaseTest">
    <skipped/>
  </testcase> <!-- tearDown -->
  <testcase name="tearDown" classname="setup.SeleniumBaseTest">
    <skipped/>
  </testcase> <!-- tearDown -->
  <testcase name="tearDown" classname="setup.SeleniumBaseTest">
    <skipped/>
  </testcase> <!-- tearDown -->
  <testcase name="tearDown" classname="setup.SeleniumBaseTest">
    <skipped/>
  </testcase> <!-- tearDown -->
  <testcase name="tearDown" classname="setup.SeleniumBaseTest">
    <skipped/>
  </testcase> <!-- tearDown -->
  <testcase name="tearDown" classname="setup.SeleniumBaseTest">
    <skipped/>
  </testcase> <!-- tearDown -->
  <testcase name="tearDown" classname="setup.SeleniumBaseTest">
    <skipped/>
  </testcase> <!-- tearDown -->
  <testcase name="tearDown" classname="setup.SeleniumBaseTest">
    <skipped/>
  </testcase> <!-- tearDown -->
  <testcase name="tearDown" classname="setup.SeleniumBaseTest">
    <skipped/>
  </testcase> <!-- tearDown -->
  <testcase name="tearDown" classname="setup.SeleniumBaseTest">
    <skipped/>
  </testcase> <!-- tearDown -->
  <testcase name="tearDown" classname="setup.SeleniumBaseTest">
    <skipped/>
  </testcase> <!-- tearDown -->
  <testcase name="tearDown" classname="setup.SeleniumBaseTest">
    <skipped/>
  </testcase> <!-- tearDown -->
  <testcase name="tearDown" classname="setup.SeleniumBaseTest">
    <skipped/>
  </testcase> <!-- tearDown -->
</testsuite> <!-- tests.HomePageTests -->
