<?xml version="1.0" encoding="UTF-8"?>
<!-- Generated by org.testng.reporters.JUnitReportReporter -->
<testsuite name="tests.About.ContactUsPageTests" tests="2" time="67.219" ignored="0" failures="0" timestamp="07 Mar 2017 17:41:03 GMT" skipped="0" hostname="100.lan0.mk.uz.ua" errors="0">
  <testcase name="emptyDataChecking" time="36.891" classname="tests.About.ContactUsPageTests"/>
  <testcase name="badEmailChecking" time="30.328" classname="tests.About.ContactUsPageTests"/>
</testsuite> <!-- tests.About.ContactUsPageTests -->
