<?xml version="1.0" encoding="UTF-8"?>
<!-- Generated by org.testng.reporters.JUnitReportReporter -->
<testsuite name="tests.About.TeamTests" tests="3" time="16.455" ignored="0" failures="0" timestamp="15 Mar 2017 10:37:36 GMT" skipped="2" hostname="102.lan0.mk.uz.ua" errors="0">
  <testcase name="checkingOfEmployeeQuote" time="0.000" classname="tests.About.TeamTests">
    <skipped/>
  </testcase> <!-- checkingOfEmployeeQuote -->
  <testcase name="checkingOfEmployeeQuote" time="16.455" classname="tests.About.TeamTests"/>
  <testcase name="checkingOfEmployeeQuote" time="0.000" classname="tests.About.TeamTests">
    <skipped/>
  </testcase> <!-- checkingOfEmployeeQuote -->
</testsuite> <!-- tests.About.TeamTests -->
