<?xml version="1.0" encoding="UTF-8"?>
<!-- Generated by org.testng.reporters.JUnitReportReporter -->
<testsuite name="tests.Blog.BlogMainPageTests" tests="8" time="45.920" ignored="0" failures="0" timestamp="16 Mar 2017 16:17:20 GMT" skipped="0" hostname="103.lan0.mk.uz.ua" errors="0">
  <testcase name="goingToCommentsSectionByClickOnClickHereLink" time="6.260" classname="tests.Blog.BlogMainPageTests"/>
  <testcase name="clickingOnAuthorChecking" time="6.830" classname="tests.Blog.BlogMainPageTests"/>
  <testcase name="goingToCommentsSectionByClickOnClickHereLink" time="7.561" classname="tests.Blog.BlogMainPageTests"/>
  <testcase name="openingPostByClickOnReadThisPostBtn" time="4.987" classname="tests.Blog.BlogMainPageTests"/>
  <testcase name="openingPostByClickOnReadThisPostBtn" time="5.143" classname="tests.Blog.BlogMainPageTests"/>
  <testcase name="clickingOnAuthorChecking" time="5.125" classname="tests.Blog.BlogMainPageTests"/>
  <testcase name="clickingOnTagChecking" time="4.859" classname="tests.Blog.BlogMainPageTests"/>
  <testcase name="clickingOnTagChecking" time="5.155" classname="tests.Blog.BlogMainPageTests"/>
</testsuite> <!-- tests.Blog.BlogMainPageTests -->
