<?xml version="1.0" encoding="UTF-8"?>
<!-- Generated by org.testng.reporters.JUnitReportReporter -->
<testsuite name="tests.BenefitsPageTests" tests="2" time="106.093" ignored="0" failures="0" timestamp="07 Mar 2017 16:00:01 GMT" skipped="0" hostname="100.lan0.mk.uz.ua" errors="0">
  <testcase name="openingPageAndClickOnRequestDemo" time="13.236" classname="tests.BenefitsPageTests"/>
  <testcase name="scrollingDownAndVerifyingPresenceOfElements" time="92.857" classname="tests.BenefitsPageTests"/>
</testsuite> <!-- tests.BenefitsPageTests -->
