<?xml version="1.0" encoding="UTF-8"?>
<!-- Generated by org.testng.reporters.JUnitReportReporter -->
<testsuite name="tests.FeaturesPageTests" tests="4" time="77.047" ignored="0" failures="0" timestamp="16 Mar 2017 16:17:20 GMT" skipped="0" hostname="103.lan0.mk.uz.ua" errors="0">
  <testcase name="scrollingToEachSection" time="43.549" classname="tests.FeaturesPageTests"/>
  <testcase name="openingThirdRequestDemoButton" time="14.550" classname="tests.FeaturesPageTests"/>
  <testcase name="openingSecondRequestDemoButton" time="14.410" classname="tests.FeaturesPageTests"/>
  <testcase name="openingFeaturesPageAndClickOnRequestDemo" time="4.538" classname="tests.FeaturesPageTests"/>
</testsuite> <!-- tests.FeaturesPageTests -->
